C:\Users\mkhadjavian\Desktop\speemo_sd_4.3\src\model_loader.py:461: FutureWarning: You are using `torch.load` with `weights_only=False` (the current default value), which uses the default pickle module implicitly. It is possible to construct malicious pickle data which will execute arbitrary code during unpickling (See https://github.com/pytorch/pytorch/blob/main/SECURITY.md#untrusted-models for more details). In a future release, the default value for `weights_only` will be flipped to `True`. This limits the functions that could be executed during unpickling. Arbitrary objects will no longer be allowed to be loaded via this mode unless they are explicitly allowlisted by the user via `torch.serialization.add_safe_globals`. We recommend you start setting `weights_only=True` for any use case where you don't have full control of the loaded file. Please open an issue on GitHub for any issues related to this experimental feature.
state = torch.load(ckpt_path, map_location=device)
C:\Users\mkhadjavian\AppData\Local\Programs\Python\Python38\lib\site-packages\transformers\models\wav2vec2\modeling_wav2vec2.py:863: UserWarning: 1Torch was not compiled with flash attention. (Triggered internally at C:\actions-runner\_work\pytorch\pytorch\builder\windows\pytorch\aten\src\ATen\native\transformers\cuda\sdp_utils.cpp:555.)
attn_output = torch.nn.functional.scaled_dot_product_attention(
C:\Users\mkhadjavian\AppData\Local\Programs\Python\Python38\lib\site-packages\transformers\training_args.py:1568: FutureWarning: `evaluation_strategy` is deprecated and will be removed in version 4.46 of \U0001f917 Transformers. Use `eval_strategy` instead
warnings.warn(
C:\Users\mkhadjavian\Desktop\speemo_sd_4.3\src\train.py:935: FutureWarning: `tokenizer` is deprecated and will be removed in version 5.0.0 for `Trainer.__init__`. Use `processing_class` instead.
asr_trainer = Trainer(
[Logging] Training logs will also be written to: models/checkpoints\speemo_sd_bs16_epoch20_ASR_SER_DE_asr\train.log
[Setup] Using device: cuda
[ASR] Loading model + processor…
[ASR/LoRA] Applying LoRA with r=8, alpha=32, dropout=0.1
[ASR/LoRA] LoRA adapters attached to ASR backbone (task_type=FEATURE_EXTRACTION).
[ASR/LoRA] trainable params: 3,538,944 / 319,014,564
[ASR] Model type: <class 'model.Wav2Vec2AsrModel'>
[ASR] Inner model type: <class 'peft.peft_model.PeftModelForFeatureExtraction'>
[ASR] Using PEFT/LoRA model - base_model accessible
[ASR] Starting training with HuggingFace Trainer…
0%|          | 0/400 [00:00<?, ?it/s]
0%|          | 1/400 [00:47<5:15:28, 47.44s/it]
0%|          | 2/400 [01:27<4:47:08, 43.29s/it]
1%|          | 3/400 [01:39<3:11:54, 29.00s/it]
1%|1         | 4/400 [01:52<2:28:44, 22.54s/it]
1%|1         | 5/400 [02:01<1:56:11, 17.65s/it]
2%|1         | 6/400 [02:30<2:21:07, 21.49s/it]
2%|1         | 7/400 [02:46<2:09:15, 19.73s/it]
2%|2         | 8/400 [03:26<2:51:37, 26.27s/it]
2%|2         | 9/400 [04:07<3:19:46, 30.66s/it]
2%|2         | 10/400 [04:34<3:12:26, 29.61s/it]
3%|2         | 11/400 [05:16<3:36:18, 33.36s/it]
3%|3         | 12/400 [05:41<3:20:29, 31.00s/it]
3%|3         | 13/400 [06:04<3:03:00, 28.37s/it]
4%|3         | 14/400 [06:44<3:26:02, 32.03s/it]
4%|3         | 15/400 [07:18<3:28:12, 32.45s/it]
4%|4         | 16/400 [07:52<3:32:18, 33.17s/it]
4%|4         | 17/400 [08:25<3:30:35, 32.99s/it]
4%|4         | 18/400 [08:47<3:09:45, 29.80s/it]
5%|4         | 19/400 [09:29<3:32:25, 33.45s/it]
5%|5         | 20/400 [10:01<3:27:53, 32.82s/it]
0%|          | 0/5 [00:00<?, ?it/s][A
40%|####      | 2/5 [00:17<00:25,  8.55s/it][A
60%|######    | 3/5 [00:21<00:13,  6.84s/it][A
80%|########  | 4/5 [00:26<00:05,  5.96s/it][A
100%|##########| 5/5 [00:30<00:00,  5.43s/it][A
[A
5%|5         | 20/400 [10:51<3:27:53, 32.82s/it]
100%|##########| 5/5 [00:30<00:00,  5.43s/it][A
[A
5%|5         | 21/400 [11:11<4:38:52, 44.15s/it]
6%|5         | 22/400 [11:28<3:47:07, 36.05s/it]
6%|5         | 23/400 [12:13<4:01:46, 38.48s/it]
6%|6         | 24/400 [12:52<4:03:42, 38.89s/it]
6%|6         | 25/400 [13:19<3:40:02, 35.21s/it]
6%|6         | 26/400 [13:58<3:47:29, 36.50s/it]
7%|6         | 27/400 [14:19<3:16:47, 31.66s/it]
7%|7         | 28/400 [14:58<3:29:53, 33.85s/it]
7%|7         | 29/400 [15:39<3:42:53, 36.05s/it]
8%|7         | 30/400 [16:10<3:33:18, 34.59s/it]
8%|7         | 31/400 [16:39<3:22:54, 32.99s/it]
8%|8         | 32/400 [17:04<3:06:14, 30.36s/it]
8%|8         | 33/400 [17:39<3:15:44, 32.00s/it]
8%|8         | 34/400 [18:11<3:13:39, 31.75s/it]
9%|8         | 35/400 [18:45<3:18:22, 32.61s/it]
9%|9         | 36/400 [19:05<2:54:17, 28.73s/it]
9%|9         | 37/400 [19:45<3:14:18, 32.12s/it]
10%|9         | 38/400 [20:07<2:56:06, 29.19s/it]
10%|9         | 39/400 [20:27<2:38:16, 26.31s/it]
10%|#         | 40/400 [20:59<2:47:48, 27.97s/it]{'eval_loss': 0.7452011108398438, 'eval_wer': 0.39416058394160586, 'eval_runtime': 50.0705, 'eval_samples_per_second': 1.598, 'eval_steps_per_second': 0.1, 'epoch': 1.0}
0%|          | 0/5 [00:00<?, ?it/s][A
40%|####      | 2/5 [00:16<00:25,  8.47s/it][A
60%|######    | 3/5 [00:21<00:13,  6.77s/it][A
80%|########  | 4/5 [00:25<00:05,  5.93s/it][A
100%|##########| 5/5 [00:30<00:00,  5.41s/it][A
[A
10%|#         | 40/400 [21:48<2:47:48, 27.97s/it]
100%|##########| 5/5 [00:30<00:00,  5.41s/it][A
[A
10%|#         | 41/400 [22:22<4:27:26, 44.70s/it]
10%|#         | 42/400 [22:36<3:30:52, 35.34s/it]
11%|#         | 43/400 [23:07<3:23:00, 34.12s/it]
11%|#1        | 44/400 [23:39<3:18:10, 33.40s/it]
11%|#1        | 45/400 [24:11<3:14:25, 32.86s/it]
12%|#1        | 46/400 [24:27<2:45:26, 28.04s/it]
12%|#1        | 47/400 [24:45<2:26:26, 24.89s/it]
12%|#2        | 48/400 [25:12<2:29:41, 25.52s/it]
12%|#2        | 49/400 [25:56<3:01:11, 30.97s/it]
12%|#2        | 50/400 [26:32<3:10:32, 32.66s/it]
13%|#2        | 51/400 [27:13<3:24:20, 35.13s/it]
13%|#3        | 52/400 [27:35<3:01:16, 31.25s/it]
13%|#3        | 53/400 [28:11<3:08:43, 32.63s/it]
14%|#3        | 54/400 [28:48<3:16:14, 34.03s/it]
14%|#3        | 55/400 [29:24<3:17:31, 34.35s/it]
14%|#4        | 56/400 [30:08<3:33:33, 37.25s/it]
14%|#4        | 57/400 [30:23<2:55:32, 30.71s/it]
14%|#4        | 58/400 [31:05<3:13:33, 33.96s/it]
15%|#4        | 59/400 [31:39<3:14:05, 34.15s/it]
15%|#5        | 60/400 [32:07<3:02:25, 32.19s/it]{'eval_loss': 0.8267229199409485, 'eval_wer': 0.4051094890510949, 'eval_runtime': 49.6033, 'eval_samples_per_second': 1.613, 'eval_steps_per_second': 0.101, 'epoch': 2.0}
0%|          | 0/5 [00:00<?, ?it/s][A
40%|####      | 2/5 [00:16<00:25,  8.49s/it][A
60%|######    | 3/5 [00:21<00:13,  6.79s/it][A
80%|########  | 4/5 [00:25<00:05,  5.94s/it][A
100%|##########| 5/5 [00:30<00:00,  5.41s/it][A
[A
15%|#5        | 60/400 [32:56<3:02:25, 32.19s/it]
100%|##########| 5/5 [00:30<00:00,  5.41s/it][A
[A
15%|#5        | 60/400 [33:00<3:02:25, 32.19s/it]
15%|#5        | 60/400 [33:00<3:07:02, 33.01s/it]
{'eval_loss': 0.7986308336257935, 'eval_wer': 0.4142335766423358, 'eval_runtime': 49.6555, 'eval_samples_per_second': 1.611, 'eval_steps_per_second': 0.101, 'epoch': 3.0}
{'train_runtime': 1980.4643, 'train_samples_per_second': 3.232, 'train_steps_per_second': 0.202, 'train_loss': 1.7786265055338542, 'epoch': 3.0}
[ASR] Saving adapters/processor and merged export...
[ASR] Also exported merged full model to: models/checkpoints\speemo_sd_bs16_epoch20_ASR_SER_DE_asr\merged
[ASR] Saved to models/checkpoints\speemo_sd_bs16_epoch20_ASR_SER_DE_asr (and merged export under models/checkpoints\speemo_sd_bs16_epoch20_ASR_SER_DE_asr/merged)
0%|          | 0/5 [00:00<?, ?it/s]
40%|####      | 2/5 [00:14<00:21,  7.04s/it]
60%|######    | 3/5 [00:18<00:11,  5.74s/it]
80%|########  | 4/5 [00:22<00:05,  5.11s/it]
100%|##########| 5/5 [00:25<00:00,  4.70s/it]
100%|##########| 5/5 [00:26<00:00,  5.28s/it]
C:\Users\mkhadjavian\Desktop\speemo_sd_4.3\src\model_loader.py:534: FutureWarning: You are using `torch.load` with `weights_only=False` (the current default value), which uses the default pickle module implicitly. It is possible to construct malicious pickle data which will execute arbitrary code during unpickling (See https://github.com/pytorch/pytorch/blob/main/SECURITY.md#untrusted-models for more details). In a future release, the default value for `weights_only` will be flipped to `True`. This limits the functions that could be executed during unpickling. Arbitrary objects will no longer be allowed to be loaded via this mode unless they are explicitly allowlisted by the user via `torch.serialization.add_safe_globals`. We recommend you start setting `weights_only=True` for any use case where you don't have full control of the loaded file. Please open an issue on GitHub for any issues related to this experimental feature.
state = torch.load(ckpt_path, map_location=device)
C:\Users\mkhadjavian\AppData\Local\Programs\Python\Python38\lib\site-packages\transformers\training_args.py:1568: FutureWarning: `evaluation_strategy` is deprecated and will be removed in version 4.46 of \U0001f917 Transformers. Use `eval_strategy` instead
warnings.warn(
C:\Users\mkhadjavian\Desktop\speemo_sd_4.3\src\train.py:1099: FutureWarning: `tokenizer` is deprecated and will be removed in version 5.0.0 for `SERTrainer.__init__`. Use `processing_class` instead.
super().__init__(*args, **kwargs)
[ASR][Trainer] {'eval_loss': 0.7452020645141602, 'eval_wer': 0.39416058394160586, 'eval_runtime': 42.6363, 'eval_samples_per_second': 1.876, 'eval_steps_per_second': 0.117, 'epoch': 3.0}
[ASR/LoRA] Merging adapters into base before saving…
[ASR/LoRA] Adapters merged successfully
[ASR] Wrote models/checkpoints\speemo_sd_bs16_epoch20_ASR_SER_DE_asr\metrics.json
[ASR] Finalizing checkpoint for inference…
[ASR] Also exported merged full model to: models\checkpoints\speemo_sd_bs16_epoch20_ASR_SER_DE_asr\merged
[ASR] Also exported merged full model to: models\checkpoints\speemo_sd_bs16_epoch20_ASR_SER_DE_asr\merged\merged
[ASR] Ready: models/checkpoints\speemo_sd_bs16_epoch20_ASR_SER_DE_asr  (merged export at models/checkpoints\speemo_sd_bs16_epoch20_ASR_SER_DE_asr/merged)
[SER] Loading model + extractor…
[SER] Encoder has 24 layers, unfreezing last 4.
[SER/LoRA+unfreeze] trainable params: 54,979,590
[SER/LoRA+unfreeze] trainable: base_model.model.backbone.encoder.layers.0.attention.k_proj.lora_A.default.weight
[SER/LoRA+unfreeze] trainable: base_model.model.backbone.encoder.layers.0.attention.k_proj.lora_B.default.weight
[SER/LoRA+unfreeze] trainable: base_model.model.backbone.encoder.layers.0.attention.v_proj.lora_A.default.weight
[SER/LoRA+unfreeze] trainable: base_model.model.backbone.encoder.layers.0.attention.v_proj.lora_B.default.weight
[SER/LoRA+unfreeze] trainable: base_model.model.backbone.encoder.layers.0.attention.q_proj.lora_A.default.weight
[SER/LoRA+unfreeze] trainable: base_model.model.backbone.encoder.layers.0.attention.q_proj.lora_B.default.weight
[SER/LoRA+unfreeze] trainable: base_model.model.backbone.encoder.layers.0.attention.out_proj.lora_A.default.weight
[SER/LoRA+unfreeze] trainable: base_model.model.backbone.encoder.layers.0.attention.out_proj.lora_B.default.weight
[SER/LoRA+unfreeze] trainable: base_model.model.backbone.encoder.layers.0.feed_forward.intermediate_dense.lora_A.default.weight
[SER/LoRA+unfreeze] trainable: base_model.model.backbone.encoder.layers.0.feed_forward.intermediate_dense.lora_B.default.weight
[SER/LoRA+unfreeze] trainable: base_model.model.backbone.encoder.layers.0.feed_forward.output_dense.lora_A.default.weight
[SER/LoRA+unfreeze] trainable: base_model.model.backbone.encoder.layers.0.feed_forward.output_dense.lora_B.default.weight
[SER/LoRA+unfreeze] trainable: base_model.model.backbone.encoder.layers.1.attention.k_proj.lora_A.default.weight
[SER/LoRA+unfreeze] trainable: base_model.model.backbone.encoder.layers.1.attention.k_proj.lora_B.default.weight
[SER/LoRA+unfreeze] trainable: base_model.model.backbone.encoder.layers.1.attention.v_proj.lora_A.default.weight
[SER/LoRA+unfreeze] trainable: base_model.model.backbone.encoder.layers.1.attention.v_proj.lora_B.default.weight
[SER/LoRA+unfreeze] trainable: base_model.model.backbone.encoder.layers.1.attention.q_proj.lora_A.default.weight
[SER/LoRA+unfreeze] trainable: base_model.model.backbone.encoder.layers.1.attention.q_proj.lora_B.default.weight
[SER/LoRA+unfreeze] trainable: base_model.model.backbone.encoder.layers.1.attention.out_proj.lora_A.default.weight
[SER/LoRA+unfreeze] trainable: base_model.model.backbone.encoder.layers.1.attention.out_proj.lora_B.default.weight
[SER/LoRA+unfreeze] ... and 336 more
[SER/LoRA] trainable params: 54,979,590 / 321,089,164
[SER/LoRA] trainable: base_model.model.backbone.encoder.layers.0.attention.k_proj.lora_A.default.weight
[SER/LoRA] trainable: base_model.model.backbone.encoder.layers.0.attention.k_proj.lora_B.default.weight
[SER/LoRA] trainable: base_model.model.backbone.encoder.layers.0.attention.v_proj.lora_A.default.weight
[SER/LoRA] trainable: base_model.model.backbone.encoder.layers.0.attention.v_proj.lora_B.default.weight
[SER/LoRA] trainable: base_model.model.backbone.encoder.layers.0.attention.q_proj.lora_A.default.weight
[SER/LoRA] trainable: base_model.model.backbone.encoder.layers.0.attention.q_proj.lora_B.default.weight
[SER/LoRA] trainable: base_model.model.backbone.encoder.layers.0.attention.out_proj.lora_A.default.weight
[SER/LoRA] trainable: base_model.model.backbone.encoder.layers.0.attention.out_proj.lora_B.default.weight
[SER/LoRA] trainable: base_model.model.backbone.encoder.layers.0.feed_forward.intermediate_dense.lora_A.default.weight
[SER/LoRA] trainable: base_model.model.backbone.encoder.layers.0.feed_forward.intermediate_dense.lora_B.default.weight
[SER/LoRA] trainable: base_model.model.backbone.encoder.layers.0.feed_forward.output_dense.lora_A.default.weight
[SER/LoRA] trainable: base_model.model.backbone.encoder.layers.0.feed_forward.output_dense.lora_B.default.weight
[SER/LoRA] trainable: base_model.model.backbone.encoder.layers.1.attention.k_proj.lora_A.default.weight
[SER/LoRA] trainable: base_model.model.backbone.encoder.layers.1.attention.k_proj.lora_B.default.weight
[SER/LoRA] trainable: base_model.model.backbone.encoder.layers.1.attention.v_proj.lora_A.default.weight
[SER/LoRA] trainable: base_model.model.backbone.encoder.layers.1.attention.v_proj.lora_B.default.weight
[SER/LoRA] trainable: base_model.model.backbone.encoder.layers.1.attention.q_proj.lora_A.default.weight
[SER/LoRA] trainable: base_model.model.backbone.encoder.layers.1.attention.q_proj.lora_B.default.weight
[SER/LoRA] trainable: base_model.model.backbone.encoder.layers.1.attention.out_proj.lora_A.default.weight
[SER/LoRA] trainable: base_model.model.backbone.encoder.layers.1.attention.out_proj.lora_B.default.weight
[SER/LoRA] ... and 336 more
[SER] truncating to 72044 frames (~4.50s)
[SER] Starting training with HuggingFace Trainer…
0%|          | 0/2140 [00:00<?, ?it/s]
0%|          | 1/2140 [00:14<8:51:29, 14.91s/it]
0%|          | 2/2140 [00:25<7:26:08, 12.52s/it]
0%|          | 3/2140 [00:39<7:41:52, 12.97s/it]
0%|          | 4/2140 [00:53<7:57:21, 13.41s/it]
0%|          | 5/2140 [01:06<7:55:38, 13.37s/it]
0%|          | 6/2140 [01:17<7:28:08, 12.60s/it]
0%|          | 7/2140 [01:31<7:46:04, 13.11s/it]
0%|          | 8/2140 [01:42<7:13:56, 12.21s/it]
0%|          | 9/2140 [01:54<7:10:38, 12.12s/it]
0%|          | 10/2140 [02:04<6:49:55, 11.55s/it]
1%|          | 11/2140 [02:16<6:55:40, 11.71s/it]
1%|          | 12/2140 [02:29<7:06:23, 12.02s/it]
1%|          | 13/2140 [02:42<7:14:47, 12.26s/it]
1%|          | 14/2140 [02:56<7:33:13, 12.79s/it]
1%|          | 15/2140 [03:06<7:06:27, 12.04s/it]
1%|          | 16/2140 [03:19<7:16:21, 12.33s/it]
1%|          | 17/2140 [03:30<6:58:35, 11.83s/it]
1%|          | 18/2140 [03:44<7:23:17, 12.53s/it]
1%|          | 19/2140 [03:57<7:35:07, 12.87s/it]
1%|          | 20/2140 [04:11<7:46:34, 13.20s/it]
1%|          | 21/2140 [04:24<7:43:10, 13.11s/it]
1%|1         | 22/2140 [04:37<7:42:22, 13.10s/it]
1%|1         | 23/2140 [04:51<7:51:21, 13.36s/it]
1%|1         | 24/2140 [05:03<7:29:51, 12.76s/it]
1%|1         | 25/2140 [05:15<7:30:49, 12.79s/it]
1%|1         | 26/2140 [05:26<7:06:07, 12.09s/it]
1%|1         | 27/2140 [05:39<7:11:34, 12.25s/it]
1%|1         | 28/2140 [05:51<7:09:54, 12.21s/it]
1%|1         | 29/2140 [06:05<7:29:00, 12.76s/it]
1%|1         | 30/2140 [06:17<7:27:34, 12.73s/it]
1%|1         | 31/2140 [06:27<6:50:30, 11.68s/it]
1%|1         | 32/2140 [06:40<7:09:39, 12.23s/it]
2%|1         | 33/2140 [06:54<7:22:25, 12.60s/it]
2%|1         | 34/2140 [07:08<7:36:37, 13.01s/it]
2%|1         | 35/2140 [07:21<7:41:04, 13.14s/it]
2%|1         | 36/2140 [07:36<7:55:13, 13.55s/it]
2%|1         | 37/2140 [07:49<7:54:19, 13.53s/it]
2%|1         | 38/2140 [08:00<7:25:30, 12.72s/it]
2%|1         | 39/2140 [08:11<7:08:56, 12.25s/it]
2%|1         | 40/2140 [08:22<6:53:18, 11.81s/it]
2%|1         | 41/2140 [08:36<7:22:37, 12.65s/it]
2%|1         | 42/2140 [08:49<7:21:14, 12.62s/it]
2%|2         | 43/2140 [09:03<7:35:13, 13.02s/it]
2%|2         | 44/2140 [09:16<7:39:25, 13.15s/it]
2%|2         | 45/2140 [09:30<7:42:55, 13.26s/it]
2%|2         | 46/2140 [09:44<7:49:58, 13.47s/it]
2%|2         | 47/2140 [09:57<7:43:13, 13.28s/it]
2%|2         | 48/2140 [10:10<7:40:28, 13.21s/it]
2%|2         | 49/2140 [10:24<7:56:50, 13.68s/it]
2%|2         | 50/2140 [10:40<8:14:05, 14.18s/it]
2%|2         | 51/2140 [10:57<8:41:11, 14.97s/it]
2%|2         | 52/2140 [11:13<8:59:37, 15.51s/it]
2%|2         | 53/2140 [11:29<9:05:17, 15.68s/it]
3%|2         | 54/2140 [11:46<9:15:52, 15.99s/it]
3%|2         | 55/2140 [12:04<9:33:26, 16.50s/it]
3%|2         | 56/2140 [12:20<9:28:47, 16.38s/it]
3%|2         | 57/2140 [12:36<9:28:47, 16.38s/it]
3%|2         | 58/2140 [12:52<9:22:33, 16.21s/it]
3%|2         | 59/2140 [13:10<9:41:13, 16.76s/it]
3%|2         | 60/2140 [13:27<9:44:03, 16.85s/it]
3%|2         | 61/2140 [13:41<9:15:24, 16.03s/it]
3%|2         | 62/2140 [13:54<8:41:27, 15.06s/it]
3%|2         | 63/2140 [14:10<8:53:28, 15.41s/it]
3%|2         | 64/2140 [14:26<8:59:32, 15.59s/it]
3%|3         | 65/2140 [14:44<9:18:43, 16.16s/it]
3%|3         | 66/2140 [15:01<9:30:40, 16.51s/it]
3%|3         | 67/2140 [15:19<9:41:59, 16.84s/it]
3%|3         | 68/2140 [15:36<9:47:22, 17.01s/it]
3%|3         | 69/2140 [15:50<9:16:27, 16.12s/it]
3%|3         | 70/2140 [16:04<8:55:05, 15.51s/it]
3%|3         | 71/2140 [16:21<9:07:14, 15.87s/it]
3%|3         | 72/2140 [16:38<9:19:54, 16.24s/it]
3%|3         | 73/2140 [16:54<9:15:33, 16.13s/it]
3%|3         | 74/2140 [17:11<9:23:45, 16.37s/it]
4%|3         | 75/2140 [17:28<9:28:46, 16.53s/it]
4%|3         | 76/2140 [17:46<9:40:57, 16.89s/it]
4%|3         | 77/2140 [18:00<9:11:20, 16.04s/it]
4%|3         | 78/2140 [18:13<8:47:32, 15.35s/it]
4%|3         | 79/2140 [18:27<8:32:26, 14.92s/it]
4%|3         | 80/2140 [18:40<8:10:20, 14.28s/it]
4%|3         | 81/2140 [18:55<8:13:33, 14.38s/it]
4%|3         | 82/2140 [19:09<8:13:00, 14.37s/it]
4%|3         | 83/2140 [19:25<8:33:24, 14.98s/it]
4%|3         | 84/2140 [19:40<8:24:05, 14.71s/it]
4%|3         | 85/2140 [19:56<8:44:38, 15.32s/it]
4%|4         | 86/2140 [20:13<9:01:56, 15.83s/it]
4%|4         | 87/2140 [20:31<9:16:39, 16.27s/it]
4%|4         | 88/2140 [20:48<9:26:36, 16.57s/it]
4%|4         | 89/2140 [21:05<9:35:45, 16.84s/it]
4%|4         | 90/2140 [21:21<9:23:59, 16.51s/it]
4%|4         | 91/2140 [21:37<9:22:43, 16.48s/it]
4%|4         | 92/2140 [21:52<9:06:08, 16.00s/it]
4%|4         | 93/2140 [22:09<9:13:31, 16.22s/it]
4%|4         | 94/2140 [22:25<9:10:06, 16.13s/it]
4%|4         | 95/2140 [22:40<8:57:40, 15.78s/it]
4%|4         | 96/2140 [22:56<9:04:43, 15.99s/it]
5%|4         | 97/2140 [23:14<9:17:40, 16.38s/it]
5%|4         | 98/2140 [23:29<9:10:29, 16.18s/it]
5%|4         | 99/2140 [23:43<8:47:56, 15.52s/it]
5%|4         | 100/2140 [24:00<8:57:22, 15.81s/it]
5%|4         | 100/2140 [24:00<8:57:22, 15.81s/it]
5%|4         | 101/2140 [24:17<9:13:09, 16.28s/it]
5%|4         | 102/2140 [24:30<8:38:06, 15.25s/it]
5%|4         | 103/2140 [24:46<8:47:09, 15.53s/it]
5%|4         | 104/2140 [25:02<8:43:29, 15.43s/it]
5%|4         | 105/2140 [25:18<8:55:47, 15.80s/it]
5%|4         | 106/2140 [25:36<9:15:49, 16.40s/it]
5%|5         | 107/2140 [25:53<9:25:10, 16.68s/it]{'loss': 1.7095, 'grad_norm': 6.3270182609558105, 'learning_rate': 9.532710280373832e-05, 'epoch': 0.93}
0%|          | 0/27 [00:00<?, ?it/s][A
7%|7         | 2/27 [00:08<01:50,  4.43s/it][A
11%|#1        | 3/27 [00:17<02:31,  6.32s/it][A
15%|#4        | 4/27 [00:28<03:04,  8.01s/it][A
19%|#8        | 5/27 [00:51<04:51, 13.27s/it][A
22%|##2       | 6/27 [01:03<04:25, 12.64s/it][A
26%|##5       | 7/27 [01:13<03:57, 11.85s/it][A
30%|##9       | 8/27 [01:27<03:57, 12.53s/it][A
33%|###3      | 9/27 [01:43<04:07, 13.73s/it][A
37%|###7      | 10/27 [01:54<03:39, 12.93s/it][A
41%|####      | 11/27 [02:02<03:01, 11.37s/it][A
44%|####4     | 12/27 [02:12<02:41, 10.77s/it][A
48%|####8     | 13/27 [02:39<03:39, 15.67s/it][A
52%|#####1    | 14/27 [02:50<03:08, 14.52s/it][A
56%|#####5    | 15/27 [02:56<02:20, 11.74s/it][A
59%|#####9    | 16/27 [03:06<02:05, 11.39s/it][A
63%|######2   | 17/27 [03:20<02:01, 12.15s/it][A
67%|######6   | 18/27 [03:29<01:39, 11.06s/it][A
70%|#######   | 19/27 [03:40<01:29, 11.23s/it][A
74%|#######4  | 20/27 [03:46<01:07,  9.68s/it][A
78%|#######7  | 21/27 [03:58<01:01, 10.26s/it][A
81%|########1 | 22/27 [04:23<01:13, 14.75s/it][A
85%|########5 | 23/27 [04:31<00:50, 12.64s/it][A
89%|########8 | 24/27 [04:40<00:34, 11.47s/it][A
93%|#########2| 25/27 [04:49<00:21, 10.78s/it][A
96%|#########6| 26/27 [05:17<00:15, 15.96s/it][A
100%|##########| 27/27 [05:26<00:00, 14.02s/it][A
[A
5%|5         | 107/2140 [31:26<9:25:10, 16.68s/it]
100%|##########| 27/27 [05:26<00:00, 14.02s/it][A
[A
5%|5         | 108/2140 [31:49<66:50:40, 118.43s/it]
5%|5         | 109/2140 [32:10<50:14:19, 89.05s/it]
5%|5         | 110/2140 [32:32<38:54:54, 69.01s/it]
5%|5         | 111/2140 [32:56<31:17:24, 55.52s/it]
5%|5         | 112/2140 [33:14<24:53:17, 44.18s/it]
5%|5         | 113/2140 [33:32<20:27:09, 36.32s/it]
5%|5         | 114/2140 [33:54<18:05:26, 32.15s/it]
5%|5         | 115/2140 [34:10<15:21:28, 27.30s/it]
5%|5         | 116/2140 [34:32<14:30:11, 25.80s/it]
5%|5         | 117/2140 [34:54<13:47:04, 24.53s/it]
6%|5         | 118/2140 [35:16<13:23:07, 23.83s/it]
6%|5         | 119/2140 [35:38<13:06:55, 23.36s/it]
6%|5         | 120/2140 [36:00<12:49:35, 22.86s/it]
6%|5         | 121/2140 [36:21<12:32:30, 22.36s/it]
6%|5         | 122/2140 [36:40<11:59:03, 21.38s/it]
6%|5         | 123/2140 [36:59<11:28:25, 20.48s/it]
6%|5         | 124/2140 [37:22<11:52:45, 21.21s/it]
6%|5         | 125/2140 [37:42<11:48:05, 21.08s/it]
6%|5         | 126/2140 [38:05<12:04:39, 21.59s/it]
6%|5         | 127/2140 [38:23<11:28:41, 20.53s/it]
6%|5         | 128/2140 [38:46<11:52:02, 21.23s/it]
6%|6         | 129/2140 [39:08<11:58:10, 21.43s/it]
6%|6         | 130/2140 [39:26<11:25:24, 20.46s/it]
6%|6         | 131/2140 [39:49<11:43:24, 21.01s/it]
6%|6         | 132/2140 [40:08<11:31:58, 20.68s/it]
6%|6         | 133/2140 [40:28<11:24:26, 20.46s/it]
6%|6         | 134/2140 [40:51<11:42:10, 21.00s/it]
6%|6         | 135/2140 [41:09<11:11:03, 20.08s/it]
6%|6         | 136/2140 [41:30<11:26:47, 20.56s/it]
6%|6         | 137/2140 [41:54<12:02:39, 21.65s/it]
6%|6         | 138/2140 [42:21<12:47:05, 22.99s/it]
6%|6         | 139/2140 [42:40<12:11:48, 21.94s/it]
7%|6         | 140/2140 [42:58<11:33:33, 20.81s/it]
7%|6         | 141/2140 [43:21<11:48:37, 21.27s/it]
7%|6         | 142/2140 [43:43<12:00:50, 21.65s/it]
7%|6         | 143/2140 [44:05<12:07:10, 21.85s/it]
7%|6         | 144/2140 [44:26<11:51:53, 21.40s/it]
7%|6         | 145/2140 [44:50<12:19:37, 22.24s/it]
7%|6         | 146/2140 [45:09<11:42:08, 21.13s/it]
7%|6         | 147/2140 [45:29<11:39:44, 21.07s/it]
7%|6         | 148/2140 [45:52<11:53:00, 21.48s/it]
7%|6         | 149/2140 [46:13<11:53:16, 21.50s/it]
7%|7         | 150/2140 [46:37<12:15:17, 22.17s/it]
7%|7         | 151/2140 [46:53<11:08:14, 20.16s/it]
7%|7         | 152/2140 [47:16<11:35:09, 20.98s/it]
7%|7         | 153/2140 [47:38<11:51:40, 21.49s/it]
7%|7         | 154/2140 [48:01<12:00:41, 21.77s/it]
7%|7         | 155/2140 [48:19<11:27:41, 20.79s/it]
7%|7         | 156/2140 [48:41<11:38:39, 21.13s/it]
7%|7         | 157/2140 [48:58<11:01:52, 20.03s/it]
7%|7         | 158/2140 [49:18<11:00:36, 20.00s/it]
7%|7         | 159/2140 [49:38<11:00:28, 20.00s/it]
7%|7         | 160/2140 [49:59<11:08:37, 20.26s/it]
8%|7         | 161/2140 [50:21<11:22:31, 20.69s/it]
8%|7         | 162/2140 [50:44<11:44:34, 21.37s/it]
8%|7         | 163/2140 [51:07<11:58:57, 21.82s/it]
8%|7         | 164/2140 [51:29<12:03:05, 21.96s/it]
8%|7         | 165/2140 [51:51<11:59:13, 21.85s/it]
8%|7         | 166/2140 [52:09<11:24:35, 20.81s/it]
8%|7         | 167/2140 [52:31<11:38:52, 21.25s/it]
8%|7         | 168/2140 [52:50<11:10:18, 20.39s/it]
8%|7         | 169/2140 [53:10<11:11:27, 20.44s/it]
8%|7         | 170/2140 [53:28<10:47:55, 19.73s/it]
8%|7         | 171/2140 [53:46<10:26:40, 19.10s/it]
8%|8         | 172/2140 [54:05<10:21:51, 18.96s/it]
8%|8         | 173/2140 [54:26<10:44:42, 19.67s/it]
8%|8         | 174/2140 [54:48<11:09:57, 20.45s/it]
8%|8         | 175/2140 [55:11<11:29:28, 21.05s/it]
8%|8         | 176/2140 [55:33<11:41:32, 21.43s/it]
8%|8         | 177/2140 [55:54<11:32:48, 21.18s/it]
8%|8         | 178/2140 [56:16<11:44:34, 21.55s/it]
8%|8         | 179/2140 [56:39<11:53:57, 21.84s/it]
8%|8         | 180/2140 [57:01<12:04:07, 22.17s/it]
8%|8         | 181/2140 [57:18<11:10:24, 20.53s/it]
9%|8         | 182/2140 [57:41<11:33:33, 21.25s/it]
9%|8         | 183/2140 [58:06<12:08:26, 22.33s/it]
9%|8         | 184/2140 [58:29<12:14:09, 22.52s/it]
9%|8         | 185/2140 [58:50<12:03:11, 22.20s/it]
9%|8         | 186/2140 [59:11<11:43:13, 21.59s/it]
9%|8         | 187/2140 [59:33<11:50:49, 21.84s/it]
9%|8         | 188/2140 [59:55<11:54:14, 21.95s/it]
9%|8         | 189/2140 [1:00:18<11:58:49, 22.11s/it]
9%|8         | 190/2140 [1:00:40<12:01:29, 22.20s/it]
9%|8         | 191/2140 [1:01:05<12:25:44, 22.96s/it]
9%|8         | 192/2140 [1:01:27<12:19:35, 22.78s/it]
9%|9         | 193/2140 [1:01:50<12:19:44, 22.80s/it]
9%|9         | 194/2140 [1:02:09<11:45:37, 21.76s/it]
9%|9         | 195/2140 [1:02:30<11:34:21, 21.42s/it]
9%|9         | 196/2140 [1:02:49<11:15:47, 20.86s/it]
9%|9         | 197/2140 [1:03:13<11:44:53, 21.77s/it]
9%|9         | 198/2140 [1:03:37<12:06:58, 22.46s/it]
9%|9         | 199/2140 [1:03:55<11:17:41, 20.95s/it]
9%|9         | 200/2140 [1:04:15<11:13:37, 20.83s/it]
9%|9         | 200/2140 [1:04:16<11:13:37, 20.83s/it]
9%|9         | 201/2140 [1:04:34<10:53:19, 20.22s/it]
9%|9         | 202/2140 [1:04:56<11:05:28, 20.60s/it]
9%|9         | 203/2140 [1:05:19<11:26:12, 21.26s/it]
10%|9         | 204/2140 [1:05:37<11:01:22, 20.50s/it]
10%|9         | 205/2140 [1:06:00<11:20:10, 21.09s/it]
10%|9         | 206/2140 [1:06:17<10:46:49, 20.07s/it]
10%|9         | 207/2140 [1:06:35<10:26:43, 19.45s/it]
10%|9         | 208/2140 [1:06:53<10:12:56, 19.04s/it]
10%|9         | 209/2140 [1:07:16<10:49:41, 20.19s/it]
10%|9         | 210/2140 [1:07:37<10:50:05, 20.21s/it]
10%|9         | 211/2140 [1:07:58<11:01:13, 20.57s/it]
10%|9         | 212/2140 [1:08:24<11:52:34, 22.18s/it]
10%|9         | 213/2140 [1:08:48<12:09:33, 22.72s/it]
10%|#         | 214/2140 [1:09:10<11:59:10, 22.40s/it]{'eval_loss': 1.6313515901565552, 'eval_accuracy': 0.3411214953271028, 'eval_f1': 0.2703683033450771, 'eval_runtime': 332.7218, 'eval_samples_per_second': 1.286, 'eval_steps_per_second': 0.081, 'epoch': 1.0}
{'loss': 1.3637, 'grad_norm': 10.720197677612305, 'learning_rate': 9.065420560747664e-05, 'epoch': 1.87}
0%|          | 0/27 [00:00<?, ?it/s][A
7%|7         | 2/27 [00:11<02:27,  5.90s/it][A
11%|#1        | 3/27 [00:22<03:14,  8.09s/it][A
15%|#4        | 4/27 [00:38<04:09, 10.84s/it][A
19%|#8        | 5/27 [01:03<05:48, 15.82s/it][A
22%|##2       | 6/27 [01:18<05:22, 15.36s/it][A
26%|##5       | 7/27 [01:30<04:49, 14.50s/it][A
30%|##9       | 8/27 [01:46<04:43, 14.93s/it][A
33%|###3      | 9/27 [02:04<04:45, 15.88s/it][A
37%|###7      | 10/27 [02:18<04:21, 15.37s/it][A
41%|####      | 11/27 [02:28<03:37, 13.59s/it][A
44%|####4     | 12/27 [02:40<03:17, 13.14s/it][A
48%|####8     | 13/27 [03:11<04:19, 18.52s/it][A
52%|#####1    | 14/27 [03:26<03:46, 17.40s/it][A
56%|#####5    | 15/27 [03:33<02:54, 14.51s/it][A
59%|#####9    | 16/27 [03:47<02:35, 14.16s/it][A
63%|######2   | 17/27 [04:02<02:25, 14.55s/it][A
67%|######6   | 18/27 [04:13<02:00, 13.33s/it][A
70%|#######   | 19/27 [04:27<01:49, 13.67s/it][A
74%|#######4  | 20/27 [04:35<01:24, 12.03s/it][A
78%|#######7  | 21/27 [04:50<01:16, 12.80s/it][A
81%|########1 | 22/27 [05:18<01:27, 17.50s/it][A
85%|########5 | 23/27 [05:28<01:00, 15.13s/it][A
89%|########8 | 24/27 [05:39<00:41, 13.79s/it][A
93%|#########2| 25/27 [05:50<00:26, 13.17s/it][A
96%|#########6| 26/27 [06:16<00:16, 16.97s/it][A
100%|##########| 27/27 [06:26<00:00, 14.72s/it][A
[A
10%|#         | 214/2140 [1:15:44<11:59:10, 22.40s/it]
100%|##########| 27/27 [06:26<00:00, 14.72s/it][A
[A
10%|#         | 215/2140 [1:16:03<74:37:42, 139.57s/it]
10%|#         | 216/2140 [1:16:25<55:52:50, 104.56s/it]
10%|#         | 217/2140 [1:16:48<42:43:19, 79.98s/it]
10%|#         | 218/2140 [1:17:11<33:34:42, 62.89s/it]
10%|#         | 219/2140 [1:17:31<26:43:38, 50.09s/it]
10%|#         | 220/2140 [1:17:49<21:28:59, 40.28s/it]
10%|#         | 221/2140 [1:18:13<18:51:58, 35.39s/it]
10%|#         | 222/2140 [1:18:35<16:50:44, 31.62s/it]
10%|#         | 223/2140 [1:18:53<14:37:07, 27.45s/it]
10%|#         | 224/2140 [1:19:15<13:46:34, 25.88s/it]
11%|#         | 225/2140 [1:19:39<13:23:05, 25.16s/it]
11%|#         | 226/2140 [1:20:01<12:54:51, 24.29s/it]
11%|#         | 227/2140 [1:20:23<12:34:25, 23.66s/it]
11%|#         | 228/2140 [1:20:48<12:43:26, 23.96s/it]
11%|#         | 229/2140 [1:21:07<11:55:09, 22.45s/it]
11%|#         | 230/2140 [1:21:30<11:58:20, 22.57s/it]
11%|#         | 231/2140 [1:21:51<11:49:34, 22.30s/it]
11%|#         | 232/2140 [1:22:14<11:49:15, 22.30s/it]
11%|#         | 233/2140 [1:22:35<11:35:12, 21.87s/it]
11%|#         | 234/2140 [1:22:56<11:26:39, 21.62s/it]
11%|#         | 235/2140 [1:23:18<11:37:38, 21.97s/it]
11%|#1        | 236/2140 [1:23:40<11:34:27, 21.88s/it]
11%|#1        | 237/2140 [1:24:01<11:25:38, 21.62s/it]
11%|#1        | 238/2140 [1:24:24<11:33:27, 21.88s/it]
11%|#1        | 239/2140 [1:24:45<11:27:13, 21.69s/it]
11%|#1        | 240/2140 [1:25:08<11:37:51, 22.04s/it]
11%|#1        | 241/2140 [1:25:30<11:39:27, 22.10s/it]
11%|#1        | 242/2140 [1:25:48<10:57:46, 20.79s/it]
11%|#1        | 243/2140 [1:26:09<11:00:12, 20.88s/it]
11%|#1        | 244/2140 [1:26:30<10:58:09, 20.83s/it]
11%|#1        | 245/2140 [1:26:52<11:11:50, 21.27s/it]
11%|#1        | 246/2140 [1:27:15<11:26:18, 21.74s/it]
12%|#1        | 247/2140 [1:27:32<10:45:35, 20.46s/it]
12%|#1        | 248/2140 [1:27:50<10:23:11, 19.76s/it]
12%|#1        | 249/2140 [1:28:12<10:40:06, 20.31s/it]
12%|#1        | 250/2140 [1:28:35<11:03:55, 21.08s/it]
12%|#1        | 251/2140 [1:28:56<11:05:19, 21.13s/it]
12%|#1        | 252/2140 [1:29:14<10:31:20, 20.06s/it]
12%|#1        | 253/2140 [1:29:37<10:59:01, 20.95s/it]
12%|#1        | 254/2140 [1:29:55<10:34:22, 20.18s/it]
12%|#1        | 255/2140 [1:30:17<10:50:22, 20.70s/it]
12%|#1        | 256/2140 [1:30:34<10:20:12, 19.75s/it]
12%|#2        | 257/2140 [1:30:51<9:47:22, 18.72s/it]
12%|#2        | 258/2140 [1:31:13<10:20:08, 19.77s/it]
12%|#2        | 259/2140 [1:31:36<10:49:02, 20.70s/it]
12%|#2        | 260/2140 [1:31:56<10:39:35, 20.41s/it]
12%|#2        | 261/2140 [1:32:13<10:09:35, 19.47s/it]
12%|#2        | 262/2140 [1:32:31<9:53:49, 18.97s/it]
12%|#2        | 263/2140 [1:32:53<10:24:22, 19.96s/it]
12%|#2        | 264/2140 [1:33:11<10:04:25, 19.33s/it]
12%|#2        | 265/2140 [1:33:33<10:30:10, 20.17s/it]
12%|#2        | 266/2140 [1:33:48<9:42:19, 18.64s/it]
12%|#2        | 267/2140 [1:34:07<9:48:42, 18.86s/it]
13%|#2        | 268/2140 [1:34:30<10:27:34, 20.11s/it]
13%|#2        | 269/2140 [1:34:53<10:49:33, 20.83s/it]
13%|#2        | 270/2140 [1:35:09<10:05:25, 19.43s/it]
13%|#2        | 271/2140 [1:35:31<10:26:57, 20.13s/it]
13%|#2        | 272/2140 [1:35:48<10:01:21, 19.32s/it]
13%|#2        | 273/2140 [1:36:11<10:33:53, 20.37s/it]
13%|#2        | 274/2140 [1:36:29<10:11:18, 19.66s/it]
13%|#2        | 275/2140 [1:36:49<10:14:05, 19.76s/it]
13%|#2        | 276/2140 [1:37:11<10:36:36, 20.49s/it]
13%|#2        | 277/2140 [1:37:33<10:49:00, 20.90s/it]
13%|#2        | 278/2140 [1:37:55<11:00:31, 21.28s/it]
13%|#3        | 279/2140 [1:38:17<11:05:38, 21.46s/it]
13%|#3        | 280/2140 [1:38:40<11:20:54, 21.96s/it]
13%|#3        | 281/2140 [1:38:58<10:40:28, 20.67s/it]
13%|#3        | 282/2140 [1:39:20<10:50:14, 21.00s/it]
13%|#3        | 283/2140 [1:39:44<11:17:48, 21.90s/it]
13%|#3        | 284/2140 [1:40:04<11:06:13, 21.54s/it]
13%|#3        | 285/2140 [1:40:27<11:18:03, 21.93s/it]
13%|#3        | 286/2140 [1:40:47<10:57:50, 21.29s/it]
13%|#3        | 287/2140 [1:41:05<10:31:27, 20.45s/it]
13%|#3        | 288/2140 [1:41:27<10:38:04, 20.67s/it]
14%|#3        | 289/2140 [1:41:47<10:31:51, 20.48s/it]
14%|#3        | 290/2140 [1:42:11<11:04:21, 21.55s/it]
14%|#3        | 291/2140 [1:42:33<11:11:12, 21.78s/it]
14%|#3        | 292/2140 [1:42:55<11:14:58, 21.91s/it]
14%|#3        | 293/2140 [1:43:18<11:22:10, 22.16s/it]
14%|#3        | 294/2140 [1:43:40<11:21:28, 22.15s/it]
14%|#3        | 295/2140 [1:44:02<11:21:42, 22.17s/it]
14%|#3        | 296/2140 [1:44:25<11:26:38, 22.34s/it]
14%|#3        | 297/2140 [1:44:44<10:58:46, 21.45s/it]
14%|#3        | 298/2140 [1:45:07<11:10:53, 21.85s/it]
14%|#3        | 299/2140 [1:45:28<11:03:17, 21.62s/it]
14%|#4        | 300/2140 [1:45:49<10:49:17, 21.17s/it]
14%|#4        | 300/2140 [1:45:49<10:49:17, 21.17s/it]
14%|#4        | 301/2140 [1:46:07<10:26:26, 20.44s/it]
14%|#4        | 302/2140 [1:46:30<10:43:33, 21.01s/it]
14%|#4        | 303/2140 [1:46:52<10:54:57, 21.39s/it]
14%|#4        | 304/2140 [1:47:14<11:02:46, 21.66s/it]
14%|#4        | 305/2140 [1:47:36<11:03:01, 21.68s/it]
14%|#4        | 306/2140 [1:47:57<10:57:55, 21.52s/it]
14%|#4        | 307/2140 [1:48:19<10:59:56, 21.60s/it]
14%|#4        | 308/2140 [1:48:39<10:48:11, 21.23s/it]
14%|#4        | 309/2140 [1:49:04<11:20:29, 22.30s/it]
14%|#4        | 310/2140 [1:49:21<10:30:13, 20.66s/it]
15%|#4        | 311/2140 [1:49:44<10:52:46, 21.41s/it]
15%|#4        | 312/2140 [1:50:07<11:07:27, 21.91s/it]
15%|#4        | 313/2140 [1:50:25<10:35:06, 20.86s/it]
15%|#4        | 314/2140 [1:50:44<10:17:07, 20.28s/it]
15%|#4        | 315/2140 [1:51:06<10:30:02, 20.71s/it]
15%|#4        | 316/2140 [1:51:23<9:52:07, 19.48s/it]
15%|#4        | 317/2140 [1:51:43<9:57:01, 19.65s/it]
15%|#4        | 318/2140 [1:52:05<10:21:32, 20.47s/it]
15%|#4        | 319/2140 [1:52:27<10:33:26, 20.87s/it]
15%|#4        | 320/2140 [1:52:45<10:10:38, 20.13s/it]
15%|#5        | 321/2140 [1:53:03<9:45:25, 19.31s/it] {'eval_loss': 1.399444341659546, 'eval_accuracy': 0.4696261682242991, 'eval_f1': 0.38929936840822105, 'eval_runtime': 394.5277, 'eval_samples_per_second': 1.085, 'eval_steps_per_second': 0.068, 'epoch': 2.0}
{'loss': 1.1512, 'grad_norm': 9.230510711669922, 'learning_rate': 8.598130841121496e-05, 'epoch': 2.8}
0%|          | 0/27 [00:00<?, ?it/s][A
7%|7         | 2/27 [00:11<02:28,  5.95s/it][A
11%|#1        | 3/27 [00:23<03:14,  8.12s/it][A
15%|#4        | 4/27 [00:38<04:10, 10.90s/it][A
19%|#8        | 5/27 [01:03<05:49, 15.90s/it][A
22%|##2       | 6/27 [01:18<05:24, 15.45s/it][A
26%|##5       | 7/27 [01:31<04:51, 14.58s/it][A
30%|##9       | 8/27 [01:47<04:45, 15.01s/it][A
33%|###3      | 9/27 [02:05<04:47, 15.95s/it][A
37%|###7      | 10/27 [02:19<04:22, 15.44s/it][A
41%|####      | 11/27 [02:29<03:38, 13.66s/it][A
44%|####4     | 12/27 [02:41<03:17, 13.18s/it][A
48%|####8     | 13/27 [03:12<04:20, 18.61s/it][A
52%|#####1    | 14/27 [03:27<03:47, 17.48s/it][A
56%|#####5    | 15/27 [03:34<02:54, 14.57s/it][A
59%|#####9    | 16/27 [03:48<02:36, 14.20s/it][A
63%|######2   | 17/27 [04:03<02:25, 14.57s/it][A
67%|######6   | 18/27 [04:14<02:00, 13.35s/it][A
70%|#######   | 19/27 [04:28<01:49, 13.68s/it][A
74%|#######4  | 20/27 [04:36<01:24, 12.05s/it][A
78%|#######7  | 21/27 [04:51<01:16, 12.81s/it][A
81%|########1 | 22/27 [05:19<01:27, 17.50s/it][A
85%|########5 | 23/27 [05:29<01:00, 15.14s/it][A
89%|########8 | 24/27 [05:40<00:41, 13.80s/it][A
93%|#########2| 25/27 [05:52<00:26, 13.21s/it][A
96%|#########6| 26/27 [06:18<00:17, 17.02s/it][A
100%|##########| 27/27 [06:27<00:00, 14.75s/it][A
[A
15%|#5        | 321/2140 [1:59:39<9:45:25, 19.31s/it]
100%|##########| 27/27 [06:27<00:00, 14.75s/it][A
[A
15%|#5        | 322/2140 [2:00:00<70:05:30, 138.80s/it]
15%|#5        | 323/2140 [2:00:21<52:12:08, 103.43s/it]
15%|#5        | 324/2140 [2:00:43<39:53:12, 79.07s/it]
15%|#5        | 325/2140 [2:01:03<30:54:43, 61.31s/it]
15%|#5        | 326/2140 [2:01:24<24:43:25, 49.07s/it]
15%|#5        | 327/2140 [2:01:41<19:55:13, 39.56s/it]
15%|#5        | 328/2140 [2:01:59<16:35:55, 32.98s/it]
15%|#5        | 329/2140 [2:02:21<14:59:52, 29.81s/it]
15%|#5        | 330/2140 [2:02:40<13:15:03, 26.36s/it]
15%|#5        | 331/2140 [2:03:02<12:42:08, 25.28s/it]
16%|#5        | 332/2140 [2:03:20<11:31:34, 22.95s/it]
16%|#5        | 333/2140 [2:03:42<11:24:55, 22.74s/it]
16%|#5        | 334/2140 [2:04:02<10:57:37, 21.85s/it]
16%|#5        | 335/2140 [2:04:22<10:38:39, 21.23s/it]
16%|#5        | 336/2140 [2:04:44<10:47:24, 21.53s/it]
16%|#5        | 337/2140 [2:05:02<10:16:03, 20.50s/it]
16%|#5        | 338/2140 [2:05:24<10:31:00, 21.01s/it]
16%|#5        | 339/2140 [2:05:42<10:04:56, 20.15s/it]
16%|#5        | 340/2140 [2:06:01<9:53:58, 19.80s/it]
16%|#5        | 341/2140 [2:06:24<10:17:55, 20.61s/it]
16%|#5        | 342/2140 [2:06:47<10:37:23, 21.27s/it]
16%|#6        | 343/2140 [2:07:10<10:54:23, 21.85s/it]
16%|#6        | 344/2140 [2:07:33<11:09:47, 22.38s/it]
16%|#6        | 345/2140 [2:07:56<11:11:09, 22.43s/it]
16%|#6        | 346/2140 [2:08:14<10:32:26, 21.15s/it]
16%|#6        | 347/2140 [2:08:35<10:32:19, 21.16s/it]
16%|#6        | 348/2140 [2:08:58<10:42:51, 21.52s/it]
16%|#6        | 349/2140 [2:09:21<11:01:51, 22.17s/it]
16%|#6        | 350/2140 [2:09:44<11:06:02, 22.33s/it]
16%|#6        | 351/2140 [2:10:06<11:05:22, 22.32s/it]
16%|#6        | 352/2140 [2:10:27<10:52:14, 21.89s/it]
16%|#6        | 353/2140 [2:10:46<10:22:31, 20.90s/it]
17%|#6        | 354/2140 [2:11:08<10:29:07, 21.14s/it]
17%|#6        | 355/2140 [2:11:29<10:32:36, 21.26s/it]
17%|#6        | 356/2140 [2:11:50<10:29:10, 21.16s/it]
17%|#6        | 357/2140 [2:12:13<10:45:50, 21.73s/it]
17%|#6        | 358/2140 [2:12:35<10:47:43, 21.81s/it]
17%|#6        | 359/2140 [2:12:58<10:58:24, 22.18s/it]
17%|#6        | 360/2140 [2:13:14<10:04:28, 20.38s/it]
17%|#6        | 361/2140 [2:13:36<10:16:36, 20.80s/it]
17%|#6        | 362/2140 [2:13:58<10:26:24, 21.14s/it]
17%|#6        | 363/2140 [2:14:21<10:39:37, 21.60s/it]
17%|#7        | 364/2140 [2:14:42<10:40:10, 21.63s/it]
17%|#7        | 365/2140 [2:15:05<10:51:29, 22.02s/it]
17%|#7        | 366/2140 [2:15:28<10:56:18, 22.20s/it]
17%|#7        | 367/2140 [2:15:50<10:55:08, 22.17s/it]
17%|#7        | 368/2140 [2:16:12<10:57:07, 22.25s/it]
17%|#7        | 369/2140 [2:16:35<11:03:01, 22.46s/it]
17%|#7        | 370/2140 [2:16:58<11:00:40, 22.40s/it]
17%|#7        | 371/2140 [2:17:21<11:06:29, 22.61s/it]
17%|#7        | 372/2140 [2:17:40<10:35:54, 21.58s/it]
17%|#7        | 373/2140 [2:18:02<10:42:00, 21.80s/it]
17%|#7        | 374/2140 [2:18:21<10:13:22, 20.84s/it]
18%|#7        | 375/2140 [2:18:43<10:20:37, 21.10s/it]
18%|#7        | 376/2140 [2:19:05<10:28:41, 21.38s/it]
18%|#7        | 377/2140 [2:19:26<10:25:38, 21.29s/it]
18%|#7        | 378/2140 [2:19:48<10:34:24, 21.60s/it]
18%|#7        | 379/2140 [2:20:09<10:32:22, 21.55s/it]
18%|#7        | 380/2140 [2:20:32<10:37:45, 21.74s/it]
18%|#7        | 381/2140 [2:20:50<10:09:55, 20.80s/it]
18%|#7        | 382/2140 [2:21:13<10:27:59, 21.43s/it]
18%|#7        | 383/2140 [2:21:35<10:29:11, 21.49s/it]
18%|#7        | 384/2140 [2:21:58<10:40:27, 21.88s/it]
18%|#7        | 385/2140 [2:22:16<10:08:54, 20.82s/it]
18%|#8        | 386/2140 [2:22:37<10:15:24, 21.05s/it]
18%|#8        | 387/2140 [2:22:58<10:12:33, 20.97s/it]
18%|#8        | 388/2140 [2:23:21<10:28:37, 21.53s/it]
18%|#8        | 389/2140 [2:23:39<9:57:16, 20.47s/it]
18%|#8        | 390/2140 [2:23:57<9:35:03, 19.72s/it]
18%|#8        | 391/2140 [2:24:17<9:39:13, 19.87s/it]
18%|#8        | 392/2140 [2:24:35<9:23:20, 19.34s/it]
18%|#8        | 393/2140 [2:24:59<10:04:08, 20.75s/it]
18%|#8        | 394/2140 [2:25:22<10:22:27, 21.39s/it]
18%|#8        | 395/2140 [2:25:41<9:54:39, 20.45s/it]
19%|#8        | 396/2140 [2:25:59<9:39:15, 19.93s/it]
19%|#8        | 397/2140 [2:26:16<9:14:47, 19.10s/it]
19%|#8        | 398/2140 [2:26:34<9:02:46, 18.70s/it]
19%|#8        | 399/2140 [2:26:53<9:05:50, 18.81s/it]
19%|#8        | 400/2140 [2:27:12<9:08:06, 18.90s/it]
19%|#8        | 400/2140 [2:27:12<9:08:06, 18.90s/it]
19%|#8        | 401/2140 [2:27:32<9:12:25, 19.06s/it]
19%|#8        | 402/2140 [2:27:53<9:33:08, 19.79s/it]
19%|#8        | 403/2140 [2:28:17<10:08:00, 21.00s/it]
19%|#8        | 404/2140 [2:28:36<9:49:49, 20.39s/it]
19%|#8        | 405/2140 [2:29:00<10:18:20, 21.38s/it]
19%|#8        | 406/2140 [2:29:19<9:55:55, 20.62s/it]
19%|#9        | 407/2140 [2:29:41<10:08:59, 21.08s/it]
19%|#9        | 408/2140 [2:30:03<10:14:20, 21.28s/it]
19%|#9        | 409/2140 [2:30:23<10:10:38, 21.17s/it]
19%|#9        | 410/2140 [2:30:44<10:06:46, 21.04s/it]
19%|#9        | 411/2140 [2:31:06<10:13:34, 21.29s/it]
19%|#9        | 412/2140 [2:31:26<10:01:58, 20.90s/it]
19%|#9        | 413/2140 [2:31:47<9:59:39, 20.83s/it]
19%|#9        | 414/2140 [2:32:09<10:11:32, 21.26s/it]
19%|#9        | 415/2140 [2:32:30<10:09:30, 21.20s/it]
19%|#9        | 416/2140 [2:32:49<9:45:59, 20.39s/it]
19%|#9        | 417/2140 [2:33:07<9:32:54, 19.95s/it]
20%|#9        | 418/2140 [2:33:30<9:57:45, 20.83s/it]
20%|#9        | 419/2140 [2:33:53<10:14:21, 21.42s/it]
20%|#9        | 420/2140 [2:34:16<10:23:04, 21.74s/it]
20%|#9        | 421/2140 [2:34:39<10:33:41, 22.12s/it]
20%|#9        | 422/2140 [2:34:59<10:19:24, 21.63s/it]
20%|#9        | 423/2140 [2:35:16<9:42:18, 20.35s/it]
20%|#9        | 424/2140 [2:35:35<9:22:10, 19.66s/it]
20%|#9        | 425/2140 [2:36:00<10:11:46, 21.40s/it]
20%|#9        | 426/2140 [2:36:22<10:15:49, 21.56s/it]
20%|#9        | 427/2140 [2:36:46<10:32:59, 22.17s/it]
20%|##        | 428/2140 [2:37:08<10:35:37, 22.28s/it]{'eval_loss': 1.2769232988357544, 'eval_accuracy': 0.5327102803738317, 'eval_f1': 0.46564993770907603, 'eval_runtime': 395.7811, 'eval_samples_per_second': 1.081, 'eval_steps_per_second': 0.068, 'epoch': 3.0}
{'loss': 1.0502, 'grad_norm': 11.110191345214844, 'learning_rate': 8.130841121495327e-05, 'epoch': 3.74}
0%|          | 0/27 [00:00<?, ?it/s][A
7%|7         | 2/27 [00:12<02:32,  6.09s/it][A
11%|#1        | 3/27 [00:23<03:23,  8.46s/it][A
15%|#4        | 4/27 [00:39<04:18, 11.26s/it][A
19%|#8        | 5/27 [01:06<06:02, 16.48s/it][A
22%|##2       | 6/27 [01:21<05:35, 15.97s/it][A
26%|##5       | 7/27 [01:33<04:58, 14.94s/it][A
30%|##9       | 8/27 [01:50<04:52, 15.39s/it][A
33%|###3      | 9/27 [02:08<04:54, 16.34s/it][A
37%|###7      | 10/27 [02:23<04:27, 15.73s/it][A
41%|####      | 11/27 [02:32<03:41, 13.85s/it][A
44%|####4     | 12/27 [02:44<03:20, 13.34s/it][A
48%|####8     | 13/27 [03:15<04:22, 18.72s/it][A
52%|#####1    | 14/27 [03:30<03:48, 17.55s/it][A
56%|#####5    | 15/27 [03:38<02:55, 14.62s/it][A
59%|#####9    | 16/27 [03:52<02:36, 14.27s/it][A
63%|######2   | 17/27 [04:07<02:26, 14.64s/it][A
67%|######6   | 18/27 [04:18<02:00, 13.42s/it][A
70%|#######   | 19/27 [04:32<01:49, 13.73s/it][A
74%|#######4  | 20/27 [04:40<01:24, 12.10s/it][A
78%|#######7  | 21/27 [04:55<01:17, 12.86s/it][A
81%|########1 | 22/27 [05:24<01:28, 17.60s/it][A
85%|########5 | 23/27 [05:33<01:00, 15.23s/it][A
89%|########8 | 24/27 [05:44<00:41, 13.90s/it][A
93%|#########2| 25/27 [05:56<00:26, 13.28s/it][A
96%|#########6| 26/27 [06:22<00:17, 17.09s/it][A
100%|##########| 27/27 [06:31<00:00, 14.81s/it][A
[A
20%|##        | 428/2140 [2:43:48<10:35:37, 22.28s/it]
100%|##########| 27/27 [06:31<00:00, 14.81s/it][A
[A
20%|##        | 429/2140 [2:44:12<67:54:52, 142.89s/it]
20%|##        | 430/2140 [2:44:33<50:23:11, 106.08s/it]
20%|##        | 431/2140 [2:44:53<38:10:59, 80.43s/it]
20%|##        | 432/2140 [2:45:13<29:31:13, 62.22s/it]
20%|##        | 433/2140 [2:45:37<24:05:43, 50.82s/it]
20%|##        | 434/2140 [2:46:01<20:18:03, 42.84s/it]
20%|##        | 435/2140 [2:46:24<17:24:05, 36.74s/it]
20%|##        | 436/2140 [2:46:43<14:52:45, 31.44s/it]
20%|##        | 437/2140 [2:47:04<13:20:26, 28.20s/it]
20%|##        | 438/2140 [2:47:26<12:30:14, 26.45s/it]
21%|##        | 439/2140 [2:47:49<12:00:53, 25.43s/it]
21%|##        | 440/2140 [2:48:11<11:31:23, 24.40s/it]
21%|##        | 441/2140 [2:48:35<11:25:00, 24.19s/it]
21%|##        | 442/2140 [2:48:54<10:40:32, 22.63s/it]
21%|##        | 443/2140 [2:49:15<10:25:27, 22.11s/it]
21%|##        | 444/2140 [2:49:36<10:22:05, 22.01s/it]
21%|##        | 445/2140 [2:49:58<10:20:33, 21.97s/it]
21%|##        | 446/2140 [2:50:21<10:25:59, 22.17s/it]
21%|##        | 447/2140 [2:50:43<10:29:43, 22.32s/it]
21%|##        | 448/2140 [2:51:01<9:45:09, 20.75s/it]
21%|##        | 449/2140 [2:51:23<9:59:12, 21.26s/it]
21%|##1       | 450/2140 [2:51:44<9:59:51, 21.30s/it]
21%|##1       | 451/2140 [2:52:06<10:04:40, 21.48s/it]
21%|##1       | 452/2140 [2:52:29<10:11:16, 21.73s/it]
21%|##1       | 453/2140 [2:52:52<10:22:02, 22.12s/it]
21%|##1       | 454/2140 [2:53:14<10:23:57, 22.20s/it]
21%|##1       | 455/2140 [2:53:34<10:04:25, 21.52s/it]
21%|##1       | 456/2140 [2:53:53<9:42:09, 20.74s/it]
21%|##1       | 457/2140 [2:54:11<9:15:58, 19.82s/it]
21%|##1       | 458/2140 [2:54:33<9:34:03, 20.48s/it]
21%|##1       | 459/2140 [2:54:54<9:39:25, 20.68s/it]
21%|##1       | 460/2140 [2:55:12<9:16:38, 19.88s/it]
22%|##1       | 461/2140 [2:55:33<9:29:29, 20.35s/it]
22%|##1       | 462/2140 [2:55:55<9:40:44, 20.77s/it]
22%|##1       | 463/2140 [2:56:17<9:50:00, 21.11s/it]
22%|##1       | 464/2140 [2:56:40<10:02:37, 21.57s/it]
22%|##1       | 465/2140 [2:57:05<10:38:53, 22.89s/it]
22%|##1       | 466/2140 [2:57:28<10:35:01, 22.76s/it]
22%|##1       | 467/2140 [2:57:51<10:36:14, 22.82s/it]
22%|##1       | 468/2140 [2:58:12<10:21:25, 22.30s/it]
22%|##1       | 469/2140 [2:58:35<10:23:58, 22.40s/it]
22%|##1       | 470/2140 [2:58:58<10:29:44, 22.63s/it]
22%|##2       | 471/2140 [2:59:17<10:04:07, 21.72s/it]
22%|##2       | 472/2140 [2:59:40<10:09:29, 21.92s/it]
22%|##2       | 473/2140 [3:00:01<10:01:20, 21.64s/it]
22%|##2       | 474/2140 [3:00:24<10:12:48, 22.07s/it]
22%|##2       | 475/2140 [3:00:46<10:14:40, 22.15s/it]
22%|##2       | 476/2140 [3:01:08<10:09:01, 21.96s/it]
22%|##2       | 477/2140 [3:01:31<10:16:28, 22.24s/it]
22%|##2       | 478/2140 [3:01:46<9:22:25, 20.30s/it]
22%|##2       | 479/2140 [3:02:10<9:49:57, 21.31s/it]
22%|##2       | 480/2140 [3:02:35<10:22:54, 22.51s/it]
22%|##2       | 481/2140 [3:02:57<10:15:42, 22.27s/it]
23%|##2       | 482/2140 [3:03:20<10:17:50, 22.36s/it]
23%|##2       | 483/2140 [3:03:35<9:19:35, 20.26s/it]
23%|##2       | 484/2140 [3:03:57<9:37:55, 20.94s/it]
23%|##2       | 485/2140 [3:04:16<9:16:20, 20.17s/it]
23%|##2       | 486/2140 [3:04:39<9:39:06, 21.01s/it]
23%|##2       | 487/2140 [3:05:01<9:50:19, 21.43s/it]
23%|##2       | 488/2140 [3:05:20<9:23:58, 20.48s/it]
23%|##2       | 489/2140 [3:05:39<9:16:03, 20.21s/it]
23%|##2       | 490/2140 [3:06:01<9:33:13, 20.84s/it]
23%|##2       | 491/2140 [3:06:25<9:51:59, 21.54s/it]
23%|##2       | 492/2140 [3:06:43<9:23:24, 20.51s/it]
23%|##3       | 493/2140 [3:07:05<9:40:14, 21.14s/it]
23%|##3       | 494/2140 [3:07:29<10:03:55, 22.01s/it]
23%|##3       | 495/2140 [3:07:45<9:13:10, 20.18s/it]
23%|##3       | 496/2140 [3:08:08<9:32:09, 20.88s/it]
23%|##3       | 497/2140 [3:08:30<9:46:04, 21.40s/it]
23%|##3       | 498/2140 [3:08:49<9:20:51, 20.49s/it]
23%|##3       | 499/2140 [3:09:08<9:08:46, 20.06s/it]
23%|##3       | 500/2140 [3:09:29<9:19:02, 20.45s/it]
23%|##3       | 500/2140 [3:09:29<9:19:02, 20.45s/it]
23%|##3       | 501/2140 [3:09:53<9:43:38, 21.37s/it]
23%|##3       | 502/2140 [3:10:13<9:33:07, 20.99s/it]
24%|##3       | 503/2140 [3:10:31<9:08:33, 20.11s/it]
24%|##3       | 504/2140 [3:10:54<9:31:09, 20.95s/it]
24%|##3       | 505/2140 [3:11:15<9:32:54, 21.02s/it]
24%|##3       | 506/2140 [3:11:38<9:49:26, 21.64s/it]
24%|##3       | 507/2140 [3:12:02<10:04:15, 22.20s/it]
24%|##3       | 508/2140 [3:12:23<9:59:48, 22.05s/it]
24%|##3       | 509/2140 [3:12:44<9:46:46, 21.59s/it]
24%|##3       | 510/2140 [3:13:07<10:02:29, 22.18s/it]
24%|##3       | 511/2140 [3:13:26<9:31:02, 21.03s/it]
24%|##3       | 512/2140 [3:13:49<9:51:30, 21.80s/it]
24%|##3       | 513/2140 [3:14:07<9:16:59, 20.54s/it]
24%|##4       | 514/2140 [3:14:30<9:38:39, 21.35s/it]
24%|##4       | 515/2140 [3:14:53<9:47:29, 21.69s/it]
24%|##4       | 516/2140 [3:15:16<10:00:32, 22.19s/it]
24%|##4       | 517/2140 [3:15:36<9:46:14, 21.67s/it]
24%|##4       | 518/2140 [3:15:57<9:36:12, 21.31s/it]
24%|##4       | 519/2140 [3:16:19<9:41:26, 21.52s/it]
24%|##4       | 520/2140 [3:16:37<9:16:54, 20.63s/it]
24%|##4       | 521/2140 [3:16:56<9:03:25, 20.14s/it]
24%|##4       | 522/2140 [3:17:14<8:40:23, 19.30s/it]
24%|##4       | 523/2140 [3:17:31<8:21:30, 18.61s/it]
24%|##4       | 524/2140 [3:17:51<8:34:48, 19.11s/it]
25%|##4       | 525/2140 [3:18:12<8:51:50, 19.76s/it]
25%|##4       | 526/2140 [3:18:35<9:13:33, 20.58s/it]
25%|##4       | 527/2140 [3:18:58<9:32:35, 21.30s/it]
25%|##4       | 528/2140 [3:19:19<9:33:25, 21.34s/it]
25%|##4       | 529/2140 [3:19:43<9:55:51, 22.19s/it]
25%|##4       | 530/2140 [3:19:59<9:00:15, 20.13s/it]
25%|##4       | 531/2140 [3:20:20<9:13:01, 20.62s/it]
25%|##4       | 532/2140 [3:20:42<9:23:36, 21.03s/it]
25%|##4       | 533/2140 [3:21:04<9:26:38, 21.16s/it]
25%|##4       | 534/2140 [3:21:26<9:30:44, 21.32s/it]
25%|##5       | 535/2140 [3:21:47<9:31:14, 21.35s/it]{'eval_loss': 1.2360862493515015, 'eval_accuracy': 0.5887850467289719, 'eval_f1': 0.5019914781741833, 'eval_runtime': 400.2721, 'eval_samples_per_second': 1.069, 'eval_steps_per_second': 0.067, 'epoch': 4.0}
{'loss': 0.8969, 'grad_norm': 4.850896835327148, 'learning_rate': 7.663551401869158e-05, 'epoch': 4.67}
0%|          | 0/27 [00:00<?, ?it/s][A
7%|7         | 2/27 [00:11<02:28,  5.95s/it][A
11%|#1        | 3/27 [00:23<03:15,  8.14s/it][A
15%|#4        | 4/27 [00:38<04:10, 10.88s/it][A
19%|#8        | 5/27 [01:04<05:52, 16.02s/it][A
22%|##2       | 6/27 [01:18<05:26, 15.54s/it][A
26%|##5       | 7/27 [01:31<04:54, 14.73s/it][A
30%|##9       | 8/27 [01:47<04:47, 15.12s/it][A
33%|###3      | 9/27 [02:06<04:50, 16.14s/it][A
37%|###7      | 10/27 [02:20<04:25, 15.60s/it][A
41%|####      | 11/27 [02:30<03:40, 13.76s/it][A
44%|####4     | 12/27 [02:42<03:19, 13.28s/it][A
48%|####8     | 13/27 [03:14<04:24, 18.87s/it][A
52%|#####1    | 14/27 [03:29<03:50, 17.77s/it][A
56%|#####5    | 15/27 [03:37<02:58, 14.87s/it][A
59%|#####9    | 16/27 [03:51<02:39, 14.49s/it][A
63%|######2   | 17/27 [04:06<02:28, 14.88s/it][A
67%|######6   | 18/27 [04:17<02:02, 13.66s/it][A
70%|#######   | 19/27 [04:32<01:51, 13.98s/it][A
74%|#######4  | 20/27 [04:40<01:26, 12.32s/it][A
78%|#######7  | 21/27 [04:55<01:18, 13.13s/it][A
81%|########1 | 22/27 [05:25<01:31, 18.22s/it][A
85%|########5 | 23/27 [05:35<01:02, 15.73s/it][A
89%|########8 | 24/27 [05:46<00:42, 14.28s/it][A
93%|#########2| 25/27 [05:58<00:27, 13.55s/it][A
96%|#########6| 26/27 [06:24<00:17, 17.29s/it][A
100%|##########| 27/27 [06:34<00:00, 14.96s/it][A
[A
25%|##5       | 535/2140 [3:28:30<9:31:14, 21.35s/it]
100%|##########| 27/27 [06:34<00:00, 14.96s/it][A
[A
25%|##5       | 536/2140 [3:28:50<63:08:05, 141.70s/it]
25%|##5       | 537/2140 [3:29:12<47:11:36, 105.99s/it]
25%|##5       | 538/2140 [3:29:35<36:00:24, 80.91s/it]
25%|##5       | 539/2140 [3:29:53<27:39:30, 62.19s/it]
25%|##5       | 540/2140 [3:30:16<22:19:58, 50.25s/it]
25%|##5       | 541/2140 [3:30:37<18:30:56, 41.69s/it]
25%|##5       | 542/2140 [3:31:00<15:59:48, 36.04s/it]
25%|##5       | 543/2140 [3:31:21<14:02:21, 31.65s/it]
25%|##5       | 544/2140 [3:31:40<12:16:40, 27.69s/it]
25%|##5       | 545/2140 [3:32:04<11:48:12, 26.64s/it]
26%|##5       | 546/2140 [3:32:23<10:46:08, 24.32s/it]
26%|##5       | 547/2140 [3:32:38<9:32:05, 21.55s/it]
26%|##5       | 548/2140 [3:33:01<9:38:40, 21.81s/it]
26%|##5       | 549/2140 [3:33:22<9:39:26, 21.85s/it]
26%|##5       | 550/2140 [3:33:40<9:05:53, 20.60s/it]
26%|##5       | 551/2140 [3:33:57<8:33:45, 19.40s/it]
26%|##5       | 552/2140 [3:34:21<9:11:25, 20.83s/it]
26%|##5       | 553/2140 [3:34:43<9:19:57, 21.17s/it]
26%|##5       | 554/2140 [3:35:03<9:11:17, 20.86s/it]
26%|##5       | 555/2140 [3:35:26<9:27:26, 21.48s/it]
26%|##5       | 556/2140 [3:35:49<9:39:39, 21.96s/it]
26%|##6       | 557/2140 [3:36:09<9:19:35, 21.21s/it]
26%|##6       | 558/2140 [3:36:28<9:05:32, 20.69s/it]
26%|##6       | 559/2140 [3:36:51<9:23:26, 21.38s/it]
26%|##6       | 560/2140 [3:37:14<9:35:01, 21.84s/it]
26%|##6       | 561/2140 [3:37:37<9:43:12, 22.16s/it]
26%|##6       | 562/2140 [3:37:57<9:30:50, 21.70s/it]
26%|##6       | 563/2140 [3:38:14<8:53:21, 20.29s/it]
26%|##6       | 564/2140 [3:38:34<8:50:18, 20.19s/it]
26%|##6       | 565/2140 [3:38:57<9:10:12, 20.96s/it]
26%|##6       | 566/2140 [3:39:19<9:20:12, 21.35s/it]
26%|##6       | 567/2140 [3:39:45<9:50:05, 22.51s/it]
27%|##6       | 568/2140 [3:40:07<9:49:18, 22.49s/it]
27%|##6       | 569/2140 [3:40:29<9:41:58, 22.23s/it]
27%|##6       | 570/2140 [3:40:52<9:47:05, 22.44s/it]
27%|##6       | 571/2140 [3:41:08<8:57:04, 20.54s/it]
27%|##6       | 572/2140 [3:41:25<8:30:42, 19.54s/it]
27%|##6       | 573/2140 [3:41:44<8:28:34, 19.47s/it]
27%|##6       | 574/2140 [3:42:03<8:24:33, 19.33s/it]
27%|##6       | 575/2140 [3:42:21<8:11:14, 18.83s/it]
27%|##6       | 576/2140 [3:42:45<8:51:53, 20.41s/it]
27%|##6       | 577/2140 [3:43:05<8:51:23, 20.40s/it]
27%|##7       | 578/2140 [3:43:28<9:10:13, 21.14s/it]
27%|##7       | 579/2140 [3:43:49<9:09:03, 21.10s/it]
27%|##7       | 580/2140 [3:44:13<9:31:53, 22.00s/it]
27%|##7       | 581/2140 [3:44:31<8:59:43, 20.77s/it]
27%|##7       | 582/2140 [3:44:54<9:11:19, 21.23s/it]
27%|##7       | 583/2140 [3:45:14<9:07:21, 21.09s/it]
27%|##7       | 584/2140 [3:45:35<9:06:42, 21.08s/it]
27%|##7       | 585/2140 [3:45:56<9:06:29, 21.09s/it]
27%|##7       | 586/2140 [3:46:14<8:36:30, 19.94s/it]
27%|##7       | 587/2140 [3:46:37<8:58:24, 20.80s/it]
27%|##7       | 588/2140 [3:46:58<9:01:49, 20.95s/it]
28%|##7       | 589/2140 [3:47:19<9:03:20, 21.02s/it]
28%|##7       | 590/2140 [3:47:35<8:22:49, 19.46s/it]
28%|##7       | 591/2140 [3:48:00<9:02:46, 21.02s/it]
28%|##7       | 592/2140 [3:48:21<9:03:12, 21.05s/it]
28%|##7       | 593/2140 [3:48:45<9:27:30, 22.01s/it]
28%|##7       | 594/2140 [3:49:01<8:41:58, 20.26s/it]
28%|##7       | 595/2140 [3:49:23<8:55:59, 20.82s/it]
28%|##7       | 596/2140 [3:49:41<8:33:53, 19.97s/it]
28%|##7       | 597/2140 [3:50:02<8:41:10, 20.27s/it]
28%|##7       | 598/2140 [3:50:25<9:01:33, 21.07s/it]
28%|##7       | 599/2140 [3:50:47<9:10:20, 21.43s/it]
28%|##8       | 600/2140 [3:51:09<9:12:46, 21.54s/it]
28%|##8       | 600/2140 [3:51:09<9:12:46, 21.54s/it]
28%|##8       | 601/2140 [3:51:31<9:13:18, 21.57s/it]
28%|##8       | 602/2140 [3:51:54<9:22:08, 21.93s/it]
28%|##8       | 603/2140 [3:52:17<9:30:25, 22.27s/it]
28%|##8       | 604/2140 [3:52:39<9:34:32, 22.44s/it]
28%|##8       | 605/2140 [3:53:03<9:38:55, 22.63s/it]
28%|##8       | 606/2140 [3:53:25<9:36:23, 22.54s/it]
28%|##8       | 607/2140 [3:53:48<9:38:18, 22.63s/it]
28%|##8       | 608/2140 [3:54:11<9:44:51, 22.91s/it]
28%|##8       | 609/2140 [3:54:30<9:13:44, 21.70s/it]
29%|##8       | 610/2140 [3:54:49<8:54:22, 20.96s/it]
29%|##8       | 611/2140 [3:55:12<9:08:36, 21.53s/it]
29%|##8       | 612/2140 [3:55:35<9:18:27, 21.93s/it]
29%|##8       | 613/2140 [3:55:55<9:00:26, 21.24s/it]
29%|##8       | 614/2140 [3:56:18<9:11:56, 21.70s/it]
29%|##8       | 615/2140 [3:56:39<9:06:41, 21.51s/it]
29%|##8       | 616/2140 [3:56:59<8:56:46, 21.13s/it]
29%|##8       | 617/2140 [3:57:16<8:28:13, 20.02s/it]
29%|##8       | 618/2140 [3:57:39<8:47:02, 20.78s/it]
29%|##8       | 619/2140 [3:57:58<8:33:55, 20.27s/it]
29%|##8       | 620/2140 [3:58:20<8:48:04, 20.84s/it]
29%|##9       | 621/2140 [3:58:43<9:02:19, 21.42s/it]
29%|##9       | 622/2140 [3:59:00<8:28:44, 20.11s/it]
29%|##9       | 623/2140 [3:59:22<8:45:35, 20.79s/it]
29%|##9       | 624/2140 [3:59:44<8:52:22, 21.07s/it]
29%|##9       | 625/2140 [4:00:03<8:35:10, 20.40s/it]
29%|##9       | 626/2140 [4:00:23<8:31:04, 20.25s/it]
29%|##9       | 627/2140 [4:00:44<8:37:13, 20.51s/it]
29%|##9       | 628/2140 [4:01:04<8:36:20, 20.49s/it]
29%|##9       | 629/2140 [4:01:21<8:05:16, 19.27s/it]
29%|##9       | 630/2140 [4:01:42<8:20:31, 19.89s/it]
29%|##9       | 631/2140 [4:02:04<8:32:28, 20.38s/it]
30%|##9       | 632/2140 [4:02:26<8:44:21, 20.86s/it]
30%|##9       | 633/2140 [4:02:46<8:42:38, 20.81s/it]
30%|##9       | 634/2140 [4:03:04<8:15:55, 19.76s/it]
30%|##9       | 635/2140 [4:03:25<8:32:07, 20.42s/it]
30%|##9       | 636/2140 [4:03:44<8:18:48, 19.90s/it]
30%|##9       | 637/2140 [4:04:05<8:28:06, 20.28s/it]
30%|##9       | 638/2140 [4:04:28<8:43:36, 20.92s/it]
30%|##9       | 639/2140 [4:04:46<8:24:40, 20.17s/it]
30%|##9       | 640/2140 [4:05:08<8:39:53, 20.80s/it]
30%|##9       | 641/2140 [4:05:30<8:46:05, 21.06s/it]
30%|###       | 642/2140 [4:05:49<8:26:37, 20.29s/it]{'eval_loss': 1.3498811721801758, 'eval_accuracy': 0.5841121495327103, 'eval_f1': 0.4785031202163865, 'eval_runtime': 402.4766, 'eval_samples_per_second': 1.063, 'eval_steps_per_second': 0.067, 'epoch': 5.0}
{'loss': 0.82, 'grad_norm': 3.4048569202423096, 'learning_rate': 7.196261682242991e-05, 'epoch': 5.61}
0%|          | 0/27 [00:00<?, ?it/s][A
7%|7         | 2/27 [00:11<02:27,  5.92s/it][A
11%|#1        | 3/27 [00:22<03:14,  8.09s/it][A
15%|#4        | 4/27 [00:38<04:09, 10.83s/it][A
19%|#8        | 5/27 [01:03<05:47, 15.81s/it][A
22%|##2       | 6/27 [01:18<05:22, 15.37s/it][A
26%|##5       | 7/27 [01:30<04:49, 14.50s/it][A
30%|##9       | 8/27 [01:46<04:43, 14.94s/it][A
33%|###3      | 9/27 [02:04<04:45, 15.88s/it][A
37%|###7      | 10/27 [02:18<04:21, 15.39s/it][A
41%|####      | 11/27 [02:28<03:37, 13.60s/it][A
44%|####4     | 12/27 [02:40<03:17, 13.15s/it][A
48%|####8     | 13/27 [03:11<04:19, 18.52s/it][A
52%|#####1    | 14/27 [03:26<03:46, 17.41s/it][A
56%|#####5    | 15/27 [03:34<02:54, 14.52s/it][A
59%|#####9    | 16/27 [03:47<02:35, 14.16s/it][A
63%|######2   | 17/27 [04:02<02:25, 14.54s/it][A
67%|######6   | 18/27 [04:13<02:00, 13.34s/it][A
70%|#######   | 19/27 [04:27<01:49, 13.67s/it][A
74%|#######4  | 20/27 [04:36<01:24, 12.04s/it][A
78%|#######7  | 21/27 [04:50<01:16, 12.80s/it][A
81%|########1 | 22/27 [05:19<01:27, 17.50s/it][A
85%|########5 | 23/27 [05:28<01:00, 15.14s/it][A
89%|########8 | 24/27 [05:39<00:41, 13.96s/it][A
93%|#########2| 25/27 [05:52<00:26, 13.41s/it][A
96%|#########6| 26/27 [06:18<00:17, 17.30s/it][A
100%|##########| 27/27 [06:28<00:00, 15.01s/it][A
[A
30%|###       | 642/2140 [4:12:25<8:26:37, 20.29s/it]
100%|##########| 27/27 [06:28<00:00, 15.01s/it][A
[A
30%|###       | 643/2140 [4:12:49<58:19:59, 140.28s/it]
30%|###       | 644/2140 [4:13:11<43:30:24, 104.70s/it]
30%|###       | 645/2140 [4:13:32<33:08:54, 79.82s/it]
30%|###       | 646/2140 [4:13:54<25:51:30, 62.31s/it]
30%|###       | 647/2140 [4:14:15<20:42:20, 49.93s/it]
30%|###       | 648/2140 [4:14:38<17:19:56, 41.82s/it]
30%|###       | 649/2140 [4:15:01<14:58:20, 36.15s/it]
30%|###       | 650/2140 [4:15:25<13:28:54, 32.57s/it]
30%|###       | 651/2140 [4:15:47<12:12:56, 29.53s/it]
30%|###       | 652/2140 [4:16:09<11:13:40, 27.16s/it]
31%|###       | 653/2140 [4:16:33<10:51:26, 26.29s/it]
31%|###       | 654/2140 [4:16:54<10:10:10, 24.64s/it]
31%|###       | 655/2140 [4:17:16<9:53:08, 23.97s/it]
31%|###       | 656/2140 [4:17:39<9:45:34, 23.68s/it]
31%|###       | 657/2140 [4:17:59<9:18:35, 22.60s/it]
31%|###       | 658/2140 [4:18:17<8:38:48, 21.00s/it]
31%|###       | 659/2140 [4:18:41<9:01:41, 21.95s/it]
31%|###       | 660/2140 [4:18:58<8:22:43, 20.38s/it]
31%|###       | 661/2140 [4:19:15<8:02:12, 19.56s/it]
31%|###       | 662/2140 [4:19:36<8:11:11, 19.94s/it]
31%|###       | 663/2140 [4:19:58<8:25:16, 20.53s/it]
31%|###1      | 664/2140 [4:20:16<8:06:33, 19.78s/it]
31%|###1      | 665/2140 [4:20:37<8:17:45, 20.25s/it]
31%|###1      | 666/2140 [4:20:59<8:28:17, 20.69s/it]
31%|###1      | 667/2140 [4:21:16<8:02:19, 19.65s/it]
31%|###1      | 668/2140 [4:21:39<8:25:46, 20.62s/it]
31%|###1      | 669/2140 [4:22:02<8:43:02, 21.33s/it]
31%|###1      | 670/2140 [4:22:20<8:17:44, 20.32s/it]
31%|###1      | 671/2140 [4:22:39<8:03:29, 19.75s/it]
31%|###1      | 672/2140 [4:22:57<7:55:07, 19.42s/it]
31%|###1      | 673/2140 [4:23:22<8:33:42, 21.01s/it]
31%|###1      | 674/2140 [4:23:39<8:04:42, 19.84s/it]
32%|###1      | 675/2140 [4:23:56<7:40:02, 18.84s/it]
32%|###1      | 676/2140 [4:24:14<7:35:49, 18.68s/it]
32%|###1      | 677/2140 [4:24:36<7:59:17, 19.66s/it]
32%|###1      | 678/2140 [4:24:58<8:15:38, 20.34s/it]
32%|###1      | 679/2140 [4:25:18<8:14:17, 20.30s/it]
32%|###1      | 680/2140 [4:25:40<8:26:12, 20.80s/it]
32%|###1      | 681/2140 [4:26:02<8:36:55, 21.26s/it]
32%|###1      | 682/2140 [4:26:26<8:57:40, 22.13s/it]
32%|###1      | 683/2140 [4:26:50<9:11:47, 22.72s/it]
32%|###1      | 684/2140 [4:27:13<9:12:54, 22.78s/it]
32%|###2      | 685/2140 [4:27:32<8:41:00, 21.48s/it]
32%|###2      | 686/2140 [4:27:54<8:45:25, 21.68s/it]
32%|###2      | 687/2140 [4:28:15<8:42:35, 21.58s/it]
32%|###2      | 688/2140 [4:28:35<8:25:27, 20.89s/it]
32%|###2      | 689/2140 [4:28:55<8:21:59, 20.76s/it]
32%|###2      | 690/2140 [4:29:18<8:36:38, 21.38s/it]
32%|###2      | 691/2140 [4:29:37<8:20:45, 20.74s/it]
32%|###2      | 692/2140 [4:30:01<8:44:20, 21.73s/it]
32%|###2      | 693/2140 [4:30:21<8:28:05, 21.07s/it]
32%|###2      | 694/2140 [4:30:41<8:24:20, 20.93s/it]
32%|###2      | 695/2140 [4:31:00<8:04:31, 20.12s/it]
33%|###2      | 696/2140 [4:31:22<8:20:53, 20.81s/it]
33%|###2      | 697/2140 [4:31:44<8:26:42, 21.07s/it]
33%|###2      | 698/2140 [4:32:05<8:31:23, 21.28s/it]
33%|###2      | 699/2140 [4:32:27<8:33:04, 21.36s/it]
33%|###2      | 700/2140 [4:32:45<8:08:06, 20.34s/it]
33%|###2      | 700/2140 [4:32:45<8:08:06, 20.34s/it]
33%|###2      | 701/2140 [4:33:07<8:21:13, 20.90s/it]
33%|###2      | 702/2140 [4:33:31<8:39:51, 21.69s/it]
33%|###2      | 703/2140 [4:33:54<8:51:31, 22.19s/it]
33%|###2      | 704/2140 [4:34:08<7:53:55, 19.80s/it]
33%|###2      | 705/2140 [4:34:31<8:16:07, 20.74s/it]
33%|###2      | 706/2140 [4:34:55<8:39:32, 21.74s/it]
33%|###3      | 707/2140 [4:35:20<9:00:58, 22.65s/it]
33%|###3      | 708/2140 [4:35:39<8:32:25, 21.47s/it]
33%|###3      | 709/2140 [4:36:02<8:42:38, 21.91s/it]
33%|###3      | 710/2140 [4:36:23<8:40:26, 21.84s/it]
33%|###3      | 711/2140 [4:36:47<8:51:48, 22.33s/it]
33%|###3      | 712/2140 [4:37:10<8:58:34, 22.63s/it]
33%|###3      | 713/2140 [4:37:32<8:50:32, 22.31s/it]
33%|###3      | 714/2140 [4:37:48<8:07:14, 20.50s/it]
33%|###3      | 715/2140 [4:38:11<8:23:51, 21.22s/it]
33%|###3      | 716/2140 [4:38:29<7:58:25, 20.16s/it]
34%|###3      | 717/2140 [4:38:53<8:25:51, 21.33s/it]
34%|###3      | 718/2140 [4:39:15<8:31:52, 21.60s/it]
34%|###3      | 719/2140 [4:39:36<8:28:57, 21.49s/it]
34%|###3      | 720/2140 [4:39:58<8:28:20, 21.48s/it]
34%|###3      | 721/2140 [4:40:18<8:21:43, 21.21s/it]
34%|###3      | 722/2140 [4:40:37<8:01:16, 20.36s/it]
34%|###3      | 723/2140 [4:40:59<8:13:45, 20.91s/it]
34%|###3      | 724/2140 [4:41:22<8:28:36, 21.55s/it]
34%|###3      | 725/2140 [4:41:45<8:38:52, 22.00s/it]
34%|###3      | 726/2140 [4:42:07<8:41:21, 22.12s/it]
34%|###3      | 727/2140 [4:42:29<8:37:03, 21.96s/it]
34%|###4      | 728/2140 [4:42:47<8:09:34, 20.80s/it]
34%|###4      | 729/2140 [4:43:08<8:14:58, 21.05s/it]
34%|###4      | 730/2140 [4:43:27<7:59:59, 20.43s/it]
34%|###4      | 731/2140 [4:43:50<8:17:28, 21.18s/it]
34%|###4      | 732/2140 [4:44:13<8:23:55, 21.47s/it]
34%|###4      | 733/2140 [4:44:37<8:41:42, 22.25s/it]
34%|###4      | 734/2140 [4:44:58<8:33:50, 21.93s/it]
34%|###4      | 735/2140 [4:45:20<8:37:38, 22.11s/it]
34%|###4      | 736/2140 [4:45:43<8:42:41, 22.34s/it]
34%|###4      | 737/2140 [4:46:06<8:42:06, 22.33s/it]
34%|###4      | 738/2140 [4:46:28<8:41:49, 22.33s/it]
35%|###4      | 739/2140 [4:46:48<8:27:04, 21.72s/it]
35%|###4      | 740/2140 [4:47:11<8:35:17, 22.08s/it]
35%|###4      | 741/2140 [4:47:34<8:38:04, 22.22s/it]
35%|###4      | 742/2140 [4:47:56<8:39:45, 22.31s/it]
35%|###4      | 743/2140 [4:48:20<8:48:03, 22.68s/it]
35%|###4      | 744/2140 [4:48:42<8:42:11, 22.44s/it]
35%|###4      | 745/2140 [4:49:01<8:17:53, 21.41s/it]
35%|###4      | 746/2140 [4:49:23<8:22:54, 21.65s/it]
35%|###4      | 747/2140 [4:49:44<8:21:26, 21.60s/it]
35%|###4      | 748/2140 [4:50:02<7:57:14, 20.57s/it]
35%|###5      | 749/2140 [4:50:20<7:37:20, 19.73s/it]{'eval_loss': 1.103017807006836, 'eval_accuracy': 0.6588785046728972, 'eval_f1': 0.6113169475595853, 'eval_runtime': 396.3397, 'eval_samples_per_second': 1.08, 'eval_steps_per_second': 0.068, 'epoch': 6.0}
{'loss': 0.7481, 'grad_norm': 2.702178716659546, 'learning_rate': 6.728971962616822e-05, 'epoch': 6.54}
0%|          | 0/27 [00:00<?, ?it/s][A
7%|7         | 2/27 [00:12<02:32,  6.08s/it][A
11%|#1        | 3/27 [00:23<03:18,  8.28s/it][A
15%|#4        | 4/27 [00:39<04:14, 11.06s/it][A
19%|#8        | 5/27 [01:04<05:51, 15.99s/it][A
22%|##2       | 6/27 [01:19<05:26, 15.53s/it][A
26%|##5       | 7/27 [01:31<04:53, 14.68s/it][A
30%|##9       | 8/27 [01:47<04:46, 15.08s/it][A
33%|###3      | 9/27 [02:06<04:49, 16.06s/it][A
37%|###7      | 10/27 [02:20<04:24, 15.54s/it][A
41%|####      | 11/27 [02:30<03:40, 13.75s/it][A
44%|####4     | 12/27 [02:42<03:19, 13.33s/it][A
48%|####8     | 13/27 [03:13<04:21, 18.68s/it][A
52%|#####1    | 14/27 [03:28<03:47, 17.53s/it][A
56%|#####5    | 15/27 [03:36<02:55, 14.61s/it][A
59%|#####9    | 16/27 [03:49<02:36, 14.24s/it][A
63%|######2   | 17/27 [04:05<02:26, 14.60s/it][A
67%|######6   | 18/27 [04:15<02:00, 13.37s/it][A
70%|#######   | 19/27 [04:30<01:49, 13.69s/it][A
74%|#######4  | 20/27 [04:38<01:24, 12.06s/it][A
78%|#######7  | 21/27 [04:52<01:16, 12.81s/it][A
81%|########1 | 22/27 [05:21<01:27, 17.51s/it][A
85%|########5 | 23/27 [05:31<01:00, 15.15s/it][A
89%|########8 | 24/27 [05:41<00:41, 13.83s/it][A
93%|#########2| 25/27 [05:53<00:26, 13.22s/it][A
96%|#########6| 26/27 [06:19<00:16, 17.00s/it][A
100%|##########| 27/27 [06:28<00:00, 14.74s/it][A
[A
35%|###5      | 749/2140 [4:56:57<7:37:20, 19.73s/it]
100%|##########| 27/27 [06:28<00:00, 14.74s/it][A
[A
35%|###5      | 750/2140 [4:57:21<54:05:07, 140.08s/it]
35%|###5      | 751/2140 [4:57:42<40:12:54, 104.23s/it]
35%|###5      | 752/2140 [4:58:04<30:43:05, 79.67s/it]
35%|###5      | 753/2140 [4:58:27<24:09:39, 62.71s/it]
35%|###5      | 754/2140 [4:58:49<19:26:36, 50.50s/it]
35%|###5      | 755/2140 [4:59:10<16:00:52, 41.63s/it]
35%|###5      | 756/2140 [4:59:34<13:56:09, 36.25s/it]
35%|###5      | 757/2140 [4:59:54<12:01:45, 31.31s/it]
35%|###5      | 758/2140 [5:00:11<10:28:29, 27.29s/it]
35%|###5      | 759/2140 [5:00:30<9:29:53, 24.76s/it]
36%|###5      | 760/2140 [5:00:49<8:45:05, 22.83s/it]
36%|###5      | 761/2140 [5:01:09<8:30:27, 22.21s/it]
36%|###5      | 762/2140 [5:01:31<8:22:57, 21.90s/it]
36%|###5      | 763/2140 [5:01:52<8:21:59, 21.87s/it]
36%|###5      | 764/2140 [5:02:14<8:19:32, 21.78s/it]
36%|###5      | 765/2140 [5:02:40<8:44:51, 22.90s/it]
36%|###5      | 766/2140 [5:03:03<8:45:15, 22.94s/it]
36%|###5      | 767/2140 [5:03:25<8:41:39, 22.80s/it]
36%|###5      | 768/2140 [5:03:47<8:34:08, 22.48s/it]
36%|###5      | 769/2140 [5:04:07<8:19:22, 21.85s/it]
36%|###5      | 770/2140 [5:04:26<7:58:25, 20.95s/it]
36%|###6      | 771/2140 [5:04:48<8:04:36, 21.24s/it]
36%|###6      | 772/2140 [5:05:11<8:17:58, 21.84s/it]
36%|###6      | 773/2140 [5:05:32<8:13:37, 21.67s/it]
36%|###6      | 774/2140 [5:05:55<8:19:22, 21.93s/it]
36%|###6      | 775/2140 [5:06:17<8:17:03, 21.85s/it]
36%|###6      | 776/2140 [5:06:34<7:45:35, 20.48s/it]
36%|###6      | 777/2140 [5:06:56<7:54:25, 20.88s/it]
36%|###6      | 778/2140 [5:07:18<8:01:22, 21.21s/it]
36%|###6      | 779/2140 [5:07:40<8:08:57, 21.56s/it]
36%|###6      | 780/2140 [5:08:03<8:14:58, 21.84s/it]
36%|###6      | 781/2140 [5:08:26<8:24:11, 22.26s/it]
37%|###6      | 782/2140 [5:08:44<7:58:38, 21.15s/it]
37%|###6      | 783/2140 [5:09:07<8:07:03, 21.54s/it]
37%|###6      | 784/2140 [5:09:31<8:27:35, 22.46s/it]
37%|###6      | 785/2140 [5:09:49<7:57:21, 21.14s/it]
37%|###6      | 786/2140 [5:10:13<8:10:24, 21.73s/it]
37%|###6      | 787/2140 [5:10:36<8:19:24, 22.15s/it]
37%|###6      | 788/2140 [5:11:00<8:32:48, 22.76s/it]
37%|###6      | 789/2140 [5:11:16<7:50:23, 20.89s/it]
37%|###6      | 790/2140 [5:11:39<8:02:17, 21.44s/it]
37%|###6      | 791/2140 [5:12:04<8:28:01, 22.60s/it]
37%|###7      | 792/2140 [5:12:22<7:55:25, 21.16s/it]
37%|###7      | 793/2140 [5:12:44<7:59:23, 21.35s/it]
37%|###7      | 794/2140 [5:13:02<7:35:45, 20.32s/it]
37%|###7      | 795/2140 [5:13:24<7:49:55, 20.96s/it]
37%|###7      | 796/2140 [5:13:47<7:57:52, 21.33s/it]
37%|###7      | 797/2140 [5:14:09<8:07:21, 21.77s/it]
37%|###7      | 798/2140 [5:14:32<8:12:03, 22.00s/it]
37%|###7      | 799/2140 [5:14:50<7:43:48, 20.75s/it]
37%|###7      | 800/2140 [5:15:13<8:00:09, 21.50s/it]
37%|###7      | 800/2140 [5:15:13<8:00:09, 21.50s/it]
37%|###7      | 801/2140 [5:15:37<8:13:39, 22.12s/it]
37%|###7      | 802/2140 [5:16:00<8:21:29, 22.49s/it]
38%|###7      | 803/2140 [5:16:22<8:20:56, 22.48s/it]
38%|###7      | 804/2140 [5:16:46<8:31:05, 22.95s/it]
38%|###7      | 805/2140 [5:17:07<8:11:35, 22.09s/it]
38%|###7      | 806/2140 [5:17:28<8:07:46, 21.94s/it]
38%|###7      | 807/2140 [5:17:50<8:06:16, 21.89s/it]
38%|###7      | 808/2140 [5:18:10<7:53:20, 21.32s/it]
38%|###7      | 809/2140 [5:18:33<8:02:59, 21.77s/it]
38%|###7      | 810/2140 [5:18:55<8:03:00, 21.79s/it]
38%|###7      | 811/2140 [5:19:19<8:17:39, 22.47s/it]
38%|###7      | 812/2140 [5:19:39<8:00:45, 21.72s/it]
38%|###7      | 813/2140 [5:19:55<7:27:22, 20.23s/it]
38%|###8      | 814/2140 [5:20:19<7:53:03, 21.41s/it]
38%|###8      | 815/2140 [5:20:41<7:51:14, 21.34s/it]
38%|###8      | 816/2140 [5:21:03<7:54:29, 21.50s/it]
38%|###8      | 817/2140 [5:21:23<7:46:08, 21.14s/it]
38%|###8      | 818/2140 [5:21:41<7:25:48, 20.23s/it]
38%|###8      | 819/2140 [5:22:01<7:25:03, 20.21s/it]
38%|###8      | 820/2140 [5:22:20<7:13:14, 19.69s/it]
38%|###8      | 821/2140 [5:22:40<7:19:26, 19.99s/it]
38%|###8      | 822/2140 [5:22:59<7:08:11, 19.49s/it]
38%|###8      | 823/2140 [5:23:17<6:59:04, 19.09s/it]
39%|###8      | 824/2140 [5:23:38<7:10:20, 19.62s/it]
39%|###8      | 825/2140 [5:24:00<7:27:22, 20.41s/it]
39%|###8      | 826/2140 [5:24:21<7:34:56, 20.77s/it]
39%|###8      | 827/2140 [5:24:43<7:40:42, 21.05s/it]
39%|###8      | 828/2140 [5:25:01<7:19:48, 20.11s/it]
39%|###8      | 829/2140 [5:25:23<7:30:36, 20.62s/it]
39%|###8      | 830/2140 [5:25:45<7:38:10, 20.99s/it]
39%|###8      | 831/2140 [5:26:09<7:57:52, 21.90s/it]
39%|###8      | 832/2140 [5:26:30<7:51:56, 21.65s/it]
39%|###8      | 833/2140 [5:26:52<7:55:49, 21.84s/it]
39%|###8      | 834/2140 [5:27:14<7:56:27, 21.89s/it]
39%|###9      | 835/2140 [5:27:35<7:47:10, 21.48s/it]
39%|###9      | 836/2140 [5:27:57<7:51:38, 21.70s/it]
39%|###9      | 837/2140 [5:28:15<7:27:34, 20.61s/it]
39%|###9      | 838/2140 [5:28:37<7:34:08, 20.93s/it]
39%|###9      | 839/2140 [5:28:59<7:46:21, 21.51s/it]
39%|###9      | 840/2140 [5:29:21<7:43:40, 21.40s/it]
39%|###9      | 841/2140 [5:29:42<7:41:33, 21.32s/it]
39%|###9      | 842/2140 [5:30:04<7:47:37, 21.62s/it]
39%|###9      | 843/2140 [5:30:22<7:21:59, 20.45s/it]
39%|###9      | 844/2140 [5:30:45<7:37:03, 21.16s/it]
39%|###9      | 845/2140 [5:31:06<7:38:33, 21.25s/it]
40%|###9      | 846/2140 [5:31:28<7:42:36, 21.45s/it]
40%|###9      | 847/2140 [5:31:50<7:44:25, 21.55s/it]
40%|###9      | 848/2140 [5:32:11<7:44:56, 21.59s/it]
40%|###9      | 849/2140 [5:32:35<7:54:25, 22.05s/it]
40%|###9      | 850/2140 [5:32:53<7:29:35, 20.91s/it]
40%|###9      | 851/2140 [5:33:14<7:31:27, 21.01s/it]
40%|###9      | 852/2140 [5:33:36<7:36:30, 21.27s/it]
40%|###9      | 853/2140 [5:33:58<7:41:44, 21.53s/it]
40%|###9      | 854/2140 [5:34:17<7:27:24, 20.87s/it]
40%|###9      | 855/2140 [5:34:39<7:30:20, 21.03s/it]
40%|####      | 856/2140 [5:35:01<7:37:56, 21.40s/it]{'eval_loss': 1.2964363098144531, 'eval_accuracy': 0.6378504672897196, 'eval_f1': 0.5607760139741349, 'eval_runtime': 397.1864, 'eval_samples_per_second': 1.078, 'eval_steps_per_second': 0.068, 'epoch': 7.0}
{'loss': 0.5923, 'grad_norm': 4.168516635894775, 'learning_rate': 6.261682242990654e-05, 'epoch': 7.48}
0%|          | 0/27 [00:00<?, ?it/s][A
7%|7         | 2/27 [00:11<02:28,  5.92s/it][A
11%|#1        | 3/27 [00:22<03:13,  8.08s/it][A
15%|#4        | 4/27 [00:38<04:08, 10.82s/it][A
19%|#8        | 5/27 [01:03<05:47, 15.80s/it][A
22%|##2       | 6/27 [01:17<05:22, 15.36s/it][A
26%|##5       | 7/27 [01:30<04:50, 14.50s/it][A
30%|##9       | 8/27 [01:46<04:43, 14.95s/it][A
33%|###3      | 9/27 [02:04<04:45, 15.88s/it][A
37%|###7      | 10/27 [02:18<04:21, 15.39s/it][A
41%|####      | 11/27 [02:28<03:38, 13.66s/it][A
44%|####4     | 12/27 [02:40<03:18, 13.24s/it][A
48%|####8     | 13/27 [03:11<04:20, 18.63s/it][A
52%|#####1    | 14/27 [03:26<03:47, 17.49s/it][A
56%|#####5    | 15/27 [03:34<02:54, 14.57s/it][A
59%|#####9    | 16/27 [03:47<02:36, 14.20s/it][A
63%|######2   | 17/27 [04:03<02:25, 14.58s/it][A
67%|######6   | 18/27 [04:13<02:00, 13.37s/it][A
70%|#######   | 19/27 [04:28<01:49, 13.68s/it][A
74%|#######4  | 20/27 [04:36<01:24, 12.05s/it][A
78%|#######7  | 21/27 [04:51<01:16, 12.81s/it][A
81%|########1 | 22/27 [05:19<01:27, 17.51s/it][A
85%|########5 | 23/27 [05:29<01:00, 15.16s/it][A
89%|########8 | 24/27 [05:40<00:41, 13.83s/it][A
93%|#########2| 25/27 [05:51<00:26, 13.21s/it][A
96%|#########6| 26/27 [06:17<00:16, 16.99s/it][A
100%|##########| 27/27 [06:27<00:00, 14.73s/it][A
[A
40%|####      | 856/2140 [5:41:36<7:37:56, 21.40s/it]
100%|##########| 27/27 [06:27<00:00, 14.73s/it][A
[A
40%|####      | 856/2140 [5:41:37<7:37:56, 21.40s/it]
40%|####      | 856/2140 [5:41:37<8:32:26, 23.95s/it]
{'eval_loss': 1.2400314807891846, 'eval_accuracy': 0.6565420560747663, 'eval_f1': 0.593781330590886, 'eval_runtime': 395.3114, 'eval_samples_per_second': 1.083, 'eval_steps_per_second': 0.068, 'epoch': 8.0}
{'train_runtime': 20497.5849, 'train_samples_per_second': 1.67, 'train_steps_per_second': 0.104, 'train_loss': 1.0124714040310583, 'epoch': 8.0}
0%|          | 0/27 [00:00<?, ?it/s]
7%|7         | 2/27 [00:11<02:27,  5.92s/it]
11%|#1        | 3/27 [00:22<03:14,  8.10s/it]
15%|#4        | 4/27 [00:38<04:09, 10.85s/it]
19%|#8        | 5/27 [01:03<05:48, 15.82s/it]
22%|##2       | 6/27 [01:18<05:22, 15.36s/it]
26%|##5       | 7/27 [01:30<04:49, 14.50s/it]
30%|##9       | 8/27 [01:46<04:43, 14.94s/it]
33%|###3      | 9/27 [02:04<04:45, 15.87s/it]
37%|###7      | 10/27 [02:18<04:21, 15.37s/it]
41%|####      | 11/27 [02:28<03:37, 13.59s/it]
44%|####4     | 12/27 [02:40<03:17, 13.13s/it]
48%|####8     | 13/27 [03:11<04:19, 18.53s/it]
52%|#####1    | 14/27 [03:26<03:46, 17.41s/it]
56%|#####5    | 15/27 [03:34<02:54, 14.53s/it]
59%|#####9    | 16/27 [03:47<02:35, 14.17s/it]
63%|######2   | 17/27 [04:02<02:25, 14.56s/it]
67%|######6   | 18/27 [04:13<02:00, 13.35s/it]
70%|#######   | 19/27 [04:27<01:49, 13.67s/it]
74%|#######4  | 20/27 [04:36<01:24, 12.03s/it]
78%|#######7  | 21/27 [04:50<01:16, 12.79s/it]
81%|########1 | 22/27 [05:19<01:27, 17.49s/it]
85%|########5 | 23/27 [05:28<01:00, 15.14s/it]
89%|########8 | 24/27 [05:39<00:41, 13.81s/it]
93%|#########2| 25/27 [05:51<00:26, 13.20s/it]
96%|#########6| 26/27 [06:17<00:16, 16.99s/it]
100%|##########| 27/27 [06:26<00:00, 14.73s/it]
100%|##########| 27/27 [06:26<00:00, 14.31s/it]
[SER][Trainer] {'eval_loss': 1.1984071731567383, 'eval_accuracy': 0.6542056074766355, 'eval_f1': 0.5901264139962855, 'eval_runtime': 394.7267, 'eval_samples_per_second': 1.084, 'eval_steps_per_second': 0.068, 'epoch': 8.0}
[SER/LoRA] Merging adapters into base SER model before saving…
0%|          | 0/27 [00:00<?, ?it/s]
7%|7         | 2/27 [00:09<01:59,  4.80s/it]
11%|#1        | 3/27 [00:18<02:40,  6.68s/it]
15%|#4        | 4/27 [00:31<03:26,  9.00s/it]
19%|#8        | 5/27 [00:51<04:37, 12.62s/it]
22%|##2       | 6/27 [01:03<04:20, 12.41s/it]
26%|##5       | 7/27 [01:13<03:56, 11.81s/it]
30%|##9       | 8/27 [01:30<04:14, 13.39s/it]
33%|###3      | 9/27 [01:47<04:19, 14.43s/it]
37%|###7      | 10/27 [01:59<03:52, 13.65s/it]
41%|####      | 11/27 [02:07<03:10, 11.93s/it]
44%|####4     | 12/27 [02:17<02:49, 11.28s/it]
48%|####8     | 13/27 [02:40<03:30, 15.03s/it]
52%|#####1    | 14/27 [02:53<03:04, 14.23s/it]
56%|#####5    | 15/27 [03:00<02:26, 12.24s/it]
59%|#####9    | 16/27 [03:11<02:10, 11.88s/it]
63%|######2   | 17/27 [03:28<02:12, 13.23s/it]
67%|######6   | 18/27 [03:36<01:47, 11.89s/it]
70%|#######   | 19/27 [03:48<01:35, 11.92s/it]
74%|#######4  | 20/27 [03:56<01:14, 10.68s/it]
78%|#######7  | 21/27 [04:08<01:06, 11.13s/it]
81%|########1 | 22/27 [04:27<01:07, 13.41s/it]
85%|########5 | 23/27 [04:35<00:47, 11.82s/it]
89%|########8 | 24/27 [04:44<00:32, 10.96s/it]
93%|#########2| 25/27 [04:54<00:21, 10.54s/it]
96%|#########6| 26/27 [05:16<00:14, 14.12s/it]
100%|##########| 27/27 [05:24<00:00, 12.28s/it]
100%|##########| 27/27 [05:24<00:00, 12.02s/it]
[SER] Wrote models/checkpoints\speemo_sd_bs16_epoch20_ASR_SER_DE_ser\metrics.json
