/usr/local/lib/python3.10/dist-packages/transformers/utils/hub.py:111: FutureWarning: Using `TRANSFORMERS_CACHE` is deprecated and will be removed in v5 of Transformers. Use `HF_HOME` instead.
  warnings.warn(
/usr/local/lib/python3.10/dist-packages/transformers/utils/hub.py:111: FutureWarning: Using `TRANSFORMERS_CACHE` is deprecated and will be removed in v5 of Transformers. Use `HF_HOME` instead.
  warnings.warn(
/usr/local/lib/python3.10/dist-packages/transformers/utils/hub.py:111: FutureWarning: Using `TRANSFORMERS_CACHE` is deprecated and will be removed in v5 of Transformers. Use `HF_HOME` instead.
  warnings.warn(
Some weights of Wav2Vec2ForCTC were not initialized from the model checkpoint at models/pretrained/en and are newly initialized: ['wav2vec2.masked_spec_embed']
You should probably TRAIN this model on a down-stream task to be able to use it for predictions and inference.
/usr/local/lib/python3.10/dist-packages/transformers/models/wav2vec2/modeling_wav2vec2.py:1823: FutureWarning: The method `freeze_feature_extractor` is deprecated and will be removed in Transformers v5. Please use the equivalent `freeze_feature_encoder` method instead.
  warnings.warn(
/workspace/src/train.py:602: FutureWarning: `tokenizer` is deprecated and will be removed in version 5.0.0 for `Trainer.__init__`. Use `processing_class` instead.
  asr_trainer = Trainer(
Using auto half precision backend
[rank0]: Traceback (most recent call last):
[rank0]:   File "/workspace/src/train.py", line 817, in <module>
[rank0]:     train_model(
[rank0]:   File "/workspace/src/train.py", line 625, in train_model
[rank0]:     asr_trainer.train()
[rank0]:   File "/usr/local/lib/python3.10/dist-packages/transformers/trainer.py", line 2328, in train
[rank0]:     return inner_training_loop(
[rank0]:   File "/usr/local/lib/python3.10/dist-packages/transformers/trainer.py", line 2452, in _inner_training_loop
[rank0]:     model = self._wrap_model(self.model_wrapped)
[rank0]:   File "/usr/local/lib/python3.10/dist-packages/transformers/trainer.py", line 2070, in _wrap_model
[rank0]:     if self.accelerator.unwrap_model(model, keep_torch_compile=False) is not model:
[rank0]: TypeError: Accelerator.unwrap_model() got an unexpected keyword argument 'keep_torch_compile'
E0909 22:55:32.862000 23041010295424 torch/distributed/elastic/multiprocessing/api.py:826] failed (exitcode: 1) local_rank: 0 (pid: 3818583) of binary: /usr/bin/python3
Traceback (most recent call last):
  File "/usr/local/bin/torchrun", line 7, in <module>
    sys.exit(main())
  File "/usr/local/lib/python3.10/dist-packages/torch/distributed/elastic/multiprocessing/errors/__init__.py", line 347, in wrapper
    return f(*args, **kwargs)
  File "/usr/local/lib/python3.10/dist-packages/torch/distributed/run.py", line 879, in main
    run(args)
  File "/usr/local/lib/python3.10/dist-packages/torch/distributed/run.py", line 870, in run
    elastic_launch(
  File "/usr/local/lib/python3.10/dist-packages/torch/distributed/launcher/api.py", line 132, in __call__
    return launch_agent(self._config, self._entrypoint, list(args))
  File "/usr/local/lib/python3.10/dist-packages/torch/distributed/launcher/api.py", line 263, in launch_agent
    raise ChildFailedError(
torch.distributed.elastic.multiprocessing.errors.ChildFailedError: 
============================================================
/workspace/src/train.py FAILED
------------------------------------------------------------
Failures:
  <NO_OTHER_FAILURES>
------------------------------------------------------------
Root Cause (first observed failure):
[0]:
  time      : 2025-09-09_22:55:32
  host      : n23g0031.hpc.itc.rwth-aachen.de
  rank      : 0 (local_rank: 0)
  exitcode  : 1 (pid: 3818583)
  error_file: <N/A>
  traceback : To enable traceback see: https://pytorch.org/docs/stable/elastic/errors.html
============================================================
Traceback (most recent call last):
  File "/workspace/run.py", line 164, in <module>
    main()
  File "/workspace/run.py", line 161, in main
    args.func(args)
  File "/workspace/run.py", line 79, in run_train
    subprocess.run(cmd, check=True)
  File "/usr/lib/python3.10/subprocess.py", line 526, in run
    raise CalledProcessError(retcode, process.args,
subprocess.CalledProcessError: Command '['torchrun', '--nproc_per_node=1', '--rdzv_id=training', '--rdzv_backend=c10d', '--rdzv_endpoint=127.0.0.1:29500', '/workspace/src/train.py', '--device=cuda', '--asr_learning_rate=1e-05', '--asr_batch_size=4', '--asr_epochs=10', '--asr_patience=2', '--asr_checkpoint=models/checkpoints/Speemo_Medium_Dataset_HPC_GPU_based_Train_93_asr', '--asr_lang=en', '--ser_learning_rate=1e-05', '--ser_batch_size=4', '--ser_epochs=10', '--ser_dropout=0.3', '--ser_patience=2', '--ser_checkpoint=models/checkpoints/Speemo_Medium_Dataset_HPC_GPU_based_Train_93_ser', '--ser_lang=en']' returned non-zero exit status 1.
srun: error: n23g0031: task 0: Exited with exit code 1
