[DIST] MASTER_ADDR=n23g0007 MASTER_PORT=29500 NNODES=1 GPUS_PER_NODE=1
[PRE] Skipping all preprocessing (skip_preprocessing=on or all per-step toggles are 'on')
[TRAIN][ASR] Starting ASR phase ...
[Setup] Using device: cuda
[Setup] no_cuda flag set to: False
[ASR] Loading model + processor…
[ASR] Starting from pretrained: models/pretrained/en
🛠️  Debug collator output shapes: {'input_values': torch.Size([4, 75264]), 'attention_mask': torch.Size([4, 75264]), 'labels': torch.Size([4, 93])}
[ASR] Starting training with HuggingFace Trainer…
n23g0007:1056131:1056131 [0] NCCL INFO Bootstrap : Using ib0:134.61.46.195<0>
n23g0007:1056131:1056131 [0] NCCL INFO NET/Plugin : dlerror=libnccl-net.so: cannot open shared object file: No such file or directory No plugin found (libnccl-net.so), using internal implementation
n23g0007:1056131:1056131 [0] NCCL INFO cudaDriverVersion 12080
NCCL version 2.20.5+cuda12.4
n23g0007:1056131:1056212 [0] NCCL INFO NET/IB : Using [0]mlx5_0:1/IB [1]mlx5_1:1/IB [RO]; OOB ib0:134.61.46.195<0>
n23g0007:1056131:1056212 [0] NCCL INFO Using non-device net plugin version 0
n23g0007:1056131:1056212 [0] NCCL INFO Using network IB
n23g0007:1056131:1056212 [0] NCCL INFO DMA-BUF is available on GPU device 0
n23g0007:1056131:1056212 [0] NCCL INFO comm 0x55838c190e80 rank 0 nranks 1 cudaDev 0 nvmlDev 0 busId 2c000 commId 0xb751f061727028bb - Init START
n23g0007:1056131:1056212 [0] NCCL INFO comm 0x55838c190e80 rank 0 nRanks 1 nNodes 1 localRanks 1 localRank 0 MNNVL 0
n23g0007:1056131:1056212 [0] NCCL INFO Channel 00/32 :    0
n23g0007:1056131:1056212 [0] NCCL INFO Channel 01/32 :    0
n23g0007:1056131:1056212 [0] NCCL INFO Channel 02/32 :    0
n23g0007:1056131:1056212 [0] NCCL INFO Channel 03/32 :    0
n23g0007:1056131:1056212 [0] NCCL INFO Channel 04/32 :    0
n23g0007:1056131:1056212 [0] NCCL INFO Channel 05/32 :    0
n23g0007:1056131:1056212 [0] NCCL INFO Channel 06/32 :    0
n23g0007:1056131:1056212 [0] NCCL INFO Channel 07/32 :    0
n23g0007:1056131:1056212 [0] NCCL INFO Channel 08/32 :    0
n23g0007:1056131:1056212 [0] NCCL INFO Channel 09/32 :    0
n23g0007:1056131:1056212 [0] NCCL INFO Channel 10/32 :    0
n23g0007:1056131:1056212 [0] NCCL INFO Channel 11/32 :    0
n23g0007:1056131:1056212 [0] NCCL INFO Channel 12/32 :    0
n23g0007:1056131:1056212 [0] NCCL INFO Channel 13/32 :    0
n23g0007:1056131:1056212 [0] NCCL INFO Channel 14/32 :    0
n23g0007:1056131:1056212 [0] NCCL INFO Channel 15/32 :    0
n23g0007:1056131:1056212 [0] NCCL INFO Channel 16/32 :    0
n23g0007:1056131:1056212 [0] NCCL INFO Channel 17/32 :    0
n23g0007:1056131:1056212 [0] NCCL INFO Channel 18/32 :    0
n23g0007:1056131:1056212 [0] NCCL INFO Channel 19/32 :    0
n23g0007:1056131:1056212 [0] NCCL INFO Channel 20/32 :    0
n23g0007:1056131:1056212 [0] NCCL INFO Channel 21/32 :    0
n23g0007:1056131:1056212 [0] NCCL INFO Channel 22/32 :    0
n23g0007:1056131:1056212 [0] NCCL INFO Channel 23/32 :    0
n23g0007:1056131:1056212 [0] NCCL INFO Channel 24/32 :    0
n23g0007:1056131:1056212 [0] NCCL INFO Channel 25/32 :    0
n23g0007:1056131:1056212 [0] NCCL INFO Channel 26/32 :    0
n23g0007:1056131:1056212 [0] NCCL INFO Channel 27/32 :    0
n23g0007:1056131:1056212 [0] NCCL INFO Channel 28/32 :    0
n23g0007:1056131:1056212 [0] NCCL INFO Channel 29/32 :    0
n23g0007:1056131:1056212 [0] NCCL INFO Channel 30/32 :    0
n23g0007:1056131:1056212 [0] NCCL INFO Channel 31/32 :    0
n23g0007:1056131:1056212 [0] NCCL INFO Trees [0] -1/-1/-1->0->-1 [1] -1/-1/-1->0->-1 [2] -1/-1/-1->0->-1 [3] -1/-1/-1->0->-1 [4] -1/-1/-1->0->-1 [5] -1/-1/-1->0->-1 [6] -1/-1/-1->0->-1 [7] -1/-1/-1->0->-1 [8] -1/-1/-1->0->-1 [9] -1/-1/-1->0->-1 [10] -1/-1/-1->0->-1 [11] -1/-1/-1->0->-1 [12] -1/-1/-1->0->-1 [13] -1/-1/-1->0->-1 [14] -1/-1/-1->0->-1 [15] -1/-1/-1->0->-1 [16] -1/-1/-1->0->-1 [17] -1/-1/-1->0->-1 [18] -1/-1/-1->0->-1 [19] -1/-1/-1->0->-1 [20] -1/-1/-1->0->-1 [21] -1/-1/-1->0->-1 [22] -1/-1/-1->0->-1 [23] -1/-1/-1->0->-1 [24] -1/-1/-1->0->-1 [25] -1/-1/-1->0->-1 [26] -1/-1/-1->0->-1 [27] -1/-1/-1->0->-1 [28] -1/-1/-1->0->-1 [29] -1/-1/-1->0->-1 [30] -1/-1/-1->0->-1 [31] -1/-1/-1->0->-1
n23g0007:1056131:1056212 [0] NCCL INFO P2P Chunksize set to 131072
n23g0007:1056131:1056212 [0] NCCL INFO Connected all rings
n23g0007:1056131:1056212 [0] NCCL INFO Connected all trees
n23g0007:1056131:1056212 [0] NCCL INFO 32 coll channels, 0 collnet channels, 0 nvls channels, 32 p2p channels, 32 p2p channels per peer
n23g0007:1056131:1056212 [0] NCCL INFO comm 0x55838c190e80 rank 0 nranks 1 cudaDev 0 nvmlDev 0 busId 2c000 commId 0xb751f061727028bb - Init COMPLETE
{'loss': 2.1461, 'grad_norm': 1.9038257598876953, 'learning_rate': 0.0, 'epoch': 0.0}
{'loss': 1.6782, 'grad_norm': 2.8717498779296875, 'learning_rate': 2.450612653163291e-07, 'epoch': 0.03}
{'loss': 1.6989, 'grad_norm': 2.1437113285064697, 'learning_rate': 4.951237809452364e-07, 'epoch': 0.05}
{'loss': 1.6543, 'grad_norm': 1.724655032157898, 'learning_rate': 7.451862965741435e-07, 'epoch': 0.08}
{'loss': 1.5836, 'grad_norm': 1.1314561367034912, 'learning_rate': 9.952488122030508e-07, 'epoch': 0.1}
{'loss': 1.5577, 'grad_norm': 2.4551875591278076, 'learning_rate': 1.2428107026756691e-06, 'epoch': 0.13}
{'loss': 1.5458, 'grad_norm': 3.7257795333862305, 'learning_rate': 1.4928732183045763e-06, 'epoch': 0.15}
{'loss': 1.5774, 'grad_norm': 2.6462788581848145, 'learning_rate': 1.7429357339334835e-06, 'epoch': 0.18}
{'loss': 1.6739, 'grad_norm': 1.8634402751922607, 'learning_rate': 1.9929982495623906e-06, 'epoch': 0.2}
{'loss': 1.6138, 'grad_norm': 1.741684913635254, 'learning_rate': 2.243060765191298e-06, 'epoch': 0.23}
{'loss': 1.6003, 'grad_norm': 3.7323262691497803, 'learning_rate': 2.4931232808202054e-06, 'epoch': 0.25}
{'loss': 1.6406, 'grad_norm': 3.0674142837524414, 'learning_rate': 2.7431857964491125e-06, 'epoch': 0.28}
{'loss': 1.5107, 'grad_norm': 2.3990862369537354, 'learning_rate': 2.9932483120780197e-06, 'epoch': 0.3}
{'loss': 1.4848, 'grad_norm': 14.215959548950195, 'learning_rate': 3.243310827706927e-06, 'epoch': 0.33}
{'loss': 1.429, 'grad_norm': 2.5397863388061523, 'learning_rate': 3.493373343335834e-06, 'epoch': 0.35}
{'loss': 1.3935, 'grad_norm': 2.6450631618499756, 'learning_rate': 3.743435858964741e-06, 'epoch': 0.38}
{'loss': 1.39, 'grad_norm': 1.9481431245803833, 'learning_rate': 3.993498374593649e-06, 'epoch': 0.4}
{'loss': 1.2477, 'grad_norm': 4.424164772033691, 'learning_rate': 4.243560890222556e-06, 'epoch': 0.43}
{'loss': 1.2542, 'grad_norm': 2.820953845977783, 'learning_rate': 4.4936234058514635e-06, 'epoch': 0.45}
{'loss': 1.3167, 'grad_norm': 8.749886512756348, 'learning_rate': 4.74368592148037e-06, 'epoch': 0.48}
{'loss': 1.3039, 'grad_norm': 2.845219612121582, 'learning_rate': 4.993748437109278e-06, 'epoch': 0.5}
{'loss': 1.2071, 'grad_norm': 4.791228771209717, 'learning_rate': 5.243810952738185e-06, 'epoch': 0.53}
{'loss': 1.2309, 'grad_norm': 4.139822959899902, 'learning_rate': 5.493873468367092e-06, 'epoch': 0.55}
{'loss': 1.1563, 'grad_norm': 3.0922231674194336, 'learning_rate': 5.743935983996e-06, 'epoch': 0.58}
{'loss': 1.2373, 'grad_norm': 2.7446553707122803, 'learning_rate': 5.991497874468618e-06, 'epoch': 0.6}
{'loss': 1.1827, 'grad_norm': 2.332620143890381, 'learning_rate': 6.241560390097525e-06, 'epoch': 0.63}
{'loss': 1.224, 'grad_norm': 3.368867874145508, 'learning_rate': 6.491622905726433e-06, 'epoch': 0.65}
{'loss': 1.1787, 'grad_norm': 5.448963165283203, 'learning_rate': 6.741685421355339e-06, 'epoch': 0.68}
{'loss': 1.2164, 'grad_norm': 3.879279851913452, 'learning_rate': 6.991747936984247e-06, 'epoch': 0.7}
{'loss': 1.1784, 'grad_norm': 3.910506248474121, 'learning_rate': 7.241810452613154e-06, 'epoch': 0.73}
{'loss': 1.1112, 'grad_norm': 5.731999397277832, 'learning_rate': 7.491872968242061e-06, 'epoch': 0.75}
{'loss': 1.1345, 'grad_norm': 6.073763847351074, 'learning_rate': 7.741935483870968e-06, 'epoch': 0.78}
{'loss': 1.1027, 'grad_norm': 2.1971805095672607, 'learning_rate': 7.991997999499875e-06, 'epoch': 0.8}
{'loss': 1.1699, 'grad_norm': 4.932930946350098, 'learning_rate': 8.242060515128783e-06, 'epoch': 0.83}
{'loss': 1.139, 'grad_norm': 3.714263916015625, 'learning_rate': 8.49212303075769e-06, 'epoch': 0.85}
{'loss': 1.0597, 'grad_norm': 3.639244794845581, 'learning_rate': 8.742185546386598e-06, 'epoch': 0.88}
{'loss': 1.091, 'grad_norm': 3.972803831100464, 'learning_rate': 8.992248062015505e-06, 'epoch': 0.9}
{'loss': 1.052, 'grad_norm': 3.7454798221588135, 'learning_rate': 9.242310577644412e-06, 'epoch': 0.93}
{'loss': 1.1399, 'grad_norm': 5.4749979972839355, 'learning_rate': 9.492373093273319e-06, 'epoch': 0.95}
{'loss': 0.9744, 'grad_norm': 6.573873043060303, 'learning_rate': 9.742435608902227e-06, 'epoch': 0.98}
{'eval_loss': 0.8275712728500366, 'eval_wer': 0.4083972515180569, 'eval_runtime': 1430.0437, 'eval_samples_per_second': 5.594, 'eval_steps_per_second': 5.594, 'epoch': 1.0}
{'loss': 0.9991, 'grad_norm': 3.7411293983459473, 'learning_rate': 9.992498124531134e-06, 'epoch': 1.0}
{'loss': 1.0695, 'grad_norm': 3.2159316539764404, 'learning_rate': 1e-05, 'epoch': 1.03}
{'loss': 0.9017, 'grad_norm': 6.052206039428711, 'learning_rate': 1e-05, 'epoch': 1.05}
{'loss': 1.0486, 'grad_norm': 4.090420722961426, 'learning_rate': 1e-05, 'epoch': 1.08}
{'loss': 1.0355, 'grad_norm': 2.1854705810546875, 'learning_rate': 1e-05, 'epoch': 1.1}
{'loss': 0.9867, 'grad_norm': 4.517586708068848, 'learning_rate': 1e-05, 'epoch': 1.13}
{'loss': 1.0526, 'grad_norm': 3.2917752265930176, 'learning_rate': 1e-05, 'epoch': 1.15}
{'loss': 0.9424, 'grad_norm': 2.5214974880218506, 'learning_rate': 1e-05, 'epoch': 1.18}
{'loss': 0.9897, 'grad_norm': 5.991462230682373, 'learning_rate': 1e-05, 'epoch': 1.2}
{'loss': 0.9978, 'grad_norm': 3.9646739959716797, 'learning_rate': 1e-05, 'epoch': 1.23}
{'loss': 0.9391, 'grad_norm': 5.130615711212158, 'learning_rate': 1e-05, 'epoch': 1.25}
{'loss': 1.0007, 'grad_norm': 6.142784118652344, 'learning_rate': 1e-05, 'epoch': 1.28}
{'loss': 0.9264, 'grad_norm': 2.7399513721466064, 'learning_rate': 1e-05, 'epoch': 1.3}
{'loss': 1.0229, 'grad_norm': 5.376981258392334, 'learning_rate': 1e-05, 'epoch': 1.33}
{'loss': 0.9155, 'grad_norm': 3.3685147762298584, 'learning_rate': 1e-05, 'epoch': 1.35}
{'loss': 0.9759, 'grad_norm': 27.543230056762695, 'learning_rate': 1e-05, 'epoch': 1.38}
{'loss': 0.9958, 'grad_norm': 23.198163986206055, 'learning_rate': 1e-05, 'epoch': 1.4}
{'loss': 0.9481, 'grad_norm': 1.9440315961837769, 'learning_rate': 1e-05, 'epoch': 1.43}
{'loss': 0.9841, 'grad_norm': 2.9605624675750732, 'learning_rate': 1e-05, 'epoch': 1.45}
{'loss': 1.0082, 'grad_norm': 1.1695091724395752, 'learning_rate': 1e-05, 'epoch': 1.48}
{'loss': 0.9462, 'grad_norm': 4.909738063812256, 'learning_rate': 1e-05, 'epoch': 1.5}
{'loss': 0.9759, 'grad_norm': 2.3665058612823486, 'learning_rate': 1e-05, 'epoch': 1.53}
{'loss': 0.887, 'grad_norm': 3.942472219467163, 'learning_rate': 1e-05, 'epoch': 1.55}
{'loss': 1.2959, 'grad_norm': 4.794233322143555, 'learning_rate': 1e-05, 'epoch': 1.58}
{'loss': 0.9583, 'grad_norm': 13.021327018737793, 'learning_rate': 1e-05, 'epoch': 1.6}
{'loss': 0.8836, 'grad_norm': 6.88369607925415, 'learning_rate': 1e-05, 'epoch': 1.63}
{'loss': 0.9946, 'grad_norm': 6.925940036773682, 'learning_rate': 1e-05, 'epoch': 1.65}
{'loss': 0.9825, 'grad_norm': 7.9932637214660645, 'learning_rate': 1e-05, 'epoch': 1.68}
{'loss': 0.9369, 'grad_norm': 3.912989377975464, 'learning_rate': 1e-05, 'epoch': 1.7}
{'loss': 1.0306, 'grad_norm': 23.552778244018555, 'learning_rate': 1e-05, 'epoch': 1.73}
{'loss': 0.9725, 'grad_norm': 5.226765155792236, 'learning_rate': 1e-05, 'epoch': 1.75}
{'loss': 1.0046, 'grad_norm': 24.468172073364258, 'learning_rate': 1e-05, 'epoch': 1.78}
{'loss': 0.9092, 'grad_norm': 7.721418380737305, 'learning_rate': 1e-05, 'epoch': 1.8}
{'loss': 0.9335, 'grad_norm': 6.36022424697876, 'learning_rate': 1e-05, 'epoch': 1.83}
{'loss': 1.0315, 'grad_norm': 5.934211254119873, 'learning_rate': 1e-05, 'epoch': 1.85}
{'loss': 0.8881, 'grad_norm': 7.011798858642578, 'learning_rate': 1e-05, 'epoch': 1.88}
{'loss': 1.0526, 'grad_norm': 3.590066432952881, 'learning_rate': 1e-05, 'epoch': 1.9}
{'loss': 0.9701, 'grad_norm': 3.2594099044799805, 'learning_rate': 1e-05, 'epoch': 1.93}
{'loss': 0.9722, 'grad_norm': 7.002246856689453, 'learning_rate': 1e-05, 'epoch': 1.95}
{'loss': 0.9213, 'grad_norm': 9.28613567352295, 'learning_rate': 1e-05, 'epoch': 1.98}
{'eval_loss': 0.7470819354057312, 'eval_wer': 0.3756524981357196, 'eval_runtime': 1424.006, 'eval_samples_per_second': 5.618, 'eval_steps_per_second': 5.618, 'epoch': 2.0}
{'loss': 0.9467, 'grad_norm': 30.55091094970703, 'learning_rate': 1e-05, 'epoch': 2.0}
{'loss': 0.9384, 'grad_norm': 3.293057441711426, 'learning_rate': 1e-05, 'epoch': 2.03}
{'loss': 0.9094, 'grad_norm': 4.673361778259277, 'learning_rate': 1e-05, 'epoch': 2.05}
{'loss': 0.8667, 'grad_norm': 7.272913932800293, 'learning_rate': 1e-05, 'epoch': 2.08}
{'loss': 0.8785, 'grad_norm': 5.642642974853516, 'learning_rate': 1e-05, 'epoch': 2.1}
{'loss': 0.9131, 'grad_norm': 4.769807815551758, 'learning_rate': 1e-05, 'epoch': 2.13}
{'loss': 0.95, 'grad_norm': 8.210711479187012, 'learning_rate': 1e-05, 'epoch': 2.15}
{'loss': 0.9478, 'grad_norm': 2.3496649265289307, 'learning_rate': 1e-05, 'epoch': 2.18}
{'loss': 0.8909, 'grad_norm': 7.8785834312438965, 'learning_rate': 1e-05, 'epoch': 2.2}
{'loss': 0.8722, 'grad_norm': 3.2076241970062256, 'learning_rate': 1e-05, 'epoch': 2.23}
{'loss': 0.9012, 'grad_norm': 1.8782662153244019, 'learning_rate': 1e-05, 'epoch': 2.25}
{'loss': 0.9157, 'grad_norm': 5.030822277069092, 'learning_rate': 1e-05, 'epoch': 2.28}
{'loss': 0.9305, 'grad_norm': 3.2736949920654297, 'learning_rate': 1e-05, 'epoch': 2.3}
{'loss': 0.8966, 'grad_norm': 2.2238337993621826, 'learning_rate': 1e-05, 'epoch': 2.33}
{'loss': 0.9742, 'grad_norm': 10.101073265075684, 'learning_rate': 1e-05, 'epoch': 2.35}
{'loss': 0.9069, 'grad_norm': 6.703919887542725, 'learning_rate': 1e-05, 'epoch': 2.38}
{'loss': 0.9286, 'grad_norm': 9.76732063293457, 'learning_rate': 1e-05, 'epoch': 2.4}
{'loss': 0.9954, 'grad_norm': 7.2779083251953125, 'learning_rate': 1e-05, 'epoch': 2.43}
{'loss': 0.8827, 'grad_norm': 8.241853713989258, 'learning_rate': 1e-05, 'epoch': 2.45}
{'loss': 0.8498, 'grad_norm': 3.5392608642578125, 'learning_rate': 1e-05, 'epoch': 2.48}
{'loss': 0.9686, 'grad_norm': 5.0294413566589355, 'learning_rate': 1e-05, 'epoch': 2.5}
{'loss': 0.9257, 'grad_norm': 26.31601905822754, 'learning_rate': 1e-05, 'epoch': 2.53}
{'loss': 0.9208, 'grad_norm': 7.616968154907227, 'learning_rate': 1e-05, 'epoch': 2.55}
{'loss': 0.9407, 'grad_norm': 6.6099724769592285, 'learning_rate': 1e-05, 'epoch': 2.58}
{'loss': 0.9604, 'grad_norm': 6.115961074829102, 'learning_rate': 1e-05, 'epoch': 2.6}
{'loss': 0.9232, 'grad_norm': 7.555350303649902, 'learning_rate': 1e-05, 'epoch': 2.63}
{'loss': 0.9595, 'grad_norm': 3.2479188442230225, 'learning_rate': 1e-05, 'epoch': 2.65}
{'loss': 0.8592, 'grad_norm': 2.4185922145843506, 'learning_rate': 1e-05, 'epoch': 2.68}
{'loss': 0.9073, 'grad_norm': 12.213908195495605, 'learning_rate': 1e-05, 'epoch': 2.7}
{'loss': 0.8672, 'grad_norm': 4.993295669555664, 'learning_rate': 1e-05, 'epoch': 2.73}
{'loss': 0.9544, 'grad_norm': 3.2358434200286865, 'learning_rate': 1e-05, 'epoch': 2.75}
{'loss': 0.9262, 'grad_norm': 5.428516387939453, 'learning_rate': 1e-05, 'epoch': 2.78}
{'loss': 0.8781, 'grad_norm': 2.697439193725586, 'learning_rate': 1e-05, 'epoch': 2.8}
{'loss': 0.8788, 'grad_norm': 4.950503826141357, 'learning_rate': 1e-05, 'epoch': 2.83}
{'loss': 0.9214, 'grad_norm': 5.467495918273926, 'learning_rate': 1e-05, 'epoch': 2.85}
{'loss': 0.9253, 'grad_norm': 7.118100643157959, 'learning_rate': 1e-05, 'epoch': 2.88}
{'loss': 1.0095, 'grad_norm': 17.441133499145508, 'learning_rate': 1e-05, 'epoch': 2.9}
{'loss': 0.8608, 'grad_norm': 9.41196060180664, 'learning_rate': 1e-05, 'epoch': 2.93}
{'loss': 0.9717, 'grad_norm': 5.50366735458374, 'learning_rate': 1e-05, 'epoch': 2.95}
{'loss': 0.9934, 'grad_norm': 3.984769582748413, 'learning_rate': 1e-05, 'epoch': 2.98}
{'eval_loss': 0.7166765928268433, 'eval_wer': 0.3571694897198253, 'eval_runtime': 1422.1296, 'eval_samples_per_second': 5.625, 'eval_steps_per_second': 5.625, 'epoch': 3.0}
{'loss': 0.934, 'grad_norm': 14.829756736755371, 'learning_rate': 1e-05, 'epoch': 3.0}
{'loss': 0.8366, 'grad_norm': 2.5894687175750732, 'learning_rate': 1e-05, 'epoch': 3.03}
{'loss': 0.8636, 'grad_norm': 4.362650394439697, 'learning_rate': 1e-05, 'epoch': 3.05}
{'loss': 0.8469, 'grad_norm': 4.017727851867676, 'learning_rate': 1e-05, 'epoch': 3.08}
{'loss': 0.9028, 'grad_norm': 4.841018199920654, 'learning_rate': 1e-05, 'epoch': 3.1}
{'loss': 0.9319, 'grad_norm': 6.323338508605957, 'learning_rate': 1e-05, 'epoch': 3.13}
{'loss': 0.9827, 'grad_norm': 5.800088882446289, 'learning_rate': 1e-05, 'epoch': 3.15}
{'loss': 0.9347, 'grad_norm': 9.706418991088867, 'learning_rate': 1e-05, 'epoch': 3.18}
{'loss': 0.9197, 'grad_norm': 8.904664993286133, 'learning_rate': 1e-05, 'epoch': 3.2}
{'loss': 0.94, 'grad_norm': 5.6140007972717285, 'learning_rate': 1e-05, 'epoch': 3.23}
{'loss': 0.9002, 'grad_norm': 6.282447338104248, 'learning_rate': 1e-05, 'epoch': 3.25}
{'loss': 0.9782, 'grad_norm': 11.588187217712402, 'learning_rate': 1e-05, 'epoch': 3.28}
{'loss': 0.8375, 'grad_norm': 8.226483345031738, 'learning_rate': 1e-05, 'epoch': 3.3}
{'loss': 0.7896, 'grad_norm': 5.471567630767822, 'learning_rate': 1e-05, 'epoch': 3.33}
{'loss': 0.9017, 'grad_norm': 3.808387517929077, 'learning_rate': 1e-05, 'epoch': 3.35}
{'loss': 0.9486, 'grad_norm': 2.1717185974121094, 'learning_rate': 1e-05, 'epoch': 3.38}
{'loss': 0.9151, 'grad_norm': 6.6346354484558105, 'learning_rate': 1e-05, 'epoch': 3.4}
{'loss': 0.9439, 'grad_norm': 16.167089462280273, 'learning_rate': 1e-05, 'epoch': 3.43}
{'loss': 0.8759, 'grad_norm': 25.082372665405273, 'learning_rate': 1e-05, 'epoch': 3.45}
{'loss': 0.9461, 'grad_norm': 6.959285736083984, 'learning_rate': 1e-05, 'epoch': 3.48}
{'loss': 0.9338, 'grad_norm': 6.253813743591309, 'learning_rate': 1e-05, 'epoch': 3.5}
{'loss': 0.7914, 'grad_norm': 6.1222825050354, 'learning_rate': 1e-05, 'epoch': 3.53}
{'loss': 0.8964, 'grad_norm': 3.1901354789733887, 'learning_rate': 1e-05, 'epoch': 3.55}
{'loss': 0.9813, 'grad_norm': 5.371570110321045, 'learning_rate': 1e-05, 'epoch': 3.58}
{'loss': 0.8516, 'grad_norm': 24.527334213256836, 'learning_rate': 1e-05, 'epoch': 3.6}
{'loss': 0.8867, 'grad_norm': 6.20414924621582, 'learning_rate': 1e-05, 'epoch': 3.63}
{'loss': 0.9496, 'grad_norm': 11.934195518493652, 'learning_rate': 1e-05, 'epoch': 3.65}
{'loss': 0.8373, 'grad_norm': 3.0653207302093506, 'learning_rate': 1e-05, 'epoch': 3.68}
{'loss': 0.8651, 'grad_norm': 6.912384033203125, 'learning_rate': 1e-05, 'epoch': 3.7}
{'loss': 0.894, 'grad_norm': 8.156747817993164, 'learning_rate': 1e-05, 'epoch': 3.73}
{'loss': 0.8403, 'grad_norm': 10.940779685974121, 'learning_rate': 1e-05, 'epoch': 3.75}
{'loss': 0.9387, 'grad_norm': 2.936173915863037, 'learning_rate': 1e-05, 'epoch': 3.78}
{'loss': 0.8589, 'grad_norm': 4.20552921295166, 'learning_rate': 1e-05, 'epoch': 3.8}
{'loss': 0.8232, 'grad_norm': 4.985431671142578, 'learning_rate': 1e-05, 'epoch': 3.83}
{'loss': 0.878, 'grad_norm': 7.198578834533691, 'learning_rate': 1e-05, 'epoch': 3.85}
{'loss': 0.8933, 'grad_norm': 22.339614868164062, 'learning_rate': 1e-05, 'epoch': 3.88}
{'loss': 0.8763, 'grad_norm': 6.964681625366211, 'learning_rate': 1e-05, 'epoch': 3.9}
{'loss': 0.8829, 'grad_norm': 7.424966812133789, 'learning_rate': 1e-05, 'epoch': 3.93}
{'loss': 0.9037, 'grad_norm': 6.128188610076904, 'learning_rate': 1e-05, 'epoch': 3.95}
{'loss': 0.8325, 'grad_norm': 7.172479152679443, 'learning_rate': 1e-05, 'epoch': 3.98}
{'eval_loss': 0.7119075655937195, 'eval_wer': 0.34716895706828593, 'eval_runtime': 1418.5827, 'eval_samples_per_second': 5.639, 'eval_steps_per_second': 5.639, 'epoch': 4.0}
{'loss': 0.8065, 'grad_norm': 9.41472053527832, 'learning_rate': 1e-05, 'epoch': 4.0}
{'loss': 0.863, 'grad_norm': 23.193256378173828, 'learning_rate': 1e-05, 'epoch': 4.03}
{'loss': 0.9608, 'grad_norm': 5.715506076812744, 'learning_rate': 1e-05, 'epoch': 4.05}
{'loss': 0.9154, 'grad_norm': 3.0332398414611816, 'learning_rate': 1e-05, 'epoch': 4.08}
{'loss': 0.8694, 'grad_norm': 4.193833351135254, 'learning_rate': 1e-05, 'epoch': 4.1}
{'loss': 0.8425, 'grad_norm': 3.9566874504089355, 'learning_rate': 1e-05, 'epoch': 4.13}
{'loss': 0.8193, 'grad_norm': 12.826043128967285, 'learning_rate': 1e-05, 'epoch': 4.15}
{'loss': 0.883, 'grad_norm': 4.010246753692627, 'learning_rate': 1e-05, 'epoch': 4.18}
{'loss': 0.8441, 'grad_norm': 7.069241523742676, 'learning_rate': 1e-05, 'epoch': 4.2}
{'loss': 0.8245, 'grad_norm': 3.6912105083465576, 'learning_rate': 1e-05, 'epoch': 4.23}
{'loss': 0.8809, 'grad_norm': 4.249855995178223, 'learning_rate': 1e-05, 'epoch': 4.25}
{'loss': 0.8839, 'grad_norm': 3.9910171031951904, 'learning_rate': 1e-05, 'epoch': 4.28}
{'loss': 0.8431, 'grad_norm': 3.817166805267334, 'learning_rate': 1e-05, 'epoch': 4.3}
{'loss': 0.8985, 'grad_norm': 5.78676176071167, 'learning_rate': 1e-05, 'epoch': 4.33}
{'loss': 0.8992, 'grad_norm': 4.577356815338135, 'learning_rate': 1e-05, 'epoch': 4.35}
{'loss': 0.8835, 'grad_norm': 5.701904296875, 'learning_rate': 1e-05, 'epoch': 4.38}
{'loss': 0.832, 'grad_norm': 8.079717636108398, 'learning_rate': 1e-05, 'epoch': 4.4}
{'loss': 0.9513, 'grad_norm': 2.390414237976074, 'learning_rate': 1e-05, 'epoch': 4.43}
{'loss': 0.9239, 'grad_norm': 4.640070915222168, 'learning_rate': 1e-05, 'epoch': 4.45}
{'loss': 0.8731, 'grad_norm': 6.307409763336182, 'learning_rate': 1e-05, 'epoch': 4.48}
{'loss': 0.7964, 'grad_norm': 6.844844818115234, 'learning_rate': 1e-05, 'epoch': 4.5}
{'loss': 0.963, 'grad_norm': 8.407307624816895, 'learning_rate': 1e-05, 'epoch': 4.53}
{'loss': 0.8918, 'grad_norm': 2.401315689086914, 'learning_rate': 1e-05, 'epoch': 4.55}
{'loss': 0.9257, 'grad_norm': 10.604537010192871, 'learning_rate': 1e-05, 'epoch': 4.58}
{'loss': 0.8467, 'grad_norm': 9.313150405883789, 'learning_rate': 1e-05, 'epoch': 4.6}
{'loss': 0.8564, 'grad_norm': 4.92958402633667, 'learning_rate': 1e-05, 'epoch': 4.63}
{'loss': 0.8354, 'grad_norm': 1.9573456048965454, 'learning_rate': 1e-05, 'epoch': 4.65}
{'loss': 0.8096, 'grad_norm': 8.881993293762207, 'learning_rate': 1e-05, 'epoch': 4.68}
{'loss': 0.8772, 'grad_norm': 7.933099269866943, 'learning_rate': 1e-05, 'epoch': 4.7}
{'loss': 0.8694, 'grad_norm': 7.6656036376953125, 'learning_rate': 1e-05, 'epoch': 4.73}
{'loss': 0.812, 'grad_norm': 5.543056488037109, 'learning_rate': 1e-05, 'epoch': 4.75}
{'loss': 0.8637, 'grad_norm': 5.806921005249023, 'learning_rate': 1e-05, 'epoch': 4.78}
{'loss': 0.8523, 'grad_norm': 7.400476932525635, 'learning_rate': 1e-05, 'epoch': 4.8}
{'loss': 0.8536, 'grad_norm': 5.994122505187988, 'learning_rate': 1e-05, 'epoch': 4.83}
{'loss': 0.8452, 'grad_norm': 4.785018444061279, 'learning_rate': 1e-05, 'epoch': 4.85}
{'loss': 0.9359, 'grad_norm': 2.8630356788635254, 'learning_rate': 1e-05, 'epoch': 4.88}
{'loss': 0.8595, 'grad_norm': 9.008448600769043, 'learning_rate': 1e-05, 'epoch': 4.9}
{'loss': 0.9299, 'grad_norm': 1.860796332359314, 'learning_rate': 1e-05, 'epoch': 4.93}
{'loss': 0.9004, 'grad_norm': 6.124846935272217, 'learning_rate': 1e-05, 'epoch': 4.95}
{'loss': 0.8472, 'grad_norm': 4.707563400268555, 'learning_rate': 1e-05, 'epoch': 4.98}
{'eval_loss': 0.7023037075996399, 'eval_wer': 0.3400047938638543, 'eval_runtime': 1416.8982, 'eval_samples_per_second': 5.646, 'eval_steps_per_second': 5.646, 'epoch': 5.0}
{'loss': 0.8826, 'grad_norm': 5.161111354827881, 'learning_rate': 1e-05, 'epoch': 5.0}
{'loss': 0.849, 'grad_norm': 4.90432596206665, 'learning_rate': 1e-05, 'epoch': 5.03}
{'loss': 0.9624, 'grad_norm': 6.635910987854004, 'learning_rate': 1e-05, 'epoch': 5.05}
{'loss': 0.7972, 'grad_norm': 14.028246879577637, 'learning_rate': 1e-05, 'epoch': 5.08}
{'loss': 0.7926, 'grad_norm': 3.428823232650757, 'learning_rate': 1e-05, 'epoch': 5.1}
{'loss': 0.895, 'grad_norm': 6.030241966247559, 'learning_rate': 1e-05, 'epoch': 5.13}
{'loss': 0.8588, 'grad_norm': 8.101241111755371, 'learning_rate': 1e-05, 'epoch': 5.15}
{'loss': 0.9158, 'grad_norm': 3.939958333969116, 'learning_rate': 1e-05, 'epoch': 5.18}
{'loss': 0.8893, 'grad_norm': 3.6607508659362793, 'learning_rate': 1e-05, 'epoch': 5.2}
{'loss': 0.845, 'grad_norm': 3.8831698894500732, 'learning_rate': 1e-05, 'epoch': 5.23}
{'loss': 0.9053, 'grad_norm': 13.06137752532959, 'learning_rate': 1e-05, 'epoch': 5.25}
{'loss': 0.915, 'grad_norm': 8.363306999206543, 'learning_rate': 1e-05, 'epoch': 5.28}
{'loss': 0.8086, 'grad_norm': 4.145142078399658, 'learning_rate': 1e-05, 'epoch': 5.3}
{'loss': 0.8911, 'grad_norm': 5.101890563964844, 'learning_rate': 1e-05, 'epoch': 5.33}
{'loss': 0.8449, 'grad_norm': 16.122194290161133, 'learning_rate': 1e-05, 'epoch': 5.35}
{'loss': 0.7964, 'grad_norm': 3.052030563354492, 'learning_rate': 1e-05, 'epoch': 5.38}
{'loss': 0.8148, 'grad_norm': 4.933695316314697, 'learning_rate': 1e-05, 'epoch': 5.4}
{'loss': 0.9209, 'grad_norm': 6.605650424957275, 'learning_rate': 1e-05, 'epoch': 5.43}
{'loss': 0.8326, 'grad_norm': 3.6719114780426025, 'learning_rate': 1e-05, 'epoch': 5.45}
{'loss': 0.8461, 'grad_norm': 10.435600280761719, 'learning_rate': 1e-05, 'epoch': 5.48}
{'loss': 0.9598, 'grad_norm': 4.5508623123168945, 'learning_rate': 1e-05, 'epoch': 5.5}
{'loss': 0.8106, 'grad_norm': 9.621349334716797, 'learning_rate': 1e-05, 'epoch': 5.53}
{'loss': 0.8383, 'grad_norm': 6.371456146240234, 'learning_rate': 1e-05, 'epoch': 5.55}
{'loss': 0.7864, 'grad_norm': 3.675215005874634, 'learning_rate': 1e-05, 'epoch': 5.58}
{'loss': 0.7741, 'grad_norm': 34.428138732910156, 'learning_rate': 1e-05, 'epoch': 5.6}
{'loss': 0.7552, 'grad_norm': 5.7587785720825195, 'learning_rate': 1e-05, 'epoch': 5.63}
{'loss': 0.9207, 'grad_norm': 5.216223239898682, 'learning_rate': 1e-05, 'epoch': 5.65}
{'loss': 0.7642, 'grad_norm': 7.240917205810547, 'learning_rate': 1e-05, 'epoch': 5.68}
{'loss': 0.8807, 'grad_norm': 6.336474418640137, 'learning_rate': 1e-05, 'epoch': 5.7}
{'loss': 0.8594, 'grad_norm': 6.292150020599365, 'learning_rate': 1e-05, 'epoch': 5.73}
{'loss': 1.021, 'grad_norm': 8.300851821899414, 'learning_rate': 1e-05, 'epoch': 5.75}
{'loss': 0.8997, 'grad_norm': 3.175560712814331, 'learning_rate': 1e-05, 'epoch': 5.78}
{'loss': 0.8955, 'grad_norm': 38.4207763671875, 'learning_rate': 1e-05, 'epoch': 5.8}
{'loss': 0.7968, 'grad_norm': 2.854116439819336, 'learning_rate': 1e-05, 'epoch': 5.83}
{'loss': 0.949, 'grad_norm': 6.04264497756958, 'learning_rate': 1e-05, 'epoch': 5.85}
{'loss': 0.8497, 'grad_norm': 7.968510150909424, 'learning_rate': 1e-05, 'epoch': 5.88}
{'loss': 0.8269, 'grad_norm': 7.647012710571289, 'learning_rate': 1e-05, 'epoch': 5.9}
{'loss': 0.9171, 'grad_norm': 13.264616966247559, 'learning_rate': 1e-05, 'epoch': 5.93}
{'loss': 0.8248, 'grad_norm': 15.071638107299805, 'learning_rate': 1e-05, 'epoch': 5.95}
{'loss': 0.8209, 'grad_norm': 5.940350532531738, 'learning_rate': 1e-05, 'epoch': 5.98}
{'eval_loss': 0.6956899166107178, 'eval_wer': 0.33577021412591884, 'eval_runtime': 1418.238, 'eval_samples_per_second': 5.641, 'eval_steps_per_second': 5.641, 'epoch': 6.0}
{'loss': 0.8159, 'grad_norm': 4.065579414367676, 'learning_rate': 1e-05, 'epoch': 6.0}
{'loss': 0.8506, 'grad_norm': 19.38729476928711, 'learning_rate': 1e-05, 'epoch': 6.03}
{'loss': 0.8627, 'grad_norm': 71.82369995117188, 'learning_rate': 1e-05, 'epoch': 6.05}
{'loss': 0.8512, 'grad_norm': 5.265695095062256, 'learning_rate': 1e-05, 'epoch': 6.08}
{'loss': 0.8522, 'grad_norm': 6.878641128540039, 'learning_rate': 1e-05, 'epoch': 6.1}
{'loss': 0.8683, 'grad_norm': 2.6442654132843018, 'learning_rate': 1e-05, 'epoch': 6.13}
{'loss': 0.7914, 'grad_norm': 15.484254837036133, 'learning_rate': 1e-05, 'epoch': 6.15}
{'loss': 0.8878, 'grad_norm': 6.817077159881592, 'learning_rate': 1e-05, 'epoch': 6.18}
{'loss': 0.922, 'grad_norm': 12.526398658752441, 'learning_rate': 1e-05, 'epoch': 6.2}
{'loss': 0.8099, 'grad_norm': 5.342437267303467, 'learning_rate': 1e-05, 'epoch': 6.23}
{'loss': 0.7932, 'grad_norm': 8.972372055053711, 'learning_rate': 1e-05, 'epoch': 6.25}
{'loss': 0.9139, 'grad_norm': 4.710678577423096, 'learning_rate': 1e-05, 'epoch': 6.28}
{'loss': 0.8206, 'grad_norm': 18.0089168548584, 'learning_rate': 1e-05, 'epoch': 6.3}
{'loss': 0.8838, 'grad_norm': 17.49540138244629, 'learning_rate': 1e-05, 'epoch': 6.33}
{'loss': 0.8776, 'grad_norm': 8.028557777404785, 'learning_rate': 1e-05, 'epoch': 6.35}
{'loss': 0.8381, 'grad_norm': 4.759136199951172, 'learning_rate': 1e-05, 'epoch': 6.38}
{'loss': 0.8577, 'grad_norm': 3.598701238632202, 'learning_rate': 1e-05, 'epoch': 6.4}
{'loss': 0.8527, 'grad_norm': 7.548984050750732, 'learning_rate': 1e-05, 'epoch': 6.43}
{'loss': 0.8296, 'grad_norm': 10.403944969177246, 'learning_rate': 1e-05, 'epoch': 6.45}
{'loss': 0.7863, 'grad_norm': 4.195515155792236, 'learning_rate': 1e-05, 'epoch': 6.48}
{'loss': 0.7539, 'grad_norm': 10.197395324707031, 'learning_rate': 1e-05, 'epoch': 6.5}
{'loss': 0.8601, 'grad_norm': 10.241584777832031, 'learning_rate': 1e-05, 'epoch': 6.53}
{'loss': 0.8673, 'grad_norm': 22.384828567504883, 'learning_rate': 1e-05, 'epoch': 6.55}
{'loss': 0.7926, 'grad_norm': 10.95712661743164, 'learning_rate': 1e-05, 'epoch': 6.58}
{'loss': 0.7957, 'grad_norm': 5.508363723754883, 'learning_rate': 1e-05, 'epoch': 6.6}
{'loss': 0.7899, 'grad_norm': 6.984035968780518, 'learning_rate': 1e-05, 'epoch': 6.63}
{'loss': 0.8765, 'grad_norm': 8.30770492553711, 'learning_rate': 1e-05, 'epoch': 6.65}
{'loss': 0.8756, 'grad_norm': 3.164029121398926, 'learning_rate': 1e-05, 'epoch': 6.68}
{'loss': 0.8046, 'grad_norm': 3.9680657386779785, 'learning_rate': 1e-05, 'epoch': 6.7}
{'loss': 0.7886, 'grad_norm': 4.937686920166016, 'learning_rate': 1e-05, 'epoch': 6.73}
{'loss': 0.8504, 'grad_norm': 6.688079357147217, 'learning_rate': 1e-05, 'epoch': 6.75}
{'loss': 0.8237, 'grad_norm': 10.791624069213867, 'learning_rate': 1e-05, 'epoch': 6.78}
{'loss': 0.8642, 'grad_norm': 7.148319721221924, 'learning_rate': 1e-05, 'epoch': 6.8}
{'loss': 0.794, 'grad_norm': 5.159887790679932, 'learning_rate': 1e-05, 'epoch': 6.83}
{'loss': 0.8314, 'grad_norm': 8.540239334106445, 'learning_rate': 1e-05, 'epoch': 6.85}
{'loss': 1.0314, 'grad_norm': 5.968783378601074, 'learning_rate': 1e-05, 'epoch': 6.88}
{'loss': 0.8127, 'grad_norm': 5.73197078704834, 'learning_rate': 1e-05, 'epoch': 6.9}
{'loss': 0.8583, 'grad_norm': 9.797887802124023, 'learning_rate': 1e-05, 'epoch': 6.93}
{'loss': 0.891, 'grad_norm': 7.595672130584717, 'learning_rate': 1e-05, 'epoch': 6.95}
{'loss': 0.8783, 'grad_norm': 4.56468391418457, 'learning_rate': 1e-05, 'epoch': 6.98}
{'eval_loss': 0.6928921341896057, 'eval_wer': 0.3326542026206456, 'eval_runtime': 1426.64, 'eval_samples_per_second': 5.608, 'eval_steps_per_second': 5.608, 'epoch': 7.0}
{'loss': 0.9158, 'grad_norm': 2.870994806289673, 'learning_rate': 1e-05, 'epoch': 7.0}
{'loss': 0.7438, 'grad_norm': 11.431818962097168, 'learning_rate': 1e-05, 'epoch': 7.03}
{'loss': 0.8241, 'grad_norm': 4.351672649383545, 'learning_rate': 1e-05, 'epoch': 7.05}
{'loss': 0.8549, 'grad_norm': 2.9223432540893555, 'learning_rate': 1e-05, 'epoch': 7.08}
{'loss': 0.9095, 'grad_norm': 5.669032573699951, 'learning_rate': 1e-05, 'epoch': 7.1}
{'loss': 0.8435, 'grad_norm': 5.941598892211914, 'learning_rate': 1e-05, 'epoch': 7.13}
{'loss': 0.8898, 'grad_norm': 8.07436466217041, 'learning_rate': 1e-05, 'epoch': 7.15}
{'loss': 0.8221, 'grad_norm': 8.961139678955078, 'learning_rate': 1e-05, 'epoch': 7.18}
{'loss': 0.8549, 'grad_norm': 3.2705230712890625, 'learning_rate': 1e-05, 'epoch': 7.2}
{'loss': 0.8103, 'grad_norm': 4.251397132873535, 'learning_rate': 1e-05, 'epoch': 7.23}
{'loss': 0.8003, 'grad_norm': 24.212831497192383, 'learning_rate': 1e-05, 'epoch': 7.25}
{'loss': 0.8347, 'grad_norm': 5.5984086990356445, 'learning_rate': 1e-05, 'epoch': 7.28}
{'loss': 0.8084, 'grad_norm': 5.911921501159668, 'learning_rate': 1e-05, 'epoch': 7.3}
{'loss': 0.8563, 'grad_norm': 8.722707748413086, 'learning_rate': 1e-05, 'epoch': 7.33}
{'loss': 0.8854, 'grad_norm': 5.571946144104004, 'learning_rate': 1e-05, 'epoch': 7.35}
{'loss': 0.7548, 'grad_norm': 5.79901123046875, 'learning_rate': 1e-05, 'epoch': 7.38}
{'loss': 0.8791, 'grad_norm': 5.339413166046143, 'learning_rate': 1e-05, 'epoch': 7.4}
{'loss': 0.9027, 'grad_norm': 5.614884376525879, 'learning_rate': 1e-05, 'epoch': 7.43}
{'loss': 0.803, 'grad_norm': 2.8789196014404297, 'learning_rate': 1e-05, 'epoch': 7.45}
{'loss': 0.794, 'grad_norm': 11.791592597961426, 'learning_rate': 1e-05, 'epoch': 7.48}
{'loss': 0.8672, 'grad_norm': 5.67978572845459, 'learning_rate': 1e-05, 'epoch': 7.5}
{'loss': 0.7827, 'grad_norm': 8.939733505249023, 'learning_rate': 1e-05, 'epoch': 7.53}
{'loss': 0.8623, 'grad_norm': 7.917498588562012, 'learning_rate': 1e-05, 'epoch': 7.55}
{'loss': 0.8438, 'grad_norm': 8.891921997070312, 'learning_rate': 1e-05, 'epoch': 7.58}
{'loss': 0.8093, 'grad_norm': 6.247742652893066, 'learning_rate': 1e-05, 'epoch': 7.6}
{'loss': 0.7864, 'grad_norm': 7.310023307800293, 'learning_rate': 1e-05, 'epoch': 7.63}
{'loss': 0.7842, 'grad_norm': 6.233340740203857, 'learning_rate': 1e-05, 'epoch': 7.65}
{'loss': 0.844, 'grad_norm': 5.703861713409424, 'learning_rate': 1e-05, 'epoch': 7.68}
{'loss': 0.8629, 'grad_norm': 6.225614547729492, 'learning_rate': 1e-05, 'epoch': 7.7}
{'loss': 0.8069, 'grad_norm': 5.723536968231201, 'learning_rate': 1e-05, 'epoch': 7.73}
{'loss': 0.7935, 'grad_norm': 6.737727165222168, 'learning_rate': 1e-05, 'epoch': 7.75}
{'loss': 0.885, 'grad_norm': 4.545762538909912, 'learning_rate': 1e-05, 'epoch': 7.78}
{'loss': 0.8852, 'grad_norm': 5.342895984649658, 'learning_rate': 1e-05, 'epoch': 7.8}
{'loss': 0.9198, 'grad_norm': 7.58359432220459, 'learning_rate': 1e-05, 'epoch': 7.83}
{'loss': 0.8426, 'grad_norm': 7.157509803771973, 'learning_rate': 1e-05, 'epoch': 7.85}
{'loss': 0.8794, 'grad_norm': 4.008784770965576, 'learning_rate': 1e-05, 'epoch': 7.88}
{'loss': 0.8493, 'grad_norm': 9.5425386428833, 'learning_rate': 1e-05, 'epoch': 7.9}
{'loss': 0.8631, 'grad_norm': 4.30908727645874, 'learning_rate': 1e-05, 'epoch': 7.93}
{'loss': 0.8502, 'grad_norm': 4.139707088470459, 'learning_rate': 1e-05, 'epoch': 7.95}
{'loss': 0.8044, 'grad_norm': 6.192446708679199, 'learning_rate': 1e-05, 'epoch': 7.98}
{'eval_loss': 0.6798994541168213, 'eval_wer': 0.3300974752317034, 'eval_runtime': 1432.9904, 'eval_samples_per_second': 5.583, 'eval_steps_per_second': 5.583, 'epoch': 8.0}
{'loss': 0.9025, 'grad_norm': 7.07843542098999, 'learning_rate': 1e-05, 'epoch': 8.0}
{'loss': 0.8164, 'grad_norm': 6.251981735229492, 'learning_rate': 1e-05, 'epoch': 8.03}
{'loss': 0.8213, 'grad_norm': 2.9264018535614014, 'learning_rate': 1e-05, 'epoch': 8.05}
{'loss': 0.7843, 'grad_norm': 6.7989420890808105, 'learning_rate': 1e-05, 'epoch': 8.08}
{'loss': 0.8098, 'grad_norm': 9.065616607666016, 'learning_rate': 1e-05, 'epoch': 8.1}
{'loss': 0.8015, 'grad_norm': 7.501668453216553, 'learning_rate': 1e-05, 'epoch': 8.13}
{'loss': 0.8728, 'grad_norm': 6.53066349029541, 'learning_rate': 1e-05, 'epoch': 8.15}
{'loss': 0.8759, 'grad_norm': 6.936511516571045, 'learning_rate': 1e-05, 'epoch': 8.18}
{'loss': 0.7944, 'grad_norm': 5.520233154296875, 'learning_rate': 1e-05, 'epoch': 8.2}
{'loss': 0.7653, 'grad_norm': 11.752869606018066, 'learning_rate': 1e-05, 'epoch': 8.23}
{'loss': 0.8544, 'grad_norm': 2.61704683303833, 'learning_rate': 1e-05, 'epoch': 8.25}
{'loss': 0.8059, 'grad_norm': 6.356270790100098, 'learning_rate': 1e-05, 'epoch': 8.28}
{'loss': 0.8865, 'grad_norm': 7.312168598175049, 'learning_rate': 1e-05, 'epoch': 8.3}
{'loss': 0.8143, 'grad_norm': 2.791191577911377, 'learning_rate': 1e-05, 'epoch': 8.33}
{'loss': 0.7816, 'grad_norm': 6.201053619384766, 'learning_rate': 1e-05, 'epoch': 8.35}
{'loss': 0.8819, 'grad_norm': 5.900083065032959, 'learning_rate': 1e-05, 'epoch': 8.38}
{'loss': 0.8554, 'grad_norm': 8.791996955871582, 'learning_rate': 1e-05, 'epoch': 8.4}
{'loss': 0.8219, 'grad_norm': 10.769275665283203, 'learning_rate': 1e-05, 'epoch': 8.43}
{'loss': 0.8567, 'grad_norm': 52.29745101928711, 'learning_rate': 1e-05, 'epoch': 8.45}
{'loss': 0.8573, 'grad_norm': 11.25027847290039, 'learning_rate': 1e-05, 'epoch': 8.48}
{'loss': 0.8067, 'grad_norm': 6.516902923583984, 'learning_rate': 1e-05, 'epoch': 8.5}
{'loss': 0.8085, 'grad_norm': 28.35011100769043, 'learning_rate': 1e-05, 'epoch': 8.53}
{'loss': 0.863, 'grad_norm': 11.29017162322998, 'learning_rate': 1e-05, 'epoch': 8.55}
{'loss': 0.7844, 'grad_norm': 4.399337291717529, 'learning_rate': 1e-05, 'epoch': 8.58}
{'loss': 0.8175, 'grad_norm': 10.882952690124512, 'learning_rate': 1e-05, 'epoch': 8.6}
{'loss': 0.8499, 'grad_norm': 3.773266553878784, 'learning_rate': 1e-05, 'epoch': 8.63}
{'loss': 0.8464, 'grad_norm': 4.661352157592773, 'learning_rate': 1e-05, 'epoch': 8.65}
{'loss': 0.7886, 'grad_norm': 7.772820472717285, 'learning_rate': 1e-05, 'epoch': 8.68}
{'loss': 0.7846, 'grad_norm': 4.623636722564697, 'learning_rate': 1e-05, 'epoch': 8.7}
{'loss': 0.8319, 'grad_norm': 7.40073823928833, 'learning_rate': 1e-05, 'epoch': 8.73}
{'loss': 0.8225, 'grad_norm': 10.180379867553711, 'learning_rate': 1e-05, 'epoch': 8.75}
{'loss': 0.8574, 'grad_norm': 4.457860469818115, 'learning_rate': 1e-05, 'epoch': 8.78}
{'loss': 0.9004, 'grad_norm': 6.798148155212402, 'learning_rate': 1e-05, 'epoch': 8.8}
{'loss': 0.844, 'grad_norm': 3.3009650707244873, 'learning_rate': 1e-05, 'epoch': 8.83}
{'loss': 0.8598, 'grad_norm': 10.802123069763184, 'learning_rate': 1e-05, 'epoch': 8.85}
{'loss': 0.8841, 'grad_norm': 6.873556137084961, 'learning_rate': 1e-05, 'epoch': 8.88}
{'loss': 0.8593, 'grad_norm': 8.345775604248047, 'learning_rate': 1e-05, 'epoch': 8.9}
{'loss': 0.8753, 'grad_norm': 3.2527616024017334, 'learning_rate': 1e-05, 'epoch': 8.93}
{'loss': 0.7878, 'grad_norm': 3.2729272842407227, 'learning_rate': 1e-05, 'epoch': 8.95}
{'loss': 0.797, 'grad_norm': 6.139163017272949, 'learning_rate': 1e-05, 'epoch': 8.98}
{'eval_loss': 0.6767463088035583, 'eval_wer': 0.327127942899755, 'eval_runtime': 1417.4505, 'eval_samples_per_second': 5.644, 'eval_steps_per_second': 5.644, 'epoch': 9.0}
{'loss': 0.7829, 'grad_norm': 11.878704071044922, 'learning_rate': 1e-05, 'epoch': 9.0}
{'loss': 0.8023, 'grad_norm': 5.426508903503418, 'learning_rate': 1e-05, 'epoch': 9.03}
{'loss': 0.8133, 'grad_norm': 7.865938186645508, 'learning_rate': 1e-05, 'epoch': 9.05}
{'loss': 0.8519, 'grad_norm': 8.068319320678711, 'learning_rate': 1e-05, 'epoch': 9.08}
{'loss': 0.8258, 'grad_norm': 5.85504150390625, 'learning_rate': 1e-05, 'epoch': 9.1}
{'loss': 0.8197, 'grad_norm': 32.30936813354492, 'learning_rate': 1e-05, 'epoch': 9.13}
{'loss': 0.7858, 'grad_norm': 5.071816444396973, 'learning_rate': 1e-05, 'epoch': 9.15}
{'loss': 0.9179, 'grad_norm': 4.191403865814209, 'learning_rate': 1e-05, 'epoch': 9.18}
{'loss': 0.7497, 'grad_norm': 6.309606075286865, 'learning_rate': 1e-05, 'epoch': 9.2}
{'loss': 0.733, 'grad_norm': 9.505498886108398, 'learning_rate': 1e-05, 'epoch': 9.23}
{'loss': 0.8095, 'grad_norm': 4.680385112762451, 'learning_rate': 1e-05, 'epoch': 9.25}
{'loss': 0.779, 'grad_norm': 5.87645959854126, 'learning_rate': 1e-05, 'epoch': 9.28}
{'loss': 0.7998, 'grad_norm': 15.631102561950684, 'learning_rate': 1e-05, 'epoch': 9.3}
{'loss': 0.8587, 'grad_norm': 6.358238220214844, 'learning_rate': 1e-05, 'epoch': 9.33}
{'loss': 0.9011, 'grad_norm': 10.263792037963867, 'learning_rate': 1e-05, 'epoch': 9.35}
{'loss': 0.7727, 'grad_norm': 4.1717329025268555, 'learning_rate': 1e-05, 'epoch': 9.38}
{'loss': 0.8068, 'grad_norm': 13.151351928710938, 'learning_rate': 1e-05, 'epoch': 9.4}
{'loss': 0.7903, 'grad_norm': 6.700982093811035, 'learning_rate': 1e-05, 'epoch': 9.43}
{'loss': 0.8071, 'grad_norm': 2.6924476623535156, 'learning_rate': 1e-05, 'epoch': 9.45}
{'loss': 0.7905, 'grad_norm': 6.396758079528809, 'learning_rate': 1e-05, 'epoch': 9.48}
{'loss': 0.7785, 'grad_norm': 6.776705265045166, 'learning_rate': 1e-05, 'epoch': 9.5}
{'loss': 0.8234, 'grad_norm': 4.557182788848877, 'learning_rate': 1e-05, 'epoch': 9.53}
{'loss': 0.8814, 'grad_norm': 14.517812728881836, 'learning_rate': 1e-05, 'epoch': 9.55}
{'loss': 0.8359, 'grad_norm': 4.398178577423096, 'learning_rate': 1e-05, 'epoch': 9.58}
{'loss': 0.8004, 'grad_norm': 5.1432271003723145, 'learning_rate': 1e-05, 'epoch': 9.6}
{'loss': 0.8331, 'grad_norm': 5.7065958976745605, 'learning_rate': 1e-05, 'epoch': 9.63}
{'loss': 0.8028, 'grad_norm': 4.47295618057251, 'learning_rate': 1e-05, 'epoch': 9.65}
{'loss': 0.8396, 'grad_norm': 9.056264877319336, 'learning_rate': 1e-05, 'epoch': 9.68}
{'loss': 0.8408, 'grad_norm': 5.056390762329102, 'learning_rate': 1e-05, 'epoch': 9.7}
{'loss': 0.8713, 'grad_norm': 10.199326515197754, 'learning_rate': 1e-05, 'epoch': 9.73}
{'loss': 0.8575, 'grad_norm': 5.400190830230713, 'learning_rate': 1e-05, 'epoch': 9.75}
{'loss': 0.8227, 'grad_norm': 9.159564971923828, 'learning_rate': 1e-05, 'epoch': 9.78}
{'loss': 0.81, 'grad_norm': 6.2954182624816895, 'learning_rate': 1e-05, 'epoch': 9.8}
{'loss': 0.8349, 'grad_norm': 4.690727233886719, 'learning_rate': 1e-05, 'epoch': 9.83}
{'loss': 0.8701, 'grad_norm': 8.754571914672852, 'learning_rate': 1e-05, 'epoch': 9.85}
{'loss': 0.8321, 'grad_norm': 4.123818397521973, 'learning_rate': 1e-05, 'epoch': 9.88}
{'loss': 0.8143, 'grad_norm': 22.537290573120117, 'learning_rate': 1e-05, 'epoch': 9.9}
{'loss': 0.8261, 'grad_norm': 24.264665603637695, 'learning_rate': 1e-05, 'epoch': 9.93}
{'loss': 0.8157, 'grad_norm': 33.42207717895508, 'learning_rate': 1e-05, 'epoch': 9.95}
{'loss': 0.8254, 'grad_norm': 4.959823131561279, 'learning_rate': 1e-05, 'epoch': 9.98}
{'eval_loss': 0.6824439764022827, 'eval_wer': 0.3263422818791946, 'eval_runtime': 1414.5352, 'eval_samples_per_second': 5.656, 'eval_steps_per_second': 5.656, 'epoch': 10.0}
{'train_runtime': 17307.1173, 'train_samples_per_second': 18.485, 'train_steps_per_second': 2.311, 'train_loss': 0.9186324874828327, 'epoch': 10.0}
[ASR][Trainer Eval] {'eval_loss': 0.6824439764022827, 'eval_wer': 0.3263422818791946, 'eval_runtime': 1442.5816, 'eval_samples_per_second': 5.546, 'eval_steps_per_second': 5.546, 'epoch': 10.0}
[SER] Skipped (phase != 'all'/'ser').
n23g0007:1056131:1056216 [0] NCCL INFO [Service thread] Connection closed by localRank 0
n23g0007:1056131:1371905 [0] NCCL INFO comm 0x55838c190e80 rank 0 nranks 1 cudaDev 0 busId 2c000 - Abort COMPLETE
[TRAIN][SER] Starting SER phase ...
[Setup] Using device: cuda
[Setup] no_cuda flag set to: False
[ASR] Skipped (phase != 'all'/'asr').
[SER] Loading model + extractor…
[SER] Starting from pretrained: models/pretrained/en
[SER] truncating to 102719 frames (~6.42s)
[SER] class counts: {4: 6792, 7: 1408, 3: 5556, 5: 6384, 0: 6044, 2: 4140, 1: 3500, 6: 768}
[SER] class weights: [0.7154202461242676, 1.2354285717010498, 1.0444444417953491, 0.7782577276229858, 0.6366313099861145, 0.677318274974823, 5.630208492279053, 3.0710227489471436]
[SER] Sanity loss (1 batch): 2.0666143894195557
[SER] Starting training with HuggingFace Trainer…
n23g0007:1372082:1372082 [0] NCCL INFO Bootstrap : Using ib0:134.61.46.195<0>
n23g0007:1372082:1372082 [0] NCCL INFO NET/Plugin : dlerror=libnccl-net.so: cannot open shared object file: No such file or directory No plugin found (libnccl-net.so), using internal implementation
n23g0007:1372082:1372082 [0] NCCL INFO cudaDriverVersion 12080
NCCL version 2.20.5+cuda12.4
n23g0007:1372082:1388054 [0] NCCL INFO NET/IB : Using [0]mlx5_0:1/IB [1]mlx5_1:1/IB [RO]; OOB ib0:134.61.46.195<0>
n23g0007:1372082:1388054 [0] NCCL INFO Using non-device net plugin version 0
n23g0007:1372082:1388054 [0] NCCL INFO Using network IB
n23g0007:1372082:1388054 [0] NCCL INFO DMA-BUF is available on GPU device 0
n23g0007:1372082:1388054 [0] NCCL INFO comm 0x55649fbeda80 rank 0 nranks 1 cudaDev 0 nvmlDev 0 busId 2c000 commId 0xdeff38af01792a0d - Init START
n23g0007:1372082:1388054 [0] NCCL INFO comm 0x55649fbeda80 rank 0 nRanks 1 nNodes 1 localRanks 1 localRank 0 MNNVL 0
n23g0007:1372082:1388054 [0] NCCL INFO Channel 00/32 :    0
n23g0007:1372082:1388054 [0] NCCL INFO Channel 01/32 :    0
n23g0007:1372082:1388054 [0] NCCL INFO Channel 02/32 :    0
n23g0007:1372082:1388054 [0] NCCL INFO Channel 03/32 :    0
n23g0007:1372082:1388054 [0] NCCL INFO Channel 04/32 :    0
n23g0007:1372082:1388054 [0] NCCL INFO Channel 05/32 :    0
n23g0007:1372082:1388054 [0] NCCL INFO Channel 06/32 :    0
n23g0007:1372082:1388054 [0] NCCL INFO Channel 07/32 :    0
n23g0007:1372082:1388054 [0] NCCL INFO Channel 08/32 :    0
n23g0007:1372082:1388054 [0] NCCL INFO Channel 09/32 :    0
n23g0007:1372082:1388054 [0] NCCL INFO Channel 10/32 :    0
n23g0007:1372082:1388054 [0] NCCL INFO Channel 11/32 :    0
n23g0007:1372082:1388054 [0] NCCL INFO Channel 12/32 :    0
n23g0007:1372082:1388054 [0] NCCL INFO Channel 13/32 :    0
n23g0007:1372082:1388054 [0] NCCL INFO Channel 14/32 :    0
n23g0007:1372082:1388054 [0] NCCL INFO Channel 15/32 :    0
n23g0007:1372082:1388054 [0] NCCL INFO Channel 16/32 :    0
n23g0007:1372082:1388054 [0] NCCL INFO Channel 17/32 :    0
n23g0007:1372082:1388054 [0] NCCL INFO Channel 18/32 :    0
n23g0007:1372082:1388054 [0] NCCL INFO Channel 19/32 :    0
n23g0007:1372082:1388054 [0] NCCL INFO Channel 20/32 :    0
n23g0007:1372082:1388054 [0] NCCL INFO Channel 21/32 :    0
n23g0007:1372082:1388054 [0] NCCL INFO Channel 22/32 :    0
n23g0007:1372082:1388054 [0] NCCL INFO Channel 23/32 :    0
n23g0007:1372082:1388054 [0] NCCL INFO Channel 24/32 :    0
n23g0007:1372082:1388054 [0] NCCL INFO Channel 25/32 :    0
n23g0007:1372082:1388054 [0] NCCL INFO Channel 26/32 :    0
n23g0007:1372082:1388054 [0] NCCL INFO Channel 27/32 :    0
n23g0007:1372082:1388054 [0] NCCL INFO Channel 28/32 :    0
n23g0007:1372082:1388054 [0] NCCL INFO Channel 29/32 :    0
n23g0007:1372082:1388054 [0] NCCL INFO Channel 30/32 :    0
n23g0007:1372082:1388054 [0] NCCL INFO Channel 31/32 :    0
n23g0007:1372082:1388054 [0] NCCL INFO Trees [0] -1/-1/-1->0->-1 [1] -1/-1/-1->0->-1 [2] -1/-1/-1->0->-1 [3] -1/-1/-1->0->-1 [4] -1/-1/-1->0->-1 [5] -1/-1/-1->0->-1 [6] -1/-1/-1->0->-1 [7] -1/-1/-1->0->-1 [8] -1/-1/-1->0->-1 [9] -1/-1/-1->0->-1 [10] -1/-1/-1->0->-1 [11] -1/-1/-1->0->-1 [12] -1/-1/-1->0->-1 [13] -1/-1/-1->0->-1 [14] -1/-1/-1->0->-1 [15] -1/-1/-1->0->-1 [16] -1/-1/-1->0->-1 [17] -1/-1/-1->0->-1 [18] -1/-1/-1->0->-1 [19] -1/-1/-1->0->-1 [20] -1/-1/-1->0->-1 [21] -1/-1/-1->0->-1 [22] -1/-1/-1->0->-1 [23] -1/-1/-1->0->-1 [24] -1/-1/-1->0->-1 [25] -1/-1/-1->0->-1 [26] -1/-1/-1->0->-1 [27] -1/-1/-1->0->-1 [28] -1/-1/-1->0->-1 [29] -1/-1/-1->0->-1 [30] -1/-1/-1->0->-1 [31] -1/-1/-1->0->-1
n23g0007:1372082:1388054 [0] NCCL INFO P2P Chunksize set to 131072
n23g0007:1372082:1388054 [0] NCCL INFO Connected all rings
n23g0007:1372082:1388054 [0] NCCL INFO Connected all trees
n23g0007:1372082:1388054 [0] NCCL INFO 32 coll channels, 0 collnet channels, 0 nvls channels, 32 p2p channels, 32 p2p channels per peer
n23g0007:1372082:1388054 [0] NCCL INFO comm 0x55649fbeda80 rank 0 nranks 1 cudaDev 0 nvmlDev 0 busId 2c000 commId 0xdeff38af01792a0d - Init COMPLETE
{'loss': 2.0791, 'grad_norm': 0.42456305027008057, 'learning_rate': 9.942708333333334e-06, 'epoch': 0.06}
{'loss': 2.0811, 'grad_norm': 0.18434394896030426, 'learning_rate': 9.884837962962964e-06, 'epoch': 0.12}
{'loss': 2.08, 'grad_norm': 0.19038598239421844, 'learning_rate': 9.826967592592594e-06, 'epoch': 0.17}
{'loss': 2.0809, 'grad_norm': 0.27381327748298645, 'learning_rate': 9.769097222222224e-06, 'epoch': 0.23}
{'loss': 2.0783, 'grad_norm': 0.30636972188949585, 'learning_rate': 9.711226851851852e-06, 'epoch': 0.29}
{'loss': 2.0731, 'grad_norm': 0.33194440603256226, 'learning_rate': 9.653356481481482e-06, 'epoch': 0.35}
{'loss': 2.0741, 'grad_norm': 0.41690072417259216, 'learning_rate': 9.595486111111112e-06, 'epoch': 0.41}
{'loss': 2.0704, 'grad_norm': 0.6679744720458984, 'learning_rate': 9.53761574074074e-06, 'epoch': 0.46}
{'loss': 2.0714, 'grad_norm': 0.784132719039917, 'learning_rate': 9.479745370370372e-06, 'epoch': 0.52}
{'loss': 2.0635, 'grad_norm': 0.7462129592895508, 'learning_rate': 9.421875e-06, 'epoch': 0.58}
{'loss': 2.0634, 'grad_norm': 0.6658721566200256, 'learning_rate': 9.36400462962963e-06, 'epoch': 0.64}
{'loss': 2.0669, 'grad_norm': 0.8578861951828003, 'learning_rate': 9.30613425925926e-06, 'epoch': 0.69}
{'loss': 2.0632, 'grad_norm': 0.6521318554878235, 'learning_rate': 9.24826388888889e-06, 'epoch': 0.75}
{'loss': 2.0533, 'grad_norm': 0.7329521179199219, 'learning_rate': 9.190393518518519e-06, 'epoch': 0.81}
{'loss': 2.0622, 'grad_norm': 1.4027693271636963, 'learning_rate': 9.132523148148149e-06, 'epoch': 0.87}
{'loss': 2.0584, 'grad_norm': 0.708490788936615, 'learning_rate': 9.074652777777779e-06, 'epoch': 0.93}
{'loss': 2.056, 'grad_norm': 0.7207022309303284, 'learning_rate': 9.016782407407408e-06, 'epoch': 0.98}
{'eval_loss': 2.0329244136810303, 'eval_accuracy': nan, 'eval_f1': nan, 'eval_runtime': 55.9812, 'eval_samples_per_second': 124.185, 'eval_steps_per_second': 124.185, 'epoch': 1.0}
{'loss': 2.0583, 'grad_norm': 0.8074184060096741, 'learning_rate': 8.958912037037037e-06, 'epoch': 1.04}
{'loss': 2.0506, 'grad_norm': 0.9249624013900757, 'learning_rate': 8.901041666666668e-06, 'epoch': 1.1}
{'loss': 2.0455, 'grad_norm': 1.1557389497756958, 'learning_rate': 8.843171296296297e-06, 'epoch': 1.16}
{'loss': 2.0546, 'grad_norm': 0.8980661034584045, 'learning_rate': 8.785300925925927e-06, 'epoch': 1.22}
{'loss': 2.0458, 'grad_norm': 1.1779963970184326, 'learning_rate': 8.727430555555557e-06, 'epoch': 1.27}
{'loss': 2.0429, 'grad_norm': 1.3329998254776, 'learning_rate': 8.669560185185187e-06, 'epoch': 1.33}
{'loss': 2.0535, 'grad_norm': 0.9479931592941284, 'learning_rate': 8.611689814814815e-06, 'epoch': 1.39}
{'loss': 2.0379, 'grad_norm': 1.2396537065505981, 'learning_rate': 8.553819444444445e-06, 'epoch': 1.45}
{'loss': 2.0603, 'grad_norm': 0.8780826926231384, 'learning_rate': 8.495949074074075e-06, 'epoch': 1.5}
{'loss': 2.0501, 'grad_norm': 0.9987250566482544, 'learning_rate': 8.438078703703705e-06, 'epoch': 1.56}
{'loss': 2.0426, 'grad_norm': 1.8634114265441895, 'learning_rate': 8.380208333333333e-06, 'epoch': 1.62}
{'loss': 2.0361, 'grad_norm': 1.288099765777588, 'learning_rate': 8.322337962962965e-06, 'epoch': 1.68}
{'loss': 2.0438, 'grad_norm': 1.3602784872055054, 'learning_rate': 8.264467592592593e-06, 'epoch': 1.74}
{'loss': 2.0429, 'grad_norm': 1.0424844026565552, 'learning_rate': 8.206597222222223e-06, 'epoch': 1.79}
{'loss': 2.0643, 'grad_norm': 1.2172950506210327, 'learning_rate': 8.148726851851853e-06, 'epoch': 1.85}
{'loss': 2.0456, 'grad_norm': 1.2432739734649658, 'learning_rate': 8.090856481481481e-06, 'epoch': 1.91}
{'loss': 2.0431, 'grad_norm': 0.9024977087974548, 'learning_rate': 8.032986111111111e-06, 'epoch': 1.97}
{'eval_loss': 2.0062358379364014, 'eval_accuracy': nan, 'eval_f1': nan, 'eval_runtime': 48.6908, 'eval_samples_per_second': 142.779, 'eval_steps_per_second': 142.779, 'epoch': 2.0}
{'loss': 2.0385, 'grad_norm': 1.7146856784820557, 'learning_rate': 7.975115740740741e-06, 'epoch': 2.03}
{'loss': 2.0475, 'grad_norm': 2.017240047454834, 'learning_rate': 7.917245370370371e-06, 'epoch': 2.08}
{'loss': 2.0406, 'grad_norm': 1.210280418395996, 'learning_rate': 7.859375e-06, 'epoch': 2.14}
{'loss': 2.0372, 'grad_norm': 1.7953875064849854, 'learning_rate': 7.80150462962963e-06, 'epoch': 2.2}
{'loss': 2.0406, 'grad_norm': 1.21207857131958, 'learning_rate': 7.74363425925926e-06, 'epoch': 2.26}
{'loss': 2.0317, 'grad_norm': 1.7720750570297241, 'learning_rate': 7.68576388888889e-06, 'epoch': 2.31}
{'loss': 2.0474, 'grad_norm': 1.5219143629074097, 'learning_rate': 7.627893518518519e-06, 'epoch': 2.37}
{'loss': 2.0298, 'grad_norm': 1.7897443771362305, 'learning_rate': 7.570023148148149e-06, 'epoch': 2.43}
{'loss': 2.0483, 'grad_norm': 1.069556474685669, 'learning_rate': 7.512152777777778e-06, 'epoch': 2.49}
{'loss': 2.043, 'grad_norm': 1.2053534984588623, 'learning_rate': 7.454282407407409e-06, 'epoch': 2.55}
{'loss': 2.038, 'grad_norm': 1.6729028224945068, 'learning_rate': 7.396412037037038e-06, 'epoch': 2.6}
{'loss': 2.0434, 'grad_norm': 3.0361456871032715, 'learning_rate': 7.338541666666668e-06, 'epoch': 2.66}
{'loss': 2.0522, 'grad_norm': 1.6393474340438843, 'learning_rate': 7.280671296296297e-06, 'epoch': 2.72}
{'loss': 2.0504, 'grad_norm': 1.189016580581665, 'learning_rate': 7.222800925925927e-06, 'epoch': 2.78}
{'loss': 2.0356, 'grad_norm': 1.3238725662231445, 'learning_rate': 7.164930555555556e-06, 'epoch': 2.84}
{'loss': 2.027, 'grad_norm': 1.1067098379135132, 'learning_rate': 7.107060185185186e-06, 'epoch': 2.89}
{'loss': 2.0289, 'grad_norm': 1.4791964292526245, 'learning_rate': 7.049189814814815e-06, 'epoch': 2.95}
{'eval_loss': 1.998287320137024, 'eval_accuracy': nan, 'eval_f1': nan, 'eval_runtime': 48.0419, 'eval_samples_per_second': 144.707, 'eval_steps_per_second': 144.707, 'epoch': 3.0}
{'train_runtime': 390.8051, 'train_samples_per_second': 707.258, 'train_steps_per_second': 44.216, 'train_loss': 2.052430932904467, 'epoch': 3.0}
[SER][Trainer Eval] {'eval_loss': 1.9982980489730835, 'eval_accuracy': nan, 'eval_f1': nan, 'eval_runtime': 42.4244, 'eval_samples_per_second': 163.868, 'eval_steps_per_second': 163.868, 'epoch': 3.0}
n23g0007:1372082:1388550 [0] NCCL INFO [Service thread] Connection closed by localRank 0
n23g0007:1372082:1398695 [0] NCCL INFO comm 0x55649fbeda80 rank 0 nranks 1 cudaDev 0 busId 2c000 - Abort COMPLETE
