[DIST] MASTER_ADDR=n23g0020 MASTER_PORT=29500 NNODES=1 GPUS_PER_NODE=1
[PRE] Skipping all preprocessing (skip_preprocessing=on or all per-step toggles are 'on')
[TRAIN][ASR] Starting ASR phase ...
[Setup] Using device: cuda
[Setup] no_cuda flag set to: False
[ASR] Loading model + processor…
[ASR] Starting from pretrained: models/pretrained/en
trainable params: 589,824 || all params: 94,986,144 || trainable%: 0.6210
[ASR] Trainable parameters: 589824 / 94986144
🛠️  Debug collator output shapes: {'input_values': torch.Size([4, 75264]), 'attention_mask': torch.Size([4, 75264]), 'labels': torch.Size([4, 93])}
[ASR] Starting training with HuggingFace Trainer…
n23g0020:331107:331107 [0] NCCL INFO Bootstrap : Using ib0:134.61.46.216<0>
n23g0020:331107:331107 [0] NCCL INFO NET/Plugin : dlerror=libnccl-net.so: cannot open shared object file: No such file or directory No plugin found (libnccl-net.so), using internal implementation
n23g0020:331107:331107 [0] NCCL INFO cudaDriverVersion 12080
NCCL version 2.20.5+cuda12.4
n23g0020:331107:331739 [0] NCCL INFO NET/IB : Using [0]mlx5_0:1/IB [1]mlx5_1:1/IB [RO]; OOB ib0:134.61.46.216<0>
n23g0020:331107:331739 [0] NCCL INFO Using non-device net plugin version 0
n23g0020:331107:331739 [0] NCCL INFO Using network IB
n23g0020:331107:331739 [0] NCCL INFO DMA-BUF is available on GPU device 0
n23g0020:331107:331739 [0] NCCL INFO comm 0x562ff3289af0 rank 0 nranks 1 cudaDev 0 nvmlDev 0 busId 2c000 commId 0x83366bb755b7d9c3 - Init START
n23g0020:331107:331739 [0] NCCL INFO comm 0x562ff3289af0 rank 0 nRanks 1 nNodes 1 localRanks 1 localRank 0 MNNVL 0
n23g0020:331107:331739 [0] NCCL INFO Channel 00/32 :    0
n23g0020:331107:331739 [0] NCCL INFO Channel 01/32 :    0
n23g0020:331107:331739 [0] NCCL INFO Channel 02/32 :    0
n23g0020:331107:331739 [0] NCCL INFO Channel 03/32 :    0
n23g0020:331107:331739 [0] NCCL INFO Channel 04/32 :    0
n23g0020:331107:331739 [0] NCCL INFO Channel 05/32 :    0
n23g0020:331107:331739 [0] NCCL INFO Channel 06/32 :    0
n23g0020:331107:331739 [0] NCCL INFO Channel 07/32 :    0
n23g0020:331107:331739 [0] NCCL INFO Channel 08/32 :    0
n23g0020:331107:331739 [0] NCCL INFO Channel 09/32 :    0
n23g0020:331107:331739 [0] NCCL INFO Channel 10/32 :    0
n23g0020:331107:331739 [0] NCCL INFO Channel 11/32 :    0
n23g0020:331107:331739 [0] NCCL INFO Channel 12/32 :    0
n23g0020:331107:331739 [0] NCCL INFO Channel 13/32 :    0
n23g0020:331107:331739 [0] NCCL INFO Channel 14/32 :    0
n23g0020:331107:331739 [0] NCCL INFO Channel 15/32 :    0
n23g0020:331107:331739 [0] NCCL INFO Channel 16/32 :    0
n23g0020:331107:331739 [0] NCCL INFO Channel 17/32 :    0
n23g0020:331107:331739 [0] NCCL INFO Channel 18/32 :    0
n23g0020:331107:331739 [0] NCCL INFO Channel 19/32 :    0
n23g0020:331107:331739 [0] NCCL INFO Channel 20/32 :    0
n23g0020:331107:331739 [0] NCCL INFO Channel 21/32 :    0
n23g0020:331107:331739 [0] NCCL INFO Channel 22/32 :    0
n23g0020:331107:331739 [0] NCCL INFO Channel 23/32 :    0
n23g0020:331107:331739 [0] NCCL INFO Channel 24/32 :    0
n23g0020:331107:331739 [0] NCCL INFO Channel 25/32 :    0
n23g0020:331107:331739 [0] NCCL INFO Channel 26/32 :    0
n23g0020:331107:331739 [0] NCCL INFO Channel 27/32 :    0
n23g0020:331107:331739 [0] NCCL INFO Channel 28/32 :    0
n23g0020:331107:331739 [0] NCCL INFO Channel 29/32 :    0
n23g0020:331107:331739 [0] NCCL INFO Channel 30/32 :    0
n23g0020:331107:331739 [0] NCCL INFO Channel 31/32 :    0
n23g0020:331107:331739 [0] NCCL INFO Trees [0] -1/-1/-1->0->-1 [1] -1/-1/-1->0->-1 [2] -1/-1/-1->0->-1 [3] -1/-1/-1->0->-1 [4] -1/-1/-1->0->-1 [5] -1/-1/-1->0->-1 [6] -1/-1/-1->0->-1 [7] -1/-1/-1->0->-1 [8] -1/-1/-1->0->-1 [9] -1/-1/-1->0->-1 [10] -1/-1/-1->0->-1 [11] -1/-1/-1->0->-1 [12] -1/-1/-1->0->-1 [13] -1/-1/-1->0->-1 [14] -1/-1/-1->0->-1 [15] -1/-1/-1->0->-1 [16] -1/-1/-1->0->-1 [17] -1/-1/-1->0->-1 [18] -1/-1/-1->0->-1 [19] -1/-1/-1->0->-1 [20] -1/-1/-1->0->-1 [21] -1/-1/-1->0->-1 [22] -1/-1/-1->0->-1 [23] -1/-1/-1->0->-1 [24] -1/-1/-1->0->-1 [25] -1/-1/-1->0->-1 [26] -1/-1/-1->0->-1 [27] -1/-1/-1->0->-1 [28] -1/-1/-1->0->-1 [29] -1/-1/-1->0->-1 [30] -1/-1/-1->0->-1 [31] -1/-1/-1->0->-1
n23g0020:331107:331739 [0] NCCL INFO P2P Chunksize set to 131072
n23g0020:331107:331739 [0] NCCL INFO Connected all rings
n23g0020:331107:331739 [0] NCCL INFO Connected all trees
n23g0020:331107:331739 [0] NCCL INFO 32 coll channels, 0 collnet channels, 0 nvls channels, 32 p2p channels, 32 p2p channels per peer
n23g0020:331107:331739 [0] NCCL INFO comm 0x562ff3289af0 rank 0 nranks 1 cudaDev 0 nvmlDev 0 busId 2c000 commId 0x83366bb755b7d9c3 - Init COMPLETE
{'loss': 2.7201, 'grad_norm': 3.431243419647217, 'learning_rate': 0.0, 'epoch': 0.0}
{'loss': 2.2441, 'grad_norm': 5.601808547973633, 'learning_rate': 9.800000000000001e-06, 'epoch': 0.2}
{'loss': 1.8251, 'grad_norm': 6.857228755950928, 'learning_rate': 1.9800000000000004e-05, 'epoch': 0.4}
{'loss': 1.3399, 'grad_norm': 2.197499990463257, 'learning_rate': 2.97e-05, 'epoch': 0.6}
{'loss': 1.2026, 'grad_norm': 6.147135257720947, 'learning_rate': 3.97e-05, 'epoch': 0.8}
{'loss': 1.1077, 'grad_norm': 1.7658984661102295, 'learning_rate': 4.97e-05, 'epoch': 1.0}
{'eval_loss': 0.8007139563560486, 'eval_wer': 0.39625279642058164, 'eval_runtime': 1536.9287, 'eval_samples_per_second': 5.205, 'eval_steps_per_second': 5.205, 'epoch': 1.0}
{'loss': 1.0184, 'grad_norm': 3.8716776371002197, 'learning_rate': 5.97e-05, 'epoch': 1.2}
{'loss': 0.9717, 'grad_norm': 1.7679989337921143, 'learning_rate': 6.97e-05, 'epoch': 1.4}
{'loss': 1.009, 'grad_norm': 2.063105344772339, 'learning_rate': 7.970000000000001e-05, 'epoch': 1.6}
{'loss': 0.9588, 'grad_norm': 2.6671242713928223, 'learning_rate': 8.970000000000001e-05, 'epoch': 1.8}
{'loss': 0.9443, 'grad_norm': 3.258976697921753, 'learning_rate': 9.970000000000001e-05, 'epoch': 2.0}
{'eval_loss': 0.7209112644195557, 'eval_wer': 0.3467028869713433, 'eval_runtime': 1532.911, 'eval_samples_per_second': 5.219, 'eval_steps_per_second': 5.219, 'epoch': 2.0}
{'loss': 0.9013, 'grad_norm': 1.6504380702972412, 'learning_rate': 0.0001, 'epoch': 2.2}
{'loss': 0.8838, 'grad_norm': 2.2042720317840576, 'learning_rate': 0.0001, 'epoch': 2.4}
{'loss': 0.8898, 'grad_norm': 1.9274080991744995, 'learning_rate': 0.0001, 'epoch': 2.6}
{'loss': 0.8744, 'grad_norm': 2.1965742111206055, 'learning_rate': 0.0001, 'epoch': 2.8}
{'loss': 0.8958, 'grad_norm': 2.1786153316497803, 'learning_rate': 0.0001, 'epoch': 3.0}
{'eval_loss': 0.6589758396148682, 'eval_wer': 0.33149568552253117, 'eval_runtime': 1550.3581, 'eval_samples_per_second': 5.16, 'eval_steps_per_second': 5.16, 'epoch': 3.0}
{'loss': 0.8629, 'grad_norm': 2.623110055923462, 'learning_rate': 0.0001, 'epoch': 3.2}
{'loss': 0.8624, 'grad_norm': 3.815462827682495, 'learning_rate': 0.0001, 'epoch': 3.4}
{'loss': 0.8449, 'grad_norm': 3.9962575435638428, 'learning_rate': 0.0001, 'epoch': 3.6}
{'loss': 0.8246, 'grad_norm': 2.75083065032959, 'learning_rate': 0.0001, 'epoch': 3.8}
{'loss': 0.8086, 'grad_norm': 5.474255084991455, 'learning_rate': 0.0001, 'epoch': 4.0}
{'eval_loss': 0.6524296998977661, 'eval_wer': 0.32329285181634176, 'eval_runtime': 1529.4673, 'eval_samples_per_second': 5.231, 'eval_steps_per_second': 5.231, 'epoch': 4.0}
{'loss': 0.8155, 'grad_norm': 1.8526073694229126, 'learning_rate': 0.0001, 'epoch': 4.2}
{'loss': 0.8069, 'grad_norm': 2.8188018798828125, 'learning_rate': 0.0001, 'epoch': 4.4}
{'loss': 0.8246, 'grad_norm': 2.8608083724975586, 'learning_rate': 0.0001, 'epoch': 4.6}
{'loss': 0.7914, 'grad_norm': 7.135434150695801, 'learning_rate': 0.0001, 'epoch': 4.8}
{'loss': 0.8109, 'grad_norm': 2.0308613777160645, 'learning_rate': 0.0001, 'epoch': 5.0}
{'eval_loss': 0.6396976113319397, 'eval_wer': 0.32065622669649513, 'eval_runtime': 1540.7089, 'eval_samples_per_second': 5.192, 'eval_steps_per_second': 5.192, 'epoch': 5.0}
{'loss': 0.8166, 'grad_norm': 3.432337522506714, 'learning_rate': 0.0001, 'epoch': 5.2}
{'loss': 0.781, 'grad_norm': 2.2631781101226807, 'learning_rate': 0.0001, 'epoch': 5.4}
{'loss': 0.7735, 'grad_norm': 2.3706493377685547, 'learning_rate': 0.0001, 'epoch': 5.6}
{'loss': 0.7882, 'grad_norm': 2.1669201850891113, 'learning_rate': 0.0001, 'epoch': 5.8}
{'loss': 0.7797, 'grad_norm': 4.335942268371582, 'learning_rate': 0.0001, 'epoch': 6.0}
{'eval_loss': 0.6282011866569519, 'eval_wer': 0.31606210716948974, 'eval_runtime': 1527.286, 'eval_samples_per_second': 5.238, 'eval_steps_per_second': 5.238, 'epoch': 6.0}
{'loss': 0.772, 'grad_norm': 1.729552149772644, 'learning_rate': 0.0001, 'epoch': 6.2}
{'loss': 0.7783, 'grad_norm': 4.181524753570557, 'learning_rate': 0.0001, 'epoch': 6.4}
{'loss': 0.7311, 'grad_norm': 1.9605530500411987, 'learning_rate': 0.0001, 'epoch': 6.6}
{'loss': 0.7538, 'grad_norm': 3.80930233001709, 'learning_rate': 0.0001, 'epoch': 6.8}
{'loss': 0.7929, 'grad_norm': 3.1193559169769287, 'learning_rate': 0.0001, 'epoch': 7.0}
{'eval_loss': 0.6113741397857666, 'eval_wer': 0.31185416000852245, 'eval_runtime': 1526.4762, 'eval_samples_per_second': 5.241, 'eval_steps_per_second': 5.241, 'epoch': 7.0}
{'loss': 0.7501, 'grad_norm': 1.9128565788269043, 'learning_rate': 0.0001, 'epoch': 7.2}
{'loss': 0.7342, 'grad_norm': 3.102856159210205, 'learning_rate': 0.0001, 'epoch': 7.4}
{'loss': 0.7429, 'grad_norm': 2.081550359725952, 'learning_rate': 0.0001, 'epoch': 7.6}
{'loss': 0.7407, 'grad_norm': 2.166853904724121, 'learning_rate': 0.0001, 'epoch': 7.8}
{'loss': 0.7515, 'grad_norm': 1.8777436017990112, 'learning_rate': 0.0001, 'epoch': 8.0}
{'eval_loss': 0.6097738742828369, 'eval_wer': 0.3126131884521146, 'eval_runtime': 1524.4699, 'eval_samples_per_second': 5.248, 'eval_steps_per_second': 5.248, 'epoch': 8.0}
{'loss': 0.7191, 'grad_norm': 2.02428936958313, 'learning_rate': 0.0001, 'epoch': 8.2}
{'loss': 0.7142, 'grad_norm': 1.983032464981079, 'learning_rate': 0.0001, 'epoch': 8.4}
{'loss': 0.7319, 'grad_norm': 2.3724753856658936, 'learning_rate': 0.0001, 'epoch': 8.6}
{'loss': 0.7366, 'grad_norm': 4.913389682769775, 'learning_rate': 0.0001, 'epoch': 8.8}
{'loss': 0.7402, 'grad_norm': 2.2959442138671875, 'learning_rate': 0.0001, 'epoch': 9.0}
{'eval_loss': 0.5991348624229431, 'eval_wer': 0.31064237775647174, 'eval_runtime': 1556.0615, 'eval_samples_per_second': 5.141, 'eval_steps_per_second': 5.141, 'epoch': 9.0}
{'loss': 0.7253, 'grad_norm': 1.6172701120376587, 'learning_rate': 0.0001, 'epoch': 9.2}
{'loss': 0.7134, 'grad_norm': 3.2458653450012207, 'learning_rate': 0.0001, 'epoch': 9.4}
{'loss': 0.7186, 'grad_norm': 2.22465181350708, 'learning_rate': 0.0001, 'epoch': 9.6}
{'loss': 0.7336, 'grad_norm': 1.808160424232483, 'learning_rate': 0.0001, 'epoch': 9.8}
{'loss': 0.7174, 'grad_norm': 4.780146598815918, 'learning_rate': 0.0001, 'epoch': 10.0}
{'eval_loss': 0.627206027507782, 'eval_wer': 0.30925748375412804, 'eval_runtime': 1530.059, 'eval_samples_per_second': 5.229, 'eval_steps_per_second': 5.229, 'epoch': 10.0}
{'loss': 0.702, 'grad_norm': 1.7664258480072021, 'learning_rate': 0.0001, 'epoch': 10.2}
{'loss': 0.7111, 'grad_norm': 1.352794885635376, 'learning_rate': 0.0001, 'epoch': 10.4}
{'loss': 0.7015, 'grad_norm': 1.9574354887008667, 'learning_rate': 0.0001, 'epoch': 10.6}
{'loss': 0.6923, 'grad_norm': 2.102569341659546, 'learning_rate': 0.0001, 'epoch': 10.8}
{'loss': 0.7003, 'grad_norm': 3.152726650238037, 'learning_rate': 0.0001, 'epoch': 11.0}
{'eval_loss': 0.6065492033958435, 'eval_wer': 0.3095770746777458, 'eval_runtime': 1528.165, 'eval_samples_per_second': 5.235, 'eval_steps_per_second': 5.235, 'epoch': 11.0}
{'loss': 0.6902, 'grad_norm': 1.6637587547302246, 'learning_rate': 0.0001, 'epoch': 11.2}
{'loss': 0.6926, 'grad_norm': 5.592334747314453, 'learning_rate': 0.0001, 'epoch': 11.4}
{'loss': 0.6962, 'grad_norm': 1.955493450164795, 'learning_rate': 0.0001, 'epoch': 11.6}
{'loss': 0.6915, 'grad_norm': 1.5600695610046387, 'learning_rate': 0.0001, 'epoch': 11.8}
{'loss': 0.6954, 'grad_norm': 2.4023218154907227, 'learning_rate': 0.0001, 'epoch': 12.0}
{'eval_loss': 0.6020909547805786, 'eval_wer': 0.30682060296154257, 'eval_runtime': 1543.9989, 'eval_samples_per_second': 5.181, 'eval_steps_per_second': 5.181, 'epoch': 12.0}
{'loss': 0.6824, 'grad_norm': 1.7698065042495728, 'learning_rate': 0.0001, 'epoch': 12.2}
{'loss': 0.7102, 'grad_norm': 2.076340913772583, 'learning_rate': 0.0001, 'epoch': 12.4}
{'loss': 0.661, 'grad_norm': 1.8740402460098267, 'learning_rate': 0.0001, 'epoch': 12.6}
{'loss': 0.6919, 'grad_norm': 2.1263856887817383, 'learning_rate': 0.0001, 'epoch': 12.8}
{'loss': 0.6586, 'grad_norm': 3.49058198928833, 'learning_rate': 0.0001, 'epoch': 13.0}
{'eval_loss': 0.6005938053131104, 'eval_wer': 0.30514275061254925, 'eval_runtime': 1540.4462, 'eval_samples_per_second': 5.193, 'eval_steps_per_second': 5.193, 'epoch': 13.0}
{'loss': 0.6864, 'grad_norm': 3.0921478271484375, 'learning_rate': 0.0001, 'epoch': 13.2}
{'loss': 0.6724, 'grad_norm': 2.0241901874542236, 'learning_rate': 0.0001, 'epoch': 13.4}
{'loss': 0.6499, 'grad_norm': 2.438913583755493, 'learning_rate': 0.0001, 'epoch': 13.6}
{'loss': 0.6786, 'grad_norm': 2.1489930152893066, 'learning_rate': 0.0001, 'epoch': 13.8}
{'loss': 0.6577, 'grad_norm': 2.1572229862213135, 'learning_rate': 0.0001, 'epoch': 14.0}
{'eval_loss': 0.6019413471221924, 'eval_wer': 0.30636784915308407, 'eval_runtime': 1558.6921, 'eval_samples_per_second': 5.133, 'eval_steps_per_second': 5.133, 'epoch': 14.0}
{'loss': 0.6692, 'grad_norm': 2.153337240219116, 'learning_rate': 0.0001, 'epoch': 14.2}
{'loss': 0.6577, 'grad_norm': 1.947062373161316, 'learning_rate': 0.0001, 'epoch': 14.4}
{'loss': 0.6717, 'grad_norm': 8.496295928955078, 'learning_rate': 0.0001, 'epoch': 14.6}
{'loss': 0.6512, 'grad_norm': 2.3024866580963135, 'learning_rate': 0.0001, 'epoch': 14.8}
{'loss': 0.6696, 'grad_norm': 2.5179827213287354, 'learning_rate': 0.0001, 'epoch': 15.0}
{'eval_loss': 0.6040865182876587, 'eval_wer': 0.3058351976137211, 'eval_runtime': 1542.7742, 'eval_samples_per_second': 5.185, 'eval_steps_per_second': 5.185, 'epoch': 15.0}
{'loss': 0.6538, 'grad_norm': 1.8992955684661865, 'learning_rate': 0.0001, 'epoch': 15.2}
{'loss': 0.6589, 'grad_norm': 2.5363759994506836, 'learning_rate': 0.0001, 'epoch': 15.4}
{'loss': 0.6559, 'grad_norm': 3.170335292816162, 'learning_rate': 0.0001, 'epoch': 15.6}
{'loss': 0.6687, 'grad_norm': 1.922520399093628, 'learning_rate': 0.0001, 'epoch': 15.8}
{'loss': 0.6303, 'grad_norm': 3.2434704303741455, 'learning_rate': 0.0001, 'epoch': 16.0}
{'eval_loss': 0.6021493077278137, 'eval_wer': 0.30530254607435814, 'eval_runtime': 1532.6726, 'eval_samples_per_second': 5.22, 'eval_steps_per_second': 5.22, 'epoch': 16.0}
{'loss': 0.642, 'grad_norm': 2.0600457191467285, 'learning_rate': 0.0001, 'epoch': 16.2}
{'loss': 0.6591, 'grad_norm': 2.6972649097442627, 'learning_rate': 0.0001, 'epoch': 16.4}
{'loss': 0.6624, 'grad_norm': 3.6140263080596924, 'learning_rate': 0.0001, 'epoch': 16.6}
{'loss': 0.6367, 'grad_norm': 2.277909755706787, 'learning_rate': 0.0001, 'epoch': 16.8}
{'loss': 0.6426, 'grad_norm': 3.387897253036499, 'learning_rate': 0.0001, 'epoch': 17.0}
{'eval_loss': 0.5966845750808716, 'eval_wer': 0.30551560669010336, 'eval_runtime': 1521.1798, 'eval_samples_per_second': 5.259, 'eval_steps_per_second': 5.259, 'epoch': 17.0}
{'loss': 0.64, 'grad_norm': 1.7283586263656616, 'learning_rate': 0.0001, 'epoch': 17.2}
{'loss': 0.6613, 'grad_norm': 2.859487771987915, 'learning_rate': 0.0001, 'epoch': 17.4}
{'loss': 0.6189, 'grad_norm': 1.9265774488449097, 'learning_rate': 0.0001, 'epoch': 17.6}
{'loss': 0.6313, 'grad_norm': 1.7825498580932617, 'learning_rate': 0.0001, 'epoch': 17.8}
{'loss': 0.6536, 'grad_norm': 2.559068202972412, 'learning_rate': 0.0001, 'epoch': 18.0}
{'eval_loss': 0.5952754616737366, 'eval_wer': 0.30201342281879195, 'eval_runtime': 1539.591, 'eval_samples_per_second': 5.196, 'eval_steps_per_second': 5.196, 'epoch': 18.0}
{'loss': 0.62, 'grad_norm': 3.1274962425231934, 'learning_rate': 0.0001, 'epoch': 18.2}
{'loss': 0.623, 'grad_norm': 3.1788604259490967, 'learning_rate': 0.0001, 'epoch': 18.4}
{'loss': 0.6331, 'grad_norm': 3.550630807876587, 'learning_rate': 0.0001, 'epoch': 18.6}
{'loss': 0.624, 'grad_norm': 1.9208325147628784, 'learning_rate': 0.0001, 'epoch': 18.8}
{'loss': 0.6444, 'grad_norm': 1.9340627193450928, 'learning_rate': 0.0001, 'epoch': 19.0}
{'eval_loss': 0.5988625288009644, 'eval_wer': 0.3015340364333653, 'eval_runtime': 1549.6066, 'eval_samples_per_second': 5.163, 'eval_steps_per_second': 5.163, 'epoch': 19.0}
{'loss': 0.6386, 'grad_norm': 1.862810492515564, 'learning_rate': 0.0001, 'epoch': 19.2}
{'loss': 0.6371, 'grad_norm': 2.169055461883545, 'learning_rate': 0.0001, 'epoch': 19.4}
{'loss': 0.6006, 'grad_norm': 1.9725478887557983, 'learning_rate': 0.0001, 'epoch': 19.6}
{'loss': 0.6227, 'grad_norm': 1.7515661716461182, 'learning_rate': 0.0001, 'epoch': 19.8}
{'loss': 0.6301, 'grad_norm': 2.9378230571746826, 'learning_rate': 0.0001, 'epoch': 20.0}
{'eval_loss': 0.6078801155090332, 'eval_wer': 0.3009081708746138, 'eval_runtime': 1536.9889, 'eval_samples_per_second': 5.205, 'eval_steps_per_second': 5.205, 'epoch': 20.0}
{'train_runtime': 33207.3613, 'train_samples_per_second': 19.268, 'train_steps_per_second': 0.301, 'train_loss': 0.7709197177886963, 'epoch': 20.0}
[ASR][Trainer Eval] {'eval_loss': 0.6078801155090332, 'eval_wer': 0.3009081708746138, 'eval_runtime': 1547.662, 'eval_samples_per_second': 5.169, 'eval_steps_per_second': 5.169, 'epoch': 20.0}
[SER] Skipped (phase != 'all'/'ser').
n23g0020:331107:331992 [0] NCCL INFO [Service thread] Connection closed by localRank 0
n23g0020:331107:382389 [0] NCCL INFO comm 0x562ff3289af0 rank 0 nranks 1 cudaDev 0 busId 2c000 - Abort COMPLETE
[TRAIN][SER] Starting SER phase ...
[Setup] Using device: cuda
[Setup] no_cuda flag set to: False
[ASR] Skipped (phase != 'all'/'asr').
[SER] Loading model + extractor…
[SER] Starting from pretrained: models/pretrained/en
trainable params: 1,327,104 || all params: 96,295,560 || trainable%: 1.3782
[SER] Trainable parameters: 1327104 / 96295560
[SER] tensors requiring grad: 144
[SER] truncating to 102719 frames (~6.42s)
[SER] class counts: {4: 6792, 7: 1408, 3: 5556, 5: 6384, 0: 6044, 2: 4140, 1: 3500, 6: 768}
[SER] class weights: [0.7154202461242676, 1.2354285717010498, 1.0444444417953491, 0.7782577276229858, 0.6366313099861145, 0.677318274974823, 5.630208492279053, 3.0710227489471436]
[SER] Sanity loss (1 batch): 2.169867753982544
[SER] Starting training with HuggingFace Trainer…
n23g0020:382542:382542 [0] NCCL INFO Bootstrap : Using ib0:134.61.46.216<0>
n23g0020:382542:382542 [0] NCCL INFO NET/Plugin : dlerror=libnccl-net.so: cannot open shared object file: No such file or directory No plugin found (libnccl-net.so), using internal implementation
n23g0020:382542:382542 [0] NCCL INFO cudaDriverVersion 12080
NCCL version 2.20.5+cuda12.4
n23g0020:382542:395102 [0] NCCL INFO NET/IB : Using [0]mlx5_0:1/IB [1]mlx5_1:1/IB [RO]; OOB ib0:134.61.46.216<0>
n23g0020:382542:395102 [0] NCCL INFO Using non-device net plugin version 0
n23g0020:382542:395102 [0] NCCL INFO Using network IB
n23g0020:382542:395102 [0] NCCL INFO DMA-BUF is available on GPU device 0
n23g0020:382542:395102 [0] NCCL INFO comm 0x55cec1b17b10 rank 0 nranks 1 cudaDev 0 nvmlDev 0 busId 2c000 commId 0x22c232a987d710c5 - Init START
n23g0020:382542:395102 [0] NCCL INFO comm 0x55cec1b17b10 rank 0 nRanks 1 nNodes 1 localRanks 1 localRank 0 MNNVL 0
n23g0020:382542:395102 [0] NCCL INFO Channel 00/32 :    0
n23g0020:382542:395102 [0] NCCL INFO Channel 01/32 :    0
n23g0020:382542:395102 [0] NCCL INFO Channel 02/32 :    0
n23g0020:382542:395102 [0] NCCL INFO Channel 03/32 :    0
n23g0020:382542:395102 [0] NCCL INFO Channel 04/32 :    0
n23g0020:382542:395102 [0] NCCL INFO Channel 05/32 :    0
n23g0020:382542:395102 [0] NCCL INFO Channel 06/32 :    0
n23g0020:382542:395102 [0] NCCL INFO Channel 07/32 :    0
n23g0020:382542:395102 [0] NCCL INFO Channel 08/32 :    0
n23g0020:382542:395102 [0] NCCL INFO Channel 09/32 :    0
n23g0020:382542:395102 [0] NCCL INFO Channel 10/32 :    0
n23g0020:382542:395102 [0] NCCL INFO Channel 11/32 :    0
n23g0020:382542:395102 [0] NCCL INFO Channel 12/32 :    0
n23g0020:382542:395102 [0] NCCL INFO Channel 13/32 :    0
n23g0020:382542:395102 [0] NCCL INFO Channel 14/32 :    0
n23g0020:382542:395102 [0] NCCL INFO Channel 15/32 :    0
n23g0020:382542:395102 [0] NCCL INFO Channel 16/32 :    0
n23g0020:382542:395102 [0] NCCL INFO Channel 17/32 :    0
n23g0020:382542:395102 [0] NCCL INFO Channel 18/32 :    0
n23g0020:382542:395102 [0] NCCL INFO Channel 19/32 :    0
n23g0020:382542:395102 [0] NCCL INFO Channel 20/32 :    0
n23g0020:382542:395102 [0] NCCL INFO Channel 21/32 :    0
n23g0020:382542:395102 [0] NCCL INFO Channel 22/32 :    0
n23g0020:382542:395102 [0] NCCL INFO Channel 23/32 :    0
n23g0020:382542:395102 [0] NCCL INFO Channel 24/32 :    0
n23g0020:382542:395102 [0] NCCL INFO Channel 25/32 :    0
n23g0020:382542:395102 [0] NCCL INFO Channel 26/32 :    0
n23g0020:382542:395102 [0] NCCL INFO Channel 27/32 :    0
n23g0020:382542:395102 [0] NCCL INFO Channel 28/32 :    0
n23g0020:382542:395102 [0] NCCL INFO Channel 29/32 :    0
n23g0020:382542:395102 [0] NCCL INFO Channel 30/32 :    0
n23g0020:382542:395102 [0] NCCL INFO Channel 31/32 :    0
n23g0020:382542:395102 [0] NCCL INFO Trees [0] -1/-1/-1->0->-1 [1] -1/-1/-1->0->-1 [2] -1/-1/-1->0->-1 [3] -1/-1/-1->0->-1 [4] -1/-1/-1->0->-1 [5] -1/-1/-1->0->-1 [6] -1/-1/-1->0->-1 [7] -1/-1/-1->0->-1 [8] -1/-1/-1->0->-1 [9] -1/-1/-1->0->-1 [10] -1/-1/-1->0->-1 [11] -1/-1/-1->0->-1 [12] -1/-1/-1->0->-1 [13] -1/-1/-1->0->-1 [14] -1/-1/-1->0->-1 [15] -1/-1/-1->0->-1 [16] -1/-1/-1->0->-1 [17] -1/-1/-1->0->-1 [18] -1/-1/-1->0->-1 [19] -1/-1/-1->0->-1 [20] -1/-1/-1->0->-1 [21] -1/-1/-1->0->-1 [22] -1/-1/-1->0->-1 [23] -1/-1/-1->0->-1 [24] -1/-1/-1->0->-1 [25] -1/-1/-1->0->-1 [26] -1/-1/-1->0->-1 [27] -1/-1/-1->0->-1 [28] -1/-1/-1->0->-1 [29] -1/-1/-1->0->-1 [30] -1/-1/-1->0->-1 [31] -1/-1/-1->0->-1
n23g0020:382542:395102 [0] NCCL INFO P2P Chunksize set to 131072
n23g0020:382542:395102 [0] NCCL INFO Connected all rings
n23g0020:382542:395102 [0] NCCL INFO Connected all trees
n23g0020:382542:395102 [0] NCCL INFO 32 coll channels, 0 collnet channels, 0 nvls channels, 32 p2p channels, 32 p2p channels per peer
n23g0020:382542:395102 [0] NCCL INFO comm 0x55cec1b17b10 rank 0 nranks 1 cudaDev 0 nvmlDev 0 busId 2c000 commId 0x22c232a987d710c5 - Init COMPLETE
{'loss': 2.0858, 'grad_norm': 0.06507686525583267, 'learning_rate': 7.63888888888889e-06, 'epoch': 0.23}
{'loss': 2.0847, 'grad_norm': 0.07723721861839294, 'learning_rate': 1.5354938271604938e-05, 'epoch': 0.46}
{'loss': 2.0816, 'grad_norm': 0.13532376289367676, 'learning_rate': 2.307098765432099e-05, 'epoch': 0.69}
{'loss': 2.0663, 'grad_norm': 0.1664438545703888, 'learning_rate': 3.0787037037037034e-05, 'epoch': 0.93}
{'eval_loss': 2.063833713531494, 'eval_accuracy': 0.11579401611047181, 'eval_f1': 0.042210040147707475, 'eval_runtime': 83.5633, 'eval_samples_per_second': 83.194, 'eval_steps_per_second': 83.194, 'epoch': 1.0}
{'loss': 2.0386, 'grad_norm': 0.24631282687187195, 'learning_rate': 3.850308641975309e-05, 'epoch': 1.16}
{'loss': 2.0102, 'grad_norm': 0.401702880859375, 'learning_rate': 4.6219135802469136e-05, 'epoch': 1.39}
{'loss': 1.966, 'grad_norm': 0.45016294717788696, 'learning_rate': 5.393518518518519e-05, 'epoch': 1.62}
{'loss': 1.951, 'grad_norm': 0.525634765625, 'learning_rate': 6.165123456790125e-05, 'epoch': 1.85}
{'eval_loss': 1.9492173194885254, 'eval_accuracy': 0.2317318757192175, 'eval_f1': 0.15319418115356304, 'eval_runtime': 88.8732, 'eval_samples_per_second': 78.224, 'eval_steps_per_second': 78.224, 'epoch': 2.0}
{'loss': 1.9415, 'grad_norm': 1.0475564002990723, 'learning_rate': 6.93672839506173e-05, 'epoch': 2.08}
{'loss': 1.9227, 'grad_norm': 0.6741186380386353, 'learning_rate': 7.708333333333334e-05, 'epoch': 2.31}
{'loss': 1.9116, 'grad_norm': 0.7979686856269836, 'learning_rate': 8.479938271604939e-05, 'epoch': 2.55}
{'loss': 1.8799, 'grad_norm': 0.7696875333786011, 'learning_rate': 9.251543209876544e-05, 'epoch': 2.78}
{'eval_loss': 1.8881958723068237, 'eval_accuracy': 0.2663981588032221, 'eval_f1': 0.16902824506749808, 'eval_runtime': 86.8645, 'eval_samples_per_second': 80.033, 'eval_steps_per_second': 80.033, 'epoch': 3.0}
{'loss': 1.8497, 'grad_norm': 2.658916711807251, 'learning_rate': 9.997427983539095e-05, 'epoch': 3.01}
{'loss': 1.834, 'grad_norm': 3.4605817794799805, 'learning_rate': 9.911694101508917e-05, 'epoch': 3.24}
{'loss': 1.8283, 'grad_norm': 2.239955425262451, 'learning_rate': 9.825960219478739e-05, 'epoch': 3.47}
{'loss': 1.8366, 'grad_norm': 1.1156178712844849, 'learning_rate': 9.74022633744856e-05, 'epoch': 3.7}
{'loss': 1.7939, 'grad_norm': 1.336189866065979, 'learning_rate': 9.654492455418381e-05, 'epoch': 3.94}
{'eval_loss': 1.7498332262039185, 'eval_accuracy': 0.3447928653624856, 'eval_f1': 0.2605089837949538, 'eval_runtime': 90.4161, 'eval_samples_per_second': 76.889, 'eval_steps_per_second': 76.889, 'epoch': 4.0}
{'loss': 1.7761, 'grad_norm': 5.386855602264404, 'learning_rate': 9.568758573388203e-05, 'epoch': 4.17}
{'loss': 1.7731, 'grad_norm': 1.5637468099594116, 'learning_rate': 9.483024691358025e-05, 'epoch': 4.4}
{'loss': 1.7441, 'grad_norm': 1.5171918869018555, 'learning_rate': 9.397290809327847e-05, 'epoch': 4.63}
{'loss': 1.7363, 'grad_norm': 1.594366192817688, 'learning_rate': 9.311556927297669e-05, 'epoch': 4.86}
{'eval_loss': 1.7408982515335083, 'eval_accuracy': 0.3456559263521289, 'eval_f1': 0.2697862625495693, 'eval_runtime': 89.1978, 'eval_samples_per_second': 77.939, 'eval_steps_per_second': 77.939, 'epoch': 5.0}
{'loss': 1.7258, 'grad_norm': 2.9330360889434814, 'learning_rate': 9.22582304526749e-05, 'epoch': 5.09}
{'loss': 1.7197, 'grad_norm': 2.540351152420044, 'learning_rate': 9.140089163237312e-05, 'epoch': 5.32}
{'loss': 1.7081, 'grad_norm': 4.89941930770874, 'learning_rate': 9.054355281207132e-05, 'epoch': 5.56}
{'loss': 1.7054, 'grad_norm': 8.928251266479492, 'learning_rate': 8.968621399176956e-05, 'epoch': 5.79}
{'eval_loss': 1.70403254032135, 'eval_accuracy': 0.3833429228998849, 'eval_f1': 0.31143702288549924, 'eval_runtime': 90.6187, 'eval_samples_per_second': 76.717, 'eval_steps_per_second': 76.717, 'epoch': 6.0}
{'loss': 1.6875, 'grad_norm': 3.297189235687256, 'learning_rate': 8.882887517146778e-05, 'epoch': 6.02}
{'loss': 1.6922, 'grad_norm': 11.344573974609375, 'learning_rate': 8.797153635116598e-05, 'epoch': 6.25}
{'loss': 1.7071, 'grad_norm': 1.392539381980896, 'learning_rate': 8.71141975308642e-05, 'epoch': 6.48}
{'loss': 1.6734, 'grad_norm': 6.307254791259766, 'learning_rate': 8.625685871056241e-05, 'epoch': 6.71}
{'loss': 1.6675, 'grad_norm': 3.8861019611358643, 'learning_rate': 8.539951989026064e-05, 'epoch': 6.94}
{'eval_loss': 1.6915943622589111, 'eval_accuracy': 0.38981588032220943, 'eval_f1': 0.3216547825739815, 'eval_runtime': 90.1605, 'eval_samples_per_second': 77.107, 'eval_steps_per_second': 77.107, 'epoch': 7.0}
{'loss': 1.6561, 'grad_norm': 1.5838392972946167, 'learning_rate': 8.454218106995885e-05, 'epoch': 7.18}
{'loss': 1.6636, 'grad_norm': 2.3348586559295654, 'learning_rate': 8.368484224965707e-05, 'epoch': 7.41}
{'loss': 1.65, 'grad_norm': 2.4040963649749756, 'learning_rate': 8.282750342935528e-05, 'epoch': 7.64}
{'loss': 1.6277, 'grad_norm': 10.89582633972168, 'learning_rate': 8.19701646090535e-05, 'epoch': 7.87}
{'eval_loss': 1.6700575351715088, 'eval_accuracy': 0.3968642117376295, 'eval_f1': 0.3153039319019179, 'eval_runtime': 89.6792, 'eval_samples_per_second': 77.521, 'eval_steps_per_second': 77.521, 'epoch': 8.0}
{'loss': 1.6131, 'grad_norm': 1.7953964471817017, 'learning_rate': 8.111282578875173e-05, 'epoch': 8.1}
{'loss': 1.6154, 'grad_norm': 7.0610175132751465, 'learning_rate': 8.025548696844994e-05, 'epoch': 8.33}
{'loss': 1.616, 'grad_norm': 1.2434948682785034, 'learning_rate': 7.939814814814816e-05, 'epoch': 8.57}
{'loss': 1.5981, 'grad_norm': 5.094090938568115, 'learning_rate': 7.854080932784636e-05, 'epoch': 8.8}
{'eval_loss': 1.6553186178207397, 'eval_accuracy': 0.3978711162255466, 'eval_f1': 0.3285654168896607, 'eval_runtime': 91.073, 'eval_samples_per_second': 76.334, 'eval_steps_per_second': 76.334, 'epoch': 9.0}
{'loss': 1.5931, 'grad_norm': 1.8772242069244385, 'learning_rate': 7.768347050754458e-05, 'epoch': 9.03}
{'loss': 1.5743, 'grad_norm': 1.9283638000488281, 'learning_rate': 7.68261316872428e-05, 'epoch': 9.26}
{'loss': 1.6009, 'grad_norm': 2.576474189758301, 'learning_rate': 7.596879286694102e-05, 'epoch': 9.49}
{'loss': 1.5949, 'grad_norm': 3.5961086750030518, 'learning_rate': 7.511145404663924e-05, 'epoch': 9.72}
{'loss': 1.5953, 'grad_norm': 2.097238302230835, 'learning_rate': 7.425411522633745e-05, 'epoch': 9.95}
{'eval_loss': 1.6396214962005615, 'eval_accuracy': 0.40089182968929804, 'eval_f1': 0.33735269063528445, 'eval_runtime': 91.6303, 'eval_samples_per_second': 75.87, 'eval_steps_per_second': 75.87, 'epoch': 10.0}
{'loss': 1.5714, 'grad_norm': 1.4063310623168945, 'learning_rate': 7.339677640603567e-05, 'epoch': 10.19}
{'loss': 1.5568, 'grad_norm': 4.002474308013916, 'learning_rate': 7.253943758573389e-05, 'epoch': 10.42}
{'loss': 1.562, 'grad_norm': 2.5674471855163574, 'learning_rate': 7.168209876543211e-05, 'epoch': 10.65}
{'loss': 1.5656, 'grad_norm': 1.608170986175537, 'learning_rate': 7.082475994513031e-05, 'epoch': 10.88}
{'eval_loss': 1.617963433265686, 'eval_accuracy': 0.4247698504027618, 'eval_f1': 0.36575938774975386, 'eval_runtime': 91.1969, 'eval_samples_per_second': 76.231, 'eval_steps_per_second': 76.231, 'epoch': 11.0}
{'loss': 1.5438, 'grad_norm': 6.180649280548096, 'learning_rate': 6.996742112482853e-05, 'epoch': 11.11}
{'loss': 1.5497, 'grad_norm': 1.8689501285552979, 'learning_rate': 6.911008230452675e-05, 'epoch': 11.34}
{'loss': 1.5429, 'grad_norm': 2.9018330574035645, 'learning_rate': 6.825274348422497e-05, 'epoch': 11.57}
{'loss': 1.5572, 'grad_norm': 7.893368244171143, 'learning_rate': 6.73954046639232e-05, 'epoch': 11.81}
{'eval_loss': 1.6072640419006348, 'eval_accuracy': 0.4241944764096663, 'eval_f1': 0.38055870367167904, 'eval_runtime': 91.7217, 'eval_samples_per_second': 75.794, 'eval_steps_per_second': 75.794, 'epoch': 12.0}
{'loss': 1.5419, 'grad_norm': 1.4875799417495728, 'learning_rate': 6.65380658436214e-05, 'epoch': 12.04}
{'loss': 1.5415, 'grad_norm': 2.5625717639923096, 'learning_rate': 6.568072702331962e-05, 'epoch': 12.27}
{'loss': 1.5131, 'grad_norm': 1.4277857542037964, 'learning_rate': 6.482338820301783e-05, 'epoch': 12.5}
{'loss': 1.5658, 'grad_norm': 2.0509111881256104, 'learning_rate': 6.396604938271606e-05, 'epoch': 12.73}
{'loss': 1.5145, 'grad_norm': 4.84310245513916, 'learning_rate': 6.310871056241427e-05, 'epoch': 12.96}
{'eval_loss': 1.589069128036499, 'eval_accuracy': 0.43570195627157654, 'eval_f1': 0.40921201184794204, 'eval_runtime': 91.845, 'eval_samples_per_second': 75.693, 'eval_steps_per_second': 75.693, 'epoch': 13.0}
{'loss': 1.5292, 'grad_norm': 7.8596343994140625, 'learning_rate': 6.225137174211249e-05, 'epoch': 13.19}
{'loss': 1.5181, 'grad_norm': 7.006200313568115, 'learning_rate': 6.13940329218107e-05, 'epoch': 13.43}
{'loss': 1.5144, 'grad_norm': 1.4270379543304443, 'learning_rate': 6.053669410150892e-05, 'epoch': 13.66}
{'loss': 1.4996, 'grad_norm': 2.267611503601074, 'learning_rate': 5.967935528120714e-05, 'epoch': 13.89}
{'eval_loss': 1.5655522346496582, 'eval_accuracy': 0.4417433831990794, 'eval_f1': 0.41685897355857365, 'eval_runtime': 94.0893, 'eval_samples_per_second': 73.887, 'eval_steps_per_second': 73.887, 'epoch': 14.0}
{'loss': 1.4896, 'grad_norm': 2.406736135482788, 'learning_rate': 5.882201646090535e-05, 'epoch': 14.12}
{'loss': 1.5067, 'grad_norm': 9.004196166992188, 'learning_rate': 5.796467764060357e-05, 'epoch': 14.35}
{'loss': 1.5008, 'grad_norm': 4.147213935852051, 'learning_rate': 5.710733882030178e-05, 'epoch': 14.58}
{'loss': 1.4888, 'grad_norm': 6.236024379730225, 'learning_rate': 5.6250000000000005e-05, 'epoch': 14.82}
{'eval_loss': 1.5719094276428223, 'eval_accuracy': 0.4482163406214039, 'eval_f1': 0.41273661149445273, 'eval_runtime': 93.7672, 'eval_samples_per_second': 74.141, 'eval_steps_per_second': 74.141, 'epoch': 15.0}
{'loss': 1.5007, 'grad_norm': 1.7026745080947876, 'learning_rate': 5.5392661179698225e-05, 'epoch': 15.05}
{'loss': 1.5001, 'grad_norm': 1.8393794298171997, 'learning_rate': 5.453532235939643e-05, 'epoch': 15.28}
{'loss': 1.4885, 'grad_norm': 3.6714673042297363, 'learning_rate': 5.367798353909466e-05, 'epoch': 15.51}
{'loss': 1.4839, 'grad_norm': 8.577564239501953, 'learning_rate': 5.2820644718792865e-05, 'epoch': 15.74}
{'loss': 1.4914, 'grad_norm': 4.105590343475342, 'learning_rate': 5.196330589849109e-05, 'epoch': 15.97}
{'eval_loss': 1.5452353954315186, 'eval_accuracy': 0.46245684695051786, 'eval_f1': 0.43827262244027987, 'eval_runtime': 91.4676, 'eval_samples_per_second': 76.005, 'eval_steps_per_second': 76.005, 'epoch': 16.0}
{'loss': 1.4776, 'grad_norm': 1.3014497756958008, 'learning_rate': 5.11059670781893e-05, 'epoch': 16.2}
{'loss': 1.4741, 'grad_norm': 1.7650529146194458, 'learning_rate': 5.024862825788752e-05, 'epoch': 16.44}
{'loss': 1.4648, 'grad_norm': 3.312037706375122, 'learning_rate': 4.939128943758574e-05, 'epoch': 16.67}
{'loss': 1.4621, 'grad_norm': 1.4357531070709229, 'learning_rate': 4.853395061728395e-05, 'epoch': 16.9}
{'eval_loss': 1.5391751527786255, 'eval_accuracy': 0.45670310701956274, 'eval_f1': 0.43180744567522117, 'eval_runtime': 94.5122, 'eval_samples_per_second': 73.557, 'eval_steps_per_second': 73.557, 'epoch': 17.0}
{'loss': 1.4609, 'grad_norm': 2.8131372928619385, 'learning_rate': 4.767661179698217e-05, 'epoch': 17.13}
{'loss': 1.4702, 'grad_norm': 1.993911623954773, 'learning_rate': 4.6819272976680384e-05, 'epoch': 17.36}
{'loss': 1.4777, 'grad_norm': 3.284846305847168, 'learning_rate': 4.5961934156378604e-05, 'epoch': 17.59}
{'loss': 1.4764, 'grad_norm': 9.180473327636719, 'learning_rate': 4.5104595336076823e-05, 'epoch': 17.82}
{'eval_loss': 1.5468957424163818, 'eval_accuracy': 0.4615937859608746, 'eval_f1': 0.4277511445452608, 'eval_runtime': 94.5245, 'eval_samples_per_second': 73.547, 'eval_steps_per_second': 73.547, 'epoch': 18.0}
{'loss': 1.4564, 'grad_norm': 2.041163444519043, 'learning_rate': 4.424725651577504e-05, 'epoch': 18.06}
{'loss': 1.4661, 'grad_norm': 3.977277994155884, 'learning_rate': 4.3389917695473257e-05, 'epoch': 18.29}
{'loss': 1.4621, 'grad_norm': 3.9697532653808594, 'learning_rate': 4.253257887517147e-05, 'epoch': 18.52}
{'loss': 1.4486, 'grad_norm': 6.129646301269531, 'learning_rate': 4.167524005486968e-05, 'epoch': 18.75}
{'loss': 1.4636, 'grad_norm': 3.649367094039917, 'learning_rate': 4.08179012345679e-05, 'epoch': 18.98}
{'eval_loss': 1.5443652868270874, 'eval_accuracy': 0.4644706559263521, 'eval_f1': 0.42548446811501445, 'eval_runtime': 94.2931, 'eval_samples_per_second': 73.728, 'eval_steps_per_second': 73.728, 'epoch': 19.0}
{'loss': 1.4457, 'grad_norm': 2.3101351261138916, 'learning_rate': 3.9960562414266116e-05, 'epoch': 19.21}
{'loss': 1.4412, 'grad_norm': 4.653140068054199, 'learning_rate': 3.9103223593964336e-05, 'epoch': 19.44}
{'loss': 1.4624, 'grad_norm': 4.221227645874023, 'learning_rate': 3.8245884773662556e-05, 'epoch': 19.68}
{'loss': 1.4439, 'grad_norm': 2.951066732406616, 'learning_rate': 3.738854595336077e-05, 'epoch': 19.91}
{'eval_loss': 1.5463448762893677, 'eval_accuracy': 0.46849827387802073, 'eval_f1': 0.4346923916797995, 'eval_runtime': 99.34, 'eval_samples_per_second': 69.982, 'eval_steps_per_second': 69.982, 'epoch': 20.0}
{'loss': 1.4333, 'grad_norm': 2.2815916538238525, 'learning_rate': 3.653120713305899e-05, 'epoch': 20.14}
{'loss': 1.4395, 'grad_norm': 2.397554636001587, 'learning_rate': 3.56738683127572e-05, 'epoch': 20.37}
{'loss': 1.4459, 'grad_norm': 7.462095260620117, 'learning_rate': 3.481652949245542e-05, 'epoch': 20.6}
{'loss': 1.4378, 'grad_norm': 4.139320373535156, 'learning_rate': 3.3959190672153635e-05, 'epoch': 20.83}
{'eval_loss': 1.5235503911972046, 'eval_accuracy': 0.47597813578826237, 'eval_f1': 0.43920518157110744, 'eval_runtime': 94.1716, 'eval_samples_per_second': 73.823, 'eval_steps_per_second': 73.823, 'epoch': 21.0}
{'loss': 1.416, 'grad_norm': 5.113415718078613, 'learning_rate': 3.3101851851851855e-05, 'epoch': 21.06}
{'loss': 1.4296, 'grad_norm': 17.219511032104492, 'learning_rate': 3.2244513031550075e-05, 'epoch': 21.3}
{'loss': 1.4212, 'grad_norm': 2.894545078277588, 'learning_rate': 3.138717421124829e-05, 'epoch': 21.53}
{'loss': 1.4256, 'grad_norm': 4.107293128967285, 'learning_rate': 3.05298353909465e-05, 'epoch': 21.76}
{'loss': 1.4231, 'grad_norm': 16.356170654296875, 'learning_rate': 2.967249657064472e-05, 'epoch': 21.99}
{'eval_loss': 1.492277979850769, 'eval_accuracy': 0.4928078250863061, 'eval_f1': 0.4566331365563612, 'eval_runtime': 92.5969, 'eval_samples_per_second': 75.078, 'eval_steps_per_second': 75.078, 'epoch': 22.0}
{'loss': 1.4225, 'grad_norm': 1.8380777835845947, 'learning_rate': 2.8815157750342937e-05, 'epoch': 22.22}
{'loss': 1.4004, 'grad_norm': 2.6478793621063232, 'learning_rate': 2.795781893004115e-05, 'epoch': 22.45}
{'loss': 1.4061, 'grad_norm': 2.1458709239959717, 'learning_rate': 2.7100480109739367e-05, 'epoch': 22.69}
{'loss': 1.4276, 'grad_norm': 3.206486225128174, 'learning_rate': 2.624314128943759e-05, 'epoch': 22.92}
{'eval_loss': 1.487309455871582, 'eval_accuracy': 0.495253164556962, 'eval_f1': 0.4690996520196122, 'eval_runtime': 95.0066, 'eval_samples_per_second': 73.174, 'eval_steps_per_second': 73.174, 'epoch': 23.0}
{'loss': 1.4128, 'grad_norm': 1.6736294031143188, 'learning_rate': 2.5385802469135807e-05, 'epoch': 23.15}
{'loss': 1.4021, 'grad_norm': 3.8394763469696045, 'learning_rate': 2.452846364883402e-05, 'epoch': 23.38}
{'loss': 1.4153, 'grad_norm': 6.4451727867126465, 'learning_rate': 2.3671124828532237e-05, 'epoch': 23.61}
{'loss': 1.418, 'grad_norm': 6.5809526443481445, 'learning_rate': 2.2813786008230453e-05, 'epoch': 23.84}
{'eval_loss': 1.4866877794265747, 'eval_accuracy': 0.495253164556962, 'eval_f1': 0.4613003168204252, 'eval_runtime': 94.7306, 'eval_samples_per_second': 73.387, 'eval_steps_per_second': 73.387, 'epoch': 24.0}
{'loss': 1.3953, 'grad_norm': 5.1410675048828125, 'learning_rate': 2.195644718792867e-05, 'epoch': 24.07}
{'loss': 1.3963, 'grad_norm': 2.9769415855407715, 'learning_rate': 2.109910836762689e-05, 'epoch': 24.31}
{'loss': 1.3869, 'grad_norm': 4.641637325286865, 'learning_rate': 2.0241769547325103e-05, 'epoch': 24.54}
{'loss': 1.4005, 'grad_norm': 3.26047420501709, 'learning_rate': 1.938443072702332e-05, 'epoch': 24.77}
{'loss': 1.3932, 'grad_norm': 4.505245208740234, 'learning_rate': 1.8527091906721536e-05, 'epoch': 25.0}
{'eval_loss': 1.4753906726837158, 'eval_accuracy': 0.4989930955120829, 'eval_f1': 0.4734406989367383, 'eval_runtime': 95.3227, 'eval_samples_per_second': 72.931, 'eval_steps_per_second': 72.931, 'epoch': 25.0}
{'loss': 1.3825, 'grad_norm': 34.14434051513672, 'learning_rate': 1.7669753086419756e-05, 'epoch': 25.23}
{'loss': 1.3853, 'grad_norm': 7.049842834472656, 'learning_rate': 1.6812414266117972e-05, 'epoch': 25.46}
{'loss': 1.3813, 'grad_norm': 2.0454699993133545, 'learning_rate': 1.5955075445816185e-05, 'epoch': 25.69}
{'loss': 1.3993, 'grad_norm': 8.233732223510742, 'learning_rate': 1.5097736625514405e-05, 'epoch': 25.93}
{'eval_loss': 1.471157431602478, 'eval_accuracy': 0.5056098964326813, 'eval_f1': 0.4762286434805648, 'eval_runtime': 91.303, 'eval_samples_per_second': 76.142, 'eval_steps_per_second': 76.142, 'epoch': 26.0}
{'loss': 1.3745, 'grad_norm': 4.16693115234375, 'learning_rate': 1.4240397805212622e-05, 'epoch': 26.16}
{'loss': 1.3771, 'grad_norm': 8.090641975402832, 'learning_rate': 1.3383058984910837e-05, 'epoch': 26.39}
{'loss': 1.387, 'grad_norm': 4.084133625030518, 'learning_rate': 1.2525720164609053e-05, 'epoch': 26.62}
{'loss': 1.37, 'grad_norm': 4.503928184509277, 'learning_rate': 1.1668381344307271e-05, 'epoch': 26.85}
{'eval_loss': 1.4707286357879639, 'eval_accuracy': 0.5001438434982739, 'eval_f1': 0.47162220740341854, 'eval_runtime': 92.5999, 'eval_samples_per_second': 75.076, 'eval_steps_per_second': 75.076, 'epoch': 27.0}
{'loss': 1.3955, 'grad_norm': 3.9790220260620117, 'learning_rate': 1.0811042524005488e-05, 'epoch': 27.08}
{'loss': 1.3573, 'grad_norm': 12.304062843322754, 'learning_rate': 9.953703703703704e-06, 'epoch': 27.31}
{'loss': 1.3752, 'grad_norm': 3.4352853298187256, 'learning_rate': 9.096364883401921e-06, 'epoch': 27.55}
{'loss': 1.3675, 'grad_norm': 2.792985200881958, 'learning_rate': 8.239026063100138e-06, 'epoch': 27.78}
{'eval_loss': 1.4697203636169434, 'eval_accuracy': 0.5038837744533947, 'eval_f1': 0.47389386061538114, 'eval_runtime': 95.754, 'eval_samples_per_second': 72.603, 'eval_steps_per_second': 72.603, 'epoch': 28.0}
{'loss': 1.3803, 'grad_norm': 7.7909255027771, 'learning_rate': 7.381687242798355e-06, 'epoch': 28.01}
{'loss': 1.3679, 'grad_norm': 4.899055480957031, 'learning_rate': 6.5243484224965706e-06, 'epoch': 28.24}
{'loss': 1.376, 'grad_norm': 4.616034507751465, 'learning_rate': 5.667009602194788e-06, 'epoch': 28.47}
{'loss': 1.3805, 'grad_norm': 2.4691715240478516, 'learning_rate': 4.8096707818930045e-06, 'epoch': 28.7}
{'loss': 1.3659, 'grad_norm': 1.9809859991073608, 'learning_rate': 3.952331961591221e-06, 'epoch': 28.94}
{'eval_loss': 1.4674497842788696, 'eval_accuracy': 0.5015822784810127, 'eval_f1': 0.4746213041901918, 'eval_runtime': 94.7984, 'eval_samples_per_second': 73.335, 'eval_steps_per_second': 73.335, 'epoch': 29.0}
{'loss': 1.378, 'grad_norm': 10.589068412780762, 'learning_rate': 3.0949931412894375e-06, 'epoch': 29.17}
{'loss': 1.3754, 'grad_norm': 2.672569751739502, 'learning_rate': 2.2376543209876545e-06, 'epoch': 29.4}
{'loss': 1.3604, 'grad_norm': 2.631399631500244, 'learning_rate': 1.3803155006858712e-06, 'epoch': 29.63}
{'loss': 1.3651, 'grad_norm': 10.29825210571289, 'learning_rate': 5.229766803840878e-07, 'epoch': 29.86}
{'eval_loss': 1.4662524461746216, 'eval_accuracy': 0.502445339470656, 'eval_f1': 0.47569493322941653, 'eval_runtime': 93.3688, 'eval_samples_per_second': 74.457, 'eval_steps_per_second': 74.457, 'epoch': 30.0}
{'train_runtime': 6708.9892, 'train_samples_per_second': 123.595, 'train_steps_per_second': 1.932, 'train_loss': 1.5568879510149545, 'epoch': 30.0}
[SER][Trainer Eval] {'eval_loss': 1.471157431602478, 'eval_accuracy': 0.5056098964326813, 'eval_f1': 0.4762286434805648, 'eval_runtime': 80.947, 'eval_samples_per_second': 85.883, 'eval_steps_per_second': 85.883, 'epoch': 30.0}
n23g0020:382542:395105 [0] NCCL INFO [Service thread] Connection closed by localRank 0
n23g0020:382542:508159 [0] NCCL INFO comm 0x55cec1b17b10 rank 0 nranks 1 cudaDev 0 busId 2c000 - Abort COMPLETE
