[DIST] MASTER_ADDR=n23g0024 MASTER_PORT=29500 NNODES=1 GPUS_PER_NODE=1
[PRE] Skipping all preprocessing (skip_preprocessing=on or all per-step toggles are 'on')
[TRAIN][ASR] Starting ASR phase ...
[Setup] Using device: cuda
[Setup] no_cuda flag set to: False
[ASR] Loading model + processor…
[ASR] Starting from pretrained: models/pretrained/en
trainable params: 589,824 || all params: 94,986,144 || trainable%: 0.6210
[ASR] Trainable parameters: 589824 / 94986144
🛠️  Debug collator output shapes: {'input_values': torch.Size([4, 75264]), 'attention_mask': torch.Size([4, 75264]), 'labels': torch.Size([4, 93])}
[ASR] Starting training with HuggingFace Trainer…
n23g0024:70437:70437 [0] NCCL INFO Bootstrap : Using ib0:134.61.46.220<0>
n23g0024:70437:70437 [0] NCCL INFO NET/Plugin : dlerror=libnccl-net.so: cannot open shared object file: No such file or directory No plugin found (libnccl-net.so), using internal implementation
n23g0024:70437:70437 [0] NCCL INFO cudaDriverVersion 12080
NCCL version 2.20.5+cuda12.4
n23g0024:70437:70528 [0] NCCL INFO NET/IB : Using [0]mlx5_0:1/IB [1]mlx5_1:1/IB [RO]; OOB ib0:134.61.46.220<0>
n23g0024:70437:70528 [0] NCCL INFO Using non-device net plugin version 0
n23g0024:70437:70528 [0] NCCL INFO Using network IB
n23g0024:70437:70528 [0] NCCL INFO DMA-BUF is available on GPU device 0
n23g0024:70437:70528 [0] NCCL INFO comm 0x55de57c843d0 rank 0 nranks 1 cudaDev 0 nvmlDev 0 busId ad000 commId 0x7ce1f25dfd2a15f1 - Init START
n23g0024:70437:70528 [0] NCCL INFO Setting affinity for GPU 0 to 1c00,00000000,00000000
n23g0024:70437:70528 [0] NCCL INFO comm 0x55de57c843d0 rank 0 nRanks 1 nNodes 1 localRanks 1 localRank 0 MNNVL 0
n23g0024:70437:70528 [0] NCCL INFO Channel 00/32 :    0
n23g0024:70437:70528 [0] NCCL INFO Channel 01/32 :    0
n23g0024:70437:70528 [0] NCCL INFO Channel 02/32 :    0
n23g0024:70437:70528 [0] NCCL INFO Channel 03/32 :    0
n23g0024:70437:70528 [0] NCCL INFO Channel 04/32 :    0
n23g0024:70437:70528 [0] NCCL INFO Channel 05/32 :    0
n23g0024:70437:70528 [0] NCCL INFO Channel 06/32 :    0
n23g0024:70437:70528 [0] NCCL INFO Channel 07/32 :    0
n23g0024:70437:70528 [0] NCCL INFO Channel 08/32 :    0
n23g0024:70437:70528 [0] NCCL INFO Channel 09/32 :    0
n23g0024:70437:70528 [0] NCCL INFO Channel 10/32 :    0
n23g0024:70437:70528 [0] NCCL INFO Channel 11/32 :    0
n23g0024:70437:70528 [0] NCCL INFO Channel 12/32 :    0
n23g0024:70437:70528 [0] NCCL INFO Channel 13/32 :    0
n23g0024:70437:70528 [0] NCCL INFO Channel 14/32 :    0
n23g0024:70437:70528 [0] NCCL INFO Channel 15/32 :    0
n23g0024:70437:70528 [0] NCCL INFO Channel 16/32 :    0
n23g0024:70437:70528 [0] NCCL INFO Channel 17/32 :    0
n23g0024:70437:70528 [0] NCCL INFO Channel 18/32 :    0
n23g0024:70437:70528 [0] NCCL INFO Channel 19/32 :    0
n23g0024:70437:70528 [0] NCCL INFO Channel 20/32 :    0
n23g0024:70437:70528 [0] NCCL INFO Channel 21/32 :    0
n23g0024:70437:70528 [0] NCCL INFO Channel 22/32 :    0
n23g0024:70437:70528 [0] NCCL INFO Channel 23/32 :    0
n23g0024:70437:70528 [0] NCCL INFO Channel 24/32 :    0
n23g0024:70437:70528 [0] NCCL INFO Channel 25/32 :    0
n23g0024:70437:70528 [0] NCCL INFO Channel 26/32 :    0
n23g0024:70437:70528 [0] NCCL INFO Channel 27/32 :    0
n23g0024:70437:70528 [0] NCCL INFO Channel 28/32 :    0
n23g0024:70437:70528 [0] NCCL INFO Channel 29/32 :    0
n23g0024:70437:70528 [0] NCCL INFO Channel 30/32 :    0
n23g0024:70437:70528 [0] NCCL INFO Channel 31/32 :    0
n23g0024:70437:70528 [0] NCCL INFO Trees [0] -1/-1/-1->0->-1 [1] -1/-1/-1->0->-1 [2] -1/-1/-1->0->-1 [3] -1/-1/-1->0->-1 [4] -1/-1/-1->0->-1 [5] -1/-1/-1->0->-1 [6] -1/-1/-1->0->-1 [7] -1/-1/-1->0->-1 [8] -1/-1/-1->0->-1 [9] -1/-1/-1->0->-1 [10] -1/-1/-1->0->-1 [11] -1/-1/-1->0->-1 [12] -1/-1/-1->0->-1 [13] -1/-1/-1->0->-1 [14] -1/-1/-1->0->-1 [15] -1/-1/-1->0->-1 [16] -1/-1/-1->0->-1 [17] -1/-1/-1->0->-1 [18] -1/-1/-1->0->-1 [19] -1/-1/-1->0->-1 [20] -1/-1/-1->0->-1 [21] -1/-1/-1->0->-1 [22] -1/-1/-1->0->-1 [23] -1/-1/-1->0->-1 [24] -1/-1/-1->0->-1 [25] -1/-1/-1->0->-1 [26] -1/-1/-1->0->-1 [27] -1/-1/-1->0->-1 [28] -1/-1/-1->0->-1 [29] -1/-1/-1->0->-1 [30] -1/-1/-1->0->-1 [31] -1/-1/-1->0->-1
n23g0024:70437:70528 [0] NCCL INFO P2P Chunksize set to 131072
n23g0024:70437:70528 [0] NCCL INFO Connected all rings
n23g0024:70437:70528 [0] NCCL INFO Connected all trees
n23g0024:70437:70528 [0] NCCL INFO 32 coll channels, 0 collnet channels, 0 nvls channels, 32 p2p channels, 32 p2p channels per peer
n23g0024:70437:70528 [0] NCCL INFO comm 0x55de57c843d0 rank 0 nranks 1 cudaDev 0 nvmlDev 0 busId ad000 commId 0x7ce1f25dfd2a15f1 - Init COMPLETE
{'loss': 2.6533, 'grad_norm': 3.5282559394836426, 'learning_rate': 0.0, 'epoch': 0.0}
{'loss': 2.0665, 'grad_norm': 1.803961157798767, 'learning_rate': 8.250000000000001e-07, 'epoch': 0.1}
{'loss': 2.0117, 'grad_norm': 2.6307597160339355, 'learning_rate': 1.6500000000000003e-06, 'epoch': 0.2}
{'loss': 2.0485, 'grad_norm': 2.738391637802124, 'learning_rate': 2.4833333333333334e-06, 'epoch': 0.3}
{'loss': 1.8619, 'grad_norm': 3.0086395740509033, 'learning_rate': 3.316666666666667e-06, 'epoch': 0.4}
{'loss': 1.7194, 'grad_norm': 1.8646327257156372, 'learning_rate': 4.15e-06, 'epoch': 0.5}
{'loss': 1.5943, 'grad_norm': 2.185781478881836, 'learning_rate': 4.975000000000001e-06, 'epoch': 0.6}
{'loss': 1.5155, 'grad_norm': 6.402628421783447, 'learning_rate': 5.808333333333333e-06, 'epoch': 0.7}
{'loss': 1.433, 'grad_norm': 2.0475568771362305, 'learning_rate': 6.641666666666668e-06, 'epoch': 0.8}
{'loss': 1.3944, 'grad_norm': 2.76932430267334, 'learning_rate': 7.475000000000001e-06, 'epoch': 0.9}
{'loss': 1.2883, 'grad_norm': 1.5403733253479004, 'learning_rate': 8.308333333333333e-06, 'epoch': 1.0}
{'eval_loss': 0.9898978471755981, 'eval_wer': 0.383668903803132, 'eval_runtime': 1669.7576, 'eval_samples_per_second': 4.791, 'eval_steps_per_second': 4.791, 'epoch': 1.0}
{'loss': 1.2265, 'grad_norm': 3.6025021076202393, 'learning_rate': 9.141666666666668e-06, 'epoch': 1.1}
{'loss': 1.1881, 'grad_norm': 2.8535823822021484, 'learning_rate': 9.975000000000002e-06, 'epoch': 1.2}
{'loss': 1.1255, 'grad_norm': 2.745194911956787, 'learning_rate': 1e-05, 'epoch': 1.3}
{'loss': 1.1299, 'grad_norm': 2.8686981201171875, 'learning_rate': 1e-05, 'epoch': 1.4}
{'loss': 1.1333, 'grad_norm': 2.466475009918213, 'learning_rate': 1e-05, 'epoch': 1.5}
{'loss': 1.1657, 'grad_norm': 5.656342029571533, 'learning_rate': 1e-05, 'epoch': 1.6}
{'loss': 1.0591, 'grad_norm': 3.080592155456543, 'learning_rate': 1e-05, 'epoch': 1.7}
{'loss': 1.0937, 'grad_norm': 4.56773042678833, 'learning_rate': 1e-05, 'epoch': 1.8}
{'loss': 1.0938, 'grad_norm': 4.957347869873047, 'learning_rate': 1e-05, 'epoch': 1.9}
{'loss': 1.0476, 'grad_norm': 4.126480579376221, 'learning_rate': 1e-05, 'epoch': 2.0}
{'eval_loss': 0.8050500750541687, 'eval_wer': 0.4078113348247576, 'eval_runtime': 1538.2601, 'eval_samples_per_second': 5.201, 'eval_steps_per_second': 5.201, 'epoch': 2.0}
{'loss': 1.0131, 'grad_norm': 2.8636178970336914, 'learning_rate': 1e-05, 'epoch': 2.1}
{'loss': 1.0166, 'grad_norm': 2.6414263248443604, 'learning_rate': 1e-05, 'epoch': 2.2}
{'loss': 0.9919, 'grad_norm': 1.952014684677124, 'learning_rate': 1e-05, 'epoch': 2.3}
{'loss': 1.0054, 'grad_norm': 2.6336276531219482, 'learning_rate': 1e-05, 'epoch': 2.4}
{'loss': 1.0085, 'grad_norm': 5.941524028778076, 'learning_rate': 1e-05, 'epoch': 2.5}
{'loss': 1.022, 'grad_norm': 4.262874603271484, 'learning_rate': 1e-05, 'epoch': 2.6}
{'loss': 0.9962, 'grad_norm': 3.1754865646362305, 'learning_rate': 1e-05, 'epoch': 2.7}
{'loss': 1.0016, 'grad_norm': 5.899409294128418, 'learning_rate': 1e-05, 'epoch': 2.8}
{'loss': 1.004, 'grad_norm': 4.220767974853516, 'learning_rate': 1e-05, 'epoch': 2.9}
{'loss': 1.026, 'grad_norm': 7.449944972991943, 'learning_rate': 1e-05, 'epoch': 3.0}
{'eval_loss': 0.7560426592826843, 'eval_wer': 0.39139235112389476, 'eval_runtime': 1525.5244, 'eval_samples_per_second': 5.244, 'eval_steps_per_second': 5.244, 'epoch': 3.0}
{'train_runtime': 5241.6644, 'train_samples_per_second': 73.241, 'train_steps_per_second': 2.289, 'train_loss': 1.276271726846695, 'epoch': 3.0}
[ASR][Trainer Eval] {'eval_loss': 0.7560426592826843, 'eval_wer': 0.39139235112389476, 'eval_runtime': 1541.3496, 'eval_samples_per_second': 5.19, 'eval_steps_per_second': 5.19, 'epoch': 3.0}
[SER] Skipped (phase != 'all'/'ser').
n23g0024:70437:70531 [0] NCCL INFO [Service thread] Connection closed by localRank 0
n23g0024:70437:200618 [0] NCCL INFO comm 0x55de57c843d0 rank 0 nranks 1 cudaDev 0 busId ad000 - Abort COMPLETE
[TRAIN][SER] Starting SER phase ...
[Setup] Using device: cuda
[Setup] no_cuda flag set to: False
[ASR] Skipped (phase != 'all'/'asr').
[SER] Loading model + extractor…
[SER] Starting from pretrained: models/pretrained/en
trainable params: 1,327,104 || all params: 96,295,560 || trainable%: 1.3782
[SER] Trainable parameters: 1327104 / 96295560
[SER] tensors requiring grad: 144
[SER] truncating to 102719 frames (~6.42s)
[SER] class counts: {4: 6792, 7: 1408, 3: 5556, 5: 6384, 0: 6044, 2: 4140, 1: 3500, 6: 768}
[SER] class weights: [0.7154202461242676, 1.2354285717010498, 1.0444444417953491, 0.7782577276229858, 0.6366313099861145, 0.677318274974823, 5.630208492279053, 3.0710227489471436]
[SER] Sanity loss (1 batch): 2.068366050720215
[SER] Starting training with HuggingFace Trainer…
n23g0024:200864:200864 [0] NCCL INFO Bootstrap : Using ib0:134.61.46.220<0>
n23g0024:200864:200864 [0] NCCL INFO NET/Plugin : dlerror=libnccl-net.so: cannot open shared object file: No such file or directory No plugin found (libnccl-net.so), using internal implementation
n23g0024:200864:200864 [0] NCCL INFO cudaDriverVersion 12080
NCCL version 2.20.5+cuda12.4
n23g0024:200864:216695 [0] NCCL INFO NET/IB : Using [0]mlx5_0:1/IB [1]mlx5_1:1/IB [RO]; OOB ib0:134.61.46.220<0>
n23g0024:200864:216695 [0] NCCL INFO Using non-device net plugin version 0
n23g0024:200864:216695 [0] NCCL INFO Using network IB
n23g0024:200864:216695 [0] NCCL INFO DMA-BUF is available on GPU device 0
n23g0024:200864:216695 [0] NCCL INFO comm 0x55eb17719930 rank 0 nranks 1 cudaDev 0 nvmlDev 0 busId ad000 commId 0x5776e277e2eaba9b - Init START
n23g0024:200864:216695 [0] NCCL INFO Setting affinity for GPU 0 to 1c00,00000000,00000000
n23g0024:200864:216695 [0] NCCL INFO comm 0x55eb17719930 rank 0 nRanks 1 nNodes 1 localRanks 1 localRank 0 MNNVL 0
n23g0024:200864:216695 [0] NCCL INFO Channel 00/32 :    0
n23g0024:200864:216695 [0] NCCL INFO Channel 01/32 :    0
n23g0024:200864:216695 [0] NCCL INFO Channel 02/32 :    0
n23g0024:200864:216695 [0] NCCL INFO Channel 03/32 :    0
n23g0024:200864:216695 [0] NCCL INFO Channel 04/32 :    0
n23g0024:200864:216695 [0] NCCL INFO Channel 05/32 :    0
n23g0024:200864:216695 [0] NCCL INFO Channel 06/32 :    0
n23g0024:200864:216695 [0] NCCL INFO Channel 07/32 :    0
n23g0024:200864:216695 [0] NCCL INFO Channel 08/32 :    0
n23g0024:200864:216695 [0] NCCL INFO Channel 09/32 :    0
n23g0024:200864:216695 [0] NCCL INFO Channel 10/32 :    0
n23g0024:200864:216695 [0] NCCL INFO Channel 11/32 :    0
n23g0024:200864:216695 [0] NCCL INFO Channel 12/32 :    0
n23g0024:200864:216695 [0] NCCL INFO Channel 13/32 :    0
n23g0024:200864:216695 [0] NCCL INFO Channel 14/32 :    0
n23g0024:200864:216695 [0] NCCL INFO Channel 15/32 :    0
n23g0024:200864:216695 [0] NCCL INFO Channel 16/32 :    0
n23g0024:200864:216695 [0] NCCL INFO Channel 17/32 :    0
n23g0024:200864:216695 [0] NCCL INFO Channel 18/32 :    0
n23g0024:200864:216695 [0] NCCL INFO Channel 19/32 :    0
n23g0024:200864:216695 [0] NCCL INFO Channel 20/32 :    0
n23g0024:200864:216695 [0] NCCL INFO Channel 21/32 :    0
n23g0024:200864:216695 [0] NCCL INFO Channel 22/32 :    0
n23g0024:200864:216695 [0] NCCL INFO Channel 23/32 :    0
n23g0024:200864:216695 [0] NCCL INFO Channel 24/32 :    0
n23g0024:200864:216695 [0] NCCL INFO Channel 25/32 :    0
n23g0024:200864:216695 [0] NCCL INFO Channel 26/32 :    0
n23g0024:200864:216695 [0] NCCL INFO Channel 27/32 :    0
n23g0024:200864:216695 [0] NCCL INFO Channel 28/32 :    0
n23g0024:200864:216695 [0] NCCL INFO Channel 29/32 :    0
n23g0024:200864:216695 [0] NCCL INFO Channel 30/32 :    0
n23g0024:200864:216695 [0] NCCL INFO Channel 31/32 :    0
n23g0024:200864:216695 [0] NCCL INFO Trees [0] -1/-1/-1->0->-1 [1] -1/-1/-1->0->-1 [2] -1/-1/-1->0->-1 [3] -1/-1/-1->0->-1 [4] -1/-1/-1->0->-1 [5] -1/-1/-1->0->-1 [6] -1/-1/-1->0->-1 [7] -1/-1/-1->0->-1 [8] -1/-1/-1->0->-1 [9] -1/-1/-1->0->-1 [10] -1/-1/-1->0->-1 [11] -1/-1/-1->0->-1 [12] -1/-1/-1->0->-1 [13] -1/-1/-1->0->-1 [14] -1/-1/-1->0->-1 [15] -1/-1/-1->0->-1 [16] -1/-1/-1->0->-1 [17] -1/-1/-1->0->-1 [18] -1/-1/-1->0->-1 [19] -1/-1/-1->0->-1 [20] -1/-1/-1->0->-1 [21] -1/-1/-1->0->-1 [22] -1/-1/-1->0->-1 [23] -1/-1/-1->0->-1 [24] -1/-1/-1->0->-1 [25] -1/-1/-1->0->-1 [26] -1/-1/-1->0->-1 [27] -1/-1/-1->0->-1 [28] -1/-1/-1->0->-1 [29] -1/-1/-1->0->-1 [30] -1/-1/-1->0->-1 [31] -1/-1/-1->0->-1
n23g0024:200864:216695 [0] NCCL INFO P2P Chunksize set to 131072
n23g0024:200864:216695 [0] NCCL INFO Connected all rings
n23g0024:200864:216695 [0] NCCL INFO Connected all trees
n23g0024:200864:216695 [0] NCCL INFO 32 coll channels, 0 collnet channels, 0 nvls channels, 32 p2p channels, 32 p2p channels per peer
n23g0024:200864:216695 [0] NCCL INFO comm 0x55eb17719930 rank 0 nranks 1 cudaDev 0 nvmlDev 0 busId ad000 commId 0x5776e277e2eaba9b - Init COMPLETE
{'loss': 2.0827, 'grad_norm': 0.044495899230241776, 'learning_rate': 1.907514450867052e-06, 'epoch': 0.23}
{'loss': 2.0827, 'grad_norm': 0.0393918976187706, 'learning_rate': 3.834296724470135e-06, 'epoch': 0.46}
{'loss': 2.0829, 'grad_norm': 0.051338598132133484, 'learning_rate': 5.761078998073218e-06, 'epoch': 0.69}
{'loss': 2.0818, 'grad_norm': 0.07401624321937561, 'learning_rate': 7.687861271676302e-06, 'epoch': 0.93}
{'eval_loss': 2.0819027423858643, 'eval_accuracy': 0.028624856156501725, 'eval_f1': 0.017133013940727467, 'eval_runtime': 88.1951, 'eval_samples_per_second': 78.825, 'eval_steps_per_second': 78.825, 'epoch': 1.0}
{'loss': 2.079, 'grad_norm': 0.10339069366455078, 'learning_rate': 9.614643545279385e-06, 'epoch': 1.16}
{'loss': 2.0787, 'grad_norm': 0.11987148970365524, 'learning_rate': 9.828510182207932e-06, 'epoch': 1.39}
{'loss': 2.0733, 'grad_norm': 0.14496509730815887, 'learning_rate': 9.614147909967846e-06, 'epoch': 1.62}
{'loss': 2.0641, 'grad_norm': 0.23042376339435577, 'learning_rate': 9.39978563772776e-06, 'epoch': 1.85}
{'eval_loss': 2.080958366394043, 'eval_accuracy': 0.06918872266973533, 'eval_f1': 0.060750203083083466, 'eval_runtime': 88.3297, 'eval_samples_per_second': 78.705, 'eval_steps_per_second': 78.705, 'epoch': 2.0}
{'loss': 2.0556, 'grad_norm': 0.20936785638332367, 'learning_rate': 9.185423365487674e-06, 'epoch': 2.08}
{'loss': 2.0418, 'grad_norm': 0.29891538619995117, 'learning_rate': 8.97106109324759e-06, 'epoch': 2.31}
{'loss': 2.0333, 'grad_norm': 0.3497839570045471, 'learning_rate': 8.756698821007502e-06, 'epoch': 2.55}
{'loss': 2.0212, 'grad_norm': 0.31447914242744446, 'learning_rate': 8.542336548767418e-06, 'epoch': 2.78}
{'eval_loss': 2.025974750518799, 'eval_accuracy': 0.15607019562715765, 'eval_f1': 0.0969668461678524, 'eval_runtime': 89.1512, 'eval_samples_per_second': 77.98, 'eval_steps_per_second': 77.98, 'epoch': 3.0}
{'loss': 2.0063, 'grad_norm': 0.347370982170105, 'learning_rate': 8.327974276527332e-06, 'epoch': 3.01}
{'loss': 1.9989, 'grad_norm': 0.630206286907196, 'learning_rate': 8.113612004287246e-06, 'epoch': 3.24}
{'loss': 1.9903, 'grad_norm': 0.4489431083202362, 'learning_rate': 7.89924973204716e-06, 'epoch': 3.47}
{'loss': 1.99, 'grad_norm': 0.4991931617259979, 'learning_rate': 7.684887459807074e-06, 'epoch': 3.7}
{'loss': 1.9736, 'grad_norm': 0.45735323429107666, 'learning_rate': 7.470525187566989e-06, 'epoch': 3.94}
{'eval_loss': 1.9779913425445557, 'eval_accuracy': 0.18598964326812428, 'eval_f1': 0.10105514663344876, 'eval_runtime': 88.9218, 'eval_samples_per_second': 78.181, 'eval_steps_per_second': 78.181, 'epoch': 4.0}
{'loss': 1.9728, 'grad_norm': 1.1817235946655273, 'learning_rate': 7.256162915326903e-06, 'epoch': 4.17}
{'loss': 1.9751, 'grad_norm': 0.5676422119140625, 'learning_rate': 7.041800643086817e-06, 'epoch': 4.4}
{'loss': 1.9647, 'grad_norm': 0.772239089012146, 'learning_rate': 6.8274383708467315e-06, 'epoch': 4.63}
{'loss': 1.9564, 'grad_norm': 1.0646811723709106, 'learning_rate': 6.613076098606646e-06, 'epoch': 4.86}
{'eval_loss': 1.951005220413208, 'eval_accuracy': 0.20397008055235905, 'eval_f1': 0.1311453086836956, 'eval_runtime': 90.2211, 'eval_samples_per_second': 77.055, 'eval_steps_per_second': 77.055, 'epoch': 5.0}
{'loss': 1.9499, 'grad_norm': 0.7905668020248413, 'learning_rate': 6.3987138263665605e-06, 'epoch': 5.09}
{'loss': 1.9538, 'grad_norm': 1.2206028699874878, 'learning_rate': 6.1843515541264746e-06, 'epoch': 5.32}
{'loss': 1.9476, 'grad_norm': 1.2161991596221924, 'learning_rate': 5.969989281886388e-06, 'epoch': 5.56}
{'loss': 1.9396, 'grad_norm': 0.89594966173172, 'learning_rate': 5.755627009646303e-06, 'epoch': 5.79}
{'eval_loss': 1.9427495002746582, 'eval_accuracy': 0.21447065592635212, 'eval_f1': 0.14282648307257628, 'eval_runtime': 92.2386, 'eval_samples_per_second': 75.37, 'eval_steps_per_second': 75.37, 'epoch': 6.0}
{'loss': 1.945, 'grad_norm': 1.4935702085494995, 'learning_rate': 5.541264737406217e-06, 'epoch': 6.02}
{'loss': 1.9374, 'grad_norm': 1.2190829515457153, 'learning_rate': 5.326902465166132e-06, 'epoch': 6.25}
{'loss': 1.9318, 'grad_norm': 1.3251804113388062, 'learning_rate': 5.112540192926046e-06, 'epoch': 6.48}
{'loss': 1.9306, 'grad_norm': 0.8872150778770447, 'learning_rate': 4.89817792068596e-06, 'epoch': 6.71}
{'loss': 1.9336, 'grad_norm': 1.1366883516311646, 'learning_rate': 4.683815648445874e-06, 'epoch': 6.94}
{'eval_loss': 1.9275617599487305, 'eval_accuracy': 0.23130034522439585, 'eval_f1': 0.16261458929423322, 'eval_runtime': 93.4846, 'eval_samples_per_second': 74.365, 'eval_steps_per_second': 74.365, 'epoch': 7.0}
{'loss': 1.9273, 'grad_norm': 0.9782901406288147, 'learning_rate': 4.469453376205788e-06, 'epoch': 7.18}
{'loss': 1.9312, 'grad_norm': 0.9374911189079285, 'learning_rate': 4.255091103965702e-06, 'epoch': 7.41}
{'loss': 1.9275, 'grad_norm': 3.2993075847625732, 'learning_rate': 4.040728831725617e-06, 'epoch': 7.64}
{'loss': 1.9188, 'grad_norm': 3.9740095138549805, 'learning_rate': 3.826366559485531e-06, 'epoch': 7.87}
{'eval_loss': 1.9151458740234375, 'eval_accuracy': 0.24424626006904487, 'eval_f1': 0.17523837304429493, 'eval_runtime': 92.0173, 'eval_samples_per_second': 75.551, 'eval_steps_per_second': 75.551, 'epoch': 8.0}
{'loss': 1.9153, 'grad_norm': 1.4071142673492432, 'learning_rate': 3.6120042872454455e-06, 'epoch': 8.1}
{'loss': 1.9217, 'grad_norm': 1.1570050716400146, 'learning_rate': 3.397642015005359e-06, 'epoch': 8.33}
{'loss': 1.9144, 'grad_norm': 0.9657965302467346, 'learning_rate': 3.1832797427652736e-06, 'epoch': 8.57}
{'loss': 1.9169, 'grad_norm': 1.1118541955947876, 'learning_rate': 2.9689174705251877e-06, 'epoch': 8.8}
{'eval_loss': 1.907629132270813, 'eval_accuracy': 0.25287686996547754, 'eval_f1': 0.18076269218789534, 'eval_runtime': 94.4385, 'eval_samples_per_second': 73.614, 'eval_steps_per_second': 73.614, 'epoch': 9.0}
{'loss': 1.9168, 'grad_norm': 1.9671525955200195, 'learning_rate': 2.754555198285102e-06, 'epoch': 9.03}
{'loss': 1.9082, 'grad_norm': 4.665818214416504, 'learning_rate': 2.5401929260450166e-06, 'epoch': 9.26}
{'loss': 1.9197, 'grad_norm': 1.03403639793396, 'learning_rate': 2.3258306538049307e-06, 'epoch': 9.49}
{'loss': 1.9181, 'grad_norm': 2.042977809906006, 'learning_rate': 2.1114683815648448e-06, 'epoch': 9.72}
{'loss': 1.9118, 'grad_norm': 2.6960227489471436, 'learning_rate': 1.8971061093247588e-06, 'epoch': 9.95}
{'eval_loss': 1.9018394947052002, 'eval_accuracy': 0.25503452243958574, 'eval_f1': 0.1845263124140627, 'eval_runtime': 94.066, 'eval_samples_per_second': 73.906, 'eval_steps_per_second': 73.906, 'epoch': 10.0}
{'loss': 1.9062, 'grad_norm': 3.224452257156372, 'learning_rate': 1.6827438370846733e-06, 'epoch': 10.19}
{'loss': 1.9057, 'grad_norm': 1.4389067888259888, 'learning_rate': 1.4683815648445876e-06, 'epoch': 10.42}
{'loss': 1.9056, 'grad_norm': 0.877435564994812, 'learning_rate': 1.2540192926045017e-06, 'epoch': 10.65}
{'loss': 1.901, 'grad_norm': 1.1755651235580444, 'learning_rate': 1.039657020364416e-06, 'epoch': 10.88}
{'eval_loss': 1.9009222984313965, 'eval_accuracy': 0.25963751438434984, 'eval_f1': 0.18657866040860266, 'eval_runtime': 96.136, 'eval_samples_per_second': 72.314, 'eval_steps_per_second': 72.314, 'epoch': 11.0}
{'loss': 1.9101, 'grad_norm': 4.946204662322998, 'learning_rate': 8.252947481243302e-07, 'epoch': 11.11}
{'loss': 1.9103, 'grad_norm': 1.3155205249786377, 'learning_rate': 6.109324758842444e-07, 'epoch': 11.34}
{'loss': 1.9163, 'grad_norm': 1.0478148460388184, 'learning_rate': 3.965702036441586e-07, 'epoch': 11.57}
{'loss': 1.9014, 'grad_norm': 1.1226564645767212, 'learning_rate': 1.822079314040729e-07, 'epoch': 11.81}
{'eval_loss': 1.8995307683944702, 'eval_accuracy': 0.26021288837744533, 'eval_f1': 0.1874256148325073, 'eval_runtime': 93.3361, 'eval_samples_per_second': 74.484, 'eval_steps_per_second': 74.484, 'epoch': 12.0}
{'train_runtime': 2663.1116, 'train_samples_per_second': 124.546, 'train_steps_per_second': 1.947, 'train_loss': 1.9653372705718617, 'epoch': 12.0}
[SER][Trainer Eval] {'eval_loss': 1.8995307683944702, 'eval_accuracy': 0.26021288837744533, 'eval_f1': 0.1874256148325073, 'eval_runtime': 81.0244, 'eval_samples_per_second': 85.801, 'eval_steps_per_second': 85.801, 'epoch': 12.0}
n23g0024:200864:216699 [0] NCCL INFO [Service thread] Connection closed by localRank 0
n23g0024:200864:273303 [0] NCCL INFO comm 0x55eb17719930 rank 0 nranks 1 cudaDev 0 busId ad000 - Abort COMPLETE
