[DIST] MASTER_ADDR=w23g0011 MASTER_PORT=29500 NNODES=1 GPUS_PER_NODE=1
[PRE] Skipping all preprocessing (skip_preprocessing=on or all per-step toggles are 'on')
[TRAIN][ASR] Starting ASR phase ...
[Setup] Using device: cuda
[Setup] no_cuda flag set to: False
[ASR] Loading model + processor…
[ASR] Starting from pretrained: models/pretrained/en
trainable params: 589,824 || all params: 94,986,144 || trainable%: 0.6210
[ASR] Trainable parameters: 589824 / 94986144
🛠️  Debug collator output shapes: {'input_values': torch.Size([4, 75264]), 'attention_mask': torch.Size([4, 75264]), 'labels': torch.Size([4, 93])}
[ASR] Starting training with HuggingFace Trainer…
w23g0011:249119:249119 [0] NCCL INFO Bootstrap : Using ib0:134.61.46.240<0>
w23g0011:249119:249119 [0] NCCL INFO NET/Plugin : dlerror=libnccl-net.so: cannot open shared object file: No such file or directory No plugin found (libnccl-net.so), using internal implementation
w23g0011:249119:249119 [0] NCCL INFO cudaDriverVersion 12080
NCCL version 2.20.5+cuda12.4
w23g0011:249119:249959 [0] NCCL INFO NET/IB : Using [0]mlx5_0:1/IB [1]mlx5_1:1/IB [RO]; OOB ib0:134.61.46.240<0>
w23g0011:249119:249959 [0] NCCL INFO Using non-device net plugin version 0
w23g0011:249119:249959 [0] NCCL INFO Using network IB
w23g0011:249119:249959 [0] NCCL INFO DMA-BUF is available on GPU device 0
w23g0011:249119:249959 [0] NCCL INFO comm 0x556947754a60 rank 0 nranks 1 cudaDev 0 nvmlDev 0 busId 9d000 commId 0x67dd740e5a52729a - Init START
w23g0011:249119:249959 [0] NCCL INFO Setting affinity for GPU 0 to 0f000000,00000000
w23g0011:249119:249959 [0] NCCL INFO comm 0x556947754a60 rank 0 nRanks 1 nNodes 1 localRanks 1 localRank 0 MNNVL 0
w23g0011:249119:249959 [0] NCCL INFO Channel 00/32 :    0
w23g0011:249119:249959 [0] NCCL INFO Channel 01/32 :    0
w23g0011:249119:249959 [0] NCCL INFO Channel 02/32 :    0
w23g0011:249119:249959 [0] NCCL INFO Channel 03/32 :    0
w23g0011:249119:249959 [0] NCCL INFO Channel 04/32 :    0
w23g0011:249119:249959 [0] NCCL INFO Channel 05/32 :    0
w23g0011:249119:249959 [0] NCCL INFO Channel 06/32 :    0
w23g0011:249119:249959 [0] NCCL INFO Channel 07/32 :    0
w23g0011:249119:249959 [0] NCCL INFO Channel 08/32 :    0
w23g0011:249119:249959 [0] NCCL INFO Channel 09/32 :    0
w23g0011:249119:249959 [0] NCCL INFO Channel 10/32 :    0
w23g0011:249119:249959 [0] NCCL INFO Channel 11/32 :    0
w23g0011:249119:249959 [0] NCCL INFO Channel 12/32 :    0
w23g0011:249119:249959 [0] NCCL INFO Channel 13/32 :    0
w23g0011:249119:249959 [0] NCCL INFO Channel 14/32 :    0
w23g0011:249119:249959 [0] NCCL INFO Channel 15/32 :    0
w23g0011:249119:249959 [0] NCCL INFO Channel 16/32 :    0
w23g0011:249119:249959 [0] NCCL INFO Channel 17/32 :    0
w23g0011:249119:249959 [0] NCCL INFO Channel 18/32 :    0
w23g0011:249119:249959 [0] NCCL INFO Channel 19/32 :    0
w23g0011:249119:249959 [0] NCCL INFO Channel 20/32 :    0
w23g0011:249119:249959 [0] NCCL INFO Channel 21/32 :    0
w23g0011:249119:249959 [0] NCCL INFO Channel 22/32 :    0
w23g0011:249119:249959 [0] NCCL INFO Channel 23/32 :    0
w23g0011:249119:249959 [0] NCCL INFO Channel 24/32 :    0
w23g0011:249119:249959 [0] NCCL INFO Channel 25/32 :    0
w23g0011:249119:249959 [0] NCCL INFO Channel 26/32 :    0
w23g0011:249119:249959 [0] NCCL INFO Channel 27/32 :    0
w23g0011:249119:249959 [0] NCCL INFO Channel 28/32 :    0
w23g0011:249119:249959 [0] NCCL INFO Channel 29/32 :    0
w23g0011:249119:249959 [0] NCCL INFO Channel 30/32 :    0
w23g0011:249119:249959 [0] NCCL INFO Channel 31/32 :    0
w23g0011:249119:249959 [0] NCCL INFO Trees [0] -1/-1/-1->0->-1 [1] -1/-1/-1->0->-1 [2] -1/-1/-1->0->-1 [3] -1/-1/-1->0->-1 [4] -1/-1/-1->0->-1 [5] -1/-1/-1->0->-1 [6] -1/-1/-1->0->-1 [7] -1/-1/-1->0->-1 [8] -1/-1/-1->0->-1 [9] -1/-1/-1->0->-1 [10] -1/-1/-1->0->-1 [11] -1/-1/-1->0->-1 [12] -1/-1/-1->0->-1 [13] -1/-1/-1->0->-1 [14] -1/-1/-1->0->-1 [15] -1/-1/-1->0->-1 [16] -1/-1/-1->0->-1 [17] -1/-1/-1->0->-1 [18] -1/-1/-1->0->-1 [19] -1/-1/-1->0->-1 [20] -1/-1/-1->0->-1 [21] -1/-1/-1->0->-1 [22] -1/-1/-1->0->-1 [23] -1/-1/-1->0->-1 [24] -1/-1/-1->0->-1 [25] -1/-1/-1->0->-1 [26] -1/-1/-1->0->-1 [27] -1/-1/-1->0->-1 [28] -1/-1/-1->0->-1 [29] -1/-1/-1->0->-1 [30] -1/-1/-1->0->-1 [31] -1/-1/-1->0->-1
w23g0011:249119:249959 [0] NCCL INFO P2P Chunksize set to 131072
w23g0011:249119:249959 [0] NCCL INFO Connected all rings
w23g0011:249119:249959 [0] NCCL INFO Connected all trees
w23g0011:249119:249959 [0] NCCL INFO 32 coll channels, 0 collnet channels, 0 nvls channels, 32 p2p channels, 32 p2p channels per peer
w23g0011:249119:249959 [0] NCCL INFO comm 0x556947754a60 rank 0 nranks 1 cudaDev 0 nvmlDev 0 busId 9d000 commId 0x67dd740e5a52729a - Init COMPLETE
{'loss': 2.1461, 'grad_norm': 3.0666913986206055, 'learning_rate': 0.0, 'epoch': 0.0}
{'loss': 1.6779, 'grad_norm': 4.222649574279785, 'learning_rate': 2.4256064016004e-07, 'epoch': 0.03}
{'loss': 1.6983, 'grad_norm': 4.312737941741943, 'learning_rate': 4.926231557889473e-07, 'epoch': 0.05}
{'loss': 1.6528, 'grad_norm': 2.573016881942749, 'learning_rate': 7.426856714178546e-07, 'epoch': 0.08}
{'loss': 1.5786, 'grad_norm': 1.8998156785964966, 'learning_rate': 9.927481870467618e-07, 'epoch': 0.1}
{'loss': 1.5478, 'grad_norm': 3.143993377685547, 'learning_rate': 1.2403100775193799e-06, 'epoch': 0.13}
{'loss': 1.5311, 'grad_norm': 5.164644718170166, 'learning_rate': 1.490372593148287e-06, 'epoch': 0.15}
{'loss': 1.5553, 'grad_norm': 7.949244499206543, 'learning_rate': 1.7404351087771944e-06, 'epoch': 0.18}
{'loss': 1.6377, 'grad_norm': 2.491710901260376, 'learning_rate': 1.9904976244061016e-06, 'epoch': 0.2}
{'loss': 1.571, 'grad_norm': 2.42561936378479, 'learning_rate': 2.2405601400350087e-06, 'epoch': 0.23}
{'loss': 1.5433, 'grad_norm': 4.22095251083374, 'learning_rate': 2.4906226556639163e-06, 'epoch': 0.25}
{'loss': 1.5686, 'grad_norm': 3.87998366355896, 'learning_rate': 2.7406851712928235e-06, 'epoch': 0.28}
{'loss': 1.4413, 'grad_norm': 2.9321110248565674, 'learning_rate': 2.9907476869217307e-06, 'epoch': 0.3}
{'loss': 1.4132, 'grad_norm': 13.974231719970703, 'learning_rate': 3.240810202550638e-06, 'epoch': 0.33}
{'loss': 1.361, 'grad_norm': 2.962650775909424, 'learning_rate': 3.4908727181795454e-06, 'epoch': 0.35}
{'loss': 1.3282, 'grad_norm': 2.7574872970581055, 'learning_rate': 3.7409352338084526e-06, 'epoch': 0.38}
{'loss': 1.3271, 'grad_norm': 2.9863128662109375, 'learning_rate': 3.99099774943736e-06, 'epoch': 0.4}
{'loss': 1.1843, 'grad_norm': 5.1499223709106445, 'learning_rate': 4.241060265066267e-06, 'epoch': 0.43}
{'loss': 1.1936, 'grad_norm': 4.773717880249023, 'learning_rate': 4.491122780695174e-06, 'epoch': 0.45}
{'loss': 1.2539, 'grad_norm': 4.687292575836182, 'learning_rate': 4.741185296324081e-06, 'epoch': 0.48}
{'loss': 1.2455, 'grad_norm': 2.457174301147461, 'learning_rate': 4.991247811952989e-06, 'epoch': 0.5}
{'loss': 1.1453, 'grad_norm': 5.831894397735596, 'learning_rate': 5.2413103275818955e-06, 'epoch': 0.53}
{'loss': 1.172, 'grad_norm': 3.416489362716675, 'learning_rate': 5.491372843210802e-06, 'epoch': 0.55}
{'loss': 1.1001, 'grad_norm': 3.5809412002563477, 'learning_rate': 5.741435358839711e-06, 'epoch': 0.58}
{'loss': 1.1769, 'grad_norm': 3.5258114337921143, 'learning_rate': 5.988997249312328e-06, 'epoch': 0.6}
{'loss': 1.1248, 'grad_norm': 2.9212260246276855, 'learning_rate': 6.239059764941235e-06, 'epoch': 0.63}
{'loss': 1.1617, 'grad_norm': 9.23672103881836, 'learning_rate': 6.489122280570143e-06, 'epoch': 0.65}
{'loss': 1.118, 'grad_norm': 5.600831508636475, 'learning_rate': 6.739184796199051e-06, 'epoch': 0.68}
{'loss': 1.1634, 'grad_norm': 4.088982105255127, 'learning_rate': 6.989247311827958e-06, 'epoch': 0.7}
{'loss': 1.1272, 'grad_norm': 3.2098388671875, 'learning_rate': 7.236809202300576e-06, 'epoch': 0.73}
{'loss': 1.0653, 'grad_norm': 5.444934844970703, 'learning_rate': 7.486871717929482e-06, 'epoch': 0.75}
{'loss': 1.0736, 'grad_norm': 5.0281500816345215, 'learning_rate': 7.73693423355839e-06, 'epoch': 0.78}
{'loss': 1.055, 'grad_norm': 2.960263252258301, 'learning_rate': 7.986996749187298e-06, 'epoch': 0.8}
{'loss': 1.1298, 'grad_norm': 4.402659893035889, 'learning_rate': 8.237059264816205e-06, 'epoch': 0.83}
{'loss': 1.0907, 'grad_norm': 3.9293947219848633, 'learning_rate': 8.487121780445112e-06, 'epoch': 0.85}
{'loss': 1.0172, 'grad_norm': 4.800055027008057, 'learning_rate': 8.737184296074019e-06, 'epoch': 0.88}
{'loss': 1.0514, 'grad_norm': 4.018698692321777, 'learning_rate': 8.987246811702927e-06, 'epoch': 0.9}
{'loss': 1.0086, 'grad_norm': 6.36253547668457, 'learning_rate': 9.237309327331834e-06, 'epoch': 0.93}
{'loss': 1.0958, 'grad_norm': 4.407130241394043, 'learning_rate': 9.48737184296074e-06, 'epoch': 0.95}
{'loss': 0.9394, 'grad_norm': 12.366803169250488, 'learning_rate': 9.737434358589647e-06, 'epoch': 0.98}
{'eval_loss': 0.8045098185539246, 'eval_wer': 0.4045488441461596, 'eval_runtime': 1487.624, 'eval_samples_per_second': 5.378, 'eval_steps_per_second': 5.378, 'epoch': 1.0}
{'loss': 0.9559, 'grad_norm': 6.863924980163574, 'learning_rate': 9.987496874218556e-06, 'epoch': 1.0}
{'loss': 1.0313, 'grad_norm': 3.6871843338012695, 'learning_rate': 1e-05, 'epoch': 1.03}
{'loss': 0.8644, 'grad_norm': 10.220121383666992, 'learning_rate': 1e-05, 'epoch': 1.05}
{'loss': 1.0105, 'grad_norm': 6.170482158660889, 'learning_rate': 1e-05, 'epoch': 1.08}
{'loss': 1.0009, 'grad_norm': 2.0363259315490723, 'learning_rate': 1e-05, 'epoch': 1.1}
{'loss': 0.9498, 'grad_norm': 4.027935028076172, 'learning_rate': 1e-05, 'epoch': 1.13}
{'loss': 1.0154, 'grad_norm': 7.151913166046143, 'learning_rate': 1e-05, 'epoch': 1.15}
{'loss': 0.9108, 'grad_norm': 3.0548951625823975, 'learning_rate': 1e-05, 'epoch': 1.18}
{'loss': 0.9557, 'grad_norm': 5.179207801818848, 'learning_rate': 1e-05, 'epoch': 1.2}
{'loss': 0.9669, 'grad_norm': 4.181324481964111, 'learning_rate': 1e-05, 'epoch': 1.23}
{'loss': 0.8979, 'grad_norm': 12.018550872802734, 'learning_rate': 1e-05, 'epoch': 1.25}
{'loss': 0.9575, 'grad_norm': 4.822572708129883, 'learning_rate': 1e-05, 'epoch': 1.28}
{'loss': 0.8905, 'grad_norm': 3.305678606033325, 'learning_rate': 1e-05, 'epoch': 1.3}
{'loss': 0.9865, 'grad_norm': 8.06906795501709, 'learning_rate': 1e-05, 'epoch': 1.33}
{'loss': 0.8791, 'grad_norm': 3.5253958702087402, 'learning_rate': 1e-05, 'epoch': 1.35}
{'loss': 0.941, 'grad_norm': 79.70753479003906, 'learning_rate': 1e-05, 'epoch': 1.38}
{'loss': 0.965, 'grad_norm': 118.71060180664062, 'learning_rate': 1e-05, 'epoch': 1.4}
{'loss': 0.9127, 'grad_norm': 2.4813520908355713, 'learning_rate': 1e-05, 'epoch': 1.43}
{'loss': 0.9579, 'grad_norm': 13.246039390563965, 'learning_rate': 1e-05, 'epoch': 1.45}
{'loss': 0.9771, 'grad_norm': 1.4962729215621948, 'learning_rate': 1e-05, 'epoch': 1.48}
{'loss': 0.9174, 'grad_norm': 7.555141448974609, 'learning_rate': 1e-05, 'epoch': 1.5}
{'loss': 0.9424, 'grad_norm': 2.367025852203369, 'learning_rate': 1e-05, 'epoch': 1.53}
{'loss': 0.8573, 'grad_norm': 4.759512424468994, 'learning_rate': 1e-05, 'epoch': 1.55}
{'loss': 1.2578, 'grad_norm': 8.946220397949219, 'learning_rate': 1e-05, 'epoch': 1.58}
{'loss': 0.9234, 'grad_norm': 4.145023345947266, 'learning_rate': 1e-05, 'epoch': 1.6}
{'loss': 0.8492, 'grad_norm': 6.556680679321289, 'learning_rate': 1e-05, 'epoch': 1.63}
{'loss': 0.9606, 'grad_norm': 8.750361442565918, 'learning_rate': 1e-05, 'epoch': 1.65}
{'loss': 0.9553, 'grad_norm': 8.309477806091309, 'learning_rate': 1e-05, 'epoch': 1.68}
{'loss': 0.9028, 'grad_norm': 8.204687118530273, 'learning_rate': 1e-05, 'epoch': 1.7}
{'loss': 0.9891, 'grad_norm': 9.658708572387695, 'learning_rate': 1e-05, 'epoch': 1.73}
{'loss': 0.9337, 'grad_norm': 3.039672374725342, 'learning_rate': 1e-05, 'epoch': 1.75}
{'loss': 0.9715, 'grad_norm': 10.117734909057617, 'learning_rate': 1e-05, 'epoch': 1.78}
{'loss': 0.8724, 'grad_norm': 10.4751615524292, 'learning_rate': 1e-05, 'epoch': 1.8}
{'loss': 0.8962, 'grad_norm': 9.608866691589355, 'learning_rate': 1e-05, 'epoch': 1.83}
{'loss': 0.9993, 'grad_norm': 5.255345821380615, 'learning_rate': 1e-05, 'epoch': 1.85}
{'loss': 0.8473, 'grad_norm': 13.039186477661133, 'learning_rate': 1e-05, 'epoch': 1.88}
{'loss': 1.0186, 'grad_norm': 3.127424478530884, 'learning_rate': 1e-05, 'epoch': 1.9}
{'loss': 0.9404, 'grad_norm': 4.020872592926025, 'learning_rate': 1e-05, 'epoch': 1.93}
{'loss': 0.9337, 'grad_norm': 8.574048042297363, 'learning_rate': 1e-05, 'epoch': 1.95}
{'loss': 0.8884, 'grad_norm': 13.770469665527344, 'learning_rate': 1e-05, 'epoch': 1.98}
{'eval_loss': 0.7363969683647156, 'eval_wer': 0.3591536167039523, 'eval_runtime': 1442.1981, 'eval_samples_per_second': 5.547, 'eval_steps_per_second': 5.547, 'epoch': 2.0}
{'loss': 0.8987, 'grad_norm': 32.511268615722656, 'learning_rate': 1e-05, 'epoch': 2.0}
{'loss': 0.9083, 'grad_norm': 3.604719638824463, 'learning_rate': 1e-05, 'epoch': 2.03}
{'loss': 0.8768, 'grad_norm': 6.777629852294922, 'learning_rate': 1e-05, 'epoch': 2.05}
{'loss': 0.8339, 'grad_norm': 5.966719627380371, 'learning_rate': 1e-05, 'epoch': 2.08}
{'loss': 0.8459, 'grad_norm': 6.830147743225098, 'learning_rate': 1e-05, 'epoch': 2.1}
{'loss': 0.8767, 'grad_norm': 5.733591079711914, 'learning_rate': 1e-05, 'epoch': 2.13}
{'loss': 0.9187, 'grad_norm': 6.729999542236328, 'learning_rate': 1e-05, 'epoch': 2.15}
{'loss': 0.9144, 'grad_norm': 2.6656389236450195, 'learning_rate': 1e-05, 'epoch': 2.18}
{'loss': 0.8595, 'grad_norm': 8.162627220153809, 'learning_rate': 1e-05, 'epoch': 2.2}
{'loss': 0.8386, 'grad_norm': 5.162126541137695, 'learning_rate': 1e-05, 'epoch': 2.23}
{'loss': 0.8687, 'grad_norm': 2.3567049503326416, 'learning_rate': 1e-05, 'epoch': 2.25}
{'loss': 0.8796, 'grad_norm': 5.187810897827148, 'learning_rate': 1e-05, 'epoch': 2.28}
{'loss': 0.8984, 'grad_norm': 5.315988063812256, 'learning_rate': 1e-05, 'epoch': 2.3}
{'loss': 0.8683, 'grad_norm': 2.1446282863616943, 'learning_rate': 1e-05, 'epoch': 2.33}
{'loss': 0.9382, 'grad_norm': 6.009712219238281, 'learning_rate': 1e-05, 'epoch': 2.35}
{'loss': 0.8712, 'grad_norm': 6.100852966308594, 'learning_rate': 1e-05, 'epoch': 2.38}
{'loss': 0.8964, 'grad_norm': 10.609607696533203, 'learning_rate': 1e-05, 'epoch': 2.4}
{'loss': 0.963, 'grad_norm': 9.258787155151367, 'learning_rate': 1e-05, 'epoch': 2.43}
{'loss': 0.8521, 'grad_norm': 10.975654602050781, 'learning_rate': 1e-05, 'epoch': 2.45}
{'loss': 0.8217, 'grad_norm': 3.0730783939361572, 'learning_rate': 1e-05, 'epoch': 2.48}
{'loss': 0.9297, 'grad_norm': 3.8301498889923096, 'learning_rate': 1e-05, 'epoch': 2.5}
{'loss': 0.8824, 'grad_norm': 12.666509628295898, 'learning_rate': 1e-05, 'epoch': 2.53}
{'loss': 0.8941, 'grad_norm': 9.189778327941895, 'learning_rate': 1e-05, 'epoch': 2.55}
{'loss': 0.9086, 'grad_norm': 6.019101142883301, 'learning_rate': 1e-05, 'epoch': 2.58}
{'loss': 0.9194, 'grad_norm': 5.168917179107666, 'learning_rate': 1e-05, 'epoch': 2.6}
{'loss': 0.8893, 'grad_norm': 3.732581615447998, 'learning_rate': 1e-05, 'epoch': 2.63}
{'loss': 0.9303, 'grad_norm': 3.5634098052978516, 'learning_rate': 1e-05, 'epoch': 2.65}
{'loss': 0.8261, 'grad_norm': 3.8530309200286865, 'learning_rate': 1e-05, 'epoch': 2.68}
{'loss': 0.8713, 'grad_norm': 10.746545791625977, 'learning_rate': 1e-05, 'epoch': 2.7}
{'loss': 0.8251, 'grad_norm': 5.421278476715088, 'learning_rate': 1e-05, 'epoch': 2.73}
{'loss': 0.9226, 'grad_norm': 3.0515146255493164, 'learning_rate': 1e-05, 'epoch': 2.75}
{'loss': 0.8895, 'grad_norm': 5.307188034057617, 'learning_rate': 1e-05, 'epoch': 2.78}
{'loss': 0.8477, 'grad_norm': 3.0246055126190186, 'learning_rate': 1e-05, 'epoch': 2.8}
{'loss': 0.8457, 'grad_norm': 4.547675132751465, 'learning_rate': 1e-05, 'epoch': 2.83}
{'loss': 0.8771, 'grad_norm': 5.955991744995117, 'learning_rate': 1e-05, 'epoch': 2.85}
{'loss': 0.8879, 'grad_norm': 7.460932731628418, 'learning_rate': 1e-05, 'epoch': 2.88}
{'loss': 0.9825, 'grad_norm': 13.215902328491211, 'learning_rate': 1e-05, 'epoch': 2.9}
{'loss': 0.8238, 'grad_norm': 6.603423595428467, 'learning_rate': 1e-05, 'epoch': 2.93}
{'loss': 0.9285, 'grad_norm': 6.541772365570068, 'learning_rate': 1e-05, 'epoch': 2.95}
{'loss': 0.955, 'grad_norm': 5.3024139404296875, 'learning_rate': 1e-05, 'epoch': 2.98}
{'eval_loss': 0.7009270787239075, 'eval_wer': 0.34129647384680944, 'eval_runtime': 1908.2693, 'eval_samples_per_second': 4.192, 'eval_steps_per_second': 4.192, 'epoch': 3.0}
{'loss': 0.9037, 'grad_norm': 10.562478065490723, 'learning_rate': 1e-05, 'epoch': 3.0}
{'loss': 0.7964, 'grad_norm': 2.7177932262420654, 'learning_rate': 1e-05, 'epoch': 3.03}
{'loss': 0.8235, 'grad_norm': 4.794857025146484, 'learning_rate': 1e-05, 'epoch': 3.05}
{'loss': 0.819, 'grad_norm': 3.6176517009735107, 'learning_rate': 1e-05, 'epoch': 3.08}
{'loss': 0.8722, 'grad_norm': 7.501003265380859, 'learning_rate': 1e-05, 'epoch': 3.1}
{'loss': 0.8856, 'grad_norm': 7.432773113250732, 'learning_rate': 1e-05, 'epoch': 3.13}
{'loss': 0.9429, 'grad_norm': 4.864341735839844, 'learning_rate': 1e-05, 'epoch': 3.15}
{'loss': 0.8945, 'grad_norm': 6.146420001983643, 'learning_rate': 1e-05, 'epoch': 3.18}
{'loss': 0.8835, 'grad_norm': 5.005625247955322, 'learning_rate': 1e-05, 'epoch': 3.2}
{'loss': 0.9047, 'grad_norm': 4.921894550323486, 'learning_rate': 1e-05, 'epoch': 3.23}
{'loss': 0.8705, 'grad_norm': 7.705770492553711, 'learning_rate': 1e-05, 'epoch': 3.25}
{'loss': 0.9422, 'grad_norm': 4.2039875984191895, 'learning_rate': 1e-05, 'epoch': 3.28}
{'loss': 0.8096, 'grad_norm': 8.178593635559082, 'learning_rate': 1e-05, 'epoch': 3.3}
{'loss': 0.7531, 'grad_norm': 8.787524223327637, 'learning_rate': 1e-05, 'epoch': 3.33}
{'loss': 0.862, 'grad_norm': 3.4464969635009766, 'learning_rate': 1e-05, 'epoch': 3.35}
{'loss': 0.9163, 'grad_norm': 2.1974003314971924, 'learning_rate': 1e-05, 'epoch': 3.38}
{'loss': 0.8806, 'grad_norm': 10.976673126220703, 'learning_rate': 1e-05, 'epoch': 3.4}
{'loss': 0.9045, 'grad_norm': 38.65995788574219, 'learning_rate': 1e-05, 'epoch': 3.43}
{'loss': 0.8451, 'grad_norm': 11.166153907775879, 'learning_rate': 1e-05, 'epoch': 3.45}
{'loss': 0.9053, 'grad_norm': 6.506300449371338, 'learning_rate': 1e-05, 'epoch': 3.48}
{'loss': 0.8993, 'grad_norm': 10.95883846282959, 'learning_rate': 1e-05, 'epoch': 3.5}
{'loss': 0.7557, 'grad_norm': 5.858439922332764, 'learning_rate': 1e-05, 'epoch': 3.53}
{'loss': 0.8606, 'grad_norm': 3.61970853805542, 'learning_rate': 1e-05, 'epoch': 3.55}
{'loss': 0.9453, 'grad_norm': 6.320788860321045, 'learning_rate': 1e-05, 'epoch': 3.58}
{'loss': 0.8118, 'grad_norm': 23.447669982910156, 'learning_rate': 1e-05, 'epoch': 3.6}
{'loss': 0.8471, 'grad_norm': 6.843859672546387, 'learning_rate': 1e-05, 'epoch': 3.63}
{'loss': 0.9062, 'grad_norm': 14.09312629699707, 'learning_rate': 1e-05, 'epoch': 3.65}
{'loss': 0.8015, 'grad_norm': 3.8034145832061768, 'learning_rate': 1e-05, 'epoch': 3.68}
{'loss': 0.8275, 'grad_norm': 6.406827449798584, 'learning_rate': 1e-05, 'epoch': 3.7}
{'loss': 0.8534, 'grad_norm': 11.691545486450195, 'learning_rate': 1e-05, 'epoch': 3.73}
{'loss': 0.8045, 'grad_norm': 5.720327854156494, 'learning_rate': 1e-05, 'epoch': 3.75}
{'loss': 0.8996, 'grad_norm': 4.055329322814941, 'learning_rate': 1e-05, 'epoch': 3.78}
{'loss': 0.8227, 'grad_norm': 7.93999719619751, 'learning_rate': 1e-05, 'epoch': 3.8}
{'loss': 0.7847, 'grad_norm': 5.777961254119873, 'learning_rate': 1e-05, 'epoch': 3.83}
{'loss': 0.8419, 'grad_norm': 8.314496994018555, 'learning_rate': 1e-05, 'epoch': 3.85}
{'loss': 0.8603, 'grad_norm': 8.417497634887695, 'learning_rate': 1e-05, 'epoch': 3.88}
{'loss': 0.8435, 'grad_norm': 8.846214294433594, 'learning_rate': 1e-05, 'epoch': 3.9}
{'loss': 0.8441, 'grad_norm': 9.63223648071289, 'learning_rate': 1e-05, 'epoch': 3.93}
{'loss': 0.8715, 'grad_norm': 6.523954391479492, 'learning_rate': 1e-05, 'epoch': 3.95}
{'loss': 0.7932, 'grad_norm': 6.632379055023193, 'learning_rate': 1e-05, 'epoch': 3.98}
{'eval_loss': 0.6933597326278687, 'eval_wer': 0.33475817620112924, 'eval_runtime': 1445.9631, 'eval_samples_per_second': 5.533, 'eval_steps_per_second': 5.533, 'epoch': 4.0}
{'loss': 0.7699, 'grad_norm': 7.3214945793151855, 'learning_rate': 1e-05, 'epoch': 4.0}
{'loss': 0.8233, 'grad_norm': 8.256845474243164, 'learning_rate': 1e-05, 'epoch': 4.03}
{'loss': 0.9232, 'grad_norm': 6.391241073608398, 'learning_rate': 1e-05, 'epoch': 4.05}
{'loss': 0.8788, 'grad_norm': 3.8912789821624756, 'learning_rate': 1e-05, 'epoch': 4.08}
{'loss': 0.8325, 'grad_norm': 4.067764759063721, 'learning_rate': 1e-05, 'epoch': 4.1}
{'loss': 0.8114, 'grad_norm': 4.203005790710449, 'learning_rate': 1e-05, 'epoch': 4.13}
{'loss': 0.7833, 'grad_norm': 11.033878326416016, 'learning_rate': 1e-05, 'epoch': 4.15}
{'loss': 0.8505, 'grad_norm': 8.966774940490723, 'learning_rate': 1e-05, 'epoch': 4.18}
{'loss': 0.8073, 'grad_norm': 9.855440139770508, 'learning_rate': 1e-05, 'epoch': 4.2}
{'loss': 0.7931, 'grad_norm': 3.6051924228668213, 'learning_rate': 1e-05, 'epoch': 4.23}
{'loss': 0.8386, 'grad_norm': 4.841634750366211, 'learning_rate': 1e-05, 'epoch': 4.25}
{'loss': 0.8481, 'grad_norm': 4.507696628570557, 'learning_rate': 1e-05, 'epoch': 4.28}
{'loss': 0.8009, 'grad_norm': 5.341428279876709, 'learning_rate': 1e-05, 'epoch': 4.3}
{'loss': 0.8605, 'grad_norm': 7.49058198928833, 'learning_rate': 1e-05, 'epoch': 4.33}
{'loss': 0.8664, 'grad_norm': 4.8798322677612305, 'learning_rate': 1e-05, 'epoch': 4.35}
{'loss': 0.8468, 'grad_norm': 6.484485626220703, 'learning_rate': 1e-05, 'epoch': 4.38}
{'loss': 0.7922, 'grad_norm': 5.8068623542785645, 'learning_rate': 1e-05, 'epoch': 4.4}
{'loss': 0.9201, 'grad_norm': 2.833832025527954, 'learning_rate': 1e-05, 'epoch': 4.43}
{'loss': 0.8824, 'grad_norm': 5.566738128662109, 'learning_rate': 1e-05, 'epoch': 4.45}
{'loss': 0.8285, 'grad_norm': 7.697024822235107, 'learning_rate': 1e-05, 'epoch': 4.48}
{'loss': 0.7574, 'grad_norm': 7.273500442504883, 'learning_rate': 1e-05, 'epoch': 4.5}
{'loss': 0.9174, 'grad_norm': 9.416865348815918, 'learning_rate': 1e-05, 'epoch': 4.53}
{'loss': 0.8504, 'grad_norm': 3.9239397048950195, 'learning_rate': 1e-05, 'epoch': 4.55}
{'loss': 0.8913, 'grad_norm': 18.458568572998047, 'learning_rate': 1e-05, 'epoch': 4.58}
{'loss': 0.8137, 'grad_norm': 10.712217330932617, 'learning_rate': 1e-05, 'epoch': 4.6}
{'loss': 0.8195, 'grad_norm': 5.315827369689941, 'learning_rate': 1e-05, 'epoch': 4.63}
{'loss': 0.7966, 'grad_norm': 2.0211880207061768, 'learning_rate': 1e-05, 'epoch': 4.65}
{'loss': 0.7815, 'grad_norm': 10.291272163391113, 'learning_rate': 1e-05, 'epoch': 4.68}
{'loss': 0.8377, 'grad_norm': 6.993337154388428, 'learning_rate': 1e-05, 'epoch': 4.7}
{'loss': 0.8326, 'grad_norm': 8.792468070983887, 'learning_rate': 1e-05, 'epoch': 4.73}
{'loss': 0.771, 'grad_norm': 5.800934791564941, 'learning_rate': 1e-05, 'epoch': 4.75}
{'loss': 0.8217, 'grad_norm': 5.996652603149414, 'learning_rate': 1e-05, 'epoch': 4.78}
{'loss': 0.8143, 'grad_norm': 11.613752365112305, 'learning_rate': 1e-05, 'epoch': 4.8}
{'loss': 0.8146, 'grad_norm': 6.8415045738220215, 'learning_rate': 1e-05, 'epoch': 4.83}
{'loss': 0.8139, 'grad_norm': 10.360116004943848, 'learning_rate': 1e-05, 'epoch': 4.85}
{'loss': 0.8921, 'grad_norm': 3.2886033058166504, 'learning_rate': 1e-05, 'epoch': 4.88}
{'loss': 0.8297, 'grad_norm': 7.3816447257995605, 'learning_rate': 1e-05, 'epoch': 4.9}
{'loss': 0.8902, 'grad_norm': 3.00781512260437, 'learning_rate': 1e-05, 'epoch': 4.93}
{'loss': 0.8545, 'grad_norm': 5.998193264007568, 'learning_rate': 1e-05, 'epoch': 4.95}
{'loss': 0.8079, 'grad_norm': 2.8666930198669434, 'learning_rate': 1e-05, 'epoch': 4.98}
{'eval_loss': 0.676635205745697, 'eval_wer': 0.32983114946202197, 'eval_runtime': 1438.419, 'eval_samples_per_second': 5.562, 'eval_steps_per_second': 5.562, 'epoch': 5.0}
{'loss': 0.8438, 'grad_norm': 4.332348346710205, 'learning_rate': 1e-05, 'epoch': 5.0}
{'loss': 0.8184, 'grad_norm': 9.555529594421387, 'learning_rate': 1e-05, 'epoch': 5.03}
{'loss': 0.9113, 'grad_norm': 7.833950996398926, 'learning_rate': 1e-05, 'epoch': 5.05}
{'loss': 0.7545, 'grad_norm': 8.215917587280273, 'learning_rate': 1e-05, 'epoch': 5.08}
{'loss': 0.7573, 'grad_norm': 3.8775854110717773, 'learning_rate': 1e-05, 'epoch': 5.1}
{'loss': 0.8518, 'grad_norm': 7.330292701721191, 'learning_rate': 1e-05, 'epoch': 5.13}
{'loss': 0.8216, 'grad_norm': 13.21495246887207, 'learning_rate': 1e-05, 'epoch': 5.15}
{'loss': 0.8709, 'grad_norm': 5.3534836769104, 'learning_rate': 1e-05, 'epoch': 5.18}
{'loss': 0.8466, 'grad_norm': 4.35878324508667, 'learning_rate': 1e-05, 'epoch': 5.2}
{'loss': 0.8039, 'grad_norm': 1.820350170135498, 'learning_rate': 1e-05, 'epoch': 5.23}
{'loss': 0.8671, 'grad_norm': 8.771018981933594, 'learning_rate': 1e-05, 'epoch': 5.25}
{'loss': 0.8713, 'grad_norm': 9.261584281921387, 'learning_rate': 1e-05, 'epoch': 5.28}
{'loss': 0.7756, 'grad_norm': 5.924156665802002, 'learning_rate': 1e-05, 'epoch': 5.3}
{'loss': 0.8467, 'grad_norm': 4.9150872230529785, 'learning_rate': 1e-05, 'epoch': 5.33}
{'loss': 0.8065, 'grad_norm': 9.209959983825684, 'learning_rate': 1e-05, 'epoch': 5.35}
{'loss': 0.7637, 'grad_norm': 4.235007286071777, 'learning_rate': 1e-05, 'epoch': 5.38}
{'loss': 0.7759, 'grad_norm': 6.360665321350098, 'learning_rate': 1e-05, 'epoch': 5.4}
{'loss': 0.8785, 'grad_norm': 9.069408416748047, 'learning_rate': 1e-05, 'epoch': 5.43}
{'loss': 0.7898, 'grad_norm': 7.38634729385376, 'learning_rate': 1e-05, 'epoch': 5.45}
{'loss': 0.8089, 'grad_norm': 9.572579383850098, 'learning_rate': 1e-05, 'epoch': 5.48}
{'loss': 0.9243, 'grad_norm': 6.3805952072143555, 'learning_rate': 1e-05, 'epoch': 5.5}
{'loss': 0.7736, 'grad_norm': 7.509504318237305, 'learning_rate': 1e-05, 'epoch': 5.53}
{'loss': 0.7946, 'grad_norm': 7.938671112060547, 'learning_rate': 1e-05, 'epoch': 5.55}
{'loss': 0.744, 'grad_norm': 4.435850143432617, 'learning_rate': 1e-05, 'epoch': 5.58}
{'loss': 0.7379, 'grad_norm': 40.40740203857422, 'learning_rate': 1e-05, 'epoch': 5.6}
{'loss': 0.7195, 'grad_norm': 5.591175556182861, 'learning_rate': 1e-05, 'epoch': 5.63}
{'loss': 0.877, 'grad_norm': 8.529098510742188, 'learning_rate': 1e-05, 'epoch': 5.65}
{'loss': 0.7282, 'grad_norm': 8.85539722442627, 'learning_rate': 1e-05, 'epoch': 5.68}
{'loss': 0.8414, 'grad_norm': 7.83643913269043, 'learning_rate': 1e-05, 'epoch': 5.7}
{'loss': 0.8205, 'grad_norm': 9.296602249145508, 'learning_rate': 1e-05, 'epoch': 5.73}
{'loss': 0.9745, 'grad_norm': 7.187161445617676, 'learning_rate': 1e-05, 'epoch': 5.75}
{'loss': 0.8595, 'grad_norm': 6.103458881378174, 'learning_rate': 1e-05, 'epoch': 5.78}
{'loss': 0.8634, 'grad_norm': 33.711971282958984, 'learning_rate': 1e-05, 'epoch': 5.8}
{'loss': 0.766, 'grad_norm': 3.2842977046966553, 'learning_rate': 1e-05, 'epoch': 5.83}
{'loss': 0.8974, 'grad_norm': 5.8202972412109375, 'learning_rate': 1e-05, 'epoch': 5.85}
{'loss': 0.8159, 'grad_norm': 8.82564926147461, 'learning_rate': 1e-05, 'epoch': 5.88}
{'loss': 0.7867, 'grad_norm': 5.327641487121582, 'learning_rate': 1e-05, 'epoch': 5.9}
{'loss': 0.8745, 'grad_norm': 8.989824295043945, 'learning_rate': 1e-05, 'epoch': 5.93}
{'loss': 0.7831, 'grad_norm': 14.248515129089355, 'learning_rate': 1e-05, 'epoch': 5.95}
{'loss': 0.786, 'grad_norm': 6.521989345550537, 'learning_rate': 1e-05, 'epoch': 5.98}
{'eval_loss': 0.6719552278518677, 'eval_wer': 0.3270214125918824, 'eval_runtime': 1445.4058, 'eval_samples_per_second': 5.535, 'eval_steps_per_second': 5.535, 'epoch': 6.0}
{'loss': 0.7801, 'grad_norm': 4.460773944854736, 'learning_rate': 1e-05, 'epoch': 6.0}
{'loss': 0.8204, 'grad_norm': 9.916504859924316, 'learning_rate': 1e-05, 'epoch': 6.03}
{'loss': 0.8251, 'grad_norm': 11.051621437072754, 'learning_rate': 1e-05, 'epoch': 6.05}
{'loss': 0.8168, 'grad_norm': 4.799509048461914, 'learning_rate': 1e-05, 'epoch': 6.08}
{'loss': 0.8078, 'grad_norm': 6.431354522705078, 'learning_rate': 1e-05, 'epoch': 6.1}
{'loss': 0.8259, 'grad_norm': 2.0321431159973145, 'learning_rate': 1e-05, 'epoch': 6.13}
{'loss': 0.7533, 'grad_norm': 20.186477661132812, 'learning_rate': 1e-05, 'epoch': 6.15}
{'loss': 0.8482, 'grad_norm': 6.538872718811035, 'learning_rate': 1e-05, 'epoch': 6.18}
{'loss': 0.8849, 'grad_norm': 11.925257682800293, 'learning_rate': 1e-05, 'epoch': 6.2}
{'loss': 0.7636, 'grad_norm': 5.658685684204102, 'learning_rate': 1e-05, 'epoch': 6.23}
{'loss': 0.761, 'grad_norm': 11.496374130249023, 'learning_rate': 1e-05, 'epoch': 6.25}
{'loss': 0.8764, 'grad_norm': 5.822971343994141, 'learning_rate': 1e-05, 'epoch': 6.28}
{'loss': 0.7856, 'grad_norm': 15.941831588745117, 'learning_rate': 1e-05, 'epoch': 6.3}
{'loss': 0.8456, 'grad_norm': 20.176300048828125, 'learning_rate': 1e-05, 'epoch': 6.33}
{'loss': 0.8345, 'grad_norm': 3.8697826862335205, 'learning_rate': 1e-05, 'epoch': 6.35}
{'loss': 0.7875, 'grad_norm': 7.085087776184082, 'learning_rate': 1e-05, 'epoch': 6.38}
{'loss': 0.8256, 'grad_norm': 3.824323892593384, 'learning_rate': 1e-05, 'epoch': 6.4}
{'loss': 0.8133, 'grad_norm': 7.48181676864624, 'learning_rate': 1e-05, 'epoch': 6.43}
{'loss': 0.7931, 'grad_norm': 9.352362632751465, 'learning_rate': 1e-05, 'epoch': 6.45}
{'loss': 0.7501, 'grad_norm': 3.8644859790802, 'learning_rate': 1e-05, 'epoch': 6.48}
{'loss': 0.7168, 'grad_norm': 6.344349384307861, 'learning_rate': 1e-05, 'epoch': 6.5}
{'loss': 0.8127, 'grad_norm': 54.41123580932617, 'learning_rate': 1e-05, 'epoch': 6.53}
{'loss': 0.8236, 'grad_norm': 26.236934661865234, 'learning_rate': 1e-05, 'epoch': 6.55}
{'loss': 0.7623, 'grad_norm': 10.533270835876465, 'learning_rate': 1e-05, 'epoch': 6.58}
{'loss': 0.755, 'grad_norm': 5.839718341827393, 'learning_rate': 1e-05, 'epoch': 6.6}
{'loss': 0.7513, 'grad_norm': 6.332401275634766, 'learning_rate': 1e-05, 'epoch': 6.63}
{'loss': 0.8329, 'grad_norm': 15.125381469726562, 'learning_rate': 1e-05, 'epoch': 6.65}
{'loss': 0.8335, 'grad_norm': 14.545381546020508, 'learning_rate': 1e-05, 'epoch': 6.68}
{'loss': 0.7619, 'grad_norm': 4.352672100067139, 'learning_rate': 1e-05, 'epoch': 6.7}
{'loss': 0.7468, 'grad_norm': 4.647947311401367, 'learning_rate': 1e-05, 'epoch': 6.73}
{'loss': 0.8045, 'grad_norm': 5.719184398651123, 'learning_rate': 1e-05, 'epoch': 6.75}
{'loss': 0.7854, 'grad_norm': 13.96243953704834, 'learning_rate': 1e-05, 'epoch': 6.78}
{'loss': 0.8236, 'grad_norm': 13.785362243652344, 'learning_rate': 1e-05, 'epoch': 6.8}
{'loss': 0.757, 'grad_norm': 6.661145210266113, 'learning_rate': 1e-05, 'epoch': 6.83}
{'loss': 0.7942, 'grad_norm': 7.146617412567139, 'learning_rate': 1e-05, 'epoch': 6.85}
{'loss': 0.9948, 'grad_norm': 6.4259419441223145, 'learning_rate': 1e-05, 'epoch': 6.88}
{'loss': 0.7814, 'grad_norm': 5.182982921600342, 'learning_rate': 1e-05, 'epoch': 6.9}
{'loss': 0.8064, 'grad_norm': 11.785896301269531, 'learning_rate': 1e-05, 'epoch': 6.93}
{'loss': 0.85, 'grad_norm': 6.525801658630371, 'learning_rate': 1e-05, 'epoch': 6.95}
{'loss': 0.8307, 'grad_norm': 4.9544525146484375, 'learning_rate': 1e-05, 'epoch': 6.98}
{'eval_loss': 0.6644949913024902, 'eval_wer': 0.32462448066474914, 'eval_runtime': 1446.3596, 'eval_samples_per_second': 5.531, 'eval_steps_per_second': 5.531, 'epoch': 7.0}
{'loss': 0.8748, 'grad_norm': 3.689535617828369, 'learning_rate': 1e-05, 'epoch': 7.0}
{'loss': 0.7059, 'grad_norm': 15.14562702178955, 'learning_rate': 1e-05, 'epoch': 7.03}
{'loss': 0.786, 'grad_norm': 8.811308860778809, 'learning_rate': 1e-05, 'epoch': 7.05}
{'loss': 0.8143, 'grad_norm': 2.5623648166656494, 'learning_rate': 1e-05, 'epoch': 7.08}
{'loss': 0.8675, 'grad_norm': 8.195708274841309, 'learning_rate': 1e-05, 'epoch': 7.1}
{'loss': 0.8112, 'grad_norm': 5.538316249847412, 'learning_rate': 1e-05, 'epoch': 7.13}
{'loss': 0.8453, 'grad_norm': 8.364001274108887, 'learning_rate': 1e-05, 'epoch': 7.15}
{'loss': 0.776, 'grad_norm': 16.286252975463867, 'learning_rate': 1e-05, 'epoch': 7.18}
{'loss': 0.8113, 'grad_norm': 2.8198082447052, 'learning_rate': 1e-05, 'epoch': 7.2}
{'loss': 0.772, 'grad_norm': 5.910499095916748, 'learning_rate': 1e-05, 'epoch': 7.23}
{'loss': 0.7662, 'grad_norm': 14.367094993591309, 'learning_rate': 1e-05, 'epoch': 7.25}
{'loss': 0.8007, 'grad_norm': 5.3649444580078125, 'learning_rate': 1e-05, 'epoch': 7.28}
{'loss': 0.7713, 'grad_norm': 7.229675769805908, 'learning_rate': 1e-05, 'epoch': 7.3}
{'loss': 0.813, 'grad_norm': 5.099215507507324, 'learning_rate': 1e-05, 'epoch': 7.33}
{'loss': 0.841, 'grad_norm': 5.861513137817383, 'learning_rate': 1e-05, 'epoch': 7.35}
{'loss': 0.7142, 'grad_norm': 7.852888584136963, 'learning_rate': 1e-05, 'epoch': 7.38}
{'loss': 0.841, 'grad_norm': 6.750889301300049, 'learning_rate': 1e-05, 'epoch': 7.4}
{'loss': 0.8563, 'grad_norm': 11.892619132995605, 'learning_rate': 1e-05, 'epoch': 7.43}
{'loss': 0.7631, 'grad_norm': 3.5145394802093506, 'learning_rate': 1e-05, 'epoch': 7.45}
{'loss': 0.7511, 'grad_norm': 4.466440677642822, 'learning_rate': 1e-05, 'epoch': 7.48}
{'loss': 0.8322, 'grad_norm': 5.42512845993042, 'learning_rate': 1e-05, 'epoch': 7.5}
{'loss': 0.7439, 'grad_norm': 8.880228996276855, 'learning_rate': 1e-05, 'epoch': 7.53}
{'loss': 0.8226, 'grad_norm': 9.575634956359863, 'learning_rate': 1e-05, 'epoch': 7.55}
{'loss': 0.7982, 'grad_norm': 14.103964805603027, 'learning_rate': 1e-05, 'epoch': 7.58}
{'loss': 0.768, 'grad_norm': 7.178877830505371, 'learning_rate': 1e-05, 'epoch': 7.6}
{'loss': 0.7519, 'grad_norm': 6.759108543395996, 'learning_rate': 1e-05, 'epoch': 7.63}
{'loss': 0.7409, 'grad_norm': 7.307729244232178, 'learning_rate': 1e-05, 'epoch': 7.65}
{'loss': 0.8085, 'grad_norm': 5.195927619934082, 'learning_rate': 1e-05, 'epoch': 7.68}
{'loss': 0.8299, 'grad_norm': 11.507655143737793, 'learning_rate': 1e-05, 'epoch': 7.7}
{'loss': 0.7609, 'grad_norm': 7.215987205505371, 'learning_rate': 1e-05, 'epoch': 7.73}
{'loss': 0.7622, 'grad_norm': 7.558088779449463, 'learning_rate': 1e-05, 'epoch': 7.75}
{'loss': 0.835, 'grad_norm': 4.053235054016113, 'learning_rate': 1e-05, 'epoch': 7.78}
{'loss': 0.8439, 'grad_norm': 6.187826156616211, 'learning_rate': 1e-05, 'epoch': 7.8}
{'loss': 0.8675, 'grad_norm': 8.755956649780273, 'learning_rate': 1e-05, 'epoch': 7.83}
{'loss': 0.8041, 'grad_norm': 6.414933204650879, 'learning_rate': 1e-05, 'epoch': 7.85}
{'loss': 0.8383, 'grad_norm': 3.426992654800415, 'learning_rate': 1e-05, 'epoch': 7.88}
{'loss': 0.8046, 'grad_norm': 9.172826766967773, 'learning_rate': 1e-05, 'epoch': 7.9}
{'loss': 0.8167, 'grad_norm': 7.697233200073242, 'learning_rate': 1e-05, 'epoch': 7.93}
{'loss': 0.808, 'grad_norm': 7.70591402053833, 'learning_rate': 1e-05, 'epoch': 7.95}
{'loss': 0.768, 'grad_norm': 11.159239768981934, 'learning_rate': 1e-05, 'epoch': 7.98}
{'eval_loss': 0.6546638607978821, 'eval_wer': 0.32258708852668583, 'eval_runtime': 1446.5333, 'eval_samples_per_second': 5.53, 'eval_steps_per_second': 5.53, 'epoch': 8.0}
{'loss': 0.863, 'grad_norm': 8.510022163391113, 'learning_rate': 1e-05, 'epoch': 8.0}
{'loss': 0.7741, 'grad_norm': 7.068664073944092, 'learning_rate': 1e-05, 'epoch': 8.03}
{'loss': 0.7838, 'grad_norm': 5.939711093902588, 'learning_rate': 1e-05, 'epoch': 8.05}
{'loss': 0.75, 'grad_norm': 5.850539684295654, 'learning_rate': 1e-05, 'epoch': 8.08}
{'loss': 0.7631, 'grad_norm': 9.29440689086914, 'learning_rate': 1e-05, 'epoch': 8.1}
{'loss': 0.7676, 'grad_norm': 5.382574081420898, 'learning_rate': 1e-05, 'epoch': 8.13}
{'loss': 0.8253, 'grad_norm': 5.005638599395752, 'learning_rate': 1e-05, 'epoch': 8.15}
{'loss': 0.8424, 'grad_norm': 8.0106840133667, 'learning_rate': 1e-05, 'epoch': 8.18}
{'loss': 0.7526, 'grad_norm': 5.022612571716309, 'learning_rate': 1e-05, 'epoch': 8.2}
{'loss': 0.7323, 'grad_norm': 11.78603744506836, 'learning_rate': 1e-05, 'epoch': 8.23}
{'loss': 0.8117, 'grad_norm': 3.6174795627593994, 'learning_rate': 1e-05, 'epoch': 8.25}
{'loss': 0.77, 'grad_norm': 11.44467830657959, 'learning_rate': 1e-05, 'epoch': 8.28}
{'loss': 0.8381, 'grad_norm': 15.719222068786621, 'learning_rate': 1e-05, 'epoch': 8.3}
{'loss': 0.7775, 'grad_norm': 2.3301312923431396, 'learning_rate': 1e-05, 'epoch': 8.33}
{'loss': 0.7387, 'grad_norm': 7.302891731262207, 'learning_rate': 1e-05, 'epoch': 8.35}
{'loss': 0.8339, 'grad_norm': 5.320265293121338, 'learning_rate': 1e-05, 'epoch': 8.38}
{'loss': 0.8184, 'grad_norm': 36.16931915283203, 'learning_rate': 1e-05, 'epoch': 8.4}
{'loss': 0.781, 'grad_norm': 8.940990447998047, 'learning_rate': 1e-05, 'epoch': 8.43}
{'loss': 0.8197, 'grad_norm': 19.456130981445312, 'learning_rate': 1e-05, 'epoch': 8.45}
{'loss': 0.8145, 'grad_norm': 7.650609493255615, 'learning_rate': 1e-05, 'epoch': 8.48}
{'loss': 0.7586, 'grad_norm': 6.362417697906494, 'learning_rate': 1e-05, 'epoch': 8.5}
{'loss': 0.7644, 'grad_norm': 33.91513442993164, 'learning_rate': 1e-05, 'epoch': 8.53}
{'loss': 0.8238, 'grad_norm': 10.894015312194824, 'learning_rate': 1e-05, 'epoch': 8.55}
{'loss': 0.7439, 'grad_norm': 3.651684284210205, 'learning_rate': 1e-05, 'epoch': 8.58}
{'loss': 0.7801, 'grad_norm': 10.32092571258545, 'learning_rate': 1e-05, 'epoch': 8.6}
{'loss': 0.8087, 'grad_norm': 5.178873062133789, 'learning_rate': 1e-05, 'epoch': 8.63}
{'loss': 0.8029, 'grad_norm': 5.441554546356201, 'learning_rate': 1e-05, 'epoch': 8.65}
{'loss': 0.7516, 'grad_norm': 4.26689338684082, 'learning_rate': 1e-05, 'epoch': 8.68}
{'loss': 0.7458, 'grad_norm': 5.564296722412109, 'learning_rate': 1e-05, 'epoch': 8.7}
{'loss': 0.7913, 'grad_norm': 8.24055290222168, 'learning_rate': 1e-05, 'epoch': 8.73}
{'loss': 0.7853, 'grad_norm': 8.158416748046875, 'learning_rate': 1e-05, 'epoch': 8.75}
{'loss': 0.8212, 'grad_norm': 5.5684919357299805, 'learning_rate': 1e-05, 'epoch': 8.78}
{'loss': 0.8585, 'grad_norm': 76.7053451538086, 'learning_rate': 1e-05, 'epoch': 8.8}
{'loss': 0.8089, 'grad_norm': 3.3965301513671875, 'learning_rate': 1e-05, 'epoch': 8.83}
{'loss': 0.8253, 'grad_norm': 9.539037704467773, 'learning_rate': 1e-05, 'epoch': 8.85}
{'loss': 0.8492, 'grad_norm': 12.984210014343262, 'learning_rate': 1e-05, 'epoch': 8.88}
{'loss': 0.8111, 'grad_norm': 7.756788730621338, 'learning_rate': 1e-05, 'epoch': 8.9}
{'loss': 0.8322, 'grad_norm': 3.8285789489746094, 'learning_rate': 1e-05, 'epoch': 8.93}
{'loss': 0.7468, 'grad_norm': 3.7201311588287354, 'learning_rate': 1e-05, 'epoch': 8.95}
{'loss': 0.7567, 'grad_norm': 7.739382266998291, 'learning_rate': 1e-05, 'epoch': 8.98}
{'eval_loss': 0.6511169672012329, 'eval_wer': 0.32020347288803663, 'eval_runtime': 1435.8237, 'eval_samples_per_second': 5.572, 'eval_steps_per_second': 5.572, 'epoch': 9.0}
{'loss': 0.7389, 'grad_norm': 8.889788627624512, 'learning_rate': 1e-05, 'epoch': 9.0}
{'loss': 0.7608, 'grad_norm': 5.530913829803467, 'learning_rate': 1e-05, 'epoch': 9.03}
{'loss': 0.7703, 'grad_norm': 5.970486164093018, 'learning_rate': 1e-05, 'epoch': 9.05}
{'loss': 0.81, 'grad_norm': 9.712321281433105, 'learning_rate': 1e-05, 'epoch': 9.08}
{'loss': 0.7872, 'grad_norm': 5.308498859405518, 'learning_rate': 1e-05, 'epoch': 9.1}
{'loss': 0.7714, 'grad_norm': 30.989192962646484, 'learning_rate': 1e-05, 'epoch': 9.13}
{'loss': 0.7436, 'grad_norm': 5.847940444946289, 'learning_rate': 1e-05, 'epoch': 9.15}
{'loss': 0.8738, 'grad_norm': 3.8643126487731934, 'learning_rate': 1e-05, 'epoch': 9.18}
{'loss': 0.7096, 'grad_norm': 5.593891620635986, 'learning_rate': 1e-05, 'epoch': 9.2}
{'loss': 0.6995, 'grad_norm': 5.255259037017822, 'learning_rate': 1e-05, 'epoch': 9.23}
{'loss': 0.7594, 'grad_norm': 6.1209492683410645, 'learning_rate': 1e-05, 'epoch': 9.25}
{'loss': 0.742, 'grad_norm': 5.473038196563721, 'learning_rate': 1e-05, 'epoch': 9.28}
{'loss': 0.7629, 'grad_norm': 23.876972198486328, 'learning_rate': 1e-05, 'epoch': 9.3}
{'loss': 0.8045, 'grad_norm': 6.820437431335449, 'learning_rate': 1e-05, 'epoch': 9.33}
{'loss': 0.8575, 'grad_norm': 11.940147399902344, 'learning_rate': 1e-05, 'epoch': 9.35}
{'loss': 0.7359, 'grad_norm': 4.19326639175415, 'learning_rate': 1e-05, 'epoch': 9.38}
{'loss': 0.7721, 'grad_norm': 11.596087455749512, 'learning_rate': 1e-05, 'epoch': 9.4}
{'loss': 0.7455, 'grad_norm': 4.051732063293457, 'learning_rate': 1e-05, 'epoch': 9.43}
{'loss': 0.7665, 'grad_norm': 2.6889712810516357, 'learning_rate': 1e-05, 'epoch': 9.45}
{'loss': 0.756, 'grad_norm': 6.813582420349121, 'learning_rate': 1e-05, 'epoch': 9.48}
{'loss': 0.7385, 'grad_norm': 7.744597911834717, 'learning_rate': 1e-05, 'epoch': 9.5}
{'loss': 0.7842, 'grad_norm': 6.266317844390869, 'learning_rate': 1e-05, 'epoch': 9.53}
{'loss': 0.8348, 'grad_norm': 38.13153839111328, 'learning_rate': 1e-05, 'epoch': 9.55}
{'loss': 0.7889, 'grad_norm': 3.6340532302856445, 'learning_rate': 1e-05, 'epoch': 9.58}
{'loss': 0.7538, 'grad_norm': 4.39810848236084, 'learning_rate': 1e-05, 'epoch': 9.6}
{'loss': 0.7887, 'grad_norm': 7.7832465171813965, 'learning_rate': 1e-05, 'epoch': 9.63}
{'loss': 0.7524, 'grad_norm': 5.134485721588135, 'learning_rate': 1e-05, 'epoch': 9.65}
{'loss': 0.7898, 'grad_norm': 10.759159088134766, 'learning_rate': 1e-05, 'epoch': 9.68}
{'loss': 0.7932, 'grad_norm': 3.838287591934204, 'learning_rate': 1e-05, 'epoch': 9.7}
{'loss': 0.8254, 'grad_norm': 12.90697193145752, 'learning_rate': 1e-05, 'epoch': 9.73}
{'loss': 0.8128, 'grad_norm': 6.894677639007568, 'learning_rate': 1e-05, 'epoch': 9.75}
{'loss': 0.7782, 'grad_norm': 10.03681468963623, 'learning_rate': 1e-05, 'epoch': 9.78}
{'loss': 0.7654, 'grad_norm': 6.0597686767578125, 'learning_rate': 1e-05, 'epoch': 9.8}
{'loss': 0.7891, 'grad_norm': 5.265830039978027, 'learning_rate': 1e-05, 'epoch': 9.83}
{'loss': 0.8272, 'grad_norm': 21.04239845275879, 'learning_rate': 1e-05, 'epoch': 9.85}
{'loss': 0.7919, 'grad_norm': 4.148160934448242, 'learning_rate': 1e-05, 'epoch': 9.88}
{'loss': 0.7752, 'grad_norm': 10.039817810058594, 'learning_rate': 1e-05, 'epoch': 9.9}
{'loss': 0.7731, 'grad_norm': 15.350329399108887, 'learning_rate': 1e-05, 'epoch': 9.93}
{'loss': 0.7763, 'grad_norm': 30.47555923461914, 'learning_rate': 1e-05, 'epoch': 9.95}
{'loss': 0.7773, 'grad_norm': 5.469338893890381, 'learning_rate': 1e-05, 'epoch': 9.98}
{'eval_loss': 0.6501267552375793, 'eval_wer': 0.31952434217534886, 'eval_runtime': 1440.988, 'eval_samples_per_second': 5.552, 'eval_steps_per_second': 5.552, 'epoch': 10.0}
{'train_runtime': 19080.3542, 'train_samples_per_second': 16.767, 'train_steps_per_second': 2.096, 'train_loss': 0.8793378604355678, 'epoch': 10.0}
[ASR][Trainer Eval] {'eval_loss': 0.6501267552375793, 'eval_wer': 0.31952434217534886, 'eval_runtime': 1443.8441, 'eval_samples_per_second': 5.541, 'eval_steps_per_second': 5.541, 'epoch': 10.0}
[SER] Skipped (phase != 'all'/'ser').
w23g0011:249119:250055 [0] NCCL INFO [Service thread] Connection closed by localRank 0
w23g0011:249119:632868 [0] NCCL INFO comm 0x556947754a60 rank 0 nranks 1 cudaDev 0 busId 9d000 - Abort COMPLETE
[TRAIN][SER] Starting SER phase ...
[Setup] Using device: cuda
[Setup] no_cuda flag set to: False
[ASR] Skipped (phase != 'all'/'asr').
[SER] Loading model + extractor…
[SER] Starting from pretrained: models/pretrained/en
trainable params: 9,248 || all params: 94,977,704 || trainable%: 0.0097
[SER] Trainable parameters: 9248 / 94977704
[SER] truncating to 102719 frames (~6.42s)
[SER] class counts: {4: 6792, 7: 1408, 3: 5556, 5: 6384, 0: 6044, 2: 4140, 1: 3500, 6: 768}
[SER] class weights: [0.7154202461242676, 1.2354285717010498, 1.0444444417953491, 0.7782577276229858, 0.6366313099861145, 0.677318274974823, 5.630208492279053, 3.0710227489471436]
[SER] Sanity loss (1 batch): 2.0931951999664307
[SER] Starting training with HuggingFace Trainer…
w23g0011:633007:633007 [0] NCCL INFO Bootstrap : Using ib0:134.61.46.240<0>
w23g0011:633007:633007 [0] NCCL INFO NET/Plugin : dlerror=libnccl-net.so: cannot open shared object file: No such file or directory No plugin found (libnccl-net.so), using internal implementation
w23g0011:633007:633007 [0] NCCL INFO cudaDriverVersion 12080
NCCL version 2.20.5+cuda12.4
w23g0011:633007:644062 [0] NCCL INFO NET/IB : Using [0]mlx5_0:1/IB [1]mlx5_1:1/IB [RO]; OOB ib0:134.61.46.240<0>
w23g0011:633007:644062 [0] NCCL INFO Using non-device net plugin version 0
w23g0011:633007:644062 [0] NCCL INFO Using network IB
w23g0011:633007:644062 [0] NCCL INFO DMA-BUF is available on GPU device 0
w23g0011:633007:644062 [0] NCCL INFO comm 0x5570729df220 rank 0 nranks 1 cudaDev 0 nvmlDev 0 busId 9d000 commId 0xf94f587eab03868e - Init START
w23g0011:633007:644062 [0] NCCL INFO Setting affinity for GPU 0 to 0f000000,00000000
w23g0011:633007:644062 [0] NCCL INFO comm 0x5570729df220 rank 0 nRanks 1 nNodes 1 localRanks 1 localRank 0 MNNVL 0
w23g0011:633007:644062 [0] NCCL INFO Channel 00/32 :    0
w23g0011:633007:644062 [0] NCCL INFO Channel 01/32 :    0
w23g0011:633007:644062 [0] NCCL INFO Channel 02/32 :    0
w23g0011:633007:644062 [0] NCCL INFO Channel 03/32 :    0
w23g0011:633007:644062 [0] NCCL INFO Channel 04/32 :    0
w23g0011:633007:644062 [0] NCCL INFO Channel 05/32 :    0
w23g0011:633007:644062 [0] NCCL INFO Channel 06/32 :    0
w23g0011:633007:644062 [0] NCCL INFO Channel 07/32 :    0
w23g0011:633007:644062 [0] NCCL INFO Channel 08/32 :    0
w23g0011:633007:644062 [0] NCCL INFO Channel 09/32 :    0
w23g0011:633007:644062 [0] NCCL INFO Channel 10/32 :    0
w23g0011:633007:644062 [0] NCCL INFO Channel 11/32 :    0
w23g0011:633007:644062 [0] NCCL INFO Channel 12/32 :    0
w23g0011:633007:644062 [0] NCCL INFO Channel 13/32 :    0
w23g0011:633007:644062 [0] NCCL INFO Channel 14/32 :    0
w23g0011:633007:644062 [0] NCCL INFO Channel 15/32 :    0
w23g0011:633007:644062 [0] NCCL INFO Channel 16/32 :    0
w23g0011:633007:644062 [0] NCCL INFO Channel 17/32 :    0
w23g0011:633007:644062 [0] NCCL INFO Channel 18/32 :    0
w23g0011:633007:644062 [0] NCCL INFO Channel 19/32 :    0
w23g0011:633007:644062 [0] NCCL INFO Channel 20/32 :    0
w23g0011:633007:644062 [0] NCCL INFO Channel 21/32 :    0
w23g0011:633007:644062 [0] NCCL INFO Channel 22/32 :    0
w23g0011:633007:644062 [0] NCCL INFO Channel 23/32 :    0
w23g0011:633007:644062 [0] NCCL INFO Channel 24/32 :    0
w23g0011:633007:644062 [0] NCCL INFO Channel 25/32 :    0
w23g0011:633007:644062 [0] NCCL INFO Channel 26/32 :    0
w23g0011:633007:644062 [0] NCCL INFO Channel 27/32 :    0
w23g0011:633007:644062 [0] NCCL INFO Channel 28/32 :    0
w23g0011:633007:644062 [0] NCCL INFO Channel 29/32 :    0
w23g0011:633007:644062 [0] NCCL INFO Channel 30/32 :    0
w23g0011:633007:644062 [0] NCCL INFO Channel 31/32 :    0
w23g0011:633007:644062 [0] NCCL INFO Trees [0] -1/-1/-1->0->-1 [1] -1/-1/-1->0->-1 [2] -1/-1/-1->0->-1 [3] -1/-1/-1->0->-1 [4] -1/-1/-1->0->-1 [5] -1/-1/-1->0->-1 [6] -1/-1/-1->0->-1 [7] -1/-1/-1->0->-1 [8] -1/-1/-1->0->-1 [9] -1/-1/-1->0->-1 [10] -1/-1/-1->0->-1 [11] -1/-1/-1->0->-1 [12] -1/-1/-1->0->-1 [13] -1/-1/-1->0->-1 [14] -1/-1/-1->0->-1 [15] -1/-1/-1->0->-1 [16] -1/-1/-1->0->-1 [17] -1/-1/-1->0->-1 [18] -1/-1/-1->0->-1 [19] -1/-1/-1->0->-1 [20] -1/-1/-1->0->-1 [21] -1/-1/-1->0->-1 [22] -1/-1/-1->0->-1 [23] -1/-1/-1->0->-1 [24] -1/-1/-1->0->-1 [25] -1/-1/-1->0->-1 [26] -1/-1/-1->0->-1 [27] -1/-1/-1->0->-1 [28] -1/-1/-1->0->-1 [29] -1/-1/-1->0->-1 [30] -1/-1/-1->0->-1 [31] -1/-1/-1->0->-1
w23g0011:633007:644062 [0] NCCL INFO P2P Chunksize set to 131072
w23g0011:633007:644062 [0] NCCL INFO Connected all rings
w23g0011:633007:644062 [0] NCCL INFO Connected all trees
w23g0011:633007:644062 [0] NCCL INFO 32 coll channels, 0 collnet channels, 0 nvls channels, 32 p2p channels, 32 p2p channels per peer
w23g0011:633007:644062 [0] NCCL INFO comm 0x5570729df220 rank 0 nranks 1 cudaDev 0 nvmlDev 0 busId 9d000 commId 0xf94f587eab03868e - Init COMPLETE
{'loss': 2.0772, 'grad_norm': 0.3152559995651245, 'learning_rate': 9.942708333333334e-06, 'epoch': 0.06}
{'loss': 2.0766, 'grad_norm': 0.1625431925058365, 'learning_rate': 9.884837962962964e-06, 'epoch': 0.12}
{'loss': 2.0773, 'grad_norm': 0.16527685523033142, 'learning_rate': 9.826967592592594e-06, 'epoch': 0.17}
{'loss': 2.0787, 'grad_norm': 0.23387393355369568, 'learning_rate': 9.769097222222224e-06, 'epoch': 0.23}
{'loss': 2.0732, 'grad_norm': 0.27241745591163635, 'learning_rate': 9.711226851851852e-06, 'epoch': 0.29}
{'loss': 2.0714, 'grad_norm': 0.28775766491889954, 'learning_rate': 9.653356481481482e-06, 'epoch': 0.35}
{'loss': 2.0712, 'grad_norm': 0.39171043038368225, 'learning_rate': 9.595486111111112e-06, 'epoch': 0.41}
{'loss': 2.0711, 'grad_norm': 0.617906928062439, 'learning_rate': 9.53761574074074e-06, 'epoch': 0.46}
{'loss': 2.0699, 'grad_norm': 0.6280835270881653, 'learning_rate': 9.479745370370372e-06, 'epoch': 0.52}
{'loss': 2.0626, 'grad_norm': 0.6952564716339111, 'learning_rate': 9.421875e-06, 'epoch': 0.58}
{'loss': 2.0588, 'grad_norm': 0.6004621386528015, 'learning_rate': 9.36400462962963e-06, 'epoch': 0.64}
{'loss': 2.065, 'grad_norm': 0.8174419403076172, 'learning_rate': 9.30613425925926e-06, 'epoch': 0.69}
{'loss': 2.0624, 'grad_norm': 0.6886372566223145, 'learning_rate': 9.24826388888889e-06, 'epoch': 0.75}
{'loss': 2.0534, 'grad_norm': 0.6774487495422363, 'learning_rate': 9.190393518518519e-06, 'epoch': 0.81}
{'loss': 2.0627, 'grad_norm': 1.1810417175292969, 'learning_rate': 9.132523148148149e-06, 'epoch': 0.87}
{'loss': 2.0561, 'grad_norm': 0.6705602407455444, 'learning_rate': 9.074652777777779e-06, 'epoch': 0.93}
{'loss': 2.055, 'grad_norm': 0.6817612648010254, 'learning_rate': 9.016782407407408e-06, 'epoch': 0.98}
{'eval_loss': 2.0354268550872803, 'eval_accuracy': nan, 'eval_f1': nan, 'eval_runtime': 50.8555, 'eval_samples_per_second': 136.701, 'eval_steps_per_second': 136.701, 'epoch': 1.0}
{'loss': 2.0603, 'grad_norm': 0.7203883528709412, 'learning_rate': 8.958912037037037e-06, 'epoch': 1.04}
{'loss': 2.0508, 'grad_norm': 0.8731328845024109, 'learning_rate': 8.901041666666668e-06, 'epoch': 1.1}
{'loss': 2.0445, 'grad_norm': 0.9401211142539978, 'learning_rate': 8.843171296296297e-06, 'epoch': 1.16}
{'loss': 2.0579, 'grad_norm': 0.8417047262191772, 'learning_rate': 8.785300925925927e-06, 'epoch': 1.22}
{'loss': 2.0431, 'grad_norm': 1.1417171955108643, 'learning_rate': 8.727430555555557e-06, 'epoch': 1.27}
{'loss': 2.0445, 'grad_norm': 1.213351845741272, 'learning_rate': 8.669560185185187e-06, 'epoch': 1.33}
{'loss': 2.0532, 'grad_norm': 0.8510117530822754, 'learning_rate': 8.611689814814815e-06, 'epoch': 1.39}
{'loss': 2.0394, 'grad_norm': 1.1604527235031128, 'learning_rate': 8.553819444444445e-06, 'epoch': 1.45}
{'loss': 2.0594, 'grad_norm': 0.8593534827232361, 'learning_rate': 8.495949074074075e-06, 'epoch': 1.5}
{'loss': 2.0482, 'grad_norm': 0.8963263630867004, 'learning_rate': 8.438078703703705e-06, 'epoch': 1.56}
{'loss': 2.0442, 'grad_norm': 1.431740641593933, 'learning_rate': 8.380208333333333e-06, 'epoch': 1.62}
{'loss': 2.0385, 'grad_norm': 1.0262888669967651, 'learning_rate': 8.322337962962965e-06, 'epoch': 1.68}
{'loss': 2.0448, 'grad_norm': 1.2808091640472412, 'learning_rate': 8.264467592592593e-06, 'epoch': 1.74}
{'loss': 2.0431, 'grad_norm': 0.890354573726654, 'learning_rate': 8.206597222222223e-06, 'epoch': 1.79}
{'loss': 2.0653, 'grad_norm': 1.2045022249221802, 'learning_rate': 8.148726851851853e-06, 'epoch': 1.85}
{'loss': 2.0488, 'grad_norm': 1.1334562301635742, 'learning_rate': 8.090856481481481e-06, 'epoch': 1.91}
{'loss': 2.0402, 'grad_norm': 0.8459169268608093, 'learning_rate': 8.032986111111111e-06, 'epoch': 1.97}
{'eval_loss': 2.0097975730895996, 'eval_accuracy': nan, 'eval_f1': nan, 'eval_runtime': 45.2918, 'eval_samples_per_second': 153.494, 'eval_steps_per_second': 153.494, 'epoch': 2.0}
{'loss': 2.0399, 'grad_norm': 1.6015928983688354, 'learning_rate': 7.975115740740741e-06, 'epoch': 2.03}
{'loss': 2.0494, 'grad_norm': 1.8497954607009888, 'learning_rate': 7.917245370370371e-06, 'epoch': 2.08}
{'loss': 2.0416, 'grad_norm': 1.0797535181045532, 'learning_rate': 7.859375e-06, 'epoch': 2.14}
{'loss': 2.037, 'grad_norm': 1.5992541313171387, 'learning_rate': 7.80150462962963e-06, 'epoch': 2.2}
{'loss': 2.0407, 'grad_norm': 1.0883281230926514, 'learning_rate': 7.74363425925926e-06, 'epoch': 2.26}
{'loss': 2.0328, 'grad_norm': 1.723714828491211, 'learning_rate': 7.68576388888889e-06, 'epoch': 2.31}
{'loss': 2.0491, 'grad_norm': 1.4335200786590576, 'learning_rate': 7.627893518518519e-06, 'epoch': 2.37}
{'loss': 2.0315, 'grad_norm': 1.5354863405227661, 'learning_rate': 7.570023148148149e-06, 'epoch': 2.43}
{'loss': 2.0482, 'grad_norm': 1.0461405515670776, 'learning_rate': 7.512152777777778e-06, 'epoch': 2.49}
{'loss': 2.0406, 'grad_norm': 1.1447738409042358, 'learning_rate': 7.454282407407409e-06, 'epoch': 2.55}
{'loss': 2.0391, 'grad_norm': 1.2934715747833252, 'learning_rate': 7.396412037037038e-06, 'epoch': 2.6}
{'loss': 2.0472, 'grad_norm': 2.347007989883423, 'learning_rate': 7.338541666666668e-06, 'epoch': 2.66}
{'loss': 2.0531, 'grad_norm': 1.3721128702163696, 'learning_rate': 7.280671296296297e-06, 'epoch': 2.72}
{'loss': 2.0519, 'grad_norm': 1.1173949241638184, 'learning_rate': 7.222800925925927e-06, 'epoch': 2.78}
{'loss': 2.0359, 'grad_norm': 1.2434773445129395, 'learning_rate': 7.164930555555556e-06, 'epoch': 2.84}
{'loss': 2.0287, 'grad_norm': 1.0179107189178467, 'learning_rate': 7.107060185185186e-06, 'epoch': 2.89}
{'loss': 2.0284, 'grad_norm': 1.3370122909545898, 'learning_rate': 7.049189814814815e-06, 'epoch': 2.95}
{'eval_loss': 2.0029499530792236, 'eval_accuracy': nan, 'eval_f1': nan, 'eval_runtime': 49.3158, 'eval_samples_per_second': 140.969, 'eval_steps_per_second': 140.969, 'epoch': 3.0}
{'train_runtime': 364.6268, 'train_samples_per_second': 758.035, 'train_steps_per_second': 47.391, 'train_loss': 2.052231573764189, 'epoch': 3.0}
[SER][Trainer Eval] {'eval_loss': 2.0029819011688232, 'eval_accuracy': nan, 'eval_f1': nan, 'eval_runtime': 42.2369, 'eval_samples_per_second': 164.595, 'eval_steps_per_second': 164.595, 'epoch': 3.0}
w23g0011:633007:644065 [0] NCCL INFO [Service thread] Connection closed by localRank 0
w23g0011:633007:650741 [0] NCCL INFO comm 0x5570729df220 rank 0 nranks 1 cudaDev 0 busId 9d000 - Abort COMPLETE
