[PRE] Skipping all preprocessing (skip_preprocessing=on or all per-step toggles are 'on')
Resolved Slurm tools at startup: ('/usr/bin/sbatch', '/usr/bin/squeue', '/usr/bin/sacct') HPCWORK= None
[Flask] Using device for inference: cuda
Running training: torchrun --nproc_per_node=1 --rdzv_id=training --rdzv_backend=c10d --rdzv_endpoint=127.0.0.1:29500 /workspace/src/train.py --device=cuda --asr_learning_rate=1e-05 --asr_batch_size=4 --asr_epochs=10 --asr_patience=2 --asr_checkpoint=models/checkpoints/Speemo_Medium_Dataset_HPC_GPU_based_Train_100_asr --asr_lang=en --ser_learning_rate=1e-05 --ser_batch_size=4 --ser_epochs=10 --ser_dropout=0.3 --ser_patience=2 --ser_checkpoint=models/checkpoints/Speemo_Medium_Dataset_HPC_GPU_based_Train_100_ser --ser_lang=en
[Setup] Using device: cuda
[Setup] no_cuda flag set to: False
[ASR] Loading model + processor…
[ASR] Starting from pretrained: models/pretrained/en
🛠️  Debug collator output shapes: {'input_values': torch.Size([4, 75264]), 'attention_mask': torch.Size([4, 75264]), 'labels': torch.Size([4, 93])}
[ASR] Starting training with HuggingFace Trainer…
w23g0004:2714473:2714473 [0] NCCL INFO Bootstrap : Using ib0:134.61.46.233<0>
w23g0004:2714473:2714473 [0] NCCL INFO NET/Plugin : dlerror=libnccl-net.so: cannot open shared object file: No such file or directory No plugin found (libnccl-net.so), using internal implementation
w23g0004:2714473:2714473 [0] NCCL INFO cudaDriverVersion 12080
NCCL version 2.20.5+cuda12.4
w23g0004:2714473:2714676 [0] NCCL INFO NET/IB : Using [0]mlx5_0:1/IB [1]mlx5_1:1/IB [RO]; OOB ib0:134.61.46.233<0>
w23g0004:2714473:2714676 [0] NCCL INFO Using non-device net plugin version 0
w23g0004:2714473:2714676 [0] NCCL INFO Using network IB
w23g0004:2714473:2714676 [0] NCCL INFO DMA-BUF is available on GPU device 0
w23g0004:2714473:2714676 [0] NCCL INFO comm 0x56395feb2260 rank 0 nranks 1 cudaDev 0 nvmlDev 0 busId ad000 commId 0x7ee9b225575513b6 - Init START
w23g0004:2714473:2714676 [0] NCCL INFO comm 0x56395feb2260 rank 0 nRanks 1 nNodes 1 localRanks 1 localRank 0 MNNVL 0
w23g0004:2714473:2714676 [0] NCCL INFO Channel 00/32 :    0
w23g0004:2714473:2714676 [0] NCCL INFO Channel 01/32 :    0
w23g0004:2714473:2714676 [0] NCCL INFO Channel 02/32 :    0
w23g0004:2714473:2714676 [0] NCCL INFO Channel 03/32 :    0
w23g0004:2714473:2714676 [0] NCCL INFO Channel 04/32 :    0
w23g0004:2714473:2714676 [0] NCCL INFO Channel 05/32 :    0
w23g0004:2714473:2714676 [0] NCCL INFO Channel 06/32 :    0
w23g0004:2714473:2714676 [0] NCCL INFO Channel 07/32 :    0
w23g0004:2714473:2714676 [0] NCCL INFO Channel 08/32 :    0
w23g0004:2714473:2714676 [0] NCCL INFO Channel 09/32 :    0
w23g0004:2714473:2714676 [0] NCCL INFO Channel 10/32 :    0
w23g0004:2714473:2714676 [0] NCCL INFO Channel 11/32 :    0
w23g0004:2714473:2714676 [0] NCCL INFO Channel 12/32 :    0
w23g0004:2714473:2714676 [0] NCCL INFO Channel 13/32 :    0
w23g0004:2714473:2714676 [0] NCCL INFO Channel 14/32 :    0
w23g0004:2714473:2714676 [0] NCCL INFO Channel 15/32 :    0
w23g0004:2714473:2714676 [0] NCCL INFO Channel 16/32 :    0
w23g0004:2714473:2714676 [0] NCCL INFO Channel 17/32 :    0
w23g0004:2714473:2714676 [0] NCCL INFO Channel 18/32 :    0
w23g0004:2714473:2714676 [0] NCCL INFO Channel 19/32 :    0
w23g0004:2714473:2714676 [0] NCCL INFO Channel 20/32 :    0
w23g0004:2714473:2714676 [0] NCCL INFO Channel 21/32 :    0
w23g0004:2714473:2714676 [0] NCCL INFO Channel 22/32 :    0
w23g0004:2714473:2714676 [0] NCCL INFO Channel 23/32 :    0
w23g0004:2714473:2714676 [0] NCCL INFO Channel 24/32 :    0
w23g0004:2714473:2714676 [0] NCCL INFO Channel 25/32 :    0
w23g0004:2714473:2714676 [0] NCCL INFO Channel 26/32 :    0
w23g0004:2714473:2714676 [0] NCCL INFO Channel 27/32 :    0
w23g0004:2714473:2714676 [0] NCCL INFO Channel 28/32 :    0
w23g0004:2714473:2714676 [0] NCCL INFO Channel 29/32 :    0
w23g0004:2714473:2714676 [0] NCCL INFO Channel 30/32 :    0
w23g0004:2714473:2714676 [0] NCCL INFO Channel 31/32 :    0
w23g0004:2714473:2714676 [0] NCCL INFO Trees [0] -1/-1/-1->0->-1 [1] -1/-1/-1->0->-1 [2] -1/-1/-1->0->-1 [3] -1/-1/-1->0->-1 [4] -1/-1/-1->0->-1 [5] -1/-1/-1->0->-1 [6] -1/-1/-1->0->-1 [7] -1/-1/-1->0->-1 [8] -1/-1/-1->0->-1 [9] -1/-1/-1->0->-1 [10] -1/-1/-1->0->-1 [11] -1/-1/-1->0->-1 [12] -1/-1/-1->0->-1 [13] -1/-1/-1->0->-1 [14] -1/-1/-1->0->-1 [15] -1/-1/-1->0->-1 [16] -1/-1/-1->0->-1 [17] -1/-1/-1->0->-1 [18] -1/-1/-1->0->-1 [19] -1/-1/-1->0->-1 [20] -1/-1/-1->0->-1 [21] -1/-1/-1->0->-1 [22] -1/-1/-1->0->-1 [23] -1/-1/-1->0->-1 [24] -1/-1/-1->0->-1 [25] -1/-1/-1->0->-1 [26] -1/-1/-1->0->-1 [27] -1/-1/-1->0->-1 [28] -1/-1/-1->0->-1 [29] -1/-1/-1->0->-1 [30] -1/-1/-1->0->-1 [31] -1/-1/-1->0->-1
w23g0004:2714473:2714676 [0] NCCL INFO P2P Chunksize set to 131072
w23g0004:2714473:2714676 [0] NCCL INFO Connected all rings
w23g0004:2714473:2714676 [0] NCCL INFO Connected all trees
w23g0004:2714473:2714676 [0] NCCL INFO 32 coll channels, 0 collnet channels, 0 nvls channels, 32 p2p channels, 32 p2p channels per peer
w23g0004:2714473:2714676 [0] NCCL INFO comm 0x56395feb2260 rank 0 nranks 1 cudaDev 0 nvmlDev 0 busId ad000 commId 0x7ee9b225575513b6 - Init COMPLETE
{'loss': 2.1461, 'grad_norm': 2.122772455215454, 'learning_rate': 0.0, 'epoch': 0.0}
{'loss': 1.678, 'grad_norm': 3.0983920097351074, 'learning_rate': 2.450612653163291e-07, 'epoch': 0.03}
{'loss': 1.6987, 'grad_norm': 1.7322098016738892, 'learning_rate': 4.951237809452364e-07, 'epoch': 0.05}
{'loss': 1.6548, 'grad_norm': 1.6512372493743896, 'learning_rate': 7.451862965741435e-07, 'epoch': 0.08}
{'loss': 1.5838, 'grad_norm': 1.0879364013671875, 'learning_rate': 9.952488122030508e-07, 'epoch': 0.1}
{'loss': 1.5589, 'grad_norm': 2.568845510482788, 'learning_rate': 1.2453113278319582e-06, 'epoch': 0.13}
{'loss': 1.5473, 'grad_norm': 4.511106967926025, 'learning_rate': 1.4953738434608653e-06, 'epoch': 0.15}
{'loss': 1.5801, 'grad_norm': 2.6756792068481445, 'learning_rate': 1.7454363590897727e-06, 'epoch': 0.18}
{'loss': 1.6762, 'grad_norm': 1.8631268739700317, 'learning_rate': 1.99549887471868e-06, 'epoch': 0.2}
{'loss': 1.6158, 'grad_norm': 1.5584386587142944, 'learning_rate': 2.245561390347587e-06, 'epoch': 0.23}
{'loss': 1.603, 'grad_norm': 3.423227548599243, 'learning_rate': 2.4956239059764944e-06, 'epoch': 0.25}
{'loss': 1.644, 'grad_norm': 3.0888588428497314, 'learning_rate': 2.745686421605401e-06, 'epoch': 0.28}
{'loss': 1.5138, 'grad_norm': 2.268038511276245, 'learning_rate': 2.995748937234309e-06, 'epoch': 0.3}
{'loss': 1.4879, 'grad_norm': 12.887574195861816, 'learning_rate': 3.243310827706927e-06, 'epoch': 0.33}
{'loss': 1.435, 'grad_norm': 2.6982262134552, 'learning_rate': 3.4908727181795454e-06, 'epoch': 0.35}
{'loss': 1.3971, 'grad_norm': 2.4654431343078613, 'learning_rate': 3.7409352338084526e-06, 'epoch': 0.38}
{'loss': 1.3927, 'grad_norm': 2.134300470352173, 'learning_rate': 3.99099774943736e-06, 'epoch': 0.4}
{'loss': 1.2506, 'grad_norm': 4.8069329261779785, 'learning_rate': 4.241060265066267e-06, 'epoch': 0.43}
{'loss': 1.2581, 'grad_norm': 2.897003412246704, 'learning_rate': 4.491122780695174e-06, 'epoch': 0.45}
{'loss': 1.3198, 'grad_norm': 3.8653159141540527, 'learning_rate': 4.741185296324081e-06, 'epoch': 0.48}
{'loss': 1.3083, 'grad_norm': 2.5763027667999268, 'learning_rate': 4.991247811952989e-06, 'epoch': 0.5}
{'loss': 1.2127, 'grad_norm': 5.585659980773926, 'learning_rate': 5.2413103275818955e-06, 'epoch': 0.53}
{'loss': 1.236, 'grad_norm': 3.8528714179992676, 'learning_rate': 5.491372843210802e-06, 'epoch': 0.55}
{'loss': 1.1626, 'grad_norm': 2.9936838150024414, 'learning_rate': 5.741435358839711e-06, 'epoch': 0.58}
{'loss': 1.241, 'grad_norm': 3.1616294384002686, 'learning_rate': 5.988997249312328e-06, 'epoch': 0.6}
{'loss': 1.1878, 'grad_norm': 3.109943389892578, 'learning_rate': 6.239059764941235e-06, 'epoch': 0.63}
{'loss': 1.229, 'grad_norm': 2.4148597717285156, 'learning_rate': 6.489122280570143e-06, 'epoch': 0.65}
{'loss': 1.183, 'grad_norm': 5.240835666656494, 'learning_rate': 6.739184796199051e-06, 'epoch': 0.68}
{'loss': 1.2275, 'grad_norm': 3.745302677154541, 'learning_rate': 6.989247311827958e-06, 'epoch': 0.7}
{'loss': 1.1834, 'grad_norm': 2.665201425552368, 'learning_rate': 7.2393098274568655e-06, 'epoch': 0.73}
{'loss': 1.1143, 'grad_norm': 5.014803409576416, 'learning_rate': 7.489372343085772e-06, 'epoch': 0.75}
{'loss': 1.1377, 'grad_norm': 5.190020561218262, 'learning_rate': 7.739434858714679e-06, 'epoch': 0.78}
{'loss': 1.1062, 'grad_norm': 4.027501106262207, 'learning_rate': 7.989497374343587e-06, 'epoch': 0.8}
{'loss': 1.1751, 'grad_norm': 3.7147929668426514, 'learning_rate': 8.239559889972494e-06, 'epoch': 0.83}
{'loss': 1.142, 'grad_norm': 3.5604302883148193, 'learning_rate': 8.489622405601401e-06, 'epoch': 0.85}
{'loss': 1.0638, 'grad_norm': 3.2779035568237305, 'learning_rate': 8.739684921230308e-06, 'epoch': 0.88}
{'loss': 1.0951, 'grad_norm': 5.243470191955566, 'learning_rate': 8.989747436859216e-06, 'epoch': 0.9}
{'loss': 1.0592, 'grad_norm': 3.0747997760772705, 'learning_rate': 9.239809952488123e-06, 'epoch': 0.93}
{'loss': 1.1452, 'grad_norm': 5.766201019287109, 'learning_rate': 9.48987246811703e-06, 'epoch': 0.95}
{'loss': 0.9781, 'grad_norm': 10.359284400939941, 'learning_rate': 9.739934983745938e-06, 'epoch': 0.98}
{'eval_loss': 0.8329370021820068, 'eval_wer': 0.40351017364440184, 'eval_runtime': 1514.129, 'eval_samples_per_second': 5.284, 'eval_steps_per_second': 5.284, 'epoch': 1.0}
{'loss': 1.0015, 'grad_norm': 3.92997670173645, 'learning_rate': 9.989997499374845e-06, 'epoch': 1.0}
{'loss': 1.0721, 'grad_norm': 3.0837275981903076, 'learning_rate': 1e-05, 'epoch': 1.03}
{'loss': 0.9031, 'grad_norm': 6.994492530822754, 'learning_rate': 1e-05, 'epoch': 1.05}
{'loss': 1.0519, 'grad_norm': 3.809967279434204, 'learning_rate': 1e-05, 'epoch': 1.08}
{'loss': 1.0384, 'grad_norm': 8.803205490112305, 'learning_rate': 1e-05, 'epoch': 1.1}
{'loss': 0.9868, 'grad_norm': 4.500585079193115, 'learning_rate': 1e-05, 'epoch': 1.13}
{'loss': 1.0511, 'grad_norm': 3.208732843399048, 'learning_rate': 1e-05, 'epoch': 1.15}
{'loss': 0.9419, 'grad_norm': 3.333264112472534, 'learning_rate': 1e-05, 'epoch': 1.18}
{'loss': 0.9933, 'grad_norm': 4.743641376495361, 'learning_rate': 1e-05, 'epoch': 1.2}
{'loss': 0.9998, 'grad_norm': 4.941097736358643, 'learning_rate': 1e-05, 'epoch': 1.23}
{'loss': 0.943, 'grad_norm': 8.487266540527344, 'learning_rate': 1e-05, 'epoch': 1.25}
{'loss': 1.0046, 'grad_norm': 4.147129535675049, 'learning_rate': 1e-05, 'epoch': 1.28}
{'loss': 0.9232, 'grad_norm': 2.815178394317627, 'learning_rate': 1e-05, 'epoch': 1.3}
{'loss': 1.021, 'grad_norm': 5.4769744873046875, 'learning_rate': 1e-05, 'epoch': 1.33}
{'loss': 0.913, 'grad_norm': 4.066265106201172, 'learning_rate': 1e-05, 'epoch': 1.35}
{'loss': 0.9759, 'grad_norm': 26.71198081970215, 'learning_rate': 1e-05, 'epoch': 1.38}
{'loss': 0.9956, 'grad_norm': 21.626129150390625, 'learning_rate': 1e-05, 'epoch': 1.4}
{'loss': 0.9465, 'grad_norm': 2.1683874130249023, 'learning_rate': 1e-05, 'epoch': 1.43}
{'loss': 0.9881, 'grad_norm': 3.2248950004577637, 'learning_rate': 1e-05, 'epoch': 1.45}
{'loss': 1.0089, 'grad_norm': 1.1334961652755737, 'learning_rate': 1e-05, 'epoch': 1.48}
{'loss': 0.9487, 'grad_norm': 6.434326171875, 'learning_rate': 1e-05, 'epoch': 1.5}
{'loss': 0.9784, 'grad_norm': 2.492798089981079, 'learning_rate': 1e-05, 'epoch': 1.53}
{'loss': 0.8889, 'grad_norm': 4.090249538421631, 'learning_rate': 1e-05, 'epoch': 1.55}
{'loss': 1.298, 'grad_norm': 5.327398777008057, 'learning_rate': 1e-05, 'epoch': 1.58}
{'loss': 0.9592, 'grad_norm': 10.398092269897461, 'learning_rate': 1e-05, 'epoch': 1.6}
{'loss': 0.8853, 'grad_norm': 5.712954521179199, 'learning_rate': 1e-05, 'epoch': 1.63}
{'loss': 0.9932, 'grad_norm': 7.027358531951904, 'learning_rate': 1e-05, 'epoch': 1.65}
{'loss': 0.9849, 'grad_norm': 12.425023078918457, 'learning_rate': 1e-05, 'epoch': 1.68}
{'loss': 0.9365, 'grad_norm': 24.52488899230957, 'learning_rate': 1e-05, 'epoch': 1.7}
{'loss': 1.0291, 'grad_norm': 3.9591219425201416, 'learning_rate': 1e-05, 'epoch': 1.73}
{'loss': 0.9725, 'grad_norm': 3.55802583694458, 'learning_rate': 1e-05, 'epoch': 1.75}
{'loss': 1.0051, 'grad_norm': 11.077399253845215, 'learning_rate': 1e-05, 'epoch': 1.78}
{'loss': 0.9096, 'grad_norm': 6.885838985443115, 'learning_rate': 1e-05, 'epoch': 1.8}
{'loss': 0.9324, 'grad_norm': 10.372034072875977, 'learning_rate': 1e-05, 'epoch': 1.83}
{'loss': 1.0363, 'grad_norm': 7.398416042327881, 'learning_rate': 1e-05, 'epoch': 1.85}
{'loss': 0.8852, 'grad_norm': 7.343106269836426, 'learning_rate': 1e-05, 'epoch': 1.88}
{'loss': 1.0502, 'grad_norm': 4.2295074462890625, 'learning_rate': 1e-05, 'epoch': 1.9}
{'loss': 0.9721, 'grad_norm': 3.2245640754699707, 'learning_rate': 1e-05, 'epoch': 1.93}
{'loss': 0.9718, 'grad_norm': 6.6104278564453125, 'learning_rate': 1e-05, 'epoch': 1.95}
{'loss': 0.9226, 'grad_norm': 12.057384490966797, 'learning_rate': 1e-05, 'epoch': 1.98}
{'eval_loss': 0.7506824731826782, 'eval_wer': 0.3753062746351337, 'eval_runtime': 1476.8912, 'eval_samples_per_second': 5.417, 'eval_steps_per_second': 5.417, 'epoch': 2.0}
{'loss': 0.9422, 'grad_norm': 25.314598083496094, 'learning_rate': 1e-05, 'epoch': 2.0}
{'loss': 0.9388, 'grad_norm': 2.7262227535247803, 'learning_rate': 1e-05, 'epoch': 2.03}
{'loss': 0.9109, 'grad_norm': 8.720848083496094, 'learning_rate': 1e-05, 'epoch': 2.05}
{'loss': 0.8679, 'grad_norm': 6.224288463592529, 'learning_rate': 1e-05, 'epoch': 2.08}
{'loss': 0.8811, 'grad_norm': 6.219165802001953, 'learning_rate': 1e-05, 'epoch': 2.1}
{'loss': 0.912, 'grad_norm': 5.041121006011963, 'learning_rate': 1e-05, 'epoch': 2.13}
{'loss': 0.9437, 'grad_norm': 9.457311630249023, 'learning_rate': 1e-05, 'epoch': 2.15}
{'loss': 0.9469, 'grad_norm': 2.483348846435547, 'learning_rate': 1e-05, 'epoch': 2.18}
{'loss': 0.8914, 'grad_norm': 6.587482929229736, 'learning_rate': 1e-05, 'epoch': 2.2}
{'loss': 0.873, 'grad_norm': 2.1729204654693604, 'learning_rate': 1e-05, 'epoch': 2.23}
{'loss': 0.9036, 'grad_norm': 1.6846637725830078, 'learning_rate': 1e-05, 'epoch': 2.25}
{'loss': 0.9161, 'grad_norm': 5.817952632904053, 'learning_rate': 1e-05, 'epoch': 2.28}
{'loss': 0.9273, 'grad_norm': 3.573403835296631, 'learning_rate': 1e-05, 'epoch': 2.3}
{'loss': 0.8967, 'grad_norm': 1.7197480201721191, 'learning_rate': 1e-05, 'epoch': 2.33}
{'loss': 0.9748, 'grad_norm': 11.422065734863281, 'learning_rate': 1e-05, 'epoch': 2.35}
{'loss': 0.9068, 'grad_norm': 5.386783599853516, 'learning_rate': 1e-05, 'epoch': 2.38}
{'loss': 0.928, 'grad_norm': 11.578685760498047, 'learning_rate': 1e-05, 'epoch': 2.4}
{'loss': 0.9945, 'grad_norm': 7.524589538574219, 'learning_rate': 1e-05, 'epoch': 2.43}
{'loss': 0.8855, 'grad_norm': 5.7352728843688965, 'learning_rate': 1e-05, 'epoch': 2.45}
{'loss': 0.852, 'grad_norm': 3.7944793701171875, 'learning_rate': 1e-05, 'epoch': 2.48}
{'loss': 0.9675, 'grad_norm': 6.922879695892334, 'learning_rate': 1e-05, 'epoch': 2.5}
{'loss': 0.9245, 'grad_norm': 21.266298294067383, 'learning_rate': 1e-05, 'epoch': 2.53}
{'loss': 0.9252, 'grad_norm': 8.377217292785645, 'learning_rate': 1e-05, 'epoch': 2.55}
{'loss': 0.9419, 'grad_norm': 6.263011932373047, 'learning_rate': 1e-05, 'epoch': 2.58}
{'loss': 0.9574, 'grad_norm': 7.017235279083252, 'learning_rate': 1e-05, 'epoch': 2.6}
{'loss': 0.923, 'grad_norm': 3.5208418369293213, 'learning_rate': 1e-05, 'epoch': 2.63}
{'loss': 0.9645, 'grad_norm': 3.047182559967041, 'learning_rate': 1e-05, 'epoch': 2.65}
{'loss': 0.8597, 'grad_norm': 3.2642061710357666, 'learning_rate': 1e-05, 'epoch': 2.68}
{'loss': 0.9052, 'grad_norm': 9.648341178894043, 'learning_rate': 1e-05, 'epoch': 2.7}
{'loss': 0.8645, 'grad_norm': 4.928442478179932, 'learning_rate': 1e-05, 'epoch': 2.73}
{'loss': 0.9558, 'grad_norm': 3.131784677505493, 'learning_rate': 1e-05, 'epoch': 2.75}
{'loss': 0.9241, 'grad_norm': 4.847983360290527, 'learning_rate': 1e-05, 'epoch': 2.78}
{'loss': 0.8788, 'grad_norm': 2.214416980743408, 'learning_rate': 1e-05, 'epoch': 2.8}
{'loss': 0.879, 'grad_norm': 4.198348522186279, 'learning_rate': 1e-05, 'epoch': 2.83}
{'loss': 0.9186, 'grad_norm': 7.826982498168945, 'learning_rate': 1e-05, 'epoch': 2.85}
{'loss': 0.928, 'grad_norm': 6.296796798706055, 'learning_rate': 1e-05, 'epoch': 2.88}
{'loss': 1.0111, 'grad_norm': 22.61133575439453, 'learning_rate': 1e-05, 'epoch': 2.9}
{'loss': 0.8616, 'grad_norm': 7.464913845062256, 'learning_rate': 1e-05, 'epoch': 2.93}
{'loss': 0.9719, 'grad_norm': 4.275583267211914, 'learning_rate': 1e-05, 'epoch': 2.95}
{'loss': 0.9923, 'grad_norm': 4.079519271850586, 'learning_rate': 1e-05, 'epoch': 2.98}
{'eval_loss': 0.7180511951446533, 'eval_wer': 0.3565436241610738, 'eval_runtime': 1475.4736, 'eval_samples_per_second': 5.422, 'eval_steps_per_second': 5.422, 'epoch': 3.0}
{'loss': 0.932, 'grad_norm': 17.808673858642578, 'learning_rate': 1e-05, 'epoch': 3.0}
{'loss': 0.8351, 'grad_norm': 2.6182377338409424, 'learning_rate': 1e-05, 'epoch': 3.03}
{'loss': 0.8636, 'grad_norm': 4.833244800567627, 'learning_rate': 1e-05, 'epoch': 3.05}
{'loss': 0.847, 'grad_norm': 5.145431995391846, 'learning_rate': 1e-05, 'epoch': 3.08}
{'loss': 0.9017, 'grad_norm': 4.529881477355957, 'learning_rate': 1e-05, 'epoch': 3.1}
{'loss': 0.9308, 'grad_norm': 5.599452018737793, 'learning_rate': 1e-05, 'epoch': 3.13}
{'loss': 0.9807, 'grad_norm': 5.717782497406006, 'learning_rate': 1e-05, 'epoch': 3.15}
{'loss': 0.933, 'grad_norm': 6.564300060272217, 'learning_rate': 1e-05, 'epoch': 3.18}
{'loss': 0.9203, 'grad_norm': 6.239123344421387, 'learning_rate': 1e-05, 'epoch': 3.2}
{'loss': 0.9385, 'grad_norm': 4.797665119171143, 'learning_rate': 1e-05, 'epoch': 3.23}
{'loss': 0.9012, 'grad_norm': 5.528632640838623, 'learning_rate': 1e-05, 'epoch': 3.25}
{'loss': 0.9779, 'grad_norm': 5.117937088012695, 'learning_rate': 1e-05, 'epoch': 3.28}
{'loss': 0.8397, 'grad_norm': 4.59330940246582, 'learning_rate': 1e-05, 'epoch': 3.3}
{'loss': 0.7851, 'grad_norm': 6.211424350738525, 'learning_rate': 1e-05, 'epoch': 3.33}
{'loss': 0.8973, 'grad_norm': 3.6007235050201416, 'learning_rate': 1e-05, 'epoch': 3.35}
{'loss': 0.9507, 'grad_norm': 1.9132027626037598, 'learning_rate': 1e-05, 'epoch': 3.38}
{'loss': 0.9164, 'grad_norm': 5.863054275512695, 'learning_rate': 1e-05, 'epoch': 3.4}
{'loss': 0.9416, 'grad_norm': 26.265588760375977, 'learning_rate': 1e-05, 'epoch': 3.43}
{'loss': 0.8735, 'grad_norm': 7.509057521820068, 'learning_rate': 1e-05, 'epoch': 3.45}
{'loss': 0.9432, 'grad_norm': 4.874606609344482, 'learning_rate': 1e-05, 'epoch': 3.48}
{'loss': 0.9328, 'grad_norm': 5.43474817276001, 'learning_rate': 1e-05, 'epoch': 3.5}
{'loss': 0.792, 'grad_norm': 6.121292591094971, 'learning_rate': 1e-05, 'epoch': 3.53}
{'loss': 0.8974, 'grad_norm': 2.5392773151397705, 'learning_rate': 1e-05, 'epoch': 3.55}
{'loss': 0.9848, 'grad_norm': 6.47316312789917, 'learning_rate': 1e-05, 'epoch': 3.58}
{'loss': 0.8485, 'grad_norm': 39.2124137878418, 'learning_rate': 1e-05, 'epoch': 3.6}
{'loss': 0.8851, 'grad_norm': 6.371779918670654, 'learning_rate': 1e-05, 'epoch': 3.63}
{'loss': 0.9473, 'grad_norm': 10.183389663696289, 'learning_rate': 1e-05, 'epoch': 3.65}
{'loss': 0.8378, 'grad_norm': 2.977480411529541, 'learning_rate': 1e-05, 'epoch': 3.68}
{'loss': 0.8646, 'grad_norm': 5.938638210296631, 'learning_rate': 1e-05, 'epoch': 3.7}
{'loss': 0.8914, 'grad_norm': 7.054682731628418, 'learning_rate': 1e-05, 'epoch': 3.73}
{'loss': 0.8381, 'grad_norm': 7.32424259185791, 'learning_rate': 1e-05, 'epoch': 3.75}
{'loss': 0.9395, 'grad_norm': 3.1419460773468018, 'learning_rate': 1e-05, 'epoch': 3.78}
{'loss': 0.8578, 'grad_norm': 5.373916149139404, 'learning_rate': 1e-05, 'epoch': 3.8}
{'loss': 0.8201, 'grad_norm': 4.419878959655762, 'learning_rate': 1e-05, 'epoch': 3.83}
{'loss': 0.8778, 'grad_norm': 8.446676254272461, 'learning_rate': 1e-05, 'epoch': 3.85}
{'loss': 0.8936, 'grad_norm': 7.612301349639893, 'learning_rate': 1e-05, 'epoch': 3.88}
{'loss': 0.879, 'grad_norm': 7.007785797119141, 'learning_rate': 1e-05, 'epoch': 3.9}
{'loss': 0.879, 'grad_norm': 7.788593769073486, 'learning_rate': 1e-05, 'epoch': 3.93}
{'loss': 0.9051, 'grad_norm': 6.260305404663086, 'learning_rate': 1e-05, 'epoch': 3.95}
{'loss': 0.8327, 'grad_norm': 5.098742961883545, 'learning_rate': 1e-05, 'epoch': 3.98}
{'eval_loss': 0.708329975605011, 'eval_wer': 0.34590390966229895, 'eval_runtime': 1489.3675, 'eval_samples_per_second': 5.371, 'eval_steps_per_second': 5.371, 'epoch': 4.0}
{'loss': 0.8087, 'grad_norm': 6.967719078063965, 'learning_rate': 1e-05, 'epoch': 4.0}
{'loss': 0.8601, 'grad_norm': 9.128134727478027, 'learning_rate': 1e-05, 'epoch': 4.03}
{'loss': 0.9605, 'grad_norm': 5.719341278076172, 'learning_rate': 1e-05, 'epoch': 4.05}
{'loss': 0.9143, 'grad_norm': 3.493093967437744, 'learning_rate': 1e-05, 'epoch': 4.08}
{'loss': 0.8702, 'grad_norm': 5.33557653427124, 'learning_rate': 1e-05, 'epoch': 4.1}
{'loss': 0.8414, 'grad_norm': 27.330669403076172, 'learning_rate': 1e-05, 'epoch': 4.13}
{'loss': 0.8182, 'grad_norm': 8.926794052124023, 'learning_rate': 1e-05, 'epoch': 4.15}
{'loss': 0.8822, 'grad_norm': 4.534580230712891, 'learning_rate': 1e-05, 'epoch': 4.18}
{'loss': 0.8456, 'grad_norm': 7.792827606201172, 'learning_rate': 1e-05, 'epoch': 4.2}
{'loss': 0.822, 'grad_norm': 5.913355827331543, 'learning_rate': 1e-05, 'epoch': 4.23}
{'loss': 0.8798, 'grad_norm': 4.399706840515137, 'learning_rate': 1e-05, 'epoch': 4.25}
{'loss': 0.8819, 'grad_norm': 3.7414586544036865, 'learning_rate': 1e-05, 'epoch': 4.28}
{'loss': 0.8408, 'grad_norm': 4.040802001953125, 'learning_rate': 1e-05, 'epoch': 4.3}
{'loss': 0.8961, 'grad_norm': 6.286191940307617, 'learning_rate': 1e-05, 'epoch': 4.33}
{'loss': 0.8984, 'grad_norm': 17.261905670166016, 'learning_rate': 1e-05, 'epoch': 4.35}
{'loss': 0.8828, 'grad_norm': 6.165281295776367, 'learning_rate': 1e-05, 'epoch': 4.38}
{'loss': 0.8305, 'grad_norm': 5.449357032775879, 'learning_rate': 1e-05, 'epoch': 4.4}
{'loss': 0.9515, 'grad_norm': 2.022960901260376, 'learning_rate': 1e-05, 'epoch': 4.43}
{'loss': 0.9209, 'grad_norm': 4.708370685577393, 'learning_rate': 1e-05, 'epoch': 4.45}
{'loss': 0.8681, 'grad_norm': 6.231031894683838, 'learning_rate': 1e-05, 'epoch': 4.48}
{'loss': 0.7983, 'grad_norm': 6.422616481781006, 'learning_rate': 1e-05, 'epoch': 4.5}
{'loss': 0.9608, 'grad_norm': 15.920632362365723, 'learning_rate': 1e-05, 'epoch': 4.53}
{'loss': 0.8909, 'grad_norm': 8.046526908874512, 'learning_rate': 1e-05, 'epoch': 4.55}
{'loss': 0.9271, 'grad_norm': 11.880012512207031, 'learning_rate': 1e-05, 'epoch': 4.58}
{'loss': 0.8454, 'grad_norm': 10.358460426330566, 'learning_rate': 1e-05, 'epoch': 4.6}
{'loss': 0.8538, 'grad_norm': 4.624123573303223, 'learning_rate': 1e-05, 'epoch': 4.63}
{'loss': 0.8341, 'grad_norm': 1.725995659828186, 'learning_rate': 1e-05, 'epoch': 4.65}
{'loss': 0.8087, 'grad_norm': 7.826606750488281, 'learning_rate': 1e-05, 'epoch': 4.68}
{'loss': 0.8691, 'grad_norm': 5.811598777770996, 'learning_rate': 1e-05, 'epoch': 4.7}
{'loss': 0.8657, 'grad_norm': 7.865562438964844, 'learning_rate': 1e-05, 'epoch': 4.73}
{'loss': 0.8098, 'grad_norm': 5.403973579406738, 'learning_rate': 1e-05, 'epoch': 4.75}
{'loss': 0.8608, 'grad_norm': 5.149470329284668, 'learning_rate': 1e-05, 'epoch': 4.78}
{'loss': 0.8487, 'grad_norm': 7.93817663192749, 'learning_rate': 1e-05, 'epoch': 4.8}
{'loss': 0.854, 'grad_norm': 5.82774019241333, 'learning_rate': 1e-05, 'epoch': 4.83}
{'loss': 0.8443, 'grad_norm': 4.994142055511475, 'learning_rate': 1e-05, 'epoch': 4.85}
{'loss': 0.935, 'grad_norm': 3.5281944274902344, 'learning_rate': 1e-05, 'epoch': 4.88}
{'loss': 0.8609, 'grad_norm': 5.087428092956543, 'learning_rate': 1e-05, 'epoch': 4.9}
{'loss': 0.9255, 'grad_norm': 1.7358955144882202, 'learning_rate': 1e-05, 'epoch': 4.93}
{'loss': 0.8998, 'grad_norm': 6.493535995483398, 'learning_rate': 1e-05, 'epoch': 4.95}
{'loss': 0.845, 'grad_norm': 3.13169264793396, 'learning_rate': 1e-05, 'epoch': 4.98}
{'eval_loss': 0.7017221450805664, 'eval_wer': 0.3384201555342495, 'eval_runtime': 1478.9352, 'eval_samples_per_second': 5.409, 'eval_steps_per_second': 5.409, 'epoch': 5.0}
{'loss': 0.8817, 'grad_norm': 3.9909770488739014, 'learning_rate': 1e-05, 'epoch': 5.0}
{'loss': 0.8497, 'grad_norm': 5.6112446784973145, 'learning_rate': 1e-05, 'epoch': 5.03}
{'loss': 0.9602, 'grad_norm': 3.547720193862915, 'learning_rate': 1e-05, 'epoch': 5.05}
{'loss': 0.7986, 'grad_norm': 11.436127662658691, 'learning_rate': 1e-05, 'epoch': 5.08}
{'loss': 0.7894, 'grad_norm': 3.9723594188690186, 'learning_rate': 1e-05, 'epoch': 5.1}
{'loss': 0.8922, 'grad_norm': 5.854043483734131, 'learning_rate': 1e-05, 'epoch': 5.13}
{'loss': 0.8603, 'grad_norm': 7.359260082244873, 'learning_rate': 1e-05, 'epoch': 5.15}
{'loss': 0.9121, 'grad_norm': 5.017894268035889, 'learning_rate': 1e-05, 'epoch': 5.18}
{'loss': 0.8884, 'grad_norm': 3.8169987201690674, 'learning_rate': 1e-05, 'epoch': 5.2}
{'loss': 0.8426, 'grad_norm': 2.146860361099243, 'learning_rate': 1e-05, 'epoch': 5.23}
{'loss': 0.9052, 'grad_norm': 12.766966819763184, 'learning_rate': 1e-05, 'epoch': 5.25}
{'loss': 0.9137, 'grad_norm': 7.933322906494141, 'learning_rate': 1e-05, 'epoch': 5.28}
{'loss': 0.8069, 'grad_norm': 5.315835475921631, 'learning_rate': 1e-05, 'epoch': 5.3}
{'loss': 0.8873, 'grad_norm': 4.818248748779297, 'learning_rate': 1e-05, 'epoch': 5.33}
{'loss': 0.8424, 'grad_norm': 10.125833511352539, 'learning_rate': 1e-05, 'epoch': 5.35}
{'loss': 0.7965, 'grad_norm': 2.9788529872894287, 'learning_rate': 1e-05, 'epoch': 5.38}
{'loss': 0.8126, 'grad_norm': 5.198370933532715, 'learning_rate': 1e-05, 'epoch': 5.4}
{'loss': 0.9167, 'grad_norm': 6.693958759307861, 'learning_rate': 1e-05, 'epoch': 5.43}
{'loss': 0.8275, 'grad_norm': 3.396292209625244, 'learning_rate': 1e-05, 'epoch': 5.45}
{'loss': 0.8452, 'grad_norm': 8.293527603149414, 'learning_rate': 1e-05, 'epoch': 5.48}
{'loss': 0.9594, 'grad_norm': 4.876533031463623, 'learning_rate': 1e-05, 'epoch': 5.5}
{'loss': 0.8049, 'grad_norm': 14.368410110473633, 'learning_rate': 1e-05, 'epoch': 5.53}
{'loss': 0.8361, 'grad_norm': 6.594899654388428, 'learning_rate': 1e-05, 'epoch': 5.55}
{'loss': 0.7853, 'grad_norm': 4.409971714019775, 'learning_rate': 1e-05, 'epoch': 5.58}
{'loss': 0.7722, 'grad_norm': 11.995612144470215, 'learning_rate': 1e-05, 'epoch': 5.6}
{'loss': 0.7567, 'grad_norm': 6.148051738739014, 'learning_rate': 1e-05, 'epoch': 5.63}
{'loss': 0.92, 'grad_norm': 4.848392009735107, 'learning_rate': 1e-05, 'epoch': 5.65}
{'loss': 0.7642, 'grad_norm': 7.327235698699951, 'learning_rate': 1e-05, 'epoch': 5.68}
{'loss': 0.88, 'grad_norm': 6.140075206756592, 'learning_rate': 1e-05, 'epoch': 5.7}
{'loss': 0.856, 'grad_norm': 7.281245708465576, 'learning_rate': 1e-05, 'epoch': 5.73}
{'loss': 1.0202, 'grad_norm': 6.3712873458862305, 'learning_rate': 1e-05, 'epoch': 5.75}
{'loss': 0.9002, 'grad_norm': 8.822412490844727, 'learning_rate': 1e-05, 'epoch': 5.78}
{'loss': 0.897, 'grad_norm': 22.478361129760742, 'learning_rate': 1e-05, 'epoch': 5.8}
{'loss': 0.7977, 'grad_norm': 3.418637275695801, 'learning_rate': 1e-05, 'epoch': 5.83}
{'loss': 0.9459, 'grad_norm': 4.766782283782959, 'learning_rate': 1e-05, 'epoch': 5.85}
{'loss': 0.8489, 'grad_norm': 7.621089935302734, 'learning_rate': 1e-05, 'epoch': 5.88}
{'loss': 0.8256, 'grad_norm': 9.34980583190918, 'learning_rate': 1e-05, 'epoch': 5.9}
{'loss': 0.915, 'grad_norm': 5.6989665031433105, 'learning_rate': 1e-05, 'epoch': 5.93}
{'loss': 0.8237, 'grad_norm': 5.0844831466674805, 'learning_rate': 1e-05, 'epoch': 5.95}
{'loss': 0.8202, 'grad_norm': 6.905008316040039, 'learning_rate': 1e-05, 'epoch': 5.98}
{'eval_loss': 0.6958359479904175, 'eval_wer': 0.3349312879514222, 'eval_runtime': 1474.9284, 'eval_samples_per_second': 5.424, 'eval_steps_per_second': 5.424, 'epoch': 6.0}
{'loss': 0.819, 'grad_norm': 3.8141231536865234, 'learning_rate': 1e-05, 'epoch': 6.0}
{'loss': 0.8515, 'grad_norm': 9.524249076843262, 'learning_rate': 1e-05, 'epoch': 6.03}
{'loss': 0.8603, 'grad_norm': 7.5883684158325195, 'learning_rate': 1e-05, 'epoch': 6.05}
{'loss': 0.8518, 'grad_norm': 4.830342769622803, 'learning_rate': 1e-05, 'epoch': 6.08}
{'loss': 0.8484, 'grad_norm': 22.10634422302246, 'learning_rate': 1e-05, 'epoch': 6.1}
{'loss': 0.8714, 'grad_norm': 2.8936386108398438, 'learning_rate': 1e-05, 'epoch': 6.13}
{'loss': 0.7901, 'grad_norm': 72.28990936279297, 'learning_rate': 1e-05, 'epoch': 6.15}
{'loss': 0.8834, 'grad_norm': 6.039747714996338, 'learning_rate': 1e-05, 'epoch': 6.18}
{'loss': 0.9188, 'grad_norm': 10.903847694396973, 'learning_rate': 1e-05, 'epoch': 6.2}
{'loss': 0.8081, 'grad_norm': 6.340684413909912, 'learning_rate': 1e-05, 'epoch': 6.23}
{'loss': 0.7945, 'grad_norm': 8.976036071777344, 'learning_rate': 1e-05, 'epoch': 6.25}
{'loss': 0.9142, 'grad_norm': 4.486544132232666, 'learning_rate': 1e-05, 'epoch': 6.28}
{'loss': 0.8203, 'grad_norm': 16.365739822387695, 'learning_rate': 1e-05, 'epoch': 6.3}
{'loss': 0.8829, 'grad_norm': 17.302570343017578, 'learning_rate': 1e-05, 'epoch': 6.33}
{'loss': 0.8762, 'grad_norm': 23.61250877380371, 'learning_rate': 1e-05, 'epoch': 6.35}
{'loss': 0.8349, 'grad_norm': 7.1993842124938965, 'learning_rate': 1e-05, 'epoch': 6.38}
{'loss': 0.8602, 'grad_norm': 3.463125228881836, 'learning_rate': 1e-05, 'epoch': 6.4}
{'loss': 0.8555, 'grad_norm': 12.80391788482666, 'learning_rate': 1e-05, 'epoch': 6.43}
{'loss': 0.8312, 'grad_norm': 9.58034610748291, 'learning_rate': 1e-05, 'epoch': 6.45}
{'loss': 0.7857, 'grad_norm': 3.480919122695923, 'learning_rate': 1e-05, 'epoch': 6.48}
{'loss': 0.7515, 'grad_norm': 38.11783981323242, 'learning_rate': 1e-05, 'epoch': 6.5}
{'loss': 0.8586, 'grad_norm': 11.522049903869629, 'learning_rate': 1e-05, 'epoch': 6.53}
{'loss': 0.8688, 'grad_norm': 33.538108825683594, 'learning_rate': 1e-05, 'epoch': 6.55}
{'loss': 0.7919, 'grad_norm': 7.986480236053467, 'learning_rate': 1e-05, 'epoch': 6.58}
{'loss': 0.7959, 'grad_norm': 4.025388717651367, 'learning_rate': 1e-05, 'epoch': 6.6}
{'loss': 0.7915, 'grad_norm': 5.602564334869385, 'learning_rate': 1e-05, 'epoch': 6.63}
{'loss': 0.8734, 'grad_norm': 7.842719554901123, 'learning_rate': 1e-05, 'epoch': 6.65}
{'loss': 0.8745, 'grad_norm': 3.271209716796875, 'learning_rate': 1e-05, 'epoch': 6.68}
{'loss': 0.8034, 'grad_norm': 3.189901113510132, 'learning_rate': 1e-05, 'epoch': 6.7}
{'loss': 0.7865, 'grad_norm': 5.531903266906738, 'learning_rate': 1e-05, 'epoch': 6.73}
{'loss': 0.8494, 'grad_norm': 5.871175289154053, 'learning_rate': 1e-05, 'epoch': 6.75}
{'loss': 0.8252, 'grad_norm': 9.674238204956055, 'learning_rate': 1e-05, 'epoch': 6.78}
{'loss': 0.8589, 'grad_norm': 8.573381423950195, 'learning_rate': 1e-05, 'epoch': 6.8}
{'loss': 0.7945, 'grad_norm': 5.478219509124756, 'learning_rate': 1e-05, 'epoch': 6.83}
{'loss': 0.834, 'grad_norm': 9.257710456848145, 'learning_rate': 1e-05, 'epoch': 6.85}
{'loss': 1.031, 'grad_norm': 10.527023315429688, 'learning_rate': 1e-05, 'epoch': 6.88}
{'loss': 0.8147, 'grad_norm': 6.1126790046691895, 'learning_rate': 1e-05, 'epoch': 6.9}
{'loss': 0.8588, 'grad_norm': 9.57535457611084, 'learning_rate': 1e-05, 'epoch': 6.93}
{'loss': 0.8881, 'grad_norm': 7.965487480163574, 'learning_rate': 1e-05, 'epoch': 6.95}
{'loss': 0.8767, 'grad_norm': 11.766561508178711, 'learning_rate': 1e-05, 'epoch': 6.98}
{'eval_loss': 0.6874540448188782, 'eval_wer': 0.3322813465430915, 'eval_runtime': 1479.4048, 'eval_samples_per_second': 5.408, 'eval_steps_per_second': 5.408, 'epoch': 7.0}
{'loss': 0.9165, 'grad_norm': 3.421036720275879, 'learning_rate': 1e-05, 'epoch': 7.0}
{'loss': 0.7441, 'grad_norm': 10.520832061767578, 'learning_rate': 1e-05, 'epoch': 7.03}
{'loss': 0.8238, 'grad_norm': 3.578167200088501, 'learning_rate': 1e-05, 'epoch': 7.05}
{'loss': 0.858, 'grad_norm': 2.455313205718994, 'learning_rate': 1e-05, 'epoch': 7.08}
{'loss': 0.9098, 'grad_norm': 4.177743434906006, 'learning_rate': 1e-05, 'epoch': 7.1}
{'loss': 0.8462, 'grad_norm': 7.446239471435547, 'learning_rate': 1e-05, 'epoch': 7.13}
{'loss': 0.89, 'grad_norm': 7.109867572784424, 'learning_rate': 1e-05, 'epoch': 7.15}
{'loss': 0.8189, 'grad_norm': 7.968929767608643, 'learning_rate': 1e-05, 'epoch': 7.18}
{'loss': 0.8485, 'grad_norm': 3.2028863430023193, 'learning_rate': 1e-05, 'epoch': 7.2}
{'loss': 0.8071, 'grad_norm': 8.130631446838379, 'learning_rate': 1e-05, 'epoch': 7.23}
{'loss': 0.798, 'grad_norm': 4.30377197265625, 'learning_rate': 1e-05, 'epoch': 7.25}
{'loss': 0.8361, 'grad_norm': 5.228530406951904, 'learning_rate': 1e-05, 'epoch': 7.28}
{'loss': 0.8088, 'grad_norm': 3.3992910385131836, 'learning_rate': 1e-05, 'epoch': 7.3}
{'loss': 0.8562, 'grad_norm': 7.943302631378174, 'learning_rate': 1e-05, 'epoch': 7.33}
{'loss': 0.8828, 'grad_norm': 6.842443466186523, 'learning_rate': 1e-05, 'epoch': 7.35}
{'loss': 0.7544, 'grad_norm': 4.204843044281006, 'learning_rate': 1e-05, 'epoch': 7.38}
{'loss': 0.8798, 'grad_norm': 5.205413818359375, 'learning_rate': 1e-05, 'epoch': 7.4}
{'loss': 0.9004, 'grad_norm': 7.198200702667236, 'learning_rate': 1e-05, 'epoch': 7.43}
{'loss': 0.8027, 'grad_norm': 3.2876009941101074, 'learning_rate': 1e-05, 'epoch': 7.45}
{'loss': 0.7944, 'grad_norm': 4.338297367095947, 'learning_rate': 1e-05, 'epoch': 7.48}
{'loss': 0.8687, 'grad_norm': 4.789241313934326, 'learning_rate': 1e-05, 'epoch': 7.5}
{'loss': 0.7782, 'grad_norm': 9.572134017944336, 'learning_rate': 1e-05, 'epoch': 7.53}
{'loss': 0.8642, 'grad_norm': 12.308201789855957, 'learning_rate': 1e-05, 'epoch': 7.55}
{'loss': 0.8394, 'grad_norm': 15.825071334838867, 'learning_rate': 1e-05, 'epoch': 7.58}
{'loss': 0.8099, 'grad_norm': 5.6508049964904785, 'learning_rate': 1e-05, 'epoch': 7.6}
{'loss': 0.7883, 'grad_norm': 6.471621036529541, 'learning_rate': 1e-05, 'epoch': 7.63}
{'loss': 0.7846, 'grad_norm': 5.825443744659424, 'learning_rate': 1e-05, 'epoch': 7.65}
{'loss': 0.8433, 'grad_norm': 5.192432880401611, 'learning_rate': 1e-05, 'epoch': 7.68}
{'loss': 0.8622, 'grad_norm': 6.829668045043945, 'learning_rate': 1e-05, 'epoch': 7.7}
{'loss': 0.8057, 'grad_norm': 4.811746597290039, 'learning_rate': 1e-05, 'epoch': 7.73}
{'loss': 0.7974, 'grad_norm': 11.186599731445312, 'learning_rate': 1e-05, 'epoch': 7.75}
{'loss': 0.8867, 'grad_norm': 5.592141151428223, 'learning_rate': 1e-05, 'epoch': 7.78}
{'loss': 0.8836, 'grad_norm': 8.18960189819336, 'learning_rate': 1e-05, 'epoch': 7.8}
{'loss': 0.9186, 'grad_norm': 6.612558364868164, 'learning_rate': 1e-05, 'epoch': 7.83}
{'loss': 0.8458, 'grad_norm': 8.369168281555176, 'learning_rate': 1e-05, 'epoch': 7.85}
{'loss': 0.8801, 'grad_norm': 3.9809889793395996, 'learning_rate': 1e-05, 'epoch': 7.88}
{'loss': 0.8484, 'grad_norm': 9.558670043945312, 'learning_rate': 1e-05, 'epoch': 7.9}
{'loss': 0.8586, 'grad_norm': 4.504746913909912, 'learning_rate': 1e-05, 'epoch': 7.93}
{'loss': 0.8494, 'grad_norm': 4.849447250366211, 'learning_rate': 1e-05, 'epoch': 7.95}
{'loss': 0.8035, 'grad_norm': 5.041934967041016, 'learning_rate': 1e-05, 'epoch': 7.98}
{'eval_loss': 0.6796869039535522, 'eval_wer': 0.3298710983274742, 'eval_runtime': 1480.559, 'eval_samples_per_second': 5.403, 'eval_steps_per_second': 5.403, 'epoch': 8.0}
{'loss': 0.9053, 'grad_norm': 6.872674465179443, 'learning_rate': 1e-05, 'epoch': 8.0}
{'loss': 0.8127, 'grad_norm': 24.646982192993164, 'learning_rate': 1e-05, 'epoch': 8.03}
{'loss': 0.8218, 'grad_norm': 2.803191661834717, 'learning_rate': 1e-05, 'epoch': 8.05}
{'loss': 0.7848, 'grad_norm': 44.00791549682617, 'learning_rate': 1e-05, 'epoch': 8.08}
{'loss': 0.8092, 'grad_norm': 14.385805130004883, 'learning_rate': 1e-05, 'epoch': 8.1}
{'loss': 0.8046, 'grad_norm': 9.205896377563477, 'learning_rate': 1e-05, 'epoch': 8.13}
{'loss': 0.8769, 'grad_norm': 4.416522026062012, 'learning_rate': 1e-05, 'epoch': 8.15}
{'loss': 0.8785, 'grad_norm': 12.916648864746094, 'learning_rate': 1e-05, 'epoch': 8.18}
{'loss': 0.795, 'grad_norm': 4.434542179107666, 'learning_rate': 1e-05, 'epoch': 8.2}
{'loss': 0.7653, 'grad_norm': 12.802057266235352, 'learning_rate': 1e-05, 'epoch': 8.23}
{'loss': 0.8506, 'grad_norm': 2.6011898517608643, 'learning_rate': 1e-05, 'epoch': 8.25}
{'loss': 0.8072, 'grad_norm': 6.173359394073486, 'learning_rate': 1e-05, 'epoch': 8.28}
{'loss': 0.8863, 'grad_norm': 10.693436622619629, 'learning_rate': 1e-05, 'epoch': 8.3}
{'loss': 0.8132, 'grad_norm': 2.3794057369232178, 'learning_rate': 1e-05, 'epoch': 8.33}
{'loss': 0.781, 'grad_norm': 7.371215343475342, 'learning_rate': 1e-05, 'epoch': 8.35}
{'loss': 0.8793, 'grad_norm': 6.994541645050049, 'learning_rate': 1e-05, 'epoch': 8.38}
{'loss': 0.8593, 'grad_norm': 10.065686225891113, 'learning_rate': 1e-05, 'epoch': 8.4}
{'loss': 0.8246, 'grad_norm': 8.921684265136719, 'learning_rate': 1e-05, 'epoch': 8.43}
{'loss': 0.8523, 'grad_norm': 21.570480346679688, 'learning_rate': 1e-05, 'epoch': 8.45}
{'loss': 0.8548, 'grad_norm': 8.009382247924805, 'learning_rate': 1e-05, 'epoch': 8.48}
{'loss': 0.8046, 'grad_norm': 6.399527072906494, 'learning_rate': 1e-05, 'epoch': 8.5}
{'loss': 0.8105, 'grad_norm': 26.703622817993164, 'learning_rate': 1e-05, 'epoch': 8.53}
{'loss': 0.8632, 'grad_norm': 11.26126480102539, 'learning_rate': 1e-05, 'epoch': 8.55}
{'loss': 0.7841, 'grad_norm': 4.524680137634277, 'learning_rate': 1e-05, 'epoch': 8.58}
{'loss': 0.8206, 'grad_norm': 12.572589874267578, 'learning_rate': 1e-05, 'epoch': 8.6}
{'loss': 0.852, 'grad_norm': 3.596829652786255, 'learning_rate': 1e-05, 'epoch': 8.63}
{'loss': 0.846, 'grad_norm': 4.9459638595581055, 'learning_rate': 1e-05, 'epoch': 8.65}
{'loss': 0.7891, 'grad_norm': 9.87841796875, 'learning_rate': 1e-05, 'epoch': 8.68}
{'loss': 0.7851, 'grad_norm': 5.886955738067627, 'learning_rate': 1e-05, 'epoch': 8.7}
{'loss': 0.8299, 'grad_norm': 5.172762393951416, 'learning_rate': 1e-05, 'epoch': 8.73}
{'loss': 0.8179, 'grad_norm': 12.830345153808594, 'learning_rate': 1e-05, 'epoch': 8.75}
{'loss': 0.8581, 'grad_norm': 5.001787185668945, 'learning_rate': 1e-05, 'epoch': 8.78}
{'loss': 0.9001, 'grad_norm': 28.419076919555664, 'learning_rate': 1e-05, 'epoch': 8.8}
{'loss': 0.841, 'grad_norm': 2.8682453632354736, 'learning_rate': 1e-05, 'epoch': 8.83}
{'loss': 0.862, 'grad_norm': 11.949667930603027, 'learning_rate': 1e-05, 'epoch': 8.85}
{'loss': 0.887, 'grad_norm': 8.008687973022461, 'learning_rate': 1e-05, 'epoch': 8.88}
{'loss': 0.8569, 'grad_norm': 7.667372703552246, 'learning_rate': 1e-05, 'epoch': 8.9}
{'loss': 0.8736, 'grad_norm': 5.634101390838623, 'learning_rate': 1e-05, 'epoch': 8.93}
{'loss': 0.787, 'grad_norm': 6.575611114501953, 'learning_rate': 1e-05, 'epoch': 8.95}
{'loss': 0.7954, 'grad_norm': 5.069438934326172, 'learning_rate': 1e-05, 'epoch': 8.98}
{'eval_loss': 0.677709698677063, 'eval_wer': 0.3278337061894109, 'eval_runtime': 1486.9068, 'eval_samples_per_second': 5.38, 'eval_steps_per_second': 5.38, 'epoch': 9.0}
{'loss': 0.7816, 'grad_norm': 11.347611427307129, 'learning_rate': 1e-05, 'epoch': 9.0}
{'loss': 0.803, 'grad_norm': 5.782079696655273, 'learning_rate': 1e-05, 'epoch': 9.03}
{'loss': 0.8146, 'grad_norm': 9.520668029785156, 'learning_rate': 1e-05, 'epoch': 9.05}
{'loss': 0.8528, 'grad_norm': 8.160663604736328, 'learning_rate': 1e-05, 'epoch': 9.08}
{'loss': 0.8231, 'grad_norm': 4.643738746643066, 'learning_rate': 1e-05, 'epoch': 9.1}
{'loss': 0.8189, 'grad_norm': 30.729089736938477, 'learning_rate': 1e-05, 'epoch': 9.13}
{'loss': 0.7837, 'grad_norm': 7.418396949768066, 'learning_rate': 1e-05, 'epoch': 9.15}
{'loss': 0.9186, 'grad_norm': 3.190098524093628, 'learning_rate': 1e-05, 'epoch': 9.18}
{'loss': 0.7476, 'grad_norm': 5.290035247802734, 'learning_rate': 1e-05, 'epoch': 9.2}
{'loss': 0.7333, 'grad_norm': 7.136104583740234, 'learning_rate': 1e-05, 'epoch': 9.23}
{'loss': 0.8068, 'grad_norm': 4.7174811363220215, 'learning_rate': 1e-05, 'epoch': 9.25}
{'loss': 0.7793, 'grad_norm': 4.884271144866943, 'learning_rate': 1e-05, 'epoch': 9.28}
{'loss': 0.7973, 'grad_norm': 23.468294143676758, 'learning_rate': 1e-05, 'epoch': 9.3}
{'loss': 0.854, 'grad_norm': 6.986832141876221, 'learning_rate': 1e-05, 'epoch': 9.33}
{'loss': 0.9025, 'grad_norm': 11.39027214050293, 'learning_rate': 1e-05, 'epoch': 9.35}
{'loss': 0.7743, 'grad_norm': 5.377664089202881, 'learning_rate': 1e-05, 'epoch': 9.38}
{'loss': 0.8099, 'grad_norm': 10.890445709228516, 'learning_rate': 1e-05, 'epoch': 9.4}
{'loss': 0.7901, 'grad_norm': 4.831028461456299, 'learning_rate': 1e-05, 'epoch': 9.43}
{'loss': 0.8042, 'grad_norm': 2.312939167022705, 'learning_rate': 1e-05, 'epoch': 9.45}
{'loss': 0.7892, 'grad_norm': 7.182929039001465, 'learning_rate': 1e-05, 'epoch': 9.48}
{'loss': 0.7784, 'grad_norm': 11.96202278137207, 'learning_rate': 1e-05, 'epoch': 9.5}
{'loss': 0.8217, 'grad_norm': 6.181974411010742, 'learning_rate': 1e-05, 'epoch': 9.53}
{'loss': 0.8792, 'grad_norm': 12.650203704833984, 'learning_rate': 1e-05, 'epoch': 9.55}
{'loss': 0.8337, 'grad_norm': 4.534073829650879, 'learning_rate': 1e-05, 'epoch': 9.58}
{'loss': 0.7972, 'grad_norm': 5.092662811279297, 'learning_rate': 1e-05, 'epoch': 9.6}
{'loss': 0.8331, 'grad_norm': 6.431183815002441, 'learning_rate': 1e-05, 'epoch': 9.63}
{'loss': 0.7979, 'grad_norm': 7.120699882507324, 'learning_rate': 1e-05, 'epoch': 9.65}
{'loss': 0.8386, 'grad_norm': 10.682229995727539, 'learning_rate': 1e-05, 'epoch': 9.68}
{'loss': 0.8386, 'grad_norm': 4.751681804656982, 'learning_rate': 1e-05, 'epoch': 9.7}
{'loss': 0.867, 'grad_norm': 12.09636402130127, 'learning_rate': 1e-05, 'epoch': 9.73}
{'loss': 0.856, 'grad_norm': 6.048315525054932, 'learning_rate': 1e-05, 'epoch': 9.75}
{'loss': 0.823, 'grad_norm': 9.197407722473145, 'learning_rate': 1e-05, 'epoch': 9.78}
{'loss': 0.8043, 'grad_norm': 6.360203266143799, 'learning_rate': 1e-05, 'epoch': 9.8}
{'loss': 0.834, 'grad_norm': 4.449692249298096, 'learning_rate': 1e-05, 'epoch': 9.83}
{'loss': 0.8691, 'grad_norm': 7.750006198883057, 'learning_rate': 1e-05, 'epoch': 9.85}
{'loss': 0.8365, 'grad_norm': 4.335556983947754, 'learning_rate': 1e-05, 'epoch': 9.88}
{'loss': 0.8163, 'grad_norm': 8.64100170135498, 'learning_rate': 1e-05, 'epoch': 9.9}
{'loss': 0.8274, 'grad_norm': 10.425525665283203, 'learning_rate': 1e-05, 'epoch': 9.93}
{'loss': 0.8155, 'grad_norm': 50.679725646972656, 'learning_rate': 1e-05, 'epoch': 9.95}
{'loss': 0.8212, 'grad_norm': 5.980445861816406, 'learning_rate': 1e-05, 'epoch': 9.98}
{'eval_loss': 0.6805458664894104, 'eval_wer': 0.3263156493022265, 'eval_runtime': 1484.3456, 'eval_samples_per_second': 5.39, 'eval_steps_per_second': 5.39, 'epoch': 10.0}
{'train_runtime': 18493.5767, 'train_samples_per_second': 17.299, 'train_steps_per_second': 2.162, 'train_loss': 0.9185123713560837, 'epoch': 10.0}
[ASR][Trainer Eval] {'eval_loss': 0.6805458664894104, 'eval_wer': 0.3263156493022265, 'eval_runtime': 1494.667, 'eval_samples_per_second': 5.352, 'eval_steps_per_second': 5.352, 'epoch': 10.0}
[SER] Loading model + extractor…
[SER] Starting from pretrained: models/pretrained/en
w23g0004:2714473:2714684 [0] NCCL INFO [Service thread] Connection closed by localRank 0
w23g0004:2714473:3291734 [0] NCCL INFO comm 0x56395feb2260 rank 0 nranks 1 cudaDev 0 busId ad000 - Abort COMPLETE
