[DIST] MASTER_ADDR=n23g0030 MASTER_PORT=29500 NNODES=1 GPUS_PER_NODE=1
[PRE] Skipping all preprocessing (skip_preprocessing=on or all per-step toggles are 'on')
[TRAIN][ASR] Starting ASR phase ...
[Setup] Using device: cuda
[Setup] no_cuda flag set to: False
[ASR] Loading model + processor…
[ASR] Starting from pretrained: models/pretrained/en
trainable params: 589,824 || all params: 94,986,144 || trainable%: 0.6210
[ASR] Trainable parameters: 589824 / 94986144
🛠️  Debug collator output shapes: {'input_values': torch.Size([4, 75264]), 'attention_mask': torch.Size([4, 75264]), 'labels': torch.Size([4, 93])}
[ASR] Starting training with HuggingFace Trainer…
n23g0030:244074:244074 [0] NCCL INFO Bootstrap : Using ib0:134.61.46.226<0>
n23g0030:244074:244074 [0] NCCL INFO NET/Plugin : dlerror=libnccl-net.so: cannot open shared object file: No such file or directory No plugin found (libnccl-net.so), using internal implementation
n23g0030:244074:244074 [0] NCCL INFO cudaDriverVersion 12080
NCCL version 2.20.5+cuda12.4
n23g0030:244074:244668 [0] NCCL INFO NET/IB : Using [0]mlx5_0:1/IB [1]mlx5_1:1/IB [RO]; OOB ib0:134.61.46.226<0>
n23g0030:244074:244668 [0] NCCL INFO Using non-device net plugin version 0
n23g0030:244074:244668 [0] NCCL INFO Using network IB
n23g0030:244074:244668 [0] NCCL INFO DMA-BUF is available on GPU device 0
n23g0030:244074:244668 [0] NCCL INFO comm 0x55d1bb9734b0 rank 0 nranks 1 cudaDev 0 nvmlDev 0 busId 1b000 commId 0x3a00256e1074373d - Init START
n23g0030:244074:244668 [0] NCCL INFO Setting affinity for GPU 0 to 0f
n23g0030:244074:244668 [0] NCCL INFO comm 0x55d1bb9734b0 rank 0 nRanks 1 nNodes 1 localRanks 1 localRank 0 MNNVL 0
n23g0030:244074:244668 [0] NCCL INFO Channel 00/32 :    0
n23g0030:244074:244668 [0] NCCL INFO Channel 01/32 :    0
n23g0030:244074:244668 [0] NCCL INFO Channel 02/32 :    0
n23g0030:244074:244668 [0] NCCL INFO Channel 03/32 :    0
n23g0030:244074:244668 [0] NCCL INFO Channel 04/32 :    0
n23g0030:244074:244668 [0] NCCL INFO Channel 05/32 :    0
n23g0030:244074:244668 [0] NCCL INFO Channel 06/32 :    0
n23g0030:244074:244668 [0] NCCL INFO Channel 07/32 :    0
n23g0030:244074:244668 [0] NCCL INFO Channel 08/32 :    0
n23g0030:244074:244668 [0] NCCL INFO Channel 09/32 :    0
n23g0030:244074:244668 [0] NCCL INFO Channel 10/32 :    0
n23g0030:244074:244668 [0] NCCL INFO Channel 11/32 :    0
n23g0030:244074:244668 [0] NCCL INFO Channel 12/32 :    0
n23g0030:244074:244668 [0] NCCL INFO Channel 13/32 :    0
n23g0030:244074:244668 [0] NCCL INFO Channel 14/32 :    0
n23g0030:244074:244668 [0] NCCL INFO Channel 15/32 :    0
n23g0030:244074:244668 [0] NCCL INFO Channel 16/32 :    0
n23g0030:244074:244668 [0] NCCL INFO Channel 17/32 :    0
n23g0030:244074:244668 [0] NCCL INFO Channel 18/32 :    0
n23g0030:244074:244668 [0] NCCL INFO Channel 19/32 :    0
n23g0030:244074:244668 [0] NCCL INFO Channel 20/32 :    0
n23g0030:244074:244668 [0] NCCL INFO Channel 21/32 :    0
n23g0030:244074:244668 [0] NCCL INFO Channel 22/32 :    0
n23g0030:244074:244668 [0] NCCL INFO Channel 23/32 :    0
n23g0030:244074:244668 [0] NCCL INFO Channel 24/32 :    0
n23g0030:244074:244668 [0] NCCL INFO Channel 25/32 :    0
n23g0030:244074:244668 [0] NCCL INFO Channel 26/32 :    0
n23g0030:244074:244668 [0] NCCL INFO Channel 27/32 :    0
n23g0030:244074:244668 [0] NCCL INFO Channel 28/32 :    0
n23g0030:244074:244668 [0] NCCL INFO Channel 29/32 :    0
n23g0030:244074:244668 [0] NCCL INFO Channel 30/32 :    0
n23g0030:244074:244668 [0] NCCL INFO Channel 31/32 :    0
n23g0030:244074:244668 [0] NCCL INFO Trees [0] -1/-1/-1->0->-1 [1] -1/-1/-1->0->-1 [2] -1/-1/-1->0->-1 [3] -1/-1/-1->0->-1 [4] -1/-1/-1->0->-1 [5] -1/-1/-1->0->-1 [6] -1/-1/-1->0->-1 [7] -1/-1/-1->0->-1 [8] -1/-1/-1->0->-1 [9] -1/-1/-1->0->-1 [10] -1/-1/-1->0->-1 [11] -1/-1/-1->0->-1 [12] -1/-1/-1->0->-1 [13] -1/-1/-1->0->-1 [14] -1/-1/-1->0->-1 [15] -1/-1/-1->0->-1 [16] -1/-1/-1->0->-1 [17] -1/-1/-1->0->-1 [18] -1/-1/-1->0->-1 [19] -1/-1/-1->0->-1 [20] -1/-1/-1->0->-1 [21] -1/-1/-1->0->-1 [22] -1/-1/-1->0->-1 [23] -1/-1/-1->0->-1 [24] -1/-1/-1->0->-1 [25] -1/-1/-1->0->-1 [26] -1/-1/-1->0->-1 [27] -1/-1/-1->0->-1 [28] -1/-1/-1->0->-1 [29] -1/-1/-1->0->-1 [30] -1/-1/-1->0->-1 [31] -1/-1/-1->0->-1
n23g0030:244074:244668 [0] NCCL INFO P2P Chunksize set to 131072
n23g0030:244074:244668 [0] NCCL INFO Connected all rings
n23g0030:244074:244668 [0] NCCL INFO Connected all trees
n23g0030:244074:244668 [0] NCCL INFO 32 coll channels, 0 collnet channels, 0 nvls channels, 32 p2p channels, 32 p2p channels per peer
n23g0030:244074:244668 [0] NCCL INFO comm 0x55d1bb9734b0 rank 0 nranks 1 cudaDev 0 nvmlDev 0 busId 1b000 commId 0x3a00256e1074373d - Init COMPLETE
{'loss': 2.7201, 'grad_norm': 3.6714065074920654, 'learning_rate': 0.0, 'epoch': 0.0}
{'loss': 2.2694, 'grad_norm': 4.429457187652588, 'learning_rate': 6.6e-06, 'epoch': 0.2}
{'loss': 1.9528, 'grad_norm': 5.290048599243164, 'learning_rate': 1.3266666666666666e-05, 'epoch': 0.4}
{'loss': 1.4784, 'grad_norm': 1.9071393013000488, 'learning_rate': 1.9866666666666667e-05, 'epoch': 0.6}
{'loss': 1.303, 'grad_norm': 7.500766754150391, 'learning_rate': 2.6533333333333332e-05, 'epoch': 0.8}
{'loss': 1.1789, 'grad_norm': 2.2916975021362305, 'learning_rate': 3.32e-05, 'epoch': 1.0}
{'eval_loss': 0.8602266311645508, 'eval_wer': 0.3925508682220092, 'eval_runtime': 1551.4329, 'eval_samples_per_second': 5.157, 'eval_steps_per_second': 5.157, 'epoch': 1.0}
{'loss': 1.0727, 'grad_norm': 2.5757992267608643, 'learning_rate': 3.9800000000000005e-05, 'epoch': 1.2}
{'loss': 1.0158, 'grad_norm': 9.00697135925293, 'learning_rate': 4.646666666666667e-05, 'epoch': 1.4}
{'loss': 1.0461, 'grad_norm': 1.8335871696472168, 'learning_rate': 5.3133333333333335e-05, 'epoch': 1.6}
{'loss': 0.9929, 'grad_norm': 2.303165912628174, 'learning_rate': 5.9800000000000003e-05, 'epoch': 1.8}
{'loss': 0.9775, 'grad_norm': 4.450848579406738, 'learning_rate': 6.646666666666667e-05, 'epoch': 2.0}
{'eval_loss': 0.7385115027427673, 'eval_wer': 0.3588473420688186, 'eval_runtime': 1523.2933, 'eval_samples_per_second': 5.252, 'eval_steps_per_second': 5.252, 'epoch': 2.0}
{'loss': 0.9361, 'grad_norm': 1.86052668094635, 'learning_rate': 7.313333333333333e-05, 'epoch': 2.2}
{'loss': 0.9166, 'grad_norm': 3.485342025756836, 'learning_rate': 7.98e-05, 'epoch': 2.4}
{'loss': 0.9206, 'grad_norm': 1.8597805500030518, 'learning_rate': 8.64e-05, 'epoch': 2.6}
{'loss': 0.9021, 'grad_norm': 2.307478666305542, 'learning_rate': 9.306666666666667e-05, 'epoch': 2.8}
{'loss': 0.9237, 'grad_norm': 3.931861639022827, 'learning_rate': 9.973333333333334e-05, 'epoch': 3.0}
{'eval_loss': 0.6831292510032654, 'eval_wer': 0.3371018429743262, 'eval_runtime': 1536.9088, 'eval_samples_per_second': 5.205, 'eval_steps_per_second': 5.205, 'epoch': 3.0}
{'loss': 0.8823, 'grad_norm': 2.3468687534332275, 'learning_rate': 0.0001, 'epoch': 3.2}
{'loss': 0.8841, 'grad_norm': 4.275366306304932, 'learning_rate': 0.0001, 'epoch': 3.4}
{'loss': 0.8672, 'grad_norm': 2.7460079193115234, 'learning_rate': 0.0001, 'epoch': 3.6}
{'loss': 0.8432, 'grad_norm': 4.439663410186768, 'learning_rate': 0.0001, 'epoch': 3.8}
{'loss': 0.8265, 'grad_norm': 3.0736937522888184, 'learning_rate': 0.0001, 'epoch': 4.0}
{'eval_loss': 0.6720709204673767, 'eval_wer': 0.32811334824757643, 'eval_runtime': 1528.0951, 'eval_samples_per_second': 5.235, 'eval_steps_per_second': 5.235, 'epoch': 4.0}
{'loss': 0.8343, 'grad_norm': 2.5594444274902344, 'learning_rate': 0.0001, 'epoch': 4.2}
{'loss': 0.8251, 'grad_norm': 2.4900436401367188, 'learning_rate': 0.0001, 'epoch': 4.4}
{'loss': 0.8423, 'grad_norm': 2.3381919860839844, 'learning_rate': 0.0001, 'epoch': 4.6}
{'loss': 0.8079, 'grad_norm': 4.242798805236816, 'learning_rate': 0.0001, 'epoch': 4.8}
{'loss': 0.8257, 'grad_norm': 2.0672357082366943, 'learning_rate': 0.0001, 'epoch': 5.0}
{'eval_loss': 0.6475123167037964, 'eval_wer': 0.3211888782358581, 'eval_runtime': 1527.9175, 'eval_samples_per_second': 5.236, 'eval_steps_per_second': 5.236, 'epoch': 5.0}
{'loss': 0.8333, 'grad_norm': 2.8341894149780273, 'learning_rate': 0.0001, 'epoch': 5.2}
{'loss': 0.7963, 'grad_norm': 2.17499041557312, 'learning_rate': 0.0001, 'epoch': 5.4}
{'loss': 0.7873, 'grad_norm': 2.109161376953125, 'learning_rate': 0.0001, 'epoch': 5.6}
{'loss': 0.8025, 'grad_norm': 2.2417666912078857, 'learning_rate': 0.0001, 'epoch': 5.8}
{'loss': 0.7943, 'grad_norm': 6.0130934715271, 'learning_rate': 0.0001, 'epoch': 6.0}
{'eval_loss': 0.6543446183204651, 'eval_wer': 0.3194710770214126, 'eval_runtime': 1525.4989, 'eval_samples_per_second': 5.244, 'eval_steps_per_second': 5.244, 'epoch': 6.0}
{'loss': 0.7849, 'grad_norm': 1.5584607124328613, 'learning_rate': 0.0001, 'epoch': 6.2}
{'loss': 0.7917, 'grad_norm': 3.355295181274414, 'learning_rate': 0.0001, 'epoch': 6.4}
{'loss': 0.7425, 'grad_norm': 1.72113037109375, 'learning_rate': 0.0001, 'epoch': 6.6}
{'loss': 0.7678, 'grad_norm': 5.64298152923584, 'learning_rate': 0.0001, 'epoch': 6.8}
{'loss': 0.8011, 'grad_norm': 2.7226624488830566, 'learning_rate': 0.0001, 'epoch': 7.0}
{'eval_loss': 0.6212726831436157, 'eval_wer': 0.31357196122296793, 'eval_runtime': 1535.4803, 'eval_samples_per_second': 5.21, 'eval_steps_per_second': 5.21, 'epoch': 7.0}
{'loss': 0.7625, 'grad_norm': 2.7240538597106934, 'learning_rate': 0.0001, 'epoch': 7.2}
{'loss': 0.7431, 'grad_norm': 3.801914691925049, 'learning_rate': 0.0001, 'epoch': 7.4}
{'loss': 0.7588, 'grad_norm': 1.6721765995025635, 'learning_rate': 0.0001, 'epoch': 7.6}
{'loss': 0.7538, 'grad_norm': 2.3604578971862793, 'learning_rate': 0.0001, 'epoch': 7.8}
{'loss': 0.7622, 'grad_norm': 1.902177095413208, 'learning_rate': 0.0001, 'epoch': 8.0}
{'eval_loss': 0.6058709025382996, 'eval_wer': 0.3135985937999361, 'eval_runtime': 1530.3375, 'eval_samples_per_second': 5.228, 'eval_steps_per_second': 5.228, 'epoch': 8.0}
{'loss': 0.7308, 'grad_norm': 2.780397653579712, 'learning_rate': 0.0001, 'epoch': 8.2}
{'loss': 0.7266, 'grad_norm': 1.7464886903762817, 'learning_rate': 0.0001, 'epoch': 8.4}
{'loss': 0.7429, 'grad_norm': 2.665954351425171, 'learning_rate': 0.0001, 'epoch': 8.6}
{'loss': 0.747, 'grad_norm': 1.944883108139038, 'learning_rate': 0.0001, 'epoch': 8.8}
{'loss': 0.7507, 'grad_norm': 2.11218523979187, 'learning_rate': 0.0001, 'epoch': 9.0}
{'eval_loss': 0.6143706440925598, 'eval_wer': 0.310695642910408, 'eval_runtime': 1530.5015, 'eval_samples_per_second': 5.227, 'eval_steps_per_second': 5.227, 'epoch': 9.0}
{'loss': 0.7344, 'grad_norm': 1.9113653898239136, 'learning_rate': 0.0001, 'epoch': 9.2}
{'loss': 0.7227, 'grad_norm': 1.9951586723327637, 'learning_rate': 0.0001, 'epoch': 9.4}
{'loss': 0.7286, 'grad_norm': 2.2508585453033447, 'learning_rate': 0.0001, 'epoch': 9.6}
{'loss': 0.7464, 'grad_norm': 1.704831600189209, 'learning_rate': 0.0001, 'epoch': 9.8}
{'loss': 0.7282, 'grad_norm': 4.290289878845215, 'learning_rate': 0.0001, 'epoch': 10.0}
{'eval_loss': 0.6252894401550293, 'eval_wer': 0.3089778416959625, 'eval_runtime': 1532.9356, 'eval_samples_per_second': 5.219, 'eval_steps_per_second': 5.219, 'epoch': 10.0}
{'loss': 0.7105, 'grad_norm': 1.9570510387420654, 'learning_rate': 0.0001, 'epoch': 10.2}
{'loss': 0.7227, 'grad_norm': 2.603053092956543, 'learning_rate': 0.0001, 'epoch': 10.4}
{'loss': 0.7066, 'grad_norm': 2.132857322692871, 'learning_rate': 0.0001, 'epoch': 10.6}
{'loss': 0.7014, 'grad_norm': 3.0341992378234863, 'learning_rate': 0.0001, 'epoch': 10.8}
{'loss': 0.7117, 'grad_norm': 2.899522542953491, 'learning_rate': 0.0001, 'epoch': 11.0}
{'eval_loss': 0.6035866737365723, 'eval_wer': 0.3100564610631725, 'eval_runtime': 1525.8107, 'eval_samples_per_second': 5.243, 'eval_steps_per_second': 5.243, 'epoch': 11.0}
{'loss': 0.6987, 'grad_norm': 1.7130627632141113, 'learning_rate': 0.0001, 'epoch': 11.2}
{'loss': 0.7041, 'grad_norm': 2.804135322570801, 'learning_rate': 0.0001, 'epoch': 11.4}
{'loss': 0.7031, 'grad_norm': 2.08682918548584, 'learning_rate': 0.0001, 'epoch': 11.6}
{'loss': 0.698, 'grad_norm': 1.5382869243621826, 'learning_rate': 0.0001, 'epoch': 11.8}
{'loss': 0.7036, 'grad_norm': 2.750441074371338, 'learning_rate': 0.0001, 'epoch': 12.0}
{'eval_loss': 0.5986250042915344, 'eval_wer': 0.30672738894215407, 'eval_runtime': 1527.8159, 'eval_samples_per_second': 5.236, 'eval_steps_per_second': 5.236, 'epoch': 12.0}
{'loss': 0.6874, 'grad_norm': 1.791650414466858, 'learning_rate': 0.0001, 'epoch': 12.2}
{'loss': 0.7151, 'grad_norm': 1.7914302349090576, 'learning_rate': 0.0001, 'epoch': 12.4}
{'loss': 0.6693, 'grad_norm': 2.5469307899475098, 'learning_rate': 0.0001, 'epoch': 12.6}
{'loss': 0.6983, 'grad_norm': 2.0912299156188965, 'learning_rate': 0.0001, 'epoch': 12.8}
{'loss': 0.6635, 'grad_norm': 2.507798433303833, 'learning_rate': 0.0001, 'epoch': 13.0}
{'eval_loss': 0.5985179543495178, 'eval_wer': 0.3063811654415681, 'eval_runtime': 1532.0753, 'eval_samples_per_second': 5.222, 'eval_steps_per_second': 5.222, 'epoch': 13.0}
{'loss': 0.691, 'grad_norm': 2.136814832687378, 'learning_rate': 0.0001, 'epoch': 13.2}
{'loss': 0.6784, 'grad_norm': 1.9725021123886108, 'learning_rate': 0.0001, 'epoch': 13.4}
{'loss': 0.6557, 'grad_norm': 2.4533612728118896, 'learning_rate': 0.0001, 'epoch': 13.6}
{'loss': 0.681, 'grad_norm': 2.1103811264038086, 'learning_rate': 0.0001, 'epoch': 13.8}
{'loss': 0.6628, 'grad_norm': 2.153346538543701, 'learning_rate': 0.0001, 'epoch': 14.0}
{'eval_loss': 0.604792594909668, 'eval_wer': 0.30635453286459996, 'eval_runtime': 1517.1226, 'eval_samples_per_second': 5.273, 'eval_steps_per_second': 5.273, 'epoch': 14.0}
{'loss': 0.6762, 'grad_norm': 2.233900547027588, 'learning_rate': 0.0001, 'epoch': 14.2}
{'loss': 0.6646, 'grad_norm': 1.994645595550537, 'learning_rate': 0.0001, 'epoch': 14.4}
{'loss': 0.6759, 'grad_norm': 3.3792970180511475, 'learning_rate': 0.0001, 'epoch': 14.6}
{'loss': 0.6562, 'grad_norm': 2.237520933151245, 'learning_rate': 0.0001, 'epoch': 14.8}
{'loss': 0.6766, 'grad_norm': 3.3832497596740723, 'learning_rate': 0.0001, 'epoch': 15.0}
{'eval_loss': 0.6000548005104065, 'eval_wer': 0.30514275061254925, 'eval_runtime': 1528.1483, 'eval_samples_per_second': 5.235, 'eval_steps_per_second': 5.235, 'epoch': 15.0}
{'loss': 0.6584, 'grad_norm': 1.8788464069366455, 'learning_rate': 0.0001, 'epoch': 15.2}
{'loss': 0.666, 'grad_norm': 1.966285228729248, 'learning_rate': 0.0001, 'epoch': 15.4}
{'loss': 0.6592, 'grad_norm': 2.8073384761810303, 'learning_rate': 0.0001, 'epoch': 15.6}
{'loss': 0.6763, 'grad_norm': 1.561877965927124, 'learning_rate': 0.0001, 'epoch': 15.8}
{'loss': 0.6352, 'grad_norm': 3.0345370769500732, 'learning_rate': 0.0001, 'epoch': 16.0}
{'eval_loss': 0.6015236973762512, 'eval_wer': 0.30239959518483006, 'eval_runtime': 1534.2012, 'eval_samples_per_second': 5.214, 'eval_steps_per_second': 5.214, 'epoch': 16.0}
{'loss': 0.6481, 'grad_norm': 2.006629705429077, 'learning_rate': 0.0001, 'epoch': 16.2}
{'loss': 0.6656, 'grad_norm': 2.549940586090088, 'learning_rate': 0.0001, 'epoch': 16.4}
{'loss': 0.6634, 'grad_norm': 5.9339094161987305, 'learning_rate': 0.0001, 'epoch': 16.6}
{'loss': 0.6435, 'grad_norm': 2.4090352058410645, 'learning_rate': 0.0001, 'epoch': 16.8}
{'loss': 0.6452, 'grad_norm': 2.5752294063568115, 'learning_rate': 0.0001, 'epoch': 17.0}
{'eval_loss': 0.5905255079269409, 'eval_wer': 0.3030121444550975, 'eval_runtime': 1522.7219, 'eval_samples_per_second': 5.254, 'eval_steps_per_second': 5.254, 'epoch': 17.0}
{'loss': 0.6475, 'grad_norm': 2.1880393028259277, 'learning_rate': 0.0001, 'epoch': 17.2}
{'loss': 0.6643, 'grad_norm': 2.2029621601104736, 'learning_rate': 0.0001, 'epoch': 17.4}
{'loss': 0.6234, 'grad_norm': 1.7776453495025635, 'learning_rate': 0.0001, 'epoch': 17.6}
{'loss': 0.6355, 'grad_norm': 2.164900302886963, 'learning_rate': 0.0001, 'epoch': 17.8}
{'loss': 0.6604, 'grad_norm': 2.6283791065216064, 'learning_rate': 0.0001, 'epoch': 18.0}
{'eval_loss': 0.5882221460342407, 'eval_wer': 0.302745818685416, 'eval_runtime': 1525.8183, 'eval_samples_per_second': 5.243, 'eval_steps_per_second': 5.243, 'epoch': 18.0}
{'loss': 0.6227, 'grad_norm': 3.029111862182617, 'learning_rate': 0.0001, 'epoch': 18.2}
{'loss': 0.628, 'grad_norm': 2.084275722503662, 'learning_rate': 0.0001, 'epoch': 18.4}
{'loss': 0.6378, 'grad_norm': 3.227151393890381, 'learning_rate': 0.0001, 'epoch': 18.6}
{'loss': 0.6264, 'grad_norm': 1.4947937726974487, 'learning_rate': 0.0001, 'epoch': 18.8}
{'loss': 0.6488, 'grad_norm': 2.2899417877197266, 'learning_rate': 0.0001, 'epoch': 19.0}
{'eval_loss': 0.5979794263839722, 'eval_wer': 0.2998695003728561, 'eval_runtime': 1524.4949, 'eval_samples_per_second': 5.248, 'eval_steps_per_second': 5.248, 'epoch': 19.0}
{'loss': 0.6415, 'grad_norm': 1.7565035820007324, 'learning_rate': 0.0001, 'epoch': 19.2}
{'loss': 0.6423, 'grad_norm': 1.9123318195343018, 'learning_rate': 0.0001, 'epoch': 19.4}
{'loss': 0.607, 'grad_norm': 2.0325539112091064, 'learning_rate': 0.0001, 'epoch': 19.6}
{'loss': 0.6269, 'grad_norm': 1.7960652112960815, 'learning_rate': 0.0001, 'epoch': 19.8}
{'loss': 0.6318, 'grad_norm': 3.1984195709228516, 'learning_rate': 0.0001, 'epoch': 20.0}
{'eval_loss': 0.6071667671203613, 'eval_wer': 0.29912378821774793, 'eval_runtime': 1540.6463, 'eval_samples_per_second': 5.193, 'eval_steps_per_second': 5.193, 'epoch': 20.0}
{'loss': 0.6259, 'grad_norm': 2.314594268798828, 'learning_rate': 0.0001, 'epoch': 20.2}
{'loss': 0.6273, 'grad_norm': 1.8405767679214478, 'learning_rate': 0.0001, 'epoch': 20.4}
{'loss': 0.6187, 'grad_norm': 2.663177967071533, 'learning_rate': 0.0001, 'epoch': 20.6}
{'loss': 0.5874, 'grad_norm': 3.3730804920196533, 'learning_rate': 0.0001, 'epoch': 20.8}
{'loss': 0.622, 'grad_norm': 1.937558889389038, 'learning_rate': 0.0001, 'epoch': 21.0}
{'eval_loss': 0.600464940071106, 'eval_wer': 0.3004953659316075, 'eval_runtime': 1532.3494, 'eval_samples_per_second': 5.221, 'eval_steps_per_second': 5.221, 'epoch': 21.0}
{'loss': 0.6159, 'grad_norm': 1.6730515956878662, 'learning_rate': 0.0001, 'epoch': 21.2}
{'loss': 0.616, 'grad_norm': 2.1174135208129883, 'learning_rate': 0.0001, 'epoch': 21.4}
{'loss': 0.6075, 'grad_norm': 2.0940749645233154, 'learning_rate': 0.0001, 'epoch': 21.6}
{'loss': 0.5998, 'grad_norm': 1.9440958499908447, 'learning_rate': 0.0001, 'epoch': 21.8}
{'loss': 0.5988, 'grad_norm': 1.9896976947784424, 'learning_rate': 0.0001, 'epoch': 22.0}
{'eval_loss': 0.5996285080909729, 'eval_wer': 0.3002689890273783, 'eval_runtime': 1532.8616, 'eval_samples_per_second': 5.219, 'eval_steps_per_second': 5.219, 'epoch': 22.0}
{'loss': 0.5897, 'grad_norm': 1.6366747617721558, 'learning_rate': 0.0001, 'epoch': 22.2}
{'loss': 0.6176, 'grad_norm': 3.229020118713379, 'learning_rate': 0.0001, 'epoch': 22.4}
{'loss': 0.6007, 'grad_norm': 1.884166955947876, 'learning_rate': 0.0001, 'epoch': 22.6}
{'loss': 0.6253, 'grad_norm': 2.87715482711792, 'learning_rate': 0.0001, 'epoch': 22.8}
{'loss': 0.5998, 'grad_norm': 1.673079013824463, 'learning_rate': 0.0001, 'epoch': 23.0}
{'eval_loss': 0.5983980298042297, 'eval_wer': 0.2978321082347928, 'eval_runtime': 1532.9373, 'eval_samples_per_second': 5.219, 'eval_steps_per_second': 5.219, 'epoch': 23.0}
{'loss': 0.6162, 'grad_norm': 1.9445762634277344, 'learning_rate': 0.0001, 'epoch': 23.2}
{'loss': 0.6107, 'grad_norm': 2.223039388656616, 'learning_rate': 0.0001, 'epoch': 23.4}
{'loss': 0.5894, 'grad_norm': 7.002974987030029, 'learning_rate': 0.0001, 'epoch': 23.6}
{'loss': 0.596, 'grad_norm': 2.986020565032959, 'learning_rate': 0.0001, 'epoch': 23.8}
{'loss': 0.6092, 'grad_norm': 2.170362710952759, 'learning_rate': 0.0001, 'epoch': 24.0}
{'eval_loss': 0.5978858470916748, 'eval_wer': 0.30125439437519974, 'eval_runtime': 1526.3913, 'eval_samples_per_second': 5.241, 'eval_steps_per_second': 5.241, 'epoch': 24.0}
{'loss': 0.5937, 'grad_norm': 1.6371440887451172, 'learning_rate': 0.0001, 'epoch': 24.2}
{'loss': 0.5821, 'grad_norm': 1.849183201789856, 'learning_rate': 0.0001, 'epoch': 24.4}
{'loss': 0.6, 'grad_norm': 1.2410575151443481, 'learning_rate': 0.0001, 'epoch': 24.6}
{'loss': 0.6165, 'grad_norm': 2.2573788166046143, 'learning_rate': 0.0001, 'epoch': 24.8}
{'loss': 0.5825, 'grad_norm': 2.9859652519226074, 'learning_rate': 0.0001, 'epoch': 25.0}
{'eval_loss': 0.6007113456726074, 'eval_wer': 0.2968733354639395, 'eval_runtime': 1531.931, 'eval_samples_per_second': 5.222, 'eval_steps_per_second': 5.222, 'epoch': 25.0}
{'loss': 0.586, 'grad_norm': 2.098681926727295, 'learning_rate': 0.0001, 'epoch': 25.2}
{'loss': 0.5917, 'grad_norm': 6.248403549194336, 'learning_rate': 0.0001, 'epoch': 25.4}
{'loss': 0.5956, 'grad_norm': 4.723448753356934, 'learning_rate': 0.0001, 'epoch': 25.6}
{'loss': 0.5979, 'grad_norm': 1.7730226516723633, 'learning_rate': 0.0001, 'epoch': 25.8}
{'loss': 0.5894, 'grad_norm': 2.0919189453125, 'learning_rate': 0.0001, 'epoch': 26.0}
{'eval_loss': 0.5955111980438232, 'eval_wer': 0.29841802492809205, 'eval_runtime': 1524.7781, 'eval_samples_per_second': 5.247, 'eval_steps_per_second': 5.247, 'epoch': 26.0}
{'loss': 0.5981, 'grad_norm': 1.8422718048095703, 'learning_rate': 0.0001, 'epoch': 26.2}
{'loss': 0.5722, 'grad_norm': 1.8568280935287476, 'learning_rate': 0.0001, 'epoch': 26.4}
{'loss': 0.6028, 'grad_norm': 2.0021779537200928, 'learning_rate': 0.0001, 'epoch': 26.6}
{'loss': 0.5762, 'grad_norm': 1.521686315536499, 'learning_rate': 0.0001, 'epoch': 26.8}
{'loss': 0.5866, 'grad_norm': 1.9794747829437256, 'learning_rate': 0.0001, 'epoch': 27.0}
{'eval_loss': 0.6022711396217346, 'eval_wer': 0.29815169915841055, 'eval_runtime': 1531.2371, 'eval_samples_per_second': 5.225, 'eval_steps_per_second': 5.225, 'epoch': 27.0}
{'loss': 0.5909, 'grad_norm': 3.777270555496216, 'learning_rate': 0.0001, 'epoch': 27.2}
{'loss': 0.5902, 'grad_norm': 1.9882047176361084, 'learning_rate': 0.0001, 'epoch': 27.4}
{'loss': 0.5895, 'grad_norm': 2.7542128562927246, 'learning_rate': 0.0001, 'epoch': 27.6}
{'loss': 0.5668, 'grad_norm': 1.527046799659729, 'learning_rate': 0.0001, 'epoch': 27.8}
{'loss': 0.576, 'grad_norm': 1.6208672523498535, 'learning_rate': 0.0001, 'epoch': 28.0}
{'eval_loss': 0.6002525687217712, 'eval_wer': 0.2965137956748695, 'eval_runtime': 1539.9664, 'eval_samples_per_second': 5.195, 'eval_steps_per_second': 5.195, 'epoch': 28.0}
{'loss': 0.5758, 'grad_norm': 1.557392954826355, 'learning_rate': 0.0001, 'epoch': 28.2}
{'loss': 0.5836, 'grad_norm': 3.2163515090942383, 'learning_rate': 0.0001, 'epoch': 28.4}
{'loss': 0.5671, 'grad_norm': 3.5632290840148926, 'learning_rate': 0.0001, 'epoch': 28.6}
{'loss': 0.5863, 'grad_norm': 1.8080202341079712, 'learning_rate': 0.0001, 'epoch': 28.8}
{'loss': 0.5843, 'grad_norm': 2.188969135284424, 'learning_rate': 0.0001, 'epoch': 29.0}
{'eval_loss': 0.6006949543952942, 'eval_wer': 0.2965137956748695, 'eval_runtime': 1533.1427, 'eval_samples_per_second': 5.218, 'eval_steps_per_second': 5.218, 'epoch': 29.0}
{'loss': 0.5822, 'grad_norm': 3.024921417236328, 'learning_rate': 0.0001, 'epoch': 29.2}
{'loss': 0.5721, 'grad_norm': 1.6818474531173706, 'learning_rate': 0.0001, 'epoch': 29.4}
{'loss': 0.5849, 'grad_norm': 1.8809001445770264, 'learning_rate': 0.0001, 'epoch': 29.6}
{'loss': 0.5941, 'grad_norm': 2.919846773147583, 'learning_rate': 0.0001, 'epoch': 29.8}
{'loss': 0.575, 'grad_norm': 1.9793753623962402, 'learning_rate': 0.0001, 'epoch': 30.0}
{'eval_loss': 0.5991448760032654, 'eval_wer': 0.29763236390753167, 'eval_runtime': 1553.2409, 'eval_samples_per_second': 5.151, 'eval_steps_per_second': 5.151, 'epoch': 30.0}
{'train_runtime': 49805.6328, 'train_samples_per_second': 19.27, 'train_steps_per_second': 0.301, 'train_loss': 0.7230081400553385, 'epoch': 30.0}
[ASR][Trainer Eval] {'eval_loss': 0.5991448760032654, 'eval_wer': 0.29763236390753167, 'eval_runtime': 1591.0522, 'eval_samples_per_second': 5.028, 'eval_steps_per_second': 5.028, 'epoch': 30.0}
[SER] Skipped (phase != 'all'/'ser').
n23g0030:244074:244671 [0] NCCL INFO [Service thread] Connection closed by localRank 0
n23g0030:244074:109585 [0] NCCL INFO comm 0x55d1bb9734b0 rank 0 nranks 1 cudaDev 0 busId 1b000 - Abort COMPLETE
[TRAIN][SER] Starting SER phase ...
[Setup] Using device: cuda
[Setup] no_cuda flag set to: False
[ASR] Skipped (phase != 'all'/'asr').
[SER] Loading model + extractor…
[SER] Starting from pretrained: models/pretrained/en
trainable params: 1,327,104 || all params: 96,294,022 || trainable%: 1.3782
[SER] Trainable parameters: 1327104 / 96294022
[SER] tensors requiring grad: 144
[SER] truncating to 105951 frames (~6.62s)
[SER] class counts: {0: 6792, 1: 5556, 2: 6384, 3: 6044, 4: 4140, 5: 3500}
[SER] class weights: [0.7954456210136414, 0.9724022150039673, 0.8462823629379272, 0.8938892483711243, 1.3049919605255127, 1.5436190366744995]
[SER] Sanity loss (1 batch): 1.7895079851150513
[SER] Starting training with HuggingFace Trainer…
n23g0030:109756:109756 [0] NCCL INFO Bootstrap : Using ib0:134.61.46.226<0>
n23g0030:109756:109756 [0] NCCL INFO NET/Plugin : dlerror=libnccl-net.so: cannot open shared object file: No such file or directory No plugin found (libnccl-net.so), using internal implementation
n23g0030:109756:109756 [0] NCCL INFO cudaDriverVersion 12080
NCCL version 2.20.5+cuda12.4
n23g0030:109756:122328 [0] NCCL INFO NET/IB : Using [0]mlx5_0:1/IB [1]mlx5_1:1/IB [RO]; OOB ib0:134.61.46.226<0>
n23g0030:109756:122328 [0] NCCL INFO Using non-device net plugin version 0
n23g0030:109756:122328 [0] NCCL INFO Using network IB
n23g0030:109756:122328 [0] NCCL INFO DMA-BUF is available on GPU device 0
n23g0030:109756:122328 [0] NCCL INFO comm 0x55a2822da7f0 rank 0 nranks 1 cudaDev 0 nvmlDev 0 busId 1b000 commId 0xd7d787bb341c5f01 - Init START
n23g0030:109756:122328 [0] NCCL INFO Setting affinity for GPU 0 to 0f
n23g0030:109756:122328 [0] NCCL INFO comm 0x55a2822da7f0 rank 0 nRanks 1 nNodes 1 localRanks 1 localRank 0 MNNVL 0
n23g0030:109756:122328 [0] NCCL INFO Channel 00/32 :    0
n23g0030:109756:122328 [0] NCCL INFO Channel 01/32 :    0
n23g0030:109756:122328 [0] NCCL INFO Channel 02/32 :    0
n23g0030:109756:122328 [0] NCCL INFO Channel 03/32 :    0
n23g0030:109756:122328 [0] NCCL INFO Channel 04/32 :    0
n23g0030:109756:122328 [0] NCCL INFO Channel 05/32 :    0
n23g0030:109756:122328 [0] NCCL INFO Channel 06/32 :    0
n23g0030:109756:122328 [0] NCCL INFO Channel 07/32 :    0
n23g0030:109756:122328 [0] NCCL INFO Channel 08/32 :    0
n23g0030:109756:122328 [0] NCCL INFO Channel 09/32 :    0
n23g0030:109756:122328 [0] NCCL INFO Channel 10/32 :    0
n23g0030:109756:122328 [0] NCCL INFO Channel 11/32 :    0
n23g0030:109756:122328 [0] NCCL INFO Channel 12/32 :    0
n23g0030:109756:122328 [0] NCCL INFO Channel 13/32 :    0
n23g0030:109756:122328 [0] NCCL INFO Channel 14/32 :    0
n23g0030:109756:122328 [0] NCCL INFO Channel 15/32 :    0
n23g0030:109756:122328 [0] NCCL INFO Channel 16/32 :    0
n23g0030:109756:122328 [0] NCCL INFO Channel 17/32 :    0
n23g0030:109756:122328 [0] NCCL INFO Channel 18/32 :    0
n23g0030:109756:122328 [0] NCCL INFO Channel 19/32 :    0
n23g0030:109756:122328 [0] NCCL INFO Channel 20/32 :    0
n23g0030:109756:122328 [0] NCCL INFO Channel 21/32 :    0
n23g0030:109756:122328 [0] NCCL INFO Channel 22/32 :    0
n23g0030:109756:122328 [0] NCCL INFO Channel 23/32 :    0
n23g0030:109756:122328 [0] NCCL INFO Channel 24/32 :    0
n23g0030:109756:122328 [0] NCCL INFO Channel 25/32 :    0
n23g0030:109756:122328 [0] NCCL INFO Channel 26/32 :    0
n23g0030:109756:122328 [0] NCCL INFO Channel 27/32 :    0
n23g0030:109756:122328 [0] NCCL INFO Channel 28/32 :    0
n23g0030:109756:122328 [0] NCCL INFO Channel 29/32 :    0
n23g0030:109756:122328 [0] NCCL INFO Channel 30/32 :    0
n23g0030:109756:122328 [0] NCCL INFO Channel 31/32 :    0
n23g0030:109756:122328 [0] NCCL INFO Trees [0] -1/-1/-1->0->-1 [1] -1/-1/-1->0->-1 [2] -1/-1/-1->0->-1 [3] -1/-1/-1->0->-1 [4] -1/-1/-1->0->-1 [5] -1/-1/-1->0->-1 [6] -1/-1/-1->0->-1 [7] -1/-1/-1->0->-1 [8] -1/-1/-1->0->-1 [9] -1/-1/-1->0->-1 [10] -1/-1/-1->0->-1 [11] -1/-1/-1->0->-1 [12] -1/-1/-1->0->-1 [13] -1/-1/-1->0->-1 [14] -1/-1/-1->0->-1 [15] -1/-1/-1->0->-1 [16] -1/-1/-1->0->-1 [17] -1/-1/-1->0->-1 [18] -1/-1/-1->0->-1 [19] -1/-1/-1->0->-1 [20] -1/-1/-1->0->-1 [21] -1/-1/-1->0->-1 [22] -1/-1/-1->0->-1 [23] -1/-1/-1->0->-1 [24] -1/-1/-1->0->-1 [25] -1/-1/-1->0->-1 [26] -1/-1/-1->0->-1 [27] -1/-1/-1->0->-1 [28] -1/-1/-1->0->-1 [29] -1/-1/-1->0->-1 [30] -1/-1/-1->0->-1 [31] -1/-1/-1->0->-1
n23g0030:109756:122328 [0] NCCL INFO P2P Chunksize set to 131072
n23g0030:109756:122328 [0] NCCL INFO Connected all rings
n23g0030:109756:122328 [0] NCCL INFO Connected all trees
n23g0030:109756:122328 [0] NCCL INFO 32 coll channels, 0 collnet channels, 0 nvls channels, 32 p2p channels, 32 p2p channels per peer
n23g0030:109756:122328 [0] NCCL INFO comm 0x55a2822da7f0 rank 0 nranks 1 cudaDev 0 nvmlDev 0 busId 1b000 commId 0xd7d787bb341c5f01 - Init COMPLETE
{'loss': 1.7941, 'grad_norm': 0.06609810888767242, 'learning_rate': 6.126237623762377e-06, 'epoch': 0.5}
{'loss': 1.7929, 'grad_norm': 0.037780918180942535, 'learning_rate': 1.2314356435643564e-05, 'epoch': 0.99}
{'eval_loss': 1.7898792028427124, 'eval_accuracy': 0.1721136224801466, 'eval_f1': 0.0647445016221755, 'eval_runtime': 80.5228, 'eval_samples_per_second': 81.319, 'eval_steps_per_second': 81.319, 'epoch': 1.0}
{'loss': 1.7926, 'grad_norm': 0.04265258461236954, 'learning_rate': 1.8502475247524755e-05, 'epoch': 1.49}
{'loss': 1.7891, 'grad_norm': 0.05902337282896042, 'learning_rate': 2.469059405940594e-05, 'epoch': 1.98}
{'eval_loss': 1.7900984287261963, 'eval_accuracy': 0.1857055589492975, 'eval_f1': 0.08739130833771239, 'eval_runtime': 70.6633, 'eval_samples_per_second': 92.665, 'eval_steps_per_second': 92.665, 'epoch': 2.0}
{'loss': 1.7811, 'grad_norm': 0.1914990097284317, 'learning_rate': 3.087871287128713e-05, 'epoch': 2.48}
{'loss': 1.7555, 'grad_norm': 0.46576204895973206, 'learning_rate': 3.706683168316832e-05, 'epoch': 2.97}
{'eval_loss': 1.7565233707427979, 'eval_accuracy': 0.22984117287721442, 'eval_f1': 0.12406733013147912, 'eval_runtime': 69.9473, 'eval_samples_per_second': 93.613, 'eval_steps_per_second': 93.613, 'epoch': 3.0}
{'loss': 1.7162, 'grad_norm': 0.48445653915405273, 'learning_rate': 4.3254950495049505e-05, 'epoch': 3.47}
{'loss': 1.6942, 'grad_norm': 1.0043385028839111, 'learning_rate': 4.944306930693069e-05, 'epoch': 3.96}
{'eval_loss': 1.6825244426727295, 'eval_accuracy': 0.30849114233353697, 'eval_f1': 0.19703275578935317, 'eval_runtime': 70.3717, 'eval_samples_per_second': 93.049, 'eval_steps_per_second': 93.049, 'epoch': 4.0}
{'loss': 1.6691, 'grad_norm': 0.6807647943496704, 'learning_rate': 4.937431243124313e-05, 'epoch': 4.46}
{'loss': 1.6375, 'grad_norm': 1.1544764041900635, 'learning_rate': 4.868674367436744e-05, 'epoch': 4.95}
{'eval_loss': 1.6322938203811646, 'eval_accuracy': 0.337202199144777, 'eval_f1': 0.2448816447444028, 'eval_runtime': 72.8925, 'eval_samples_per_second': 89.831, 'eval_steps_per_second': 89.831, 'epoch': 5.0}
{'loss': 1.6236, 'grad_norm': 1.5454567670822144, 'learning_rate': 4.799917491749175e-05, 'epoch': 5.45}
{'loss': 1.6109, 'grad_norm': 0.9258936047554016, 'learning_rate': 4.731160616061606e-05, 'epoch': 5.94}
{'eval_loss': 1.5896049737930298, 'eval_accuracy': 0.3639279169211973, 'eval_f1': 0.2927636988177624, 'eval_runtime': 75.5541, 'eval_samples_per_second': 86.666, 'eval_steps_per_second': 86.666, 'epoch': 6.0}
{'loss': 1.5853, 'grad_norm': 1.0748406648635864, 'learning_rate': 4.6624037403740376e-05, 'epoch': 6.44}
{'loss': 1.5868, 'grad_norm': 1.507858395576477, 'learning_rate': 4.593646864686469e-05, 'epoch': 6.93}
{'eval_loss': 1.5833896398544312, 'eval_accuracy': 0.3613317043372022, 'eval_f1': 0.29199195191606686, 'eval_runtime': 76.6597, 'eval_samples_per_second': 85.416, 'eval_steps_per_second': 85.416, 'epoch': 7.0}
{'loss': 1.5676, 'grad_norm': 1.4392437934875488, 'learning_rate': 4.5248899889989e-05, 'epoch': 7.43}
{'loss': 1.5719, 'grad_norm': 2.4113688468933105, 'learning_rate': 4.4561331133113316e-05, 'epoch': 7.92}
{'eval_loss': 1.5586779117584229, 'eval_accuracy': 0.3755345143555284, 'eval_f1': 0.3082731679108803, 'eval_runtime': 73.8995, 'eval_samples_per_second': 88.607, 'eval_steps_per_second': 88.607, 'epoch': 8.0}
{'loss': 1.5572, 'grad_norm': 1.7061361074447632, 'learning_rate': 4.3873762376237625e-05, 'epoch': 8.42}
{'loss': 1.541, 'grad_norm': 2.819737195968628, 'learning_rate': 4.3186193619361934e-05, 'epoch': 8.91}
{'eval_loss': 1.5407042503356934, 'eval_accuracy': 0.3856139279169212, 'eval_f1': 0.32201440888372573, 'eval_runtime': 74.3743, 'eval_samples_per_second': 88.041, 'eval_steps_per_second': 88.041, 'epoch': 9.0}
{'loss': 1.5446, 'grad_norm': 1.8326729536056519, 'learning_rate': 4.2498624862486256e-05, 'epoch': 9.41}
{'loss': 1.5298, 'grad_norm': 1.296307921409607, 'learning_rate': 4.1811056105610565e-05, 'epoch': 9.9}
{'eval_loss': 1.5206152200698853, 'eval_accuracy': 0.4048564447159438, 'eval_f1': 0.3451795572411964, 'eval_runtime': 73.7499, 'eval_samples_per_second': 88.787, 'eval_steps_per_second': 88.787, 'epoch': 10.0}
{'loss': 1.5166, 'grad_norm': 2.935279130935669, 'learning_rate': 4.1123487348734874e-05, 'epoch': 10.4}
{'loss': 1.5206, 'grad_norm': 2.4930202960968018, 'learning_rate': 4.043591859185919e-05, 'epoch': 10.89}
{'eval_loss': 1.4972871541976929, 'eval_accuracy': 0.4102015882712279, 'eval_f1': 0.3665136350411263, 'eval_runtime': 76.1142, 'eval_samples_per_second': 86.029, 'eval_steps_per_second': 86.029, 'epoch': 11.0}
{'loss': 1.5085, 'grad_norm': 3.1533706188201904, 'learning_rate': 3.97483498349835e-05, 'epoch': 11.39}
{'loss': 1.5021, 'grad_norm': 1.6013281345367432, 'learning_rate': 3.9060781078107814e-05, 'epoch': 11.88}
{'eval_loss': 1.4779026508331299, 'eval_accuracy': 0.42348808796579107, 'eval_f1': 0.3910010898445874, 'eval_runtime': 73.1793, 'eval_samples_per_second': 89.479, 'eval_steps_per_second': 89.479, 'epoch': 12.0}
{'loss': 1.497, 'grad_norm': 3.0515177249908447, 'learning_rate': 3.837321232123213e-05, 'epoch': 12.38}
{'loss': 1.488, 'grad_norm': 1.8336809873580933, 'learning_rate': 3.768564356435644e-05, 'epoch': 12.87}
{'eval_loss': 1.4731096029281616, 'eval_accuracy': 0.42379352474037874, 'eval_f1': 0.3782743339682645, 'eval_runtime': 73.2247, 'eval_samples_per_second': 89.423, 'eval_steps_per_second': 89.423, 'epoch': 13.0}
{'loss': 1.4868, 'grad_norm': 3.0762150287628174, 'learning_rate': 3.699807480748075e-05, 'epoch': 13.37}
{'loss': 1.4672, 'grad_norm': 2.6313722133636475, 'learning_rate': 3.631050605060506e-05, 'epoch': 13.86}
{'eval_loss': 1.4669744968414307, 'eval_accuracy': 0.43463653023824067, 'eval_f1': 0.39787485557004887, 'eval_runtime': 71.1512, 'eval_samples_per_second': 92.029, 'eval_steps_per_second': 92.029, 'epoch': 14.0}
{'loss': 1.4695, 'grad_norm': 1.7973986864089966, 'learning_rate': 3.562293729372938e-05, 'epoch': 14.36}
{'loss': 1.4505, 'grad_norm': 2.651069164276123, 'learning_rate': 3.493536853685369e-05, 'epoch': 14.85}
{'eval_loss': 1.4513020515441895, 'eval_accuracy': 0.4436469150885767, 'eval_f1': 0.3983979669549832, 'eval_runtime': 71.5945, 'eval_samples_per_second': 91.459, 'eval_steps_per_second': 91.459, 'epoch': 15.0}
{'loss': 1.4555, 'grad_norm': 4.098047733306885, 'learning_rate': 3.4247799779978e-05, 'epoch': 15.35}
{'loss': 1.4407, 'grad_norm': 4.575554370880127, 'learning_rate': 3.356023102310231e-05, 'epoch': 15.84}
{'eval_loss': 1.4345951080322266, 'eval_accuracy': 0.4537263286499695, 'eval_f1': 0.423331445647696, 'eval_runtime': 70.2644, 'eval_samples_per_second': 93.191, 'eval_steps_per_second': 93.191, 'epoch': 16.0}
{'loss': 1.4482, 'grad_norm': 3.2947998046875, 'learning_rate': 3.287266226622662e-05, 'epoch': 16.34}
{'loss': 1.4279, 'grad_norm': 3.390465259552002, 'learning_rate': 3.2185093509350936e-05, 'epoch': 16.83}
{'eval_loss': 1.425006628036499, 'eval_accuracy': 0.45235186316432496, 'eval_f1': 0.4175936496893026, 'eval_runtime': 72.0458, 'eval_samples_per_second': 90.887, 'eval_steps_per_second': 90.887, 'epoch': 17.0}
{'loss': 1.4228, 'grad_norm': 3.0064303874969482, 'learning_rate': 3.149752475247525e-05, 'epoch': 17.33}
{'loss': 1.413, 'grad_norm': 2.977802038192749, 'learning_rate': 3.080995599559956e-05, 'epoch': 17.82}
{'eval_loss': 1.411229133605957, 'eval_accuracy': 0.46731826511912034, 'eval_f1': 0.4332645274193425, 'eval_runtime': 68.7416, 'eval_samples_per_second': 95.255, 'eval_steps_per_second': 95.255, 'epoch': 18.0}
{'loss': 1.4076, 'grad_norm': 4.290288925170898, 'learning_rate': 3.0122387238723875e-05, 'epoch': 18.32}
{'loss': 1.4088, 'grad_norm': 2.9493465423583984, 'learning_rate': 2.9434818481848188e-05, 'epoch': 18.81}
{'eval_loss': 1.3922836780548096, 'eval_accuracy': 0.4696090409285278, 'eval_f1': 0.4414729535116285, 'eval_runtime': 70.023, 'eval_samples_per_second': 93.512, 'eval_steps_per_second': 93.512, 'epoch': 19.0}
{'loss': 1.3902, 'grad_norm': 3.9149374961853027, 'learning_rate': 2.8747249724972497e-05, 'epoch': 19.31}
{'loss': 1.3987, 'grad_norm': 2.560551643371582, 'learning_rate': 2.8059680968096812e-05, 'epoch': 19.8}
{'eval_loss': 1.3916817903518677, 'eval_accuracy': 0.474801466096518, 'eval_f1': 0.4437326779417183, 'eval_runtime': 68.3781, 'eval_samples_per_second': 95.762, 'eval_steps_per_second': 95.762, 'epoch': 20.0}
{'loss': 1.3823, 'grad_norm': 3.625670909881592, 'learning_rate': 2.7372112211221124e-05, 'epoch': 20.3}
{'loss': 1.3827, 'grad_norm': 3.729487180709839, 'learning_rate': 2.6684543454345433e-05, 'epoch': 20.79}
{'eval_loss': 1.3892958164215088, 'eval_accuracy': 0.4752596212583995, 'eval_f1': 0.447315856158556, 'eval_runtime': 69.7207, 'eval_samples_per_second': 93.918, 'eval_steps_per_second': 93.918, 'epoch': 21.0}
{'loss': 1.3767, 'grad_norm': 2.838773012161255, 'learning_rate': 2.599697469746975e-05, 'epoch': 21.29}
{'loss': 1.3714, 'grad_norm': 3.8270061016082764, 'learning_rate': 2.530940594059406e-05, 'epoch': 21.78}
{'eval_loss': 1.3771122694015503, 'eval_accuracy': 0.4806047648136836, 'eval_f1': 0.45528269750937045, 'eval_runtime': 68.9711, 'eval_samples_per_second': 94.938, 'eval_steps_per_second': 94.938, 'epoch': 22.0}
{'loss': 1.3769, 'grad_norm': 3.038113832473755, 'learning_rate': 2.4621837183718373e-05, 'epoch': 22.28}
{'loss': 1.3652, 'grad_norm': 3.526682138442993, 'learning_rate': 2.3934268426842685e-05, 'epoch': 22.77}
{'eval_loss': 1.3608227968215942, 'eval_accuracy': 0.48961514966401953, 'eval_f1': 0.46008105205312655, 'eval_runtime': 72.7457, 'eval_samples_per_second': 90.012, 'eval_steps_per_second': 90.012, 'epoch': 23.0}
{'loss': 1.3569, 'grad_norm': 4.229820728302002, 'learning_rate': 2.3246699669966997e-05, 'epoch': 23.27}
{'loss': 1.3562, 'grad_norm': 3.0822129249572754, 'learning_rate': 2.2559130913091313e-05, 'epoch': 23.76}
{'eval_loss': 1.354316234588623, 'eval_accuracy': 0.4935858277336591, 'eval_f1': 0.4735736852678074, 'eval_runtime': 68.5287, 'eval_samples_per_second': 95.551, 'eval_steps_per_second': 95.551, 'epoch': 24.0}
{'loss': 1.3595, 'grad_norm': 3.9588332176208496, 'learning_rate': 2.1871562156215622e-05, 'epoch': 24.26}
{'loss': 1.3563, 'grad_norm': 4.3294196128845215, 'learning_rate': 2.1183993399339934e-05, 'epoch': 24.75}
{'eval_loss': 1.35809326171875, 'eval_accuracy': 0.49312767257177764, 'eval_f1': 0.466449495709666, 'eval_runtime': 73.654, 'eval_samples_per_second': 88.902, 'eval_steps_per_second': 88.902, 'epoch': 25.0}
{'loss': 1.3495, 'grad_norm': 4.282956600189209, 'learning_rate': 2.049642464246425e-05, 'epoch': 25.25}
{'loss': 1.3538, 'grad_norm': 5.094105243682861, 'learning_rate': 1.980885588558856e-05, 'epoch': 25.74}
{'eval_loss': 1.3557707071304321, 'eval_accuracy': 0.49221136224801465, 'eval_f1': 0.46624728550139416, 'eval_runtime': 69.9874, 'eval_samples_per_second': 93.56, 'eval_steps_per_second': 93.56, 'epoch': 26.0}
{'loss': 1.3361, 'grad_norm': 4.073263645172119, 'learning_rate': 1.9121287128712874e-05, 'epoch': 26.24}
{'loss': 1.3523, 'grad_norm': 5.18027400970459, 'learning_rate': 1.8433718371837186e-05, 'epoch': 26.73}
{'eval_loss': 1.3489779233932495, 'eval_accuracy': 0.49877825290164934, 'eval_f1': 0.4741074143727946, 'eval_runtime': 69.8984, 'eval_samples_per_second': 93.679, 'eval_steps_per_second': 93.679, 'epoch': 27.0}
{'loss': 1.3272, 'grad_norm': 3.5959651470184326, 'learning_rate': 1.7746149614961495e-05, 'epoch': 27.23}
{'loss': 1.3342, 'grad_norm': 3.919651746749878, 'learning_rate': 1.705858085808581e-05, 'epoch': 27.72}
{'eval_loss': 1.3473985195159912, 'eval_accuracy': 0.4964874770922419, 'eval_f1': 0.4741269071120164, 'eval_runtime': 69.0591, 'eval_samples_per_second': 94.817, 'eval_steps_per_second': 94.817, 'epoch': 28.0}
{'loss': 1.3321, 'grad_norm': 3.749074697494507, 'learning_rate': 1.6371012101210123e-05, 'epoch': 28.22}
{'loss': 1.3254, 'grad_norm': 4.107022762298584, 'learning_rate': 1.5683443344334435e-05, 'epoch': 28.71}
{'eval_loss': 1.3470968008041382, 'eval_accuracy': 0.49755650580329874, 'eval_f1': 0.4720008646284151, 'eval_runtime': 70.3272, 'eval_samples_per_second': 93.108, 'eval_steps_per_second': 93.108, 'epoch': 29.0}
{'loss': 1.3294, 'grad_norm': 5.033243179321289, 'learning_rate': 1.4995874587458747e-05, 'epoch': 29.21}
{'loss': 1.3128, 'grad_norm': 4.117245197296143, 'learning_rate': 1.4308305830583061e-05, 'epoch': 29.7}
{'eval_loss': 1.340786337852478, 'eval_accuracy': 0.5030543677458766, 'eval_f1': 0.48001601355222673, 'eval_runtime': 68.9752, 'eval_samples_per_second': 94.933, 'eval_steps_per_second': 94.933, 'epoch': 30.0}
{'loss': 1.3164, 'grad_norm': 3.724555730819702, 'learning_rate': 1.3620737073707372e-05, 'epoch': 30.2}
{'loss': 1.3165, 'grad_norm': 4.534489631652832, 'learning_rate': 1.2933168316831684e-05, 'epoch': 30.69}
{'eval_loss': 1.3359168767929077, 'eval_accuracy': 0.505345143555284, 'eval_f1': 0.4812577232555103, 'eval_runtime': 70.5071, 'eval_samples_per_second': 92.87, 'eval_steps_per_second': 92.87, 'epoch': 31.0}
{'loss': 1.3108, 'grad_norm': 3.814584970474243, 'learning_rate': 1.2245599559955996e-05, 'epoch': 31.19}
{'loss': 1.312, 'grad_norm': 6.338803768157959, 'learning_rate': 1.1558030803080308e-05, 'epoch': 31.68}
{'eval_loss': 1.330901026725769, 'eval_accuracy': 0.5062614538790471, 'eval_f1': 0.4834110076104519, 'eval_runtime': 73.671, 'eval_samples_per_second': 88.882, 'eval_steps_per_second': 88.882, 'epoch': 32.0}
{'loss': 1.3115, 'grad_norm': 3.8596768379211426, 'learning_rate': 1.0870462046204622e-05, 'epoch': 32.18}
{'loss': 1.2926, 'grad_norm': 6.54546594619751, 'learning_rate': 1.0182893289328933e-05, 'epoch': 32.67}
{'eval_loss': 1.3313337564468384, 'eval_accuracy': 0.5062614538790471, 'eval_f1': 0.4803957373908821, 'eval_runtime': 70.3495, 'eval_samples_per_second': 93.078, 'eval_steps_per_second': 93.078, 'epoch': 33.0}
{'loss': 1.306, 'grad_norm': 4.552320957183838, 'learning_rate': 9.495324532453245e-06, 'epoch': 33.17}
{'loss': 1.3121, 'grad_norm': 3.431375026702881, 'learning_rate': 8.807755775577559e-06, 'epoch': 33.66}
{'eval_loss': 1.3254852294921875, 'eval_accuracy': 0.5135919364691509, 'eval_f1': 0.4908875211357788, 'eval_runtime': 68.8983, 'eval_samples_per_second': 95.039, 'eval_steps_per_second': 95.039, 'epoch': 34.0}
{'loss': 1.3141, 'grad_norm': 5.121644020080566, 'learning_rate': 8.120187018701871e-06, 'epoch': 34.16}
{'loss': 1.2951, 'grad_norm': 5.77200174331665, 'learning_rate': 7.432618261826182e-06, 'epoch': 34.65}
{'eval_loss': 1.3251948356628418, 'eval_accuracy': 0.5102321319486867, 'eval_f1': 0.48717486468742166, 'eval_runtime': 69.5774, 'eval_samples_per_second': 94.111, 'eval_steps_per_second': 94.111, 'epoch': 35.0}
{'loss': 1.3143, 'grad_norm': 6.287656784057617, 'learning_rate': 6.745049504950496e-06, 'epoch': 35.15}
{'loss': 1.291, 'grad_norm': 5.253838539123535, 'learning_rate': 6.0574807480748075e-06, 'epoch': 35.64}
{'eval_loss': 1.326748251914978, 'eval_accuracy': 0.5114538790470373, 'eval_f1': 0.49128473923461147, 'eval_runtime': 74.575, 'eval_samples_per_second': 87.804, 'eval_steps_per_second': 87.804, 'epoch': 36.0}
{'loss': 1.3067, 'grad_norm': 5.137786388397217, 'learning_rate': 5.3699119911991205e-06, 'epoch': 36.14}
{'loss': 1.2935, 'grad_norm': 3.454591989517212, 'learning_rate': 4.682343234323433e-06, 'epoch': 36.63}
{'eval_loss': 1.3242931365966797, 'eval_accuracy': 0.5116065974343311, 'eval_f1': 0.4900099431393158, 'eval_runtime': 75.6336, 'eval_samples_per_second': 86.575, 'eval_steps_per_second': 86.575, 'epoch': 37.0}
{'loss': 1.2941, 'grad_norm': 4.338130474090576, 'learning_rate': 3.994774477447745e-06, 'epoch': 37.13}
{'loss': 1.3005, 'grad_norm': 4.464261531829834, 'learning_rate': 3.3072057205720575e-06, 'epoch': 37.62}
{'eval_loss': 1.3208773136138916, 'eval_accuracy': 0.5116065974343311, 'eval_f1': 0.49066950148444866, 'eval_runtime': 73.3372, 'eval_samples_per_second': 89.286, 'eval_steps_per_second': 89.286, 'epoch': 38.0}
{'loss': 1.2877, 'grad_norm': 3.9221303462982178, 'learning_rate': 2.6196369636963697e-06, 'epoch': 38.12}
{'loss': 1.303, 'grad_norm': 4.163455486297607, 'learning_rate': 1.9320682068206824e-06, 'epoch': 38.61}
{'eval_loss': 1.323218822479248, 'eval_accuracy': 0.5116065974343311, 'eval_f1': 0.4895654259545616, 'eval_runtime': 71.0389, 'eval_samples_per_second': 92.175, 'eval_steps_per_second': 92.175, 'epoch': 39.0}
{'loss': 1.2742, 'grad_norm': 4.391479969024658, 'learning_rate': 1.2444994499449946e-06, 'epoch': 39.11}
{'loss': 1.2962, 'grad_norm': 4.625094890594482, 'learning_rate': 5.56930693069307e-07, 'epoch': 39.6}
{'eval_loss': 1.3236252069473267, 'eval_accuracy': 0.5122174709835065, 'eval_f1': 0.49117107508433366, 'eval_runtime': 74.5206, 'eval_samples_per_second': 87.868, 'eval_steps_per_second': 87.868, 'epoch': 40.0}
{'train_runtime': 8456.1808, 'train_samples_per_second': 122.363, 'train_steps_per_second': 0.956, 'train_loss': 1.440350068913828, 'epoch': 40.0}
[SER][Trainer Eval] {'eval_loss': 1.3254852294921875, 'eval_accuracy': 0.5135919364691509, 'eval_f1': 0.4908875211357788, 'eval_runtime': 76.6222, 'eval_samples_per_second': 85.458, 'eval_steps_per_second': 85.458, 'epoch': 40.0}
n23g0030:109756:122331 [0] NCCL INFO [Service thread] Connection closed by localRank 0
n23g0030:109756:265049 [0] NCCL INFO comm 0x55a2822da7f0 rank 0 nranks 1 cudaDev 0 busId 1b000 - Abort COMPLETE
